[19:27:03] [Server thread/INFO]: Starting minecraft server version 1.8
[19:27:03] [Server thread/INFO]: Loading properties
[19:27:03] [Server thread/INFO]: Default game type: SURVIVAL
[19:27:03] [Server thread/INFO]: Generating keypair
[19:27:04] [Server thread/INFO]: Starting Minecraft server on *:25566
[19:27:04] [Server thread/WARN]: Failed to load user banlist: 
java.io.FileNotFoundException: banned-players.json (No such file or directory)
	at java.io.FileInputStream.open(Native Method) ~[?:1.7.0_65]
	at java.io.FileInputStream.<init>(FileInputStream.java:146) ~[?:1.7.0_65]
	at com.google.common.io.Files.newReader(Files.java:86) ~[minecraft_server.1.8.jar:?]
	at ss.g(SourceFile:124) ~[minecraft_server.1.8.jar:?]
	at pn.z(SourceFile:99) [minecraft_server.1.8.jar:?]
	at pn.<init>(SourceFile:25) [minecraft_server.1.8.jar:?]
	at po.i(SourceFile:171) [minecraft_server.1.8.jar:?]
	at net.minecraft.server.MinecraftServer.run(SourceFile:417) [minecraft_server.1.8.jar:?]
	at java.lang.Thread.run(Thread.java:745) [?:1.7.0_65]
[19:27:04] [Server thread/WARN]: Failed to load ip banlist: 
java.io.FileNotFoundException: banned-ips.json (No such file or directory)
	at java.io.FileInputStream.open(Native Method) ~[?:1.7.0_65]
	at java.io.FileInputStream.<init>(FileInputStream.java:146) ~[?:1.7.0_65]
	at com.google.common.io.Files.newReader(Files.java:86) ~[minecraft_server.1.8.jar:?]
	at ss.g(SourceFile:124) ~[minecraft_server.1.8.jar:?]
	at pn.y(SourceFile:91) [minecraft_server.1.8.jar:?]
	at pn.<init>(SourceFile:27) [minecraft_server.1.8.jar:?]
	at po.i(SourceFile:171) [minecraft_server.1.8.jar:?]
	at net.minecraft.server.MinecraftServer.run(SourceFile:417) [minecraft_server.1.8.jar:?]
	at java.lang.Thread.run(Thread.java:745) [?:1.7.0_65]
[19:27:04] [Server thread/WARN]: Failed to load operators list: 
java.io.FileNotFoundException: ops.json (No such file or directory)
	at java.io.FileInputStream.open(Native Method) ~[?:1.7.0_65]
	at java.io.FileInputStream.<init>(FileInputStream.java:146) ~[?:1.7.0_65]
	at com.google.common.io.Files.newReader(Files.java:86) ~[minecraft_server.1.8.jar:?]
	at ss.g(SourceFile:124) ~[minecraft_server.1.8.jar:?]
	at pn.A(SourceFile:107) [minecraft_server.1.8.jar:?]
	at pn.<init>(SourceFile:29) [minecraft_server.1.8.jar:?]
	at po.i(SourceFile:171) [minecraft_server.1.8.jar:?]
	at net.minecraft.server.MinecraftServer.run(SourceFile:417) [minecraft_server.1.8.jar:?]
	at java.lang.Thread.run(Thread.java:745) [?:1.7.0_65]
[19:27:04] [Server thread/WARN]: Failed to load white-list: 
java.io.FileNotFoundException: whitelist.json (No such file or directory)
	at java.io.FileInputStream.open(Native Method) ~[?:1.7.0_65]
	at java.io.FileInputStream.<init>(FileInputStream.java:146) ~[?:1.7.0_65]
	at com.google.common.io.Files.newReader(Files.java:86) ~[minecraft_server.1.8.jar:?]
	at ss.g(SourceFile:124) ~[minecraft_server.1.8.jar:?]
	at pn.C(SourceFile:123) [minecraft_server.1.8.jar:?]
	at pn.<init>(SourceFile:30) [minecraft_server.1.8.jar:?]
	at po.i(SourceFile:171) [minecraft_server.1.8.jar:?]
	at net.minecraft.server.MinecraftServer.run(SourceFile:417) [minecraft_server.1.8.jar:?]
	at java.lang.Thread.run(Thread.java:745) [?:1.7.0_65]
[19:27:04] [Server thread/INFO]: Preparing level "world"
[19:27:05] [Server thread/INFO]: Preparing start region for level 0
[19:27:06] [Server thread/INFO]: Preparing spawn area: 4%
[19:27:07] [Server thread/INFO]: Preparing spawn area: 7%
[19:27:08] [Server thread/INFO]: Preparing spawn area: 12%
[19:27:09] [Server thread/INFO]: Preparing spawn area: 17%
[19:27:10] [Server thread/INFO]: Preparing spawn area: 22%
[19:27:11] [Server thread/INFO]: Preparing spawn area: 26%
[19:27:12] [Server thread/INFO]: Preparing spawn area: 33%
[19:27:13] [Server thread/INFO]: Preparing spawn area: 40%
[19:27:14] [Server thread/INFO]: Preparing spawn area: 47%
[19:27:15] [Server thread/INFO]: Preparing spawn area: 53%
[19:27:16] [Server thread/INFO]: Preparing spawn area: 60%
[19:27:17] [Server thread/INFO]: Preparing spawn area: 66%
[19:27:18] [Server thread/INFO]: Preparing spawn area: 75%
[19:27:19] [Server thread/INFO]: Preparing spawn area: 80%
[19:27:20] [Server thread/INFO]: Preparing spawn area: 88%
[19:27:21] [Server thread/INFO]: Preparing spawn area: 97%
[19:27:22] [Server thread/INFO]: Done (17.815s)! For help, type "help" or "?"
[19:36:07] [User Authenticator #1/INFO]: UUID of player FabboCJ is 71099085-8677-4003-b144-d3ef69961fd4
[19:36:07] [Server thread/INFO]: FabboCJ[/192.168.1.136:56619] logged in with entity id 2354 at (6.5, 70.0, 232.5)
[19:36:07] [Server thread/INFO]: FabboCJ joined the game
[19:36:12] [Server thread/WARN]: Can't keep up! Did the system time change, or is the server overloaded? Running 5328ms behind, skipping 106 tick(s)
[19:36:33] [Server thread/INFO]: FabboCJ lost connection: TextComponent{text='Disconnected', siblings=[], style=Style{hasParent=false, color=null, bold=null, italic=null, underlined=null, obfuscated=null, clickEvent=null, hoverEvent=null, insertion=null}}
[19:36:33] [Server thread/INFO]: FabboCJ left the game
[19:36:38] [Server Shutdown Thread/INFO]: Stopping server
