[01:33:19] [Server thread/INFO]: Starting minecraft server version 1.8
[01:33:19] [Server thread/INFO]: Loading properties
[01:33:19] [Server thread/INFO]: Default game type: SURVIVAL
[01:33:19] [Server thread/INFO]: Generating keypair
[01:33:19] [Server thread/INFO]: Starting Minecraft server on *:25566
[01:33:19] [Server thread/INFO]: Preparing level "tutworld"
[01:33:19] [Server thread/INFO]: Preparing start region for level 0
[01:33:20] [Server thread/INFO]: Preparing spawn area: 15%
[01:33:21] [Server thread/INFO]: Preparing spawn area: 17%
[01:33:22] [Server thread/INFO]: Done (3.153s)! For help, type "help" or "?"
[11:35:02] [User Authenticator #1/INFO]: UUID of player jennysun is 7900e234-1bd5-4b95-849e-e13e96a55e5e
[11:35:02] [Server thread/WARN]: Invalid statistic in ./tutworld/stats/7900e234-1bd5-4b95-849e-e13e96a55e5e.json: Don't know what stat.useItem.139 is
[11:35:02] [Server thread/WARN]: Invalid statistic in ./tutworld/stats/7900e234-1bd5-4b95-849e-e13e96a55e5e.json: Don't know what stat.useItem.66 is
[11:35:02] [Server thread/WARN]: Invalid statistic in ./tutworld/stats/7900e234-1bd5-4b95-849e-e13e96a55e5e.json: Don't know what stat.craftItem.364 is
[11:35:02] [Server thread/WARN]: Invalid statistic in ./tutworld/stats/7900e234-1bd5-4b95-849e-e13e96a55e5e.json: Don't know what stat.mineBlock.67 is
[11:35:02] [Server thread/WARN]: Invalid statistic in ./tutworld/stats/7900e234-1bd5-4b95-849e-e13e96a55e5e.json: Don't know what stat.useItem.65 is
[11:35:02] [Server thread/WARN]: Invalid statistic in ./tutworld/stats/7900e234-1bd5-4b95-849e-e13e96a55e5e.json: Don't know what stat.mineBlock.123 is
[11:35:02] [Server thread/WARN]: Invalid statistic in ./tutworld/stats/7900e234-1bd5-4b95-849e-e13e96a55e5e.json: Don't know what stat.craftItem.24 is
[11:35:02] [Server thread/WARN]: Invalid statistic in ./tutworld/stats/7900e234-1bd5-4b95-849e-e13e96a55e5e.json: Don't know what stat.craftItem.258 is
[11:35:02] [Server thread/WARN]: Invalid statistic in ./tutworld/stats/7900e234-1bd5-4b95-849e-e13e96a55e5e.json: Don't know what stat.mineBlock.111 is
[11:35:02] [Server thread/WARN]: Invalid statistic in ./tutworld/stats/7900e234-1bd5-4b95-849e-e13e96a55e5e.json: Don't know what stat.useItem.420 is
[11:35:02] [Server thread/WARN]: Invalid statistic in ./tutworld/stats/7900e234-1bd5-4b95-849e-e13e96a55e5e.json: Don't know what stat.useItem.72 is
[11:35:02] [Server thread/WARN]: Invalid statistic in ./tutworld/stats/7900e234-1bd5-4b95-849e-e13e96a55e5e.json: Don't know what stat.craftItem.72 is
[11:35:02] [Server thread/WARN]: Invalid statistic in ./tutworld/stats/7900e234-1bd5-4b95-849e-e13e96a55e5e.json: Don't know what stat.craftItem.307 is
[11:35:02] [Server thread/WARN]: Invalid statistic in ./tutworld/stats/7900e234-1bd5-4b95-849e-e13e96a55e5e.json: Don't know what stat.mineBlock.116 is
[11:35:02] [Server thread/WARN]: Invalid statistic in ./tutworld/stats/7900e234-1bd5-4b95-849e-e13e96a55e5e.json: Don't know what stat.useItem.50 is
[11:35:02] [Server thread/WARN]: Invalid statistic in ./tutworld/stats/7900e234-1bd5-4b95-849e-e13e96a55e5e.json: Don't know what stat.breakItem.291 is
[11:35:02] [Server thread/WARN]: Invalid statistic in ./tutworld/stats/7900e234-1bd5-4b95-849e-e13e96a55e5e.json: Don't know what stat.mineBlock.107 is
[11:35:02] [Server thread/WARN]: Invalid statistic in ./tutworld/stats/7900e234-1bd5-4b95-849e-e13e96a55e5e.json: Don't know what stat.mineBlock.69 is
[11:35:02] [Server thread/WARN]: Invalid statistic in ./tutworld/stats/7900e234-1bd5-4b95-849e-e13e96a55e5e.json: Don't know what stat.mineBlock.53 is
[11:35:02] [Server thread/WARN]: Invalid statistic in ./tutworld/stats/7900e234-1bd5-4b95-849e-e13e96a55e5e.json: Don't know what stat.useItem.292 is
[11:35:02] [Server thread/WARN]: Invalid statistic in ./tutworld/stats/7900e234-1bd5-4b95-849e-e13e96a55e5e.json: Don't know what stat.useItem.324 is
[11:35:02] [Server thread/WARN]: Invalid statistic in ./tutworld/stats/7900e234-1bd5-4b95-849e-e13e96a55e5e.json: Don't know what stat.mineBlock.54 is
[11:35:02] [Server thread/WARN]: Invalid statistic in ./tutworld/stats/7900e234-1bd5-4b95-849e-e13e96a55e5e.json: Don't know what stat.mineBlock.109 is
[11:35:02] [Server thread/WARN]: Invalid statistic in ./tutworld/stats/7900e234-1bd5-4b95-849e-e13e96a55e5e.json: Don't know what stat.mineBlock.49 is
[11:35:02] [Server thread/WARN]: Invalid statistic in ./tutworld/stats/7900e234-1bd5-4b95-849e-e13e96a55e5e.json: Don't know what stat.mineBlock.76 is
[11:35:02] [Server thread/WARN]: Invalid statistic in ./tutworld/stats/7900e234-1bd5-4b95-849e-e13e96a55e5e.json: Don't know what stat.mineBlock.73 is
[11:35:02] [Server thread/WARN]: Invalid statistic in ./tutworld/stats/7900e234-1bd5-4b95-849e-e13e96a55e5e.json: Don't know what stat.mineBlock.97 is
[11:35:02] [Server thread/WARN]: Invalid statistic in ./tutworld/stats/7900e234-1bd5-4b95-849e-e13e96a55e5e.json: Don't know what stat.breakItem.310 is
[11:35:02] [Server thread/WARN]: Invalid statistic in ./tutworld/stats/7900e234-1bd5-4b95-849e-e13e96a55e5e.json: Don't know what stat.mineBlock.32 is
[11:35:02] [Server thread/WARN]: Invalid statistic in ./tutworld/stats/7900e234-1bd5-4b95-849e-e13e96a55e5e.json: Don't know what stat.craftItem.27 is
[11:35:02] [Server thread/WARN]: Invalid statistic in ./tutworld/stats/7900e234-1bd5-4b95-849e-e13e96a55e5e.json: Don't know what stat.craftItem.395 is
[11:35:02] [Server thread/WARN]: Invalid statistic in ./tutworld/stats/7900e234-1bd5-4b95-849e-e13e96a55e5e.json: Don't know what stat.mineBlock.27 is
[11:35:02] [Server thread/WARN]: Invalid statistic in ./tutworld/stats/7900e234-1bd5-4b95-849e-e13e96a55e5e.json: Don't know what stat.useItem.3 is
[11:35:02] [Server thread/WARN]: Invalid statistic in ./tutworld/stats/7900e234-1bd5-4b95-849e-e13e96a55e5e.json: Don't know what stat.craftItem.257 is
[11:35:02] [Server thread/WARN]: Invalid statistic in ./tutworld/stats/7900e234-1bd5-4b95-849e-e13e96a55e5e.json: Don't know what stat.mineBlock.37 is
[11:35:02] [Server thread/WARN]: Invalid statistic in ./tutworld/stats/7900e234-1bd5-4b95-849e-e13e96a55e5e.json: Don't know what stat.craftItem.109 is
[11:35:02] [Server thread/WARN]: Invalid statistic in ./tutworld/stats/7900e234-1bd5-4b95-849e-e13e96a55e5e.json: Don't know what stat.craftItem.317 is
[11:35:02] [Server thread/WARN]: Invalid statistic in ./tutworld/stats/7900e234-1bd5-4b95-849e-e13e96a55e5e.json: Don't know what stat.useItem.126 is
[11:35:02] [Server thread/WARN]: Invalid statistic in ./tutworld/stats/7900e234-1bd5-4b95-849e-e13e96a55e5e.json: Don't know what stat.craftItem.42 is
[11:35:02] [Server thread/WARN]: Invalid statistic in ./tutworld/stats/7900e234-1bd5-4b95-849e-e13e96a55e5e.json: Don't know what stat.craftItem.313 is
[11:35:02] [Server thread/WARN]: Invalid statistic in ./tutworld/stats/7900e234-1bd5-4b95-849e-e13e96a55e5e.json: Don't know what stat.useItem.143 is
[11:35:02] [Server thread/WARN]: Invalid statistic in ./tutworld/stats/7900e234-1bd5-4b95-849e-e13e96a55e5e.json: Don't know what stat.craftItem.66 is
[11:35:02] [Server thread/WARN]: Invalid statistic in ./tutworld/stats/7900e234-1bd5-4b95-849e-e13e96a55e5e.json: Don't know what stat.useItem.96 is
[11:35:02] [Server thread/WARN]: Invalid statistic in ./tutworld/stats/7900e234-1bd5-4b95-849e-e13e96a55e5e.json: Don't know what stat.craftItem.143 is
[11:35:02] [Server thread/WARN]: Invalid statistic in ./tutworld/stats/7900e234-1bd5-4b95-849e-e13e96a55e5e.json: Don't know what stat.mineBlock.31 is
[11:35:02] [Server thread/WARN]: Invalid statistic in ./tutworld/stats/7900e234-1bd5-4b95-849e-e13e96a55e5e.json: Don't know what stat.mineBlock.35 is
[11:35:02] [Server thread/WARN]: Invalid statistic in ./tutworld/stats/7900e234-1bd5-4b95-849e-e13e96a55e5e.json: Don't know what stat.useItem.323 is
[11:35:02] [Server thread/WARN]: Invalid statistic in ./tutworld/stats/7900e234-1bd5-4b95-849e-e13e96a55e5e.json: Don't know what stat.craftItem.50 is
[11:35:02] [Server thread/WARN]: Invalid statistic in ./tutworld/stats/7900e234-1bd5-4b95-849e-e13e96a55e5e.json: Don't know what stat.craftItem.312 is
[11:35:02] [Server thread/WARN]: Invalid statistic in ./tutworld/stats/7900e234-1bd5-4b95-849e-e13e96a55e5e.json: Don't know what stat.craftItem.345 is
[11:35:02] [Server thread/WARN]: Invalid statistic in ./tutworld/stats/7900e234-1bd5-4b95-849e-e13e96a55e5e.json: Don't know what stat.useItem.338 is
[11:35:02] [Server thread/WARN]: Invalid statistic in ./tutworld/stats/7900e234-1bd5-4b95-849e-e13e96a55e5e.json: Don't know what stat.craftItem.96 is
[11:35:02] [Server thread/WARN]: Invalid statistic in ./tutworld/stats/7900e234-1bd5-4b95-849e-e13e96a55e5e.json: Don't know what stat.useItem.351 is
[11:35:02] [Server thread/WARN]: Invalid statistic in ./tutworld/stats/7900e234-1bd5-4b95-849e-e13e96a55e5e.json: Don't know what stat.mineBlock.139 is
[11:35:02] [Server thread/WARN]: Invalid statistic in ./tutworld/stats/7900e234-1bd5-4b95-849e-e13e96a55e5e.json: Don't know what stat.useItem.53 is
[11:35:02] [Server thread/WARN]: Invalid statistic in ./tutworld/stats/7900e234-1bd5-4b95-849e-e13e96a55e5e.json: Don't know what stat.craftItem.266 is
[11:35:02] [Server thread/WARN]: Invalid statistic in ./tutworld/stats/7900e234-1bd5-4b95-849e-e13e96a55e5e.json: Don't know what stat.craftItem.333 is
[11:35:02] [Server thread/WARN]: Invalid statistic in ./tutworld/stats/7900e234-1bd5-4b95-849e-e13e96a55e5e.json: Don't know what stat.mineBlock.1 is
[11:35:02] [Server thread/WARN]: Invalid statistic in ./tutworld/stats/7900e234-1bd5-4b95-849e-e13e96a55e5e.json: Don't know what stat.craftItem.278 is
[11:35:02] [Server thread/WARN]: Invalid statistic in ./tutworld/stats/7900e234-1bd5-4b95-849e-e13e96a55e5e.json: Don't know what stat.useItem.23 is
[11:35:02] [Server thread/WARN]: Invalid statistic in ./tutworld/stats/7900e234-1bd5-4b95-849e-e13e96a55e5e.json: Don't know what stat.craftItem.355 is
[11:35:02] [Server thread/WARN]: Invalid statistic in ./tutworld/stats/7900e234-1bd5-4b95-849e-e13e96a55e5e.json: Don't know what stat.useItem.5 is
[11:35:02] [Server thread/WARN]: Invalid statistic in ./tutworld/stats/7900e234-1bd5-4b95-849e-e13e96a55e5e.json: Don't know what stat.craftItem.77 is
[11:35:02] [Server thread/WARN]: Invalid statistic in ./tutworld/stats/7900e234-1bd5-4b95-849e-e13e96a55e5e.json: Don't know what stat.mineBlock.101 is
[11:35:02] [Server thread/WARN]: Invalid statistic in ./tutworld/stats/7900e234-1bd5-4b95-849e-e13e96a55e5e.json: Don't know what stat.craftItem.134 is
[11:35:02] [Server thread/WARN]: Invalid statistic in ./tutworld/stats/7900e234-1bd5-4b95-849e-e13e96a55e5e.json: Don't know what stat.breakItem.309 is
[11:35:02] [Server thread/WARN]: Invalid statistic in ./tutworld/stats/7900e234-1bd5-4b95-849e-e13e96a55e5e.json: Don't know what stat.craftItem.135 is
[11:35:02] [Server thread/WARN]: Invalid statistic in ./tutworld/stats/7900e234-1bd5-4b95-849e-e13e96a55e5e.json: Don't know what stat.mineBlock.134 is
[11:35:02] [Server thread/WARN]: Invalid statistic in ./tutworld/stats/7900e234-1bd5-4b95-849e-e13e96a55e5e.json: Don't know what stat.useItem.269 is
[11:35:02] [Server thread/WARN]: Invalid statistic in ./tutworld/stats/7900e234-1bd5-4b95-849e-e13e96a55e5e.json: Don't know what stat.breakItem.308 is
[11:35:02] [Server thread/WARN]: Invalid statistic in ./tutworld/stats/7900e234-1bd5-4b95-849e-e13e96a55e5e.json: Don't know what stat.mineBlock.162 is
[11:35:02] [Server thread/WARN]: Invalid statistic in ./tutworld/stats/7900e234-1bd5-4b95-849e-e13e96a55e5e.json: Don't know what stat.breakItem.315 is
[11:35:02] [Server thread/WARN]: Invalid statistic in ./tutworld/stats/7900e234-1bd5-4b95-849e-e13e96a55e5e.json: Don't know what stat.craftItem.270 is
[11:35:02] [Server thread/WARN]: Invalid statistic in ./tutworld/stats/7900e234-1bd5-4b95-849e-e13e96a55e5e.json: Don't know what stat.mineBlock.38 is
[11:35:02] [Server thread/WARN]: Invalid statistic in ./tutworld/stats/7900e234-1bd5-4b95-849e-e13e96a55e5e.json: Don't know what stat.useItem.135 is
[11:35:02] [Server thread/WARN]: Invalid statistic in ./tutworld/stats/7900e234-1bd5-4b95-849e-e13e96a55e5e.json: Don't know what stat.useItem.31 is
[11:35:02] [Server thread/WARN]: Invalid statistic in ./tutworld/stats/7900e234-1bd5-4b95-849e-e13e96a55e5e.json: Don't know what stat.craftItem.297 is
[11:35:02] [Server thread/WARN]: Invalid statistic in ./tutworld/stats/7900e234-1bd5-4b95-849e-e13e96a55e5e.json: Don't know what stat.useItem.270 is
[11:35:02] [Server thread/WARN]: Invalid statistic in ./tutworld/stats/7900e234-1bd5-4b95-849e-e13e96a55e5e.json: Don't know what stat.craftItem.65 is
[11:35:02] [Server thread/WARN]: Invalid statistic in ./tutworld/stats/7900e234-1bd5-4b95-849e-e13e96a55e5e.json: Don't know what stat.craftItem.308 is
[11:35:02] [Server thread/WARN]: Invalid statistic in ./tutworld/stats/7900e234-1bd5-4b95-849e-e13e96a55e5e.json: Don't know what stat.craftItem.102 is
[11:35:02] [Server thread/WARN]: Invalid statistic in ./tutworld/stats/7900e234-1bd5-4b95-849e-e13e96a55e5e.json: Don't know what stat.useItem.38 is
[11:35:02] [Server thread/WARN]: Invalid statistic in ./tutworld/stats/7900e234-1bd5-4b95-849e-e13e96a55e5e.json: Don't know what stat.craftItem.342 is
[11:35:02] [Server thread/WARN]: Invalid statistic in ./tutworld/stats/7900e234-1bd5-4b95-849e-e13e96a55e5e.json: Don't know what stat.breakItem.258 is
[11:35:02] [Server thread/WARN]: Invalid statistic in ./tutworld/stats/7900e234-1bd5-4b95-849e-e13e96a55e5e.json: Don't know what stat.craftItem.259 is
[11:35:02] [Server thread/WARN]: Invalid statistic in ./tutworld/stats/7900e234-1bd5-4b95-849e-e13e96a55e5e.json: Don't know what stat.craftItem.58 is
[11:35:02] [Server thread/WARN]: Invalid statistic in ./tutworld/stats/7900e234-1bd5-4b95-849e-e13e96a55e5e.json: Don't know what stat.useItem.86 is
[11:35:02] [Server thread/WARN]: Invalid statistic in ./tutworld/stats/7900e234-1bd5-4b95-849e-e13e96a55e5e.json: Don't know what stat.useItem.380 is
[11:35:02] [Server thread/WARN]: Invalid statistic in ./tutworld/stats/7900e234-1bd5-4b95-849e-e13e96a55e5e.json: Don't know what stat.craftItem.256 is
[11:35:02] [Server thread/WARN]: Invalid statistic in ./tutworld/stats/7900e234-1bd5-4b95-849e-e13e96a55e5e.json: Don't know what stat.mineBlock.89 is
[11:35:02] [Server thread/WARN]: Invalid statistic in ./tutworld/stats/7900e234-1bd5-4b95-849e-e13e96a55e5e.json: Don't know what stat.breakItem.299 is
[11:35:02] [Server thread/WARN]: Invalid statistic in ./tutworld/stats/7900e234-1bd5-4b95-849e-e13e96a55e5e.json: Don't know what stat.craftItem.336 is
[11:35:02] [Server thread/WARN]: Invalid statistic in ./tutworld/stats/7900e234-1bd5-4b95-849e-e13e96a55e5e.json: Don't know what stat.craftItem.98 is
[11:35:02] [Server thread/WARN]: Invalid statistic in ./tutworld/stats/7900e234-1bd5-4b95-849e-e13e96a55e5e.json: Don't know what stat.useItem.87 is
[11:35:02] [Server thread/WARN]: Invalid statistic in ./tutworld/stats/7900e234-1bd5-4b95-849e-e13e96a55e5e.json: Don't know what stat.craftItem.263 is
[11:35:02] [Server thread/WARN]: Invalid statistic in ./tutworld/stats/7900e234-1bd5-4b95-849e-e13e96a55e5e.json: Don't know what stat.craftItem.324 is
[11:35:02] [Server thread/WARN]: Invalid statistic in ./tutworld/stats/7900e234-1bd5-4b95-849e-e13e96a55e5e.json: Don't know what stat.mineBlock.14 is
[11:35:02] [Server thread/WARN]: Invalid statistic in ./tutworld/stats/7900e234-1bd5-4b95-849e-e13e96a55e5e.json: Don't know what stat.useItem.175 is
[11:35:02] [Server thread/WARN]: Invalid statistic in ./tutworld/stats/7900e234-1bd5-4b95-849e-e13e96a55e5e.json: Don't know what stat.craftItem.320 is
[11:35:02] [Server thread/WARN]: Invalid statistic in ./tutworld/stats/7900e234-1bd5-4b95-849e-e13e96a55e5e.json: Don't know what stat.craftItem.292 is
[11:35:02] [Server thread/WARN]: Invalid statistic in ./tutworld/stats/7900e234-1bd5-4b95-849e-e13e96a55e5e.json: Don't know what stat.mineBlock.61 is
[11:35:02] [Server thread/WARN]: Invalid statistic in ./tutworld/stats/7900e234-1bd5-4b95-849e-e13e96a55e5e.json: Don't know what stat.mineBlock.100 is
[11:35:02] [Server thread/WARN]: Invalid statistic in ./tutworld/stats/7900e234-1bd5-4b95-849e-e13e96a55e5e.json: Don't know what stat.useItem.4 is
[11:35:02] [Server thread/WARN]: Invalid statistic in ./tutworld/stats/7900e234-1bd5-4b95-849e-e13e96a55e5e.json: Don't know what stat.useItem.355 is
[11:35:02] [Server thread/WARN]: Invalid statistic in ./tutworld/stats/7900e234-1bd5-4b95-849e-e13e96a55e5e.json: Don't know what stat.breakItem.316 is
[11:35:02] [Server thread/WARN]: Invalid statistic in ./tutworld/stats/7900e234-1bd5-4b95-849e-e13e96a55e5e.json: Don't know what stat.craftItem.311 is
[11:35:02] [Server thread/WARN]: Invalid statistic in ./tutworld/stats/7900e234-1bd5-4b95-849e-e13e96a55e5e.json: Don't know what stat.craftItem.323 is
[11:35:02] [Server thread/WARN]: Invalid statistic in ./tutworld/stats/7900e234-1bd5-4b95-849e-e13e96a55e5e.json: Don't know what stat.breakItem.359 is
[11:35:02] [Server thread/WARN]: Invalid statistic in ./tutworld/stats/7900e234-1bd5-4b95-849e-e13e96a55e5e.json: Don't know what stat.breakItem.306 is
[11:35:02] [Server thread/WARN]: Invalid statistic in ./tutworld/stats/7900e234-1bd5-4b95-849e-e13e96a55e5e.json: Don't know what stat.mineBlock.161 is
[11:35:02] [Server thread/WARN]: Invalid statistic in ./tutworld/stats/7900e234-1bd5-4b95-849e-e13e96a55e5e.json: Don't know what stat.craftItem.272 is
[11:35:02] [Server thread/WARN]: Invalid statistic in ./tutworld/stats/7900e234-1bd5-4b95-849e-e13e96a55e5e.json: Don't know what stat.mineBlock.21 is
[11:35:02] [Server thread/WARN]: Invalid statistic in ./tutworld/stats/7900e234-1bd5-4b95-849e-e13e96a55e5e.json: Don't know what stat.mineBlock.39 is
[11:35:02] [Server thread/WARN]: Invalid statistic in ./tutworld/stats/7900e234-1bd5-4b95-849e-e13e96a55e5e.json: Don't know what stat.craftItem.101 is
[11:35:02] [Server thread/WARN]: Invalid statistic in ./tutworld/stats/7900e234-1bd5-4b95-849e-e13e96a55e5e.json: Don't know what stat.mineBlock.78 is
[11:35:02] [Server thread/WARN]: Invalid statistic in ./tutworld/stats/7900e234-1bd5-4b95-849e-e13e96a55e5e.json: Don't know what stat.mineBlock.82 is
[11:35:02] [Server thread/WARN]: Invalid statistic in ./tutworld/stats/7900e234-1bd5-4b95-849e-e13e96a55e5e.json: Don't know what stat.mineBlock.86 is
[11:35:02] [Server thread/WARN]: Invalid statistic in ./tutworld/stats/7900e234-1bd5-4b95-849e-e13e96a55e5e.json: Don't know what stat.craftItem.158 is
[11:35:02] [Server thread/WARN]: Invalid statistic in ./tutworld/stats/7900e234-1bd5-4b95-849e-e13e96a55e5e.json: Don't know what stat.mineBlock.126 is
[11:35:02] [Server thread/WARN]: Invalid statistic in ./tutworld/stats/7900e234-1bd5-4b95-849e-e13e96a55e5e.json: Don't know what stat.breakItem.274 is
[11:35:02] [Server thread/WARN]: Invalid statistic in ./tutworld/stats/7900e234-1bd5-4b95-849e-e13e96a55e5e.json: Don't know what stat.craftItem.276 is
[11:35:02] [Server thread/WARN]: Invalid statistic in ./tutworld/stats/7900e234-1bd5-4b95-849e-e13e96a55e5e.json: Don't know what stat.craftItem.5 is
[11:35:02] [Server thread/WARN]: Invalid statistic in ./tutworld/stats/7900e234-1bd5-4b95-849e-e13e96a55e5e.json: Don't know what stat.craftItem.277 is
[11:35:02] [Server thread/WARN]: Invalid statistic in ./tutworld/stats/7900e234-1bd5-4b95-849e-e13e96a55e5e.json: Don't know what stat.useItem.69 is
[11:35:02] [Server thread/WARN]: Invalid statistic in ./tutworld/stats/7900e234-1bd5-4b95-849e-e13e96a55e5e.json: Don't know what stat.craftItem.291 is
[11:35:02] [Server thread/WARN]: Invalid statistic in ./tutworld/stats/7900e234-1bd5-4b95-849e-e13e96a55e5e.json: Don't know what stat.craftItem.339 is
[11:35:02] [Server thread/WARN]: Invalid statistic in ./tutworld/stats/7900e234-1bd5-4b95-849e-e13e96a55e5e.json: Don't know what stat.useItem.291 is
[11:35:02] [Server thread/WARN]: Invalid statistic in ./tutworld/stats/7900e234-1bd5-4b95-849e-e13e96a55e5e.json: Don't know what stat.craftItem.69 is
[11:35:02] [Server thread/WARN]: Invalid statistic in ./tutworld/stats/7900e234-1bd5-4b95-849e-e13e96a55e5e.json: Don't know what stat.useItem.392 is
[11:35:02] [Server thread/WARN]: Invalid statistic in ./tutworld/stats/7900e234-1bd5-4b95-849e-e13e96a55e5e.json: Don't know what stat.mineBlock.143 is
[11:35:02] [Server thread/WARN]: Invalid statistic in ./tutworld/stats/7900e234-1bd5-4b95-849e-e13e96a55e5e.json: Don't know what stat.craftItem.393 is
[11:35:02] [Server thread/WARN]: Invalid statistic in ./tutworld/stats/7900e234-1bd5-4b95-849e-e13e96a55e5e.json: Don't know what stat.mineBlock.66 is
[11:35:02] [Server thread/WARN]: Invalid statistic in ./tutworld/stats/7900e234-1bd5-4b95-849e-e13e96a55e5e.json: Don't know what stat.mineBlock.65 is
[11:35:02] [Server thread/WARN]: Invalid statistic in ./tutworld/stats/7900e234-1bd5-4b95-849e-e13e96a55e5e.json: Don't know what stat.mineBlock.135 is
[11:35:02] [Server thread/WARN]: Invalid statistic in ./tutworld/stats/7900e234-1bd5-4b95-849e-e13e96a55e5e.json: Don't know what stat.mineBlock.12 is
[11:35:02] [Server thread/WARN]: Invalid statistic in ./tutworld/stats/7900e234-1bd5-4b95-849e-e13e96a55e5e.json: Don't know what stat.craftItem.281 is
[11:35:02] [Server thread/WARN]: Invalid statistic in ./tutworld/stats/7900e234-1bd5-4b95-849e-e13e96a55e5e.json: Don't know what stat.breakItem.307 is
[11:35:02] [Server thread/WARN]: Invalid statistic in ./tutworld/stats/7900e234-1bd5-4b95-849e-e13e96a55e5e.json: Don't know what stat.useItem.328 is
[11:35:02] [Server thread/WARN]: Invalid statistic in ./tutworld/stats/7900e234-1bd5-4b95-849e-e13e96a55e5e.json: Don't know what stat.craftItem.262 is
[11:35:02] [Server thread/WARN]: Invalid statistic in ./tutworld/stats/7900e234-1bd5-4b95-849e-e13e96a55e5e.json: Don't know what stat.mineBlock.58 is
[11:35:02] [Server thread/WARN]: Invalid statistic in ./tutworld/stats/7900e234-1bd5-4b95-849e-e13e96a55e5e.json: Don't know what stat.mineBlock.15 is
[11:35:02] [Server thread/WARN]: Invalid statistic in ./tutworld/stats/7900e234-1bd5-4b95-849e-e13e96a55e5e.json: Don't know what stat.craftItem.70 is
[11:35:02] [Server thread/WARN]: Invalid statistic in ./tutworld/stats/7900e234-1bd5-4b95-849e-e13e96a55e5e.json: Don't know what stat.useItem.278 is
[11:35:02] [Server thread/WARN]: Invalid statistic in ./tutworld/stats/7900e234-1bd5-4b95-849e-e13e96a55e5e.json: Don't know what stat.craftItem.53 is
[11:35:02] [Server thread/WARN]: Invalid statistic in ./tutworld/stats/7900e234-1bd5-4b95-849e-e13e96a55e5e.json: Don't know what stat.craftItem.267 is
[11:35:02] [Server thread/WARN]: Invalid statistic in ./tutworld/stats/7900e234-1bd5-4b95-849e-e13e96a55e5e.json: Don't know what stat.useItem.6 is
[11:35:02] [Server thread/WARN]: Invalid statistic in ./tutworld/stats/7900e234-1bd5-4b95-849e-e13e96a55e5e.json: Don't know what stat.useItem.158 is
[11:35:02] [Server thread/WARN]: Invalid statistic in ./tutworld/stats/7900e234-1bd5-4b95-849e-e13e96a55e5e.json: Don't know what stat.useItem.258 is
[11:35:02] [Server thread/WARN]: Invalid statistic in ./tutworld/stats/7900e234-1bd5-4b95-849e-e13e96a55e5e.json: Don't know what stat.useItem.295 is
[11:35:02] [Server thread/WARN]: Invalid statistic in ./tutworld/stats/7900e234-1bd5-4b95-849e-e13e96a55e5e.json: Don't know what stat.useItem.61 is
[11:35:02] [Server thread/WARN]: Invalid statistic in ./tutworld/stats/7900e234-1bd5-4b95-849e-e13e96a55e5e.json: Don't know what stat.useItem.362 is
[11:35:02] [Server thread/WARN]: Invalid statistic in ./tutworld/stats/7900e234-1bd5-4b95-849e-e13e96a55e5e.json: Don't know what stat.useItem.85 is
[11:35:02] [Server thread/WARN]: Invalid statistic in ./tutworld/stats/7900e234-1bd5-4b95-849e-e13e96a55e5e.json: Don't know what stat.craftItem.133 is
[11:35:02] [Server thread/WARN]: Invalid statistic in ./tutworld/stats/7900e234-1bd5-4b95-849e-e13e96a55e5e.json: Don't know what stat.mineBlock.57 is
[11:35:02] [Server thread/WARN]: Invalid statistic in ./tutworld/stats/7900e234-1bd5-4b95-849e-e13e96a55e5e.json: Don't know what stat.craftItem.126 is
[11:35:02] [Server thread/WARN]: Invalid statistic in ./tutworld/stats/7900e234-1bd5-4b95-849e-e13e96a55e5e.json: Don't know what stat.mineBlock.56 is
[11:35:02] [Server thread/WARN]: Invalid statistic in ./tutworld/stats/7900e234-1bd5-4b95-849e-e13e96a55e5e.json: Don't know what stat.useItem.107 is
[11:35:02] [Server thread/WARN]: Invalid statistic in ./tutworld/stats/7900e234-1bd5-4b95-849e-e13e96a55e5e.json: Don't know what stat.mineBlock.6 is
[11:35:02] [Server thread/WARN]: Invalid statistic in ./tutworld/stats/7900e234-1bd5-4b95-849e-e13e96a55e5e.json: Don't know what stat.craftItem.269 is
[11:35:02] [Server thread/WARN]: Invalid statistic in ./tutworld/stats/7900e234-1bd5-4b95-849e-e13e96a55e5e.json: Don't know what stat.mineBlock.18 is
[11:35:02] [Server thread/WARN]: Invalid statistic in ./tutworld/stats/7900e234-1bd5-4b95-849e-e13e96a55e5e.json: Don't know what stat.craftItem.41 is
[11:35:02] [Server thread/WARN]: Invalid statistic in ./tutworld/stats/7900e234-1bd5-4b95-849e-e13e96a55e5e.json: Don't know what stat.useItem.267 is
[11:35:02] [Server thread/WARN]: Invalid statistic in ./tutworld/stats/7900e234-1bd5-4b95-849e-e13e96a55e5e.json: Don't know what stat.mineBlock.17 is
[11:35:02] [Server thread/WARN]: Invalid statistic in ./tutworld/stats/7900e234-1bd5-4b95-849e-e13e96a55e5e.json: Don't know what stat.useItem.17 is
[11:35:02] [Server thread/WARN]: Invalid statistic in ./tutworld/stats/7900e234-1bd5-4b95-849e-e13e96a55e5e.json: Don't know what stat.useItem.272 is
[11:35:02] [Server thread/WARN]: Invalid statistic in ./tutworld/stats/7900e234-1bd5-4b95-849e-e13e96a55e5e.json: Don't know what stat.mineBlock.87 is
[11:35:02] [Server thread/WARN]: Invalid statistic in ./tutworld/stats/7900e234-1bd5-4b95-849e-e13e96a55e5e.json: Don't know what stat.craftItem.85 is
[11:35:02] [Server thread/WARN]: Invalid statistic in ./tutworld/stats/7900e234-1bd5-4b95-849e-e13e96a55e5e.json: Don't know what stat.craftItem.20 is
[11:35:02] [Server thread/WARN]: Invalid statistic in ./tutworld/stats/7900e234-1bd5-4b95-849e-e13e96a55e5e.json: Don't know what stat.mineBlock.13 is
[11:35:02] [Server thread/WARN]: Invalid statistic in ./tutworld/stats/7900e234-1bd5-4b95-849e-e13e96a55e5e.json: Don't know what stat.craftItem.306 is
[11:35:02] [Server thread/WARN]: Invalid statistic in ./tutworld/stats/7900e234-1bd5-4b95-849e-e13e96a55e5e.json: Don't know what stat.useItem.123 is
[11:35:02] [Server thread/WARN]: Invalid statistic in ./tutworld/stats/7900e234-1bd5-4b95-849e-e13e96a55e5e.json: Don't know what stat.useItem.37 is
[11:35:02] [Server thread/WARN]: Invalid statistic in ./tutworld/stats/7900e234-1bd5-4b95-849e-e13e96a55e5e.json: Don't know what stat.craftItem.275 is
[11:35:02] [Server thread/WARN]: Invalid statistic in ./tutworld/stats/7900e234-1bd5-4b95-849e-e13e96a55e5e.json: Don't know what stat.useItem.70 is
[11:35:02] [Server thread/WARN]: Invalid statistic in ./tutworld/stats/7900e234-1bd5-4b95-849e-e13e96a55e5e.json: Don't know what stat.useItem.76 is
[11:35:02] [Server thread/WARN]: Invalid statistic in ./tutworld/stats/7900e234-1bd5-4b95-849e-e13e96a55e5e.json: Don't know what stat.craftItem.362 is
[11:35:02] [Server thread/WARN]: Invalid statistic in ./tutworld/stats/7900e234-1bd5-4b95-849e-e13e96a55e5e.json: Don't know what stat.useItem.391 is
[11:35:02] [Server thread/WARN]: Invalid statistic in ./tutworld/stats/7900e234-1bd5-4b95-849e-e13e96a55e5e.json: Don't know what stat.useItem.330 is
[11:35:02] [Server thread/WARN]: Invalid statistic in ./tutworld/stats/7900e234-1bd5-4b95-849e-e13e96a55e5e.json: Don't know what stat.breakItem.275 is
[11:35:02] [Server thread/WARN]: Invalid statistic in ./tutworld/stats/7900e234-1bd5-4b95-849e-e13e96a55e5e.json: Don't know what stat.mineBlock.103 is
[11:35:02] [Server thread/WARN]: Invalid statistic in ./tutworld/stats/7900e234-1bd5-4b95-849e-e13e96a55e5e.json: Don't know what stat.useItem.54 is
[11:35:02] [Server thread/WARN]: Invalid statistic in ./tutworld/stats/7900e234-1bd5-4b95-849e-e13e96a55e5e.json: Don't know what stat.craftItem.351 is
[11:35:02] [Server thread/WARN]: Invalid statistic in ./tutworld/stats/7900e234-1bd5-4b95-849e-e13e96a55e5e.json: Don't know what stat.breakItem.314 is
[11:35:02] [Server thread/WARN]: Invalid statistic in ./tutworld/stats/7900e234-1bd5-4b95-849e-e13e96a55e5e.json: Don't know what stat.useItem.109 is
[11:35:02] [Server thread/WARN]: Invalid statistic in ./tutworld/stats/7900e234-1bd5-4b95-849e-e13e96a55e5e.json: Don't know what stat.useItem.134 is
[11:35:02] [Server thread/WARN]: Invalid statistic in ./tutworld/stats/7900e234-1bd5-4b95-849e-e13e96a55e5e.json: Don't know what stat.mineBlock.77 is
[11:35:02] [Server thread/WARN]: Invalid statistic in ./tutworld/stats/7900e234-1bd5-4b95-849e-e13e96a55e5e.json: Don't know what stat.useItem.273 is
[11:35:02] [Server thread/WARN]: Invalid statistic in ./tutworld/stats/7900e234-1bd5-4b95-849e-e13e96a55e5e.json: Don't know what stat.useItem.277 is
[11:35:02] [Server thread/WARN]: Invalid statistic in ./tutworld/stats/7900e234-1bd5-4b95-849e-e13e96a55e5e.json: Don't know what stat.craftItem.22 is
[11:35:02] [Server thread/WARN]: Invalid statistic in ./tutworld/stats/7900e234-1bd5-4b95-849e-e13e96a55e5e.json: Don't know what stat.useItem.116 is
[11:35:02] [Server thread/WARN]: Invalid statistic in ./tutworld/stats/7900e234-1bd5-4b95-849e-e13e96a55e5e.json: Don't know what stat.craftItem.1 is
[11:35:02] [Server thread/WARN]: Invalid statistic in ./tutworld/stats/7900e234-1bd5-4b95-849e-e13e96a55e5e.json: Don't know what stat.craftItem.299 is
[11:35:02] [Server thread/WARN]: Invalid statistic in ./tutworld/stats/7900e234-1bd5-4b95-849e-e13e96a55e5e.json: Don't know what stat.breakItem.273 is
[11:35:02] [Server thread/WARN]: Invalid statistic in ./tutworld/stats/7900e234-1bd5-4b95-849e-e13e96a55e5e.json: Don't know what stat.craftItem.282 is
[11:35:02] [Server thread/WARN]: Invalid statistic in ./tutworld/stats/7900e234-1bd5-4b95-849e-e13e96a55e5e.json: Don't know what stat.craftItem.23 is
[11:35:02] [Server thread/WARN]: Invalid statistic in ./tutworld/stats/7900e234-1bd5-4b95-849e-e13e96a55e5e.json: Don't know what stat.craftItem.35 is
[11:35:02] [Server thread/WARN]: Invalid statistic in ./tutworld/stats/7900e234-1bd5-4b95-849e-e13e96a55e5e.json: Don't know what stat.craftItem.261 is
[11:35:02] [Server thread/WARN]: Invalid statistic in ./tutworld/stats/7900e234-1bd5-4b95-849e-e13e96a55e5e.json: Don't know what stat.craftItem.280 is
[11:35:02] [Server thread/WARN]: Invalid statistic in ./tutworld/stats/7900e234-1bd5-4b95-849e-e13e96a55e5e.json: Don't know what stat.useItem.275 is
[11:35:02] [Server thread/WARN]: Invalid statistic in ./tutworld/stats/7900e234-1bd5-4b95-849e-e13e96a55e5e.json: Don't know what stat.craftItem.380 is
[11:35:02] [Server thread/WARN]: Invalid statistic in ./tutworld/stats/7900e234-1bd5-4b95-849e-e13e96a55e5e.json: Don't know what stat.useItem.77 is
[11:35:02] [Server thread/WARN]: Invalid statistic in ./tutworld/stats/7900e234-1bd5-4b95-849e-e13e96a55e5e.json: Don't know what stat.useItem.35 is
[11:35:02] [Server thread/WARN]: Invalid statistic in ./tutworld/stats/7900e234-1bd5-4b95-849e-e13e96a55e5e.json: Don't know what stat.craftItem.152 is
[11:35:02] [Server thread/WARN]: Invalid statistic in ./tutworld/stats/7900e234-1bd5-4b95-849e-e13e96a55e5e.json: Don't know what stat.craftItem.315 is
[11:35:02] [Server thread/WARN]: Invalid statistic in ./tutworld/stats/7900e234-1bd5-4b95-849e-e13e96a55e5e.json: Don't know what stat.breakItem.270 is
[11:35:02] [Server thread/WARN]: Invalid statistic in ./tutworld/stats/7900e234-1bd5-4b95-849e-e13e96a55e5e.json: Don't know what stat.craftItem.325 is
[11:35:02] [Server thread/WARN]: Invalid statistic in ./tutworld/stats/7900e234-1bd5-4b95-849e-e13e96a55e5e.json: Don't know what stat.mineBlock.72 is
[11:35:02] [Server thread/WARN]: Invalid statistic in ./tutworld/stats/7900e234-1bd5-4b95-849e-e13e96a55e5e.json: Don't know what stat.craftItem.265 is
[11:35:02] [Server thread/WARN]: Invalid statistic in ./tutworld/stats/7900e234-1bd5-4b95-849e-e13e96a55e5e.json: Don't know what stat.craftItem.346 is
[11:35:02] [Server thread/WARN]: Invalid statistic in ./tutworld/stats/7900e234-1bd5-4b95-849e-e13e96a55e5e.json: Don't know what stat.mineBlock.16 is
[11:35:02] [Server thread/WARN]: Invalid statistic in ./tutworld/stats/7900e234-1bd5-4b95-849e-e13e96a55e5e.json: Don't know what stat.craftItem.359 is
[11:35:02] [Server thread/WARN]: Invalid statistic in ./tutworld/stats/7900e234-1bd5-4b95-849e-e13e96a55e5e.json: Don't know what stat.breakItem.257 is
[11:35:02] [Server thread/WARN]: Invalid statistic in ./tutworld/stats/7900e234-1bd5-4b95-849e-e13e96a55e5e.json: Don't know what stat.useItem.256 is
[11:35:02] [Server thread/WARN]: Invalid statistic in ./tutworld/stats/7900e234-1bd5-4b95-849e-e13e96a55e5e.json: Don't know what stat.craftItem.44 is
[11:35:02] [Server thread/WARN]: Invalid statistic in ./tutworld/stats/7900e234-1bd5-4b95-849e-e13e96a55e5e.json: Don't know what stat.useItem.268 is
[11:35:02] [Server thread/WARN]: Invalid statistic in ./tutworld/stats/7900e234-1bd5-4b95-849e-e13e96a55e5e.json: Don't know what stat.useItem.98 is
[11:35:02] [Server thread/WARN]: Invalid statistic in ./tutworld/stats/7900e234-1bd5-4b95-849e-e13e96a55e5e.json: Don't know what stat.craftItem.328 is
[11:35:02] [Server thread/WARN]: Invalid statistic in ./tutworld/stats/7900e234-1bd5-4b95-849e-e13e96a55e5e.json: Don't know what stat.craftItem.145 is
[11:35:02] [Server thread/WARN]: Invalid statistic in ./tutworld/stats/7900e234-1bd5-4b95-849e-e13e96a55e5e.json: Don't know what stat.mineBlock.106 is
[11:35:02] [Server thread/WARN]: Invalid statistic in ./tutworld/stats/7900e234-1bd5-4b95-849e-e13e96a55e5e.json: Don't know what stat.craftItem.330 is
[11:35:02] [Server thread/WARN]: Invalid statistic in ./tutworld/stats/7900e234-1bd5-4b95-849e-e13e96a55e5e.json: Don't know what stat.useItem.257 is
[11:35:02] [Server thread/WARN]: Invalid statistic in ./tutworld/stats/7900e234-1bd5-4b95-849e-e13e96a55e5e.json: Don't know what stat.useItem.276 is
[11:35:02] [Server thread/WARN]: Invalid statistic in ./tutworld/stats/7900e234-1bd5-4b95-849e-e13e96a55e5e.json: Don't know what stat.useItem.359 is
[11:35:02] [Server thread/WARN]: Invalid statistic in ./tutworld/stats/7900e234-1bd5-4b95-849e-e13e96a55e5e.json: Don't know what stat.craftItem.405 is
[11:35:02] [Server thread/WARN]: Invalid statistic in ./tutworld/stats/7900e234-1bd5-4b95-849e-e13e96a55e5e.json: Don't know what stat.mineBlock.4 is
[11:35:02] [Server thread/WARN]: Invalid statistic in ./tutworld/stats/7900e234-1bd5-4b95-849e-e13e96a55e5e.json: Don't know what stat.craftItem.173 is
[11:35:02] [Server thread/WARN]: Invalid statistic in ./tutworld/stats/7900e234-1bd5-4b95-849e-e13e96a55e5e.json: Don't know what stat.craftItem.273 is
[11:35:02] [Server thread/WARN]: Invalid statistic in ./tutworld/stats/7900e234-1bd5-4b95-849e-e13e96a55e5e.json: Don't know what stat.mineBlock.145 is
[11:35:02] [Server thread/WARN]: Invalid statistic in ./tutworld/stats/7900e234-1bd5-4b95-849e-e13e96a55e5e.json: Don't know what stat.craftItem.76 is
[11:35:02] [Server thread/WARN]: Invalid statistic in ./tutworld/stats/7900e234-1bd5-4b95-849e-e13e96a55e5e.json: Don't know what stat.mineBlock.5 is
[11:35:02] [Server thread/WARN]: Invalid statistic in ./tutworld/stats/7900e234-1bd5-4b95-849e-e13e96a55e5e.json: Don't know what stat.mineBlock.44 is
[11:35:02] [Server thread/WARN]: Invalid statistic in ./tutworld/stats/7900e234-1bd5-4b95-849e-e13e96a55e5e.json: Don't know what stat.breakItem.256 is
[11:35:02] [Server thread/WARN]: Invalid statistic in ./tutworld/stats/7900e234-1bd5-4b95-849e-e13e96a55e5e.json: Don't know what stat.useItem.101 is
[11:35:02] [Server thread/WARN]: Invalid statistic in ./tutworld/stats/7900e234-1bd5-4b95-849e-e13e96a55e5e.json: Don't know what stat.craftItem.172 is
[11:35:02] [Server thread/WARN]: Invalid statistic in ./tutworld/stats/7900e234-1bd5-4b95-849e-e13e96a55e5e.json: Don't know what stat.craftItem.388 is
[11:35:02] [Server thread/WARN]: Invalid statistic in ./tutworld/stats/7900e234-1bd5-4b95-849e-e13e96a55e5e.json: Don't know what stat.useItem.58 is
[11:35:02] [Server thread/WARN]: Invalid statistic in ./tutworld/stats/7900e234-1bd5-4b95-849e-e13e96a55e5e.json: Don't know what stat.craftItem.268 is
[11:35:02] [Server thread/WARN]: Invalid statistic in ./tutworld/stats/7900e234-1bd5-4b95-849e-e13e96a55e5e.json: Don't know what stat.useItem.274 is
[11:35:02] [Server thread/WARN]: Invalid statistic in ./tutworld/stats/7900e234-1bd5-4b95-849e-e13e96a55e5e.json: Don't know what stat.useItem.145 is
[11:35:02] [Server thread/WARN]: Invalid statistic in ./tutworld/stats/7900e234-1bd5-4b95-849e-e13e96a55e5e.json: Don't know what stat.useItem.44 is
[11:35:02] [Server thread/WARN]: Invalid statistic in ./tutworld/stats/7900e234-1bd5-4b95-849e-e13e96a55e5e.json: Don't know what stat.useItem.342 is
[11:35:02] [Server thread/WARN]: Invalid statistic in ./tutworld/stats/7900e234-1bd5-4b95-849e-e13e96a55e5e.json: Don't know what stat.craftItem.347 is
[11:35:02] [Server thread/WARN]: Invalid statistic in ./tutworld/stats/7900e234-1bd5-4b95-849e-e13e96a55e5e.json: Don't know what stat.mineBlock.30 is
[11:35:02] [Server thread/WARN]: Invalid statistic in ./tutworld/stats/7900e234-1bd5-4b95-849e-e13e96a55e5e.json: Don't know what stat.useItem.13 is
[11:35:02] [Server thread/WARN]: Invalid statistic in ./tutworld/stats/7900e234-1bd5-4b95-849e-e13e96a55e5e.json: Don't know what stat.mineBlock.81 is
[11:35:02] [Server thread/WARN]: Invalid statistic in ./tutworld/stats/7900e234-1bd5-4b95-849e-e13e96a55e5e.json: Don't know what stat.useItem.12 is
[11:35:02] [Server thread/WARN]: Invalid statistic in ./tutworld/stats/7900e234-1bd5-4b95-849e-e13e96a55e5e.json: Don't know what stat.craftItem.61 is
[11:35:02] [Server thread/WARN]: Invalid statistic in ./tutworld/stats/7900e234-1bd5-4b95-849e-e13e96a55e5e.json: Don't know what stat.mineBlock.3 is
[11:35:02] [Server thread/WARN]: Invalid statistic in ./tutworld/stats/7900e234-1bd5-4b95-849e-e13e96a55e5e.json: Don't know what stat.mineBlock.98 is
[11:35:02] [Server thread/WARN]: Invalid statistic in ./tutworld/stats/7900e234-1bd5-4b95-849e-e13e96a55e5e.json: Don't know what stat.useItem.389 is
[11:35:02] [Server thread/WARN]: Invalid statistic in ./tutworld/stats/7900e234-1bd5-4b95-849e-e13e96a55e5e.json: Don't know what stat.craftItem.54 is
[11:35:02] [Server thread/WARN]: Invalid statistic in ./tutworld/stats/7900e234-1bd5-4b95-849e-e13e96a55e5e.json: Don't know what stat.useItem.27 is
[11:35:02] [Server thread/WARN]: Invalid statistic in ./tutworld/stats/7900e234-1bd5-4b95-849e-e13e96a55e5e.json: Don't know what stat.useItem.67 is
[11:35:02] [Server thread/WARN]: Invalid statistic in ./tutworld/stats/7900e234-1bd5-4b95-849e-e13e96a55e5e.json: Don't know what stat.useItem.1 is
[11:35:02] [Server thread/WARN]: Invalid statistic in ./tutworld/stats/7900e234-1bd5-4b95-849e-e13e96a55e5e.json: Don't know what stat.mineBlock.50 is
[11:35:02] [Server thread/WARN]: Invalid statistic in ./tutworld/stats/7900e234-1bd5-4b95-849e-e13e96a55e5e.json: Don't know what stat.useItem.20 is
[11:35:02] [Server thread/WARN]: Invalid statistic in ./tutworld/stats/7900e234-1bd5-4b95-849e-e13e96a55e5e.json: Don't know what stat.useItem.331 is
[11:35:02] [Server thread/WARN]: Invalid statistic in ./tutworld/stats/7900e234-1bd5-4b95-849e-e13e96a55e5e.json: Don't know what stat.craftItem.309 is
[11:35:02] [Server thread/WARN]: Invalid statistic in ./tutworld/stats/7900e234-1bd5-4b95-849e-e13e96a55e5e.json: Don't know what stat.craftItem.67 is
[11:35:02] [Server thread/WARN]: Invalid statistic in ./tutworld/stats/7900e234-1bd5-4b95-849e-e13e96a55e5e.json: Don't know what stat.mineBlock.102 is
[11:35:02] [Server thread/WARN]: Invalid statistic in ./tutworld/stats/7900e234-1bd5-4b95-849e-e13e96a55e5e.json: Don't know what stat.mineBlock.85 is
[11:35:02] [Server thread/WARN]: Invalid statistic in ./tutworld/stats/7900e234-1bd5-4b95-849e-e13e96a55e5e.json: Don't know what stat.useItem.102 is
[11:35:02] [Server thread/WARN]: Invalid statistic in ./tutworld/stats/7900e234-1bd5-4b95-849e-e13e96a55e5e.json: Don't know what stat.mineBlock.129 is
[11:35:02] [Server thread/WARN]: Invalid statistic in ./tutworld/stats/7900e234-1bd5-4b95-849e-e13e96a55e5e.json: Don't know what stat.craftItem.331 is
[11:35:02] [Server thread/WARN]: Invalid statistic in ./tutworld/stats/7900e234-1bd5-4b95-849e-e13e96a55e5e.json: Don't know what stat.mineBlock.175 is
[11:35:02] [Server thread/WARN]: Invalid statistic in ./tutworld/stats/7900e234-1bd5-4b95-849e-e13e96a55e5e.json: Don't know what stat.craftItem.107 is
[11:35:02] [Server thread/WARN]: Invalid statistic in ./tutworld/stats/7900e234-1bd5-4b95-849e-e13e96a55e5e.json: Don't know what stat.craftItem.366 is
[11:35:02] [Server thread/WARN]: Invalid statistic in ./tutworld/stats/7900e234-1bd5-4b95-849e-e13e96a55e5e.json: Don't know what stat.craftItem.274 is
[11:35:02] [Server thread/INFO]: jennysun[/37.46.178.157:57529] logged in with entity id 293 at (184.76249998807907, 70.0, 213.04040869118515)
[11:35:02] [Server thread/INFO]: §9jennysun§r joined the game
[11:35:06] [Server thread/WARN]: Can't keep up! Did the system time change, or is the server overloaded? Running 2519ms behind, skipping 50 tick(s)
[11:51:37] [Server thread/INFO]: Unknown command. Try /help for a list of commands
[11:51:51] [Server thread/INFO]: --- Showing help page 1 of 9 (/help <page>) ---
[11:51:51] [Server thread/INFO]: /achievement <give|take> <stat_name|*> [player]
[11:51:51] [Server thread/INFO]: /ban <name> [reason ...]
[11:51:51] [Server thread/INFO]: /ban-ip <address|name> [reason ...]
[11:51:51] [Server thread/INFO]: /banlist [ips|players]
[11:51:51] [Server thread/INFO]: /blockdata <x> <y> <z> <dataTag>
[11:51:51] [Server thread/INFO]: /clear [player] [item] [data] [maxCount] [dataTag]
[11:51:51] [Server thread/INFO]: /clone <x1> <y1> <z1> <x2> <y2> <z2> <x> <y> <z> [mode]
[11:53:42] [Server thread/INFO]: Unknown command. Try /help for a list of commands
[11:54:56] [Server thread/INFO]: [Server] Vem var det som dödade första kaninen hen kom över?! *tordönstämma*
[11:55:24] [Server thread/INFO]: <§9jennysun§r> *quivvering* .....
[11:56:24] [Server thread/INFO]: <§9jennysun§r> very sad, very bad at controls...
[11:56:40] [Server thread/INFO]: <§9jennysun§r> much tasty tho! ;)
[12:51:43] [Server thread/INFO]: jennysun lost connection: TextComponent{text='Disconnected', siblings=[], style=Style{hasParent=false, color=null, bold=null, italic=null, underlined=null, obfuscated=null, clickEvent=null, hoverEvent=null, insertion=null}}
[12:51:43] [Server thread/INFO]: §9jennysun§r left the game
[21:58:17] [User Authenticator #2/INFO]: UUID of player FabboCJ is 71099085-8677-4003-b144-d3ef69961fd4
[21:58:17] [Server thread/INFO]: FabboCJ[/37.46.178.157:59066] logged in with entity id 230779 at (1747.4742634907532, 74.0, 1205.987571176413)
[21:58:17] [Server thread/INFO]: §9FabboCJ§r joined the game
[22:10:19] [Server thread/INFO]: FabboCJ lost connection: TextComponent{text='Disconnected', siblings=[], style=Style{hasParent=false, color=null, bold=null, italic=null, underlined=null, obfuscated=null, clickEvent=null, hoverEvent=null, insertion=null}}
[22:10:19] [Server thread/INFO]: §9FabboCJ§r left the game
[22:31:54] [User Authenticator #3/INFO]: UUID of player FabboCJ is 71099085-8677-4003-b144-d3ef69961fd4
[22:31:54] [Server thread/INFO]: FabboCJ[/37.46.178.157:49315] logged in with entity id 243139 at (1874.5355382383455, 71.0, 1391.6428032752096)
[22:31:54] [Server thread/INFO]: §9FabboCJ§r joined the game
[23:19:02] [Server thread/INFO]: FabboCJ lost connection: TextComponent{text='Disconnected', siblings=[], style=Style{hasParent=false, color=null, bold=null, italic=null, underlined=null, obfuscated=null, clickEvent=null, hoverEvent=null, insertion=null}}
[23:19:02] [Server thread/INFO]: §9FabboCJ§r left the game
