[19:37:07] [Server thread/INFO]: Starting minecraft server version 1.8
[19:37:07] [Server thread/INFO]: Loading properties
[19:37:07] [Server thread/INFO]: Default game type: SURVIVAL
[19:37:07] [Server thread/INFO]: Generating keypair
[19:37:07] [Server thread/INFO]: Starting Minecraft server on *:25566
[19:37:07] [Server thread/INFO]: Preparing level "tutworld"
[19:37:07] [Server thread/INFO]: Preparing start region for level 0
[19:37:08] [Server thread/INFO]: Preparing spawn area: 16%
[19:37:10] [Server thread/INFO]: Preparing spawn area: 22%
[19:37:11] [Server thread/INFO]: Preparing spawn area: 99%
[19:37:11] [Server thread/INFO]: Done (3.508s)! For help, type "help" or "?"
[19:38:36] [User Authenticator #1/INFO]: UUID of player FabboCJ is 71099085-8677-4003-b144-d3ef69961fd4
[19:38:36] [Server thread/WARN]: Invalid statistic in ./tutworld/stats/71099085-8677-4003-b144-d3ef69961fd4.json: Don't know what stat.useItem.139 is
[19:38:36] [Server thread/WARN]: Invalid statistic in ./tutworld/stats/71099085-8677-4003-b144-d3ef69961fd4.json: Don't know what stat.useItem.66 is
[19:38:36] [Server thread/WARN]: Invalid statistic in ./tutworld/stats/71099085-8677-4003-b144-d3ef69961fd4.json: Don't know what stat.craftItem.364 is
[19:38:36] [Server thread/WARN]: Invalid statistic in ./tutworld/stats/71099085-8677-4003-b144-d3ef69961fd4.json: Don't know what stat.craftItem.112 is
[19:38:36] [Server thread/WARN]: Invalid statistic in ./tutworld/stats/71099085-8677-4003-b144-d3ef69961fd4.json: Don't know what stat.mineBlock.67 is
[19:38:36] [Server thread/WARN]: Invalid statistic in ./tutworld/stats/71099085-8677-4003-b144-d3ef69961fd4.json: Don't know what stat.useItem.279 is
[19:38:36] [Server thread/WARN]: Invalid statistic in ./tutworld/stats/71099085-8677-4003-b144-d3ef69961fd4.json: Don't know what stat.useItem.65 is
[19:38:36] [Server thread/WARN]: Invalid statistic in ./tutworld/stats/71099085-8677-4003-b144-d3ef69961fd4.json: Don't know what stat.useItem.172 is
[19:38:36] [Server thread/WARN]: Invalid statistic in ./tutworld/stats/71099085-8677-4003-b144-d3ef69961fd4.json: Don't know what stat.craftItem.155 is
[19:38:36] [Server thread/WARN]: Invalid statistic in ./tutworld/stats/71099085-8677-4003-b144-d3ef69961fd4.json: Don't know what stat.craftItem.24 is
[19:38:36] [Server thread/WARN]: Invalid statistic in ./tutworld/stats/71099085-8677-4003-b144-d3ef69961fd4.json: Don't know what stat.craftItem.258 is
[19:38:36] [Server thread/WARN]: Invalid statistic in ./tutworld/stats/71099085-8677-4003-b144-d3ef69961fd4.json: Don't know what stat.mineBlock.114 is
[19:38:36] [Server thread/WARN]: Invalid statistic in ./tutworld/stats/71099085-8677-4003-b144-d3ef69961fd4.json: Don't know what stat.mineBlock.111 is
[19:38:36] [Server thread/WARN]: Invalid statistic in ./tutworld/stats/71099085-8677-4003-b144-d3ef69961fd4.json: Don't know what stat.useItem.420 is
[19:38:36] [Server thread/WARN]: Invalid statistic in ./tutworld/stats/71099085-8677-4003-b144-d3ef69961fd4.json: Don't know what stat.useItem.72 is
[19:38:36] [Server thread/WARN]: Invalid statistic in ./tutworld/stats/71099085-8677-4003-b144-d3ef69961fd4.json: Don't know what stat.mineBlock.24 is
[19:38:36] [Server thread/WARN]: Invalid statistic in ./tutworld/stats/71099085-8677-4003-b144-d3ef69961fd4.json: Don't know what stat.craftItem.307 is
[19:38:36] [Server thread/WARN]: Invalid statistic in ./tutworld/stats/71099085-8677-4003-b144-d3ef69961fd4.json: Don't know what stat.craftItem.163 is
[19:38:36] [Server thread/WARN]: Invalid statistic in ./tutworld/stats/71099085-8677-4003-b144-d3ef69961fd4.json: Don't know what stat.craftItem.382 is
[19:38:36] [Server thread/WARN]: Invalid statistic in ./tutworld/stats/71099085-8677-4003-b144-d3ef69961fd4.json: Don't know what stat.breakItem.279 is
[19:38:36] [Server thread/WARN]: Invalid statistic in ./tutworld/stats/71099085-8677-4003-b144-d3ef69961fd4.json: Don't know what stat.breakItem.291 is
[19:38:36] [Server thread/WARN]: Invalid statistic in ./tutworld/stats/71099085-8677-4003-b144-d3ef69961fd4.json: Don't know what stat.useItem.50 is
[19:38:36] [Server thread/WARN]: Invalid statistic in ./tutworld/stats/71099085-8677-4003-b144-d3ef69961fd4.json: Don't know what stat.mineBlock.88 is
[19:38:36] [Server thread/WARN]: Invalid statistic in ./tutworld/stats/71099085-8677-4003-b144-d3ef69961fd4.json: Don't know what stat.mineBlock.107 is
[19:38:36] [Server thread/WARN]: Invalid statistic in ./tutworld/stats/71099085-8677-4003-b144-d3ef69961fd4.json: Don't know what stat.craftItem.45 is
[19:38:36] [Server thread/WARN]: Invalid statistic in ./tutworld/stats/71099085-8677-4003-b144-d3ef69961fd4.json: Don't know what stat.mineBlock.69 is
[19:38:36] [Server thread/WARN]: Invalid statistic in ./tutworld/stats/71099085-8677-4003-b144-d3ef69961fd4.json: Don't know what stat.useItem.173 is
[19:38:36] [Server thread/WARN]: Invalid statistic in ./tutworld/stats/71099085-8677-4003-b144-d3ef69961fd4.json: Don't know what stat.mineBlock.53 is
[19:38:36] [Server thread/WARN]: Invalid statistic in ./tutworld/stats/71099085-8677-4003-b144-d3ef69961fd4.json: Don't know what stat.useItem.292 is
[19:38:36] [Server thread/WARN]: Invalid statistic in ./tutworld/stats/71099085-8677-4003-b144-d3ef69961fd4.json: Don't know what stat.useItem.324 is
[19:38:36] [Server thread/WARN]: Invalid statistic in ./tutworld/stats/71099085-8677-4003-b144-d3ef69961fd4.json: Don't know what stat.useItem.24 is
[19:38:36] [Server thread/WARN]: Invalid statistic in ./tutworld/stats/71099085-8677-4003-b144-d3ef69961fd4.json: Don't know what stat.craftItem.89 is
[19:38:36] [Server thread/WARN]: Invalid statistic in ./tutworld/stats/71099085-8677-4003-b144-d3ef69961fd4.json: Don't know what stat.mineBlock.54 is
[19:38:36] [Server thread/WARN]: Invalid statistic in ./tutworld/stats/71099085-8677-4003-b144-d3ef69961fd4.json: Don't know what stat.mineBlock.49 is
[19:38:36] [Server thread/WARN]: Invalid statistic in ./tutworld/stats/71099085-8677-4003-b144-d3ef69961fd4.json: Don't know what stat.mineBlock.109 is
[19:38:36] [Server thread/WARN]: Invalid statistic in ./tutworld/stats/71099085-8677-4003-b144-d3ef69961fd4.json: Don't know what stat.mineBlock.76 is
[19:38:36] [Server thread/WARN]: Invalid statistic in ./tutworld/stats/71099085-8677-4003-b144-d3ef69961fd4.json: Don't know what stat.mineBlock.73 is
[19:38:36] [Server thread/WARN]: Invalid statistic in ./tutworld/stats/71099085-8677-4003-b144-d3ef69961fd4.json: Don't know what stat.mineBlock.97 is
[19:38:36] [Server thread/WARN]: Invalid statistic in ./tutworld/stats/71099085-8677-4003-b144-d3ef69961fd4.json: Don't know what stat.breakItem.310 is
[19:38:36] [Server thread/WARN]: Invalid statistic in ./tutworld/stats/71099085-8677-4003-b144-d3ef69961fd4.json: Don't know what stat.mineBlock.32 is
[19:38:36] [Server thread/WARN]: Invalid statistic in ./tutworld/stats/71099085-8677-4003-b144-d3ef69961fd4.json: Don't know what stat.craftItem.27 is
[19:38:36] [Server thread/WARN]: Invalid statistic in ./tutworld/stats/71099085-8677-4003-b144-d3ef69961fd4.json: Don't know what stat.useItem.49 is
[19:38:36] [Server thread/WARN]: Invalid statistic in ./tutworld/stats/71099085-8677-4003-b144-d3ef69961fd4.json: Don't know what stat.craftItem.395 is
[19:38:36] [Server thread/WARN]: Invalid statistic in ./tutworld/stats/71099085-8677-4003-b144-d3ef69961fd4.json: Don't know what stat.craftItem.170 is
[19:38:36] [Server thread/WARN]: Invalid statistic in ./tutworld/stats/71099085-8677-4003-b144-d3ef69961fd4.json: Don't know what stat.mineBlock.27 is
[19:38:36] [Server thread/WARN]: Invalid statistic in ./tutworld/stats/71099085-8677-4003-b144-d3ef69961fd4.json: Don't know what stat.craftItem.257 is
[19:38:36] [Server thread/WARN]: Invalid statistic in ./tutworld/stats/71099085-8677-4003-b144-d3ef69961fd4.json: Don't know what stat.useItem.3 is
[19:38:36] [Server thread/WARN]: Invalid statistic in ./tutworld/stats/71099085-8677-4003-b144-d3ef69961fd4.json: Don't know what stat.mineBlock.37 is
[19:38:36] [Server thread/WARN]: Invalid statistic in ./tutworld/stats/71099085-8677-4003-b144-d3ef69961fd4.json: Don't know what stat.craftItem.109 is
[19:38:36] [Server thread/WARN]: Invalid statistic in ./tutworld/stats/71099085-8677-4003-b144-d3ef69961fd4.json: Don't know what stat.craftItem.113 is
[19:38:36] [Server thread/WARN]: Invalid statistic in ./tutworld/stats/71099085-8677-4003-b144-d3ef69961fd4.json: Don't know what stat.breakItem.317 is
[19:38:36] [Server thread/WARN]: Invalid statistic in ./tutworld/stats/71099085-8677-4003-b144-d3ef69961fd4.json: Don't know what stat.useItem.126 is
[19:38:36] [Server thread/WARN]: Invalid statistic in ./tutworld/stats/71099085-8677-4003-b144-d3ef69961fd4.json: Don't know what stat.craftItem.313 is
[19:38:36] [Server thread/WARN]: Invalid statistic in ./tutworld/stats/71099085-8677-4003-b144-d3ef69961fd4.json: Don't know what stat.useItem.48 is
[19:38:36] [Server thread/WARN]: Invalid statistic in ./tutworld/stats/71099085-8677-4003-b144-d3ef69961fd4.json: Don't know what stat.craftItem.42 is
[19:38:36] [Server thread/WARN]: Invalid statistic in ./tutworld/stats/71099085-8677-4003-b144-d3ef69961fd4.json: Don't know what stat.useItem.143 is
[19:38:36] [Server thread/WARN]: Invalid statistic in ./tutworld/stats/71099085-8677-4003-b144-d3ef69961fd4.json: Don't know what stat.useItem.89 is
[19:38:36] [Server thread/WARN]: Invalid statistic in ./tutworld/stats/71099085-8677-4003-b144-d3ef69961fd4.json: Don't know what stat.craftItem.66 is
[19:38:36] [Server thread/WARN]: Invalid statistic in ./tutworld/stats/71099085-8677-4003-b144-d3ef69961fd4.json: Don't know what stat.craftItem.143 is
[19:38:36] [Server thread/WARN]: Invalid statistic in ./tutworld/stats/71099085-8677-4003-b144-d3ef69961fd4.json: Don't know what stat.mineBlock.31 is
[19:38:36] [Server thread/WARN]: Invalid statistic in ./tutworld/stats/71099085-8677-4003-b144-d3ef69961fd4.json: Don't know what stat.mineBlock.35 is
[19:38:36] [Server thread/WARN]: Invalid statistic in ./tutworld/stats/71099085-8677-4003-b144-d3ef69961fd4.json: Don't know what stat.useItem.323 is
[19:38:36] [Server thread/WARN]: Invalid statistic in ./tutworld/stats/71099085-8677-4003-b144-d3ef69961fd4.json: Don't know what stat.mineBlock.153 is
[19:38:36] [Server thread/WARN]: Invalid statistic in ./tutworld/stats/71099085-8677-4003-b144-d3ef69961fd4.json: Don't know what stat.craftItem.50 is
[19:38:36] [Server thread/WARN]: Invalid statistic in ./tutworld/stats/71099085-8677-4003-b144-d3ef69961fd4.json: Don't know what stat.mineBlock.173 is
[19:38:36] [Server thread/WARN]: Invalid statistic in ./tutworld/stats/71099085-8677-4003-b144-d3ef69961fd4.json: Don't know what stat.craftItem.312 is
[19:38:36] [Server thread/WARN]: Invalid statistic in ./tutworld/stats/71099085-8677-4003-b144-d3ef69961fd4.json: Don't know what stat.craftItem.345 is
[19:38:36] [Server thread/WARN]: Invalid statistic in ./tutworld/stats/71099085-8677-4003-b144-d3ef69961fd4.json: Don't know what stat.useItem.338 is
[19:38:36] [Server thread/WARN]: Invalid statistic in ./tutworld/stats/71099085-8677-4003-b144-d3ef69961fd4.json: Don't know what stat.craftItem.314 is
[19:38:36] [Server thread/WARN]: Invalid statistic in ./tutworld/stats/71099085-8677-4003-b144-d3ef69961fd4.json: Don't know what stat.craftItem.310 is
[19:38:36] [Server thread/WARN]: Invalid statistic in ./tutworld/stats/71099085-8677-4003-b144-d3ef69961fd4.json: Don't know what stat.useItem.351 is
[19:38:36] [Server thread/WARN]: Invalid statistic in ./tutworld/stats/71099085-8677-4003-b144-d3ef69961fd4.json: Don't know what stat.useItem.112 is
[19:38:36] [Server thread/WARN]: Invalid statistic in ./tutworld/stats/71099085-8677-4003-b144-d3ef69961fd4.json: Don't know what stat.mineBlock.139 is
[19:38:36] [Server thread/WARN]: Invalid statistic in ./tutworld/stats/71099085-8677-4003-b144-d3ef69961fd4.json: Don't know what stat.useItem.53 is
[19:38:36] [Server thread/WARN]: Invalid statistic in ./tutworld/stats/71099085-8677-4003-b144-d3ef69961fd4.json: Don't know what stat.craftItem.266 is
[19:38:36] [Server thread/WARN]: Invalid statistic in ./tutworld/stats/71099085-8677-4003-b144-d3ef69961fd4.json: Don't know what stat.craftItem.333 is
[19:38:36] [Server thread/WARN]: Invalid statistic in ./tutworld/stats/71099085-8677-4003-b144-d3ef69961fd4.json: Don't know what stat.craftItem.139 is
[19:38:36] [Server thread/WARN]: Invalid statistic in ./tutworld/stats/71099085-8677-4003-b144-d3ef69961fd4.json: Don't know what stat.mineBlock.1 is
[19:38:36] [Server thread/WARN]: Invalid statistic in ./tutworld/stats/71099085-8677-4003-b144-d3ef69961fd4.json: Don't know what stat.useItem.361 is
[19:38:36] [Server thread/WARN]: Invalid statistic in ./tutworld/stats/71099085-8677-4003-b144-d3ef69961fd4.json: Don't know what stat.craftItem.278 is
[19:38:36] [Server thread/WARN]: Invalid statistic in ./tutworld/stats/71099085-8677-4003-b144-d3ef69961fd4.json: Don't know what stat.craftItem.340 is
[19:38:36] [Server thread/WARN]: Invalid statistic in ./tutworld/stats/71099085-8677-4003-b144-d3ef69961fd4.json: Don't know what stat.craftItem.355 is
[19:38:36] [Server thread/WARN]: Invalid statistic in ./tutworld/stats/71099085-8677-4003-b144-d3ef69961fd4.json: Don't know what stat.useItem.259 is
[19:38:36] [Server thread/WARN]: Invalid statistic in ./tutworld/stats/71099085-8677-4003-b144-d3ef69961fd4.json: Don't know what stat.useItem.5 is
[19:38:36] [Server thread/WARN]: Invalid statistic in ./tutworld/stats/71099085-8677-4003-b144-d3ef69961fd4.json: Don't know what stat.mineBlock.33 is
[19:38:36] [Server thread/WARN]: Invalid statistic in ./tutworld/stats/71099085-8677-4003-b144-d3ef69961fd4.json: Don't know what stat.craftItem.77 is
[19:38:36] [Server thread/WARN]: Invalid statistic in ./tutworld/stats/71099085-8677-4003-b144-d3ef69961fd4.json: Don't know what stat.mineBlock.101 is
[19:38:36] [Server thread/WARN]: Invalid statistic in ./tutworld/stats/71099085-8677-4003-b144-d3ef69961fd4.json: Don't know what stat.craftItem.134 is
[19:38:36] [Server thread/WARN]: Invalid statistic in ./tutworld/stats/71099085-8677-4003-b144-d3ef69961fd4.json: Don't know what stat.breakItem.309 is
[19:38:36] [Server thread/WARN]: Invalid statistic in ./tutworld/stats/71099085-8677-4003-b144-d3ef69961fd4.json: Don't know what stat.useItem.88 is
[19:38:36] [Server thread/WARN]: Invalid statistic in ./tutworld/stats/71099085-8677-4003-b144-d3ef69961fd4.json: Don't know what stat.useItem.47 is
[19:38:36] [Server thread/WARN]: Invalid statistic in ./tutworld/stats/71099085-8677-4003-b144-d3ef69961fd4.json: Don't know what stat.mineBlock.171 is
[19:38:36] [Server thread/WARN]: Invalid statistic in ./tutworld/stats/71099085-8677-4003-b144-d3ef69961fd4.json: Don't know what stat.mineBlock.134 is
[19:38:36] [Server thread/WARN]: Invalid statistic in ./tutworld/stats/71099085-8677-4003-b144-d3ef69961fd4.json: Don't know what stat.mineBlock.154 is
[19:38:36] [Server thread/WARN]: Invalid statistic in ./tutworld/stats/71099085-8677-4003-b144-d3ef69961fd4.json: Don't know what stat.breakItem.308 is
[19:38:36] [Server thread/WARN]: Invalid statistic in ./tutworld/stats/71099085-8677-4003-b144-d3ef69961fd4.json: Don't know what stat.mineBlock.162 is
[19:38:36] [Server thread/WARN]: Invalid statistic in ./tutworld/stats/71099085-8677-4003-b144-d3ef69961fd4.json: Don't know what stat.craftItem.270 is
[19:38:36] [Server thread/WARN]: Invalid statistic in ./tutworld/stats/71099085-8677-4003-b144-d3ef69961fd4.json: Don't know what stat.mineBlock.38 is
[19:38:36] [Server thread/WARN]: Invalid statistic in ./tutworld/stats/71099085-8677-4003-b144-d3ef69961fd4.json: Don't know what stat.craftItem.297 is
[19:38:36] [Server thread/WARN]: Invalid statistic in ./tutworld/stats/71099085-8677-4003-b144-d3ef69961fd4.json: Don't know what stat.useItem.31 is
[19:38:36] [Server thread/WARN]: Invalid statistic in ./tutworld/stats/71099085-8677-4003-b144-d3ef69961fd4.json: Don't know what stat.craftItem.33 is
[19:38:36] [Server thread/WARN]: Invalid statistic in ./tutworld/stats/71099085-8677-4003-b144-d3ef69961fd4.json: Don't know what stat.craftItem.371 is
[19:38:36] [Server thread/WARN]: Invalid statistic in ./tutworld/stats/71099085-8677-4003-b144-d3ef69961fd4.json: Don't know what stat.useItem.16 is
[19:38:36] [Server thread/WARN]: Invalid statistic in ./tutworld/stats/71099085-8677-4003-b144-d3ef69961fd4.json: Don't know what stat.useItem.270 is
[19:38:36] [Server thread/WARN]: Invalid statistic in ./tutworld/stats/71099085-8677-4003-b144-d3ef69961fd4.json: Don't know what stat.craftItem.308 is
[19:38:36] [Server thread/WARN]: Invalid statistic in ./tutworld/stats/71099085-8677-4003-b144-d3ef69961fd4.json: Don't know what stat.craftItem.65 is
[19:38:36] [Server thread/WARN]: Invalid statistic in ./tutworld/stats/71099085-8677-4003-b144-d3ef69961fd4.json: Don't know what stat.craftItem.264 is
[19:38:36] [Server thread/WARN]: Invalid statistic in ./tutworld/stats/71099085-8677-4003-b144-d3ef69961fd4.json: Don't know what stat.useItem.95 is
[19:38:36] [Server thread/WARN]: Invalid statistic in ./tutworld/stats/71099085-8677-4003-b144-d3ef69961fd4.json: Don't know what stat.useItem.38 is
[19:38:36] [Server thread/WARN]: Invalid statistic in ./tutworld/stats/71099085-8677-4003-b144-d3ef69961fd4.json: Don't know what stat.craftItem.342 is
[19:38:36] [Server thread/WARN]: Invalid statistic in ./tutworld/stats/71099085-8677-4003-b144-d3ef69961fd4.json: Don't know what stat.breakItem.258 is
[19:38:36] [Server thread/WARN]: Invalid statistic in ./tutworld/stats/71099085-8677-4003-b144-d3ef69961fd4.json: Don't know what stat.craftItem.82 is
[19:38:36] [Server thread/WARN]: Invalid statistic in ./tutworld/stats/71099085-8677-4003-b144-d3ef69961fd4.json: Don't know what stat.craftItem.259 is
[19:38:36] [Server thread/WARN]: Invalid statistic in ./tutworld/stats/71099085-8677-4003-b144-d3ef69961fd4.json: Don't know what stat.craftItem.58 is
[19:38:36] [Server thread/WARN]: Invalid statistic in ./tutworld/stats/71099085-8677-4003-b144-d3ef69961fd4.json: Don't know what stat.useItem.86 is
[19:38:36] [Server thread/WARN]: Invalid statistic in ./tutworld/stats/71099085-8677-4003-b144-d3ef69961fd4.json: Don't know what stat.craftItem.256 is
[19:38:36] [Server thread/WARN]: Invalid statistic in ./tutworld/stats/71099085-8677-4003-b144-d3ef69961fd4.json: Don't know what stat.mineBlock.89 is
[19:38:36] [Server thread/WARN]: Invalid statistic in ./tutworld/stats/71099085-8677-4003-b144-d3ef69961fd4.json: Don't know what stat.useItem.152 is
[19:38:36] [Server thread/WARN]: Invalid statistic in ./tutworld/stats/71099085-8677-4003-b144-d3ef69961fd4.json: Don't know what stat.mineBlock.172 is
[19:38:36] [Server thread/WARN]: Invalid statistic in ./tutworld/stats/71099085-8677-4003-b144-d3ef69961fd4.json: Don't know what stat.craftItem.336 is
[19:38:36] [Server thread/WARN]: Invalid statistic in ./tutworld/stats/71099085-8677-4003-b144-d3ef69961fd4.json: Don't know what stat.useItem.87 is
[19:38:36] [Server thread/WARN]: Invalid statistic in ./tutworld/stats/71099085-8677-4003-b144-d3ef69961fd4.json: Don't know what stat.craftItem.98 is
[19:38:36] [Server thread/WARN]: Invalid statistic in ./tutworld/stats/71099085-8677-4003-b144-d3ef69961fd4.json: Don't know what stat.mineBlock.95 is
[19:38:36] [Server thread/WARN]: Invalid statistic in ./tutworld/stats/71099085-8677-4003-b144-d3ef69961fd4.json: Don't know what stat.mineBlock.29 is
[19:38:36] [Server thread/WARN]: Invalid statistic in ./tutworld/stats/71099085-8677-4003-b144-d3ef69961fd4.json: Don't know what stat.craftItem.263 is
[19:38:36] [Server thread/WARN]: Invalid statistic in ./tutworld/stats/71099085-8677-4003-b144-d3ef69961fd4.json: Don't know what stat.useItem.379 is
[19:38:36] [Server thread/WARN]: Invalid statistic in ./tutworld/stats/71099085-8677-4003-b144-d3ef69961fd4.json: Don't know what stat.craftItem.324 is
[19:38:36] [Server thread/WARN]: Invalid statistic in ./tutworld/stats/71099085-8677-4003-b144-d3ef69961fd4.json: Don't know what stat.mineBlock.14 is
[19:38:36] [Server thread/WARN]: Invalid statistic in ./tutworld/stats/71099085-8677-4003-b144-d3ef69961fd4.json: Don't know what stat.mineBlock.113 is
[19:38:36] [Server thread/WARN]: Invalid statistic in ./tutworld/stats/71099085-8677-4003-b144-d3ef69961fd4.json: Don't know what stat.useItem.175 is
[19:38:36] [Server thread/WARN]: Invalid statistic in ./tutworld/stats/71099085-8677-4003-b144-d3ef69961fd4.json: Don't know what stat.craftItem.29 is
[19:38:36] [Server thread/WARN]: Invalid statistic in ./tutworld/stats/71099085-8677-4003-b144-d3ef69961fd4.json: Don't know what stat.craftItem.320 is
[19:38:36] [Server thread/WARN]: Invalid statistic in ./tutworld/stats/71099085-8677-4003-b144-d3ef69961fd4.json: Don't know what stat.craftItem.292 is
[19:38:36] [Server thread/WARN]: Invalid statistic in ./tutworld/stats/71099085-8677-4003-b144-d3ef69961fd4.json: Don't know what stat.mineBlock.133 is
[19:38:36] [Server thread/WARN]: Invalid statistic in ./tutworld/stats/71099085-8677-4003-b144-d3ef69961fd4.json: Don't know what stat.craftItem.271 is
[19:38:36] [Server thread/WARN]: Invalid statistic in ./tutworld/stats/71099085-8677-4003-b144-d3ef69961fd4.json: Don't know what stat.mineBlock.61 is
[19:38:36] [Server thread/WARN]: Invalid statistic in ./tutworld/stats/71099085-8677-4003-b144-d3ef69961fd4.json: Don't know what stat.useItem.4 is
[19:38:36] [Server thread/WARN]: Invalid statistic in ./tutworld/stats/71099085-8677-4003-b144-d3ef69961fd4.json: Don't know what stat.craftItem.311 is
[19:38:36] [Server thread/WARN]: Invalid statistic in ./tutworld/stats/71099085-8677-4003-b144-d3ef69961fd4.json: Don't know what stat.useItem.355 is
[19:38:36] [Server thread/WARN]: Invalid statistic in ./tutworld/stats/71099085-8677-4003-b144-d3ef69961fd4.json: Don't know what stat.craftItem.323 is
[19:38:36] [Server thread/WARN]: Invalid statistic in ./tutworld/stats/71099085-8677-4003-b144-d3ef69961fd4.json: Don't know what stat.breakItem.359 is
[19:38:36] [Server thread/WARN]: Invalid statistic in ./tutworld/stats/71099085-8677-4003-b144-d3ef69961fd4.json: Don't know what stat.breakItem.306 is
[19:38:36] [Server thread/WARN]: Invalid statistic in ./tutworld/stats/71099085-8677-4003-b144-d3ef69961fd4.json: Don't know what stat.craftItem.283 is
[19:38:36] [Server thread/WARN]: Invalid statistic in ./tutworld/stats/71099085-8677-4003-b144-d3ef69961fd4.json: Don't know what stat.craftItem.272 is
[19:38:36] [Server thread/WARN]: Invalid statistic in ./tutworld/stats/71099085-8677-4003-b144-d3ef69961fd4.json: Don't know what stat.mineBlock.161 is
[19:38:36] [Server thread/WARN]: Invalid statistic in ./tutworld/stats/71099085-8677-4003-b144-d3ef69961fd4.json: Don't know what stat.mineBlock.21 is
[19:38:36] [Server thread/WARN]: Invalid statistic in ./tutworld/stats/71099085-8677-4003-b144-d3ef69961fd4.json: Don't know what stat.mineBlock.39 is
[19:38:36] [Server thread/WARN]: Invalid statistic in ./tutworld/stats/71099085-8677-4003-b144-d3ef69961fd4.json: Don't know what stat.craftItem.101 is
[19:38:36] [Server thread/WARN]: Invalid statistic in ./tutworld/stats/71099085-8677-4003-b144-d3ef69961fd4.json: Don't know what stat.mineBlock.78 is
[19:38:36] [Server thread/WARN]: Invalid statistic in ./tutworld/stats/71099085-8677-4003-b144-d3ef69961fd4.json: Don't know what stat.mineBlock.82 is
[19:38:36] [Server thread/WARN]: Invalid statistic in ./tutworld/stats/71099085-8677-4003-b144-d3ef69961fd4.json: Don't know what stat.useItem.33 is
[19:38:36] [Server thread/WARN]: Invalid statistic in ./tutworld/stats/71099085-8677-4003-b144-d3ef69961fd4.json: Don't know what stat.mineBlock.86 is
[19:38:36] [Server thread/WARN]: Invalid statistic in ./tutworld/stats/71099085-8677-4003-b144-d3ef69961fd4.json: Don't know what stat.mineBlock.126 is
[19:38:36] [Server thread/WARN]: Invalid statistic in ./tutworld/stats/71099085-8677-4003-b144-d3ef69961fd4.json: Don't know what stat.breakItem.274 is
[19:38:36] [Server thread/WARN]: Invalid statistic in ./tutworld/stats/71099085-8677-4003-b144-d3ef69961fd4.json: Don't know what stat.craftItem.276 is
[19:38:36] [Server thread/WARN]: Invalid statistic in ./tutworld/stats/71099085-8677-4003-b144-d3ef69961fd4.json: Don't know what stat.craftItem.5 is
[19:38:36] [Server thread/WARN]: Invalid statistic in ./tutworld/stats/71099085-8677-4003-b144-d3ef69961fd4.json: Don't know what stat.craftItem.277 is
[19:38:36] [Server thread/WARN]: Invalid statistic in ./tutworld/stats/71099085-8677-4003-b144-d3ef69961fd4.json: Don't know what stat.craftItem.354 is
[19:38:36] [Server thread/WARN]: Invalid statistic in ./tutworld/stats/71099085-8677-4003-b144-d3ef69961fd4.json: Don't know what stat.mineBlock.42 is
[19:38:36] [Server thread/WARN]: Invalid statistic in ./tutworld/stats/71099085-8677-4003-b144-d3ef69961fd4.json: Don't know what stat.craftItem.91 is
[19:38:36] [Server thread/WARN]: Invalid statistic in ./tutworld/stats/71099085-8677-4003-b144-d3ef69961fd4.json: Don't know what stat.useItem.69 is
[19:38:36] [Server thread/WARN]: Invalid statistic in ./tutworld/stats/71099085-8677-4003-b144-d3ef69961fd4.json: Don't know what stat.craftItem.291 is
[19:38:36] [Server thread/WARN]: Invalid statistic in ./tutworld/stats/71099085-8677-4003-b144-d3ef69961fd4.json: Don't know what stat.craftItem.339 is
[19:38:36] [Server thread/WARN]: Invalid statistic in ./tutworld/stats/71099085-8677-4003-b144-d3ef69961fd4.json: Don't know what stat.useItem.18 is
[19:38:36] [Server thread/WARN]: Invalid statistic in ./tutworld/stats/71099085-8677-4003-b144-d3ef69961fd4.json: Don't know what stat.useItem.291 is
[19:38:36] [Server thread/WARN]: Invalid statistic in ./tutworld/stats/71099085-8677-4003-b144-d3ef69961fd4.json: Don't know what stat.useItem.153 is
[19:38:36] [Server thread/WARN]: Invalid statistic in ./tutworld/stats/71099085-8677-4003-b144-d3ef69961fd4.json: Don't know what stat.useItem.392 is
[19:38:36] [Server thread/WARN]: Invalid statistic in ./tutworld/stats/71099085-8677-4003-b144-d3ef69961fd4.json: Don't know what stat.mineBlock.143 is
[19:38:36] [Server thread/WARN]: Invalid statistic in ./tutworld/stats/71099085-8677-4003-b144-d3ef69961fd4.json: Don't know what stat.useItem.356 is
[19:38:36] [Server thread/WARN]: Invalid statistic in ./tutworld/stats/71099085-8677-4003-b144-d3ef69961fd4.json: Don't know what stat.useItem.154 is
[19:38:36] [Server thread/WARN]: Invalid statistic in ./tutworld/stats/71099085-8677-4003-b144-d3ef69961fd4.json: Don't know what stat.mineBlock.66 is
[19:38:36] [Server thread/WARN]: Invalid statistic in ./tutworld/stats/71099085-8677-4003-b144-d3ef69961fd4.json: Don't know what stat.mineBlock.170 is
[19:38:36] [Server thread/WARN]: Invalid statistic in ./tutworld/stats/71099085-8677-4003-b144-d3ef69961fd4.json: Don't know what stat.mineBlock.12 is
[19:38:36] [Server thread/WARN]: Invalid statistic in ./tutworld/stats/71099085-8677-4003-b144-d3ef69961fd4.json: Don't know what stat.craftItem.262 is
[19:38:36] [Server thread/WARN]: Invalid statistic in ./tutworld/stats/71099085-8677-4003-b144-d3ef69961fd4.json: Don't know what stat.craftItem.356 is
[19:38:36] [Server thread/WARN]: Invalid statistic in ./tutworld/stats/71099085-8677-4003-b144-d3ef69961fd4.json: Don't know what stat.mineBlock.15 is
[19:38:36] [Server thread/WARN]: Invalid statistic in ./tutworld/stats/71099085-8677-4003-b144-d3ef69961fd4.json: Don't know what stat.craftItem.53 is
[19:38:36] [Server thread/WARN]: Invalid statistic in ./tutworld/stats/71099085-8677-4003-b144-d3ef69961fd4.json: Don't know what stat.useItem.155 is
[19:38:36] [Server thread/WARN]: Invalid statistic in ./tutworld/stats/71099085-8677-4003-b144-d3ef69961fd4.json: Don't know what stat.useItem.258 is
[19:38:36] [Server thread/WARN]: Invalid statistic in ./tutworld/stats/71099085-8677-4003-b144-d3ef69961fd4.json: Don't know what stat.useItem.295 is
[19:38:36] [Server thread/WARN]: Invalid statistic in ./tutworld/stats/71099085-8677-4003-b144-d3ef69961fd4.json: Don't know what stat.useItem.362 is
[19:38:36] [Server thread/WARN]: Invalid statistic in ./tutworld/stats/71099085-8677-4003-b144-d3ef69961fd4.json: Don't know what stat.useItem.81 is
[19:38:36] [Server thread/WARN]: Invalid statistic in ./tutworld/stats/71099085-8677-4003-b144-d3ef69961fd4.json: Don't know what stat.mineBlock.56 is
[19:38:36] [Server thread/WARN]: Invalid statistic in ./tutworld/stats/71099085-8677-4003-b144-d3ef69961fd4.json: Don't know what stat.useItem.267 is
[19:38:36] [Server thread/WARN]: Invalid statistic in ./tutworld/stats/71099085-8677-4003-b144-d3ef69961fd4.json: Don't know what stat.useItem.159 is
[19:38:36] [Server thread/WARN]: Invalid statistic in ./tutworld/stats/71099085-8677-4003-b144-d3ef69961fd4.json: Don't know what stat.craftItem.376 is
[19:38:36] [Server thread/WARN]: Invalid statistic in ./tutworld/stats/71099085-8677-4003-b144-d3ef69961fd4.json: Don't know what stat.mineBlock.48 is
[19:38:36] [Server thread/WARN]: Invalid statistic in ./tutworld/stats/71099085-8677-4003-b144-d3ef69961fd4.json: Don't know what stat.useItem.17 is
[19:38:36] [Server thread/WARN]: Invalid statistic in ./tutworld/stats/71099085-8677-4003-b144-d3ef69961fd4.json: Don't know what stat.useItem.272 is
[19:38:36] [Server thread/WARN]: Invalid statistic in ./tutworld/stats/71099085-8677-4003-b144-d3ef69961fd4.json: Don't know what stat.mineBlock.20 is
[19:38:36] [Server thread/WARN]: Invalid statistic in ./tutworld/stats/71099085-8677-4003-b144-d3ef69961fd4.json: Don't know what stat.mineBlock.87 is
[19:38:36] [Server thread/WARN]: Invalid statistic in ./tutworld/stats/71099085-8677-4003-b144-d3ef69961fd4.json: Don't know what stat.craftItem.85 is
[19:38:36] [Server thread/WARN]: Invalid statistic in ./tutworld/stats/71099085-8677-4003-b144-d3ef69961fd4.json: Don't know what stat.mineBlock.79 is
[19:38:36] [Server thread/WARN]: Invalid statistic in ./tutworld/stats/71099085-8677-4003-b144-d3ef69961fd4.json: Don't know what stat.mineBlock.13 is
[19:38:36] [Server thread/WARN]: Invalid statistic in ./tutworld/stats/71099085-8677-4003-b144-d3ef69961fd4.json: Don't know what stat.useItem.163 is
[19:38:36] [Server thread/WARN]: Invalid statistic in ./tutworld/stats/71099085-8677-4003-b144-d3ef69961fd4.json: Don't know what stat.craftItem.306 is
[19:38:36] [Server thread/WARN]: Invalid statistic in ./tutworld/stats/71099085-8677-4003-b144-d3ef69961fd4.json: Don't know what stat.useItem.76 is
[19:38:36] [Server thread/WARN]: Invalid statistic in ./tutworld/stats/71099085-8677-4003-b144-d3ef69961fd4.json: Don't know what stat.useItem.70 is
[19:38:36] [Server thread/WARN]: Invalid statistic in ./tutworld/stats/71099085-8677-4003-b144-d3ef69961fd4.json: Don't know what stat.craftItem.159 is
[19:38:36] [Server thread/WARN]: Invalid statistic in ./tutworld/stats/71099085-8677-4003-b144-d3ef69961fd4.json: Don't know what stat.craftItem.22 is
[19:38:36] [Server thread/WARN]: Invalid statistic in ./tutworld/stats/71099085-8677-4003-b144-d3ef69961fd4.json: Don't know what stat.useItem.277 is
[19:38:36] [Server thread/WARN]: Invalid statistic in ./tutworld/stats/71099085-8677-4003-b144-d3ef69961fd4.json: Don't know what stat.mineBlock.112 is
[19:38:36] [Server thread/WARN]: Invalid statistic in ./tutworld/stats/71099085-8677-4003-b144-d3ef69961fd4.json: Don't know what stat.useItem.114 is
[19:38:36] [Server thread/WARN]: Invalid statistic in ./tutworld/stats/71099085-8677-4003-b144-d3ef69961fd4.json: Don't know what stat.craftItem.69 is
[19:38:36] [Server thread/WARN]: Invalid statistic in ./tutworld/stats/71099085-8677-4003-b144-d3ef69961fd4.json: Don't know what stat.craftItem.46 is
[19:38:36] [Server thread/WARN]: Invalid statistic in ./tutworld/stats/71099085-8677-4003-b144-d3ef69961fd4.json: Don't know what stat.craftItem.393 is
[19:38:36] [Server thread/WARN]: Invalid statistic in ./tutworld/stats/71099085-8677-4003-b144-d3ef69961fd4.json: Don't know what stat.craftItem.160 is
[19:38:36] [Server thread/WARN]: Invalid statistic in ./tutworld/stats/71099085-8677-4003-b144-d3ef69961fd4.json: Don't know what stat.breakItem.307 is
[19:38:36] [Server thread/WARN]: Invalid statistic in ./tutworld/stats/71099085-8677-4003-b144-d3ef69961fd4.json: Don't know what stat.useItem.328 is
[19:38:36] [Server thread/WARN]: Invalid statistic in ./tutworld/stats/71099085-8677-4003-b144-d3ef69961fd4.json: Don't know what stat.craftItem.379 is
[19:38:36] [Server thread/WARN]: Invalid statistic in ./tutworld/stats/71099085-8677-4003-b144-d3ef69961fd4.json: Don't know what stat.mineBlock.58 is
[19:38:36] [Server thread/WARN]: Invalid statistic in ./tutworld/stats/71099085-8677-4003-b144-d3ef69961fd4.json: Don't know what stat.craftItem.70 is
[19:38:36] [Server thread/WARN]: Invalid statistic in ./tutworld/stats/71099085-8677-4003-b144-d3ef69961fd4.json: Don't know what stat.useItem.278 is
[19:38:36] [Server thread/WARN]: Invalid statistic in ./tutworld/stats/71099085-8677-4003-b144-d3ef69961fd4.json: Don't know what stat.craftItem.396 is
[19:38:36] [Server thread/WARN]: Invalid statistic in ./tutworld/stats/71099085-8677-4003-b144-d3ef69961fd4.json: Don't know what stat.craftItem.267 is
[19:38:36] [Server thread/WARN]: Invalid statistic in ./tutworld/stats/71099085-8677-4003-b144-d3ef69961fd4.json: Don't know what stat.useItem.6 is
[19:38:36] [Server thread/WARN]: Invalid statistic in ./tutworld/stats/71099085-8677-4003-b144-d3ef69961fd4.json: Don't know what stat.useItem.61 is
[19:38:36] [Server thread/WARN]: Invalid statistic in ./tutworld/stats/71099085-8677-4003-b144-d3ef69961fd4.json: Don't know what stat.useItem.85 is
[19:38:36] [Server thread/WARN]: Invalid statistic in ./tutworld/stats/71099085-8677-4003-b144-d3ef69961fd4.json: Don't know what stat.craftItem.133 is
[19:38:36] [Server thread/WARN]: Invalid statistic in ./tutworld/stats/71099085-8677-4003-b144-d3ef69961fd4.json: Don't know what stat.useItem.80 is
[19:38:36] [Server thread/WARN]: Invalid statistic in ./tutworld/stats/71099085-8677-4003-b144-d3ef69961fd4.json: Don't know what stat.useItem.372 is
[19:38:36] [Server thread/WARN]: Invalid statistic in ./tutworld/stats/71099085-8677-4003-b144-d3ef69961fd4.json: Don't know what stat.craftItem.126 is
[19:38:36] [Server thread/WARN]: Invalid statistic in ./tutworld/stats/71099085-8677-4003-b144-d3ef69961fd4.json: Don't know what stat.useItem.107 is
[19:38:36] [Server thread/WARN]: Invalid statistic in ./tutworld/stats/71099085-8677-4003-b144-d3ef69961fd4.json: Don't know what stat.mineBlock.6 is
[19:38:36] [Server thread/WARN]: Invalid statistic in ./tutworld/stats/71099085-8677-4003-b144-d3ef69961fd4.json: Don't know what stat.mineBlock.18 is
[19:38:36] [Server thread/WARN]: Invalid statistic in ./tutworld/stats/71099085-8677-4003-b144-d3ef69961fd4.json: Don't know what stat.useItem.29 is
[19:38:36] [Server thread/WARN]: Invalid statistic in ./tutworld/stats/71099085-8677-4003-b144-d3ef69961fd4.json: Don't know what stat.craftItem.41 is
[19:38:36] [Server thread/WARN]: Invalid statistic in ./tutworld/stats/71099085-8677-4003-b144-d3ef69961fd4.json: Don't know what stat.mineBlock.17 is
[19:38:36] [Server thread/WARN]: Invalid statistic in ./tutworld/stats/71099085-8677-4003-b144-d3ef69961fd4.json: Don't know what stat.craftItem.20 is
[19:38:36] [Server thread/WARN]: Invalid statistic in ./tutworld/stats/71099085-8677-4003-b144-d3ef69961fd4.json: Don't know what stat.craftItem.275 is
[19:38:36] [Server thread/WARN]: Invalid statistic in ./tutworld/stats/71099085-8677-4003-b144-d3ef69961fd4.json: Don't know what stat.useItem.37 is
[19:38:36] [Server thread/WARN]: Invalid statistic in ./tutworld/stats/71099085-8677-4003-b144-d3ef69961fd4.json: Don't know what stat.useItem.391 is
[19:38:36] [Server thread/WARN]: Invalid statistic in ./tutworld/stats/71099085-8677-4003-b144-d3ef69961fd4.json: Don't know what stat.useItem.330 is
[19:38:36] [Server thread/WARN]: Invalid statistic in ./tutworld/stats/71099085-8677-4003-b144-d3ef69961fd4.json: Don't know what stat.useItem.287 is
[19:38:36] [Server thread/WARN]: Invalid statistic in ./tutworld/stats/71099085-8677-4003-b144-d3ef69961fd4.json: Don't know what stat.mineBlock.103 is
[19:38:36] [Server thread/WARN]: Invalid statistic in ./tutworld/stats/71099085-8677-4003-b144-d3ef69961fd4.json: Don't know what stat.breakItem.275 is
[19:38:36] [Server thread/WARN]: Invalid statistic in ./tutworld/stats/71099085-8677-4003-b144-d3ef69961fd4.json: Don't know what stat.useItem.54 is
[19:38:36] [Server thread/WARN]: Invalid statistic in ./tutworld/stats/71099085-8677-4003-b144-d3ef69961fd4.json: Don't know what stat.craftItem.351 is
[19:38:36] [Server thread/WARN]: Invalid statistic in ./tutworld/stats/71099085-8677-4003-b144-d3ef69961fd4.json: Don't know what stat.useItem.109 is
[19:38:36] [Server thread/WARN]: Invalid statistic in ./tutworld/stats/71099085-8677-4003-b144-d3ef69961fd4.json: Don't know what stat.useItem.134 is
[19:38:36] [Server thread/WARN]: Invalid statistic in ./tutworld/stats/71099085-8677-4003-b144-d3ef69961fd4.json: Don't know what stat.mineBlock.77 is
[19:38:36] [Server thread/WARN]: Invalid statistic in ./tutworld/stats/71099085-8677-4003-b144-d3ef69961fd4.json: Don't know what stat.useItem.273 is
[19:38:36] [Server thread/WARN]: Invalid statistic in ./tutworld/stats/71099085-8677-4003-b144-d3ef69961fd4.json: Don't know what stat.craftItem.1 is
[19:38:36] [Server thread/WARN]: Invalid statistic in ./tutworld/stats/71099085-8677-4003-b144-d3ef69961fd4.json: Don't know what stat.breakItem.273 is
[19:38:36] [Server thread/WARN]: Invalid statistic in ./tutworld/stats/71099085-8677-4003-b144-d3ef69961fd4.json: Don't know what stat.craftItem.35 is
[19:38:36] [Server thread/WARN]: Invalid statistic in ./tutworld/stats/71099085-8677-4003-b144-d3ef69961fd4.json: Don't know what stat.useItem.275 is
[19:38:36] [Server thread/WARN]: Invalid statistic in ./tutworld/stats/71099085-8677-4003-b144-d3ef69961fd4.json: Don't know what stat.craftItem.154 is
[19:38:36] [Server thread/WARN]: Invalid statistic in ./tutworld/stats/71099085-8677-4003-b144-d3ef69961fd4.json: Don't know what stat.craftItem.95 is
[19:38:36] [Server thread/WARN]: Invalid statistic in ./tutworld/stats/71099085-8677-4003-b144-d3ef69961fd4.json: Don't know what stat.useItem.77 is
[19:38:36] [Server thread/WARN]: Invalid statistic in ./tutworld/stats/71099085-8677-4003-b144-d3ef69961fd4.json: Don't know what stat.craftItem.325 is
[19:38:36] [Server thread/WARN]: Invalid statistic in ./tutworld/stats/71099085-8677-4003-b144-d3ef69961fd4.json: Don't know what stat.craftItem.265 is
[19:38:36] [Server thread/WARN]: Invalid statistic in ./tutworld/stats/71099085-8677-4003-b144-d3ef69961fd4.json: Don't know what stat.craftItem.359 is
[19:38:36] [Server thread/WARN]: Invalid statistic in ./tutworld/stats/71099085-8677-4003-b144-d3ef69961fd4.json: Don't know what stat.breakItem.257 is
[19:38:36] [Server thread/WARN]: Invalid statistic in ./tutworld/stats/71099085-8677-4003-b144-d3ef69961fd4.json: Don't know what stat.useItem.256 is
[19:38:36] [Server thread/WARN]: Invalid statistic in ./tutworld/stats/71099085-8677-4003-b144-d3ef69961fd4.json: Don't know what stat.useItem.113 is
[19:38:36] [Server thread/WARN]: Invalid statistic in ./tutworld/stats/71099085-8677-4003-b144-d3ef69961fd4.json: Don't know what stat.useItem.161 is
[19:38:36] [Server thread/WARN]: Invalid statistic in ./tutworld/stats/71099085-8677-4003-b144-d3ef69961fd4.json: Don't know what stat.mineBlock.159 is
[19:38:36] [Server thread/WARN]: Invalid statistic in ./tutworld/stats/71099085-8677-4003-b144-d3ef69961fd4.json: Don't know what stat.mineBlock.106 is
[19:38:36] [Server thread/WARN]: Invalid statistic in ./tutworld/stats/71099085-8677-4003-b144-d3ef69961fd4.json: Don't know what stat.useItem.359 is
[19:38:36] [Server thread/WARN]: Invalid statistic in ./tutworld/stats/71099085-8677-4003-b144-d3ef69961fd4.json: Don't know what stat.craftItem.296 is
[19:38:36] [Server thread/WARN]: Invalid statistic in ./tutworld/stats/71099085-8677-4003-b144-d3ef69961fd4.json: Don't know what stat.mineBlock.4 is
[19:38:36] [Server thread/WARN]: Invalid statistic in ./tutworld/stats/71099085-8677-4003-b144-d3ef69961fd4.json: Don't know what stat.craftItem.173 is
[19:38:36] [Server thread/WARN]: Invalid statistic in ./tutworld/stats/71099085-8677-4003-b144-d3ef69961fd4.json: Don't know what stat.craftItem.273 is
[19:38:36] [Server thread/WARN]: Invalid statistic in ./tutworld/stats/71099085-8677-4003-b144-d3ef69961fd4.json: Don't know what stat.craftItem.114 is
[19:38:36] [Server thread/WARN]: Invalid statistic in ./tutworld/stats/71099085-8677-4003-b144-d3ef69961fd4.json: Don't know what stat.mineBlock.145 is
[19:38:36] [Server thread/WARN]: Invalid statistic in ./tutworld/stats/71099085-8677-4003-b144-d3ef69961fd4.json: Don't know what stat.craftItem.76 is
[19:38:36] [Server thread/WARN]: Invalid statistic in ./tutworld/stats/71099085-8677-4003-b144-d3ef69961fd4.json: Don't know what stat.craftItem.172 is
[19:38:36] [Server thread/WARN]: Invalid statistic in ./tutworld/stats/71099085-8677-4003-b144-d3ef69961fd4.json: Don't know what stat.craftItem.128 is
[19:38:36] [Server thread/WARN]: Invalid statistic in ./tutworld/stats/71099085-8677-4003-b144-d3ef69961fd4.json: Don't know what stat.useItem.58 is
[19:38:36] [Server thread/WARN]: Invalid statistic in ./tutworld/stats/71099085-8677-4003-b144-d3ef69961fd4.json: Don't know what stat.useItem.13 is
[19:38:36] [Server thread/WARN]: Invalid statistic in ./tutworld/stats/71099085-8677-4003-b144-d3ef69961fd4.json: Don't know what stat.useItem.128 is
[19:38:36] [Server thread/WARN]: Invalid statistic in ./tutworld/stats/71099085-8677-4003-b144-d3ef69961fd4.json: Don't know what stat.mineBlock.3 is
[19:38:36] [Server thread/WARN]: Invalid statistic in ./tutworld/stats/71099085-8677-4003-b144-d3ef69961fd4.json: Don't know what stat.craftItem.374 is
[19:38:36] [Server thread/WARN]: Invalid statistic in ./tutworld/stats/71099085-8677-4003-b144-d3ef69961fd4.json: Don't know what stat.useItem.171 is
[19:38:36] [Server thread/WARN]: Invalid statistic in ./tutworld/stats/71099085-8677-4003-b144-d3ef69961fd4.json: Don't know what stat.useItem.170 is
[19:38:36] [Server thread/WARN]: Invalid statistic in ./tutworld/stats/71099085-8677-4003-b144-d3ef69961fd4.json: Don't know what stat.useItem.67 is
[19:38:36] [Server thread/WARN]: Invalid statistic in ./tutworld/stats/71099085-8677-4003-b144-d3ef69961fd4.json: Don't know what stat.useItem.82 is
[19:38:36] [Server thread/WARN]: Invalid statistic in ./tutworld/stats/71099085-8677-4003-b144-d3ef69961fd4.json: Don't know what stat.useItem.1 is
[19:38:36] [Server thread/WARN]: Invalid statistic in ./tutworld/stats/71099085-8677-4003-b144-d3ef69961fd4.json: Don't know what stat.craftItem.67 is
[19:38:36] [Server thread/WARN]: Invalid statistic in ./tutworld/stats/71099085-8677-4003-b144-d3ef69961fd4.json: Don't know what stat.useItem.102 is
[19:38:36] [Server thread/WARN]: Invalid statistic in ./tutworld/stats/71099085-8677-4003-b144-d3ef69961fd4.json: Don't know what stat.craftItem.107 is
[19:38:36] [Server thread/WARN]: Invalid statistic in ./tutworld/stats/71099085-8677-4003-b144-d3ef69961fd4.json: Don't know what stat.mineBlock.175 is
[19:38:36] [Server thread/WARN]: Invalid statistic in ./tutworld/stats/71099085-8677-4003-b144-d3ef69961fd4.json: Don't know what stat.craftItem.366 is
[19:38:36] [Server thread/WARN]: Invalid statistic in ./tutworld/stats/71099085-8677-4003-b144-d3ef69961fd4.json: Don't know what stat.craftItem.274 is
[19:38:36] [Server thread/WARN]: Invalid statistic in ./tutworld/stats/71099085-8677-4003-b144-d3ef69961fd4.json: Don't know what stat.useItem.22 is
[19:38:36] [Server thread/WARN]: Invalid statistic in ./tutworld/stats/71099085-8677-4003-b144-d3ef69961fd4.json: Don't know what stat.craftItem.261 is
[19:38:36] [Server thread/WARN]: Invalid statistic in ./tutworld/stats/71099085-8677-4003-b144-d3ef69961fd4.json: Don't know what stat.craftItem.280 is
[19:38:36] [Server thread/WARN]: Invalid statistic in ./tutworld/stats/71099085-8677-4003-b144-d3ef69961fd4.json: Don't know what stat.useItem.35 is
[19:38:36] [Server thread/WARN]: Invalid statistic in ./tutworld/stats/71099085-8677-4003-b144-d3ef69961fd4.json: Don't know what stat.craftItem.152 is
[19:38:36] [Server thread/WARN]: Invalid statistic in ./tutworld/stats/71099085-8677-4003-b144-d3ef69961fd4.json: Don't know what stat.breakItem.270 is
[19:38:36] [Server thread/WARN]: Invalid statistic in ./tutworld/stats/71099085-8677-4003-b144-d3ef69961fd4.json: Don't know what stat.craftItem.420 is
[19:38:36] [Server thread/WARN]: Invalid statistic in ./tutworld/stats/71099085-8677-4003-b144-d3ef69961fd4.json: Don't know what stat.mineBlock.16 is
[19:38:36] [Server thread/WARN]: Invalid statistic in ./tutworld/stats/71099085-8677-4003-b144-d3ef69961fd4.json: Don't know what stat.craftItem.44 is
[19:38:36] [Server thread/WARN]: Invalid statistic in ./tutworld/stats/71099085-8677-4003-b144-d3ef69961fd4.json: Don't know what stat.useItem.42 is
[19:38:36] [Server thread/WARN]: Invalid statistic in ./tutworld/stats/71099085-8677-4003-b144-d3ef69961fd4.json: Don't know what stat.useItem.98 is
[19:38:36] [Server thread/WARN]: Invalid statistic in ./tutworld/stats/71099085-8677-4003-b144-d3ef69961fd4.json: Don't know what stat.craftItem.328 is
[19:38:36] [Server thread/WARN]: Invalid statistic in ./tutworld/stats/71099085-8677-4003-b144-d3ef69961fd4.json: Don't know what stat.breakItem.302 is
[19:38:36] [Server thread/WARN]: Invalid statistic in ./tutworld/stats/71099085-8677-4003-b144-d3ef69961fd4.json: Don't know what stat.craftItem.145 is
[19:38:36] [Server thread/WARN]: Invalid statistic in ./tutworld/stats/71099085-8677-4003-b144-d3ef69961fd4.json: Don't know what stat.craftItem.330 is
[19:38:36] [Server thread/WARN]: Invalid statistic in ./tutworld/stats/71099085-8677-4003-b144-d3ef69961fd4.json: Don't know what stat.useItem.257 is
[19:38:36] [Server thread/WARN]: Invalid statistic in ./tutworld/stats/71099085-8677-4003-b144-d3ef69961fd4.json: Don't know what stat.useItem.276 is
[19:38:36] [Server thread/WARN]: Invalid statistic in ./tutworld/stats/71099085-8677-4003-b144-d3ef69961fd4.json: Don't know what stat.craftItem.47 is
[19:38:36] [Server thread/WARN]: Invalid statistic in ./tutworld/stats/71099085-8677-4003-b144-d3ef69961fd4.json: Don't know what stat.craftItem.405 is
[19:38:36] [Server thread/WARN]: Invalid statistic in ./tutworld/stats/71099085-8677-4003-b144-d3ef69961fd4.json: Don't know what stat.mineBlock.5 is
[19:38:36] [Server thread/WARN]: Invalid statistic in ./tutworld/stats/71099085-8677-4003-b144-d3ef69961fd4.json: Don't know what stat.mineBlock.44 is
[19:38:36] [Server thread/WARN]: Invalid statistic in ./tutworld/stats/71099085-8677-4003-b144-d3ef69961fd4.json: Don't know what stat.breakItem.256 is
[19:38:36] [Server thread/WARN]: Invalid statistic in ./tutworld/stats/71099085-8677-4003-b144-d3ef69961fd4.json: Don't know what stat.useItem.101 is
[19:38:36] [Server thread/WARN]: Invalid statistic in ./tutworld/stats/71099085-8677-4003-b144-d3ef69961fd4.json: Don't know what stat.craftItem.388 is
[19:38:36] [Server thread/WARN]: Invalid statistic in ./tutworld/stats/71099085-8677-4003-b144-d3ef69961fd4.json: Don't know what stat.craftItem.80 is
[19:38:36] [Server thread/WARN]: Invalid statistic in ./tutworld/stats/71099085-8677-4003-b144-d3ef69961fd4.json: Don't know what stat.useItem.162 is
[19:38:36] [Server thread/WARN]: Invalid statistic in ./tutworld/stats/71099085-8677-4003-b144-d3ef69961fd4.json: Don't know what stat.useItem.274 is
[19:38:36] [Server thread/WARN]: Invalid statistic in ./tutworld/stats/71099085-8677-4003-b144-d3ef69961fd4.json: Don't know what stat.useItem.145 is
[19:38:36] [Server thread/WARN]: Invalid statistic in ./tutworld/stats/71099085-8677-4003-b144-d3ef69961fd4.json: Don't know what stat.useItem.342 is
[19:38:36] [Server thread/WARN]: Invalid statistic in ./tutworld/stats/71099085-8677-4003-b144-d3ef69961fd4.json: Don't know what stat.useItem.44 is
[19:38:36] [Server thread/WARN]: Invalid statistic in ./tutworld/stats/71099085-8677-4003-b144-d3ef69961fd4.json: Don't know what stat.craftItem.347 is
[19:38:36] [Server thread/WARN]: Invalid statistic in ./tutworld/stats/71099085-8677-4003-b144-d3ef69961fd4.json: Don't know what stat.mineBlock.30 is
[19:38:36] [Server thread/WARN]: Invalid statistic in ./tutworld/stats/71099085-8677-4003-b144-d3ef69961fd4.json: Don't know what stat.mineBlock.81 is
[19:38:36] [Server thread/WARN]: Invalid statistic in ./tutworld/stats/71099085-8677-4003-b144-d3ef69961fd4.json: Don't know what stat.useItem.12 is
[19:38:36] [Server thread/WARN]: Invalid statistic in ./tutworld/stats/71099085-8677-4003-b144-d3ef69961fd4.json: Don't know what stat.craftItem.61 is
[19:38:36] [Server thread/WARN]: Invalid statistic in ./tutworld/stats/71099085-8677-4003-b144-d3ef69961fd4.json: Don't know what stat.craftItem.171 is
[19:38:36] [Server thread/WARN]: Invalid statistic in ./tutworld/stats/71099085-8677-4003-b144-d3ef69961fd4.json: Don't know what stat.mineBlock.98 is
[19:38:36] [Server thread/WARN]: Invalid statistic in ./tutworld/stats/71099085-8677-4003-b144-d3ef69961fd4.json: Don't know what stat.useItem.389 is
[19:38:36] [Server thread/WARN]: Invalid statistic in ./tutworld/stats/71099085-8677-4003-b144-d3ef69961fd4.json: Don't know what stat.craftItem.389 is
[19:38:36] [Server thread/WARN]: Invalid statistic in ./tutworld/stats/71099085-8677-4003-b144-d3ef69961fd4.json: Don't know what stat.craftItem.54 is
[19:38:36] [Server thread/WARN]: Invalid statistic in ./tutworld/stats/71099085-8677-4003-b144-d3ef69961fd4.json: Don't know what stat.useItem.27 is
[19:38:36] [Server thread/WARN]: Invalid statistic in ./tutworld/stats/71099085-8677-4003-b144-d3ef69961fd4.json: Don't know what stat.useItem.56 is
[19:38:36] [Server thread/WARN]: Invalid statistic in ./tutworld/stats/71099085-8677-4003-b144-d3ef69961fd4.json: Don't know what stat.mineBlock.50 is
[19:38:36] [Server thread/WARN]: Invalid statistic in ./tutworld/stats/71099085-8677-4003-b144-d3ef69961fd4.json: Don't know what stat.craftItem.309 is
[19:38:36] [Server thread/WARN]: Invalid statistic in ./tutworld/stats/71099085-8677-4003-b144-d3ef69961fd4.json: Don't know what stat.useItem.20 is
[19:38:36] [Server thread/WARN]: Invalid statistic in ./tutworld/stats/71099085-8677-4003-b144-d3ef69961fd4.json: Don't know what stat.useItem.331 is
[19:38:36] [Server thread/WARN]: Invalid statistic in ./tutworld/stats/71099085-8677-4003-b144-d3ef69961fd4.json: Don't know what stat.mineBlock.102 is
[19:38:36] [Server thread/WARN]: Invalid statistic in ./tutworld/stats/71099085-8677-4003-b144-d3ef69961fd4.json: Don't know what stat.mineBlock.85 is
[19:38:36] [Server thread/WARN]: Invalid statistic in ./tutworld/stats/71099085-8677-4003-b144-d3ef69961fd4.json: Don't know what stat.craftItem.353 is
[19:38:36] [Server thread/WARN]: Invalid statistic in ./tutworld/stats/71099085-8677-4003-b144-d3ef69961fd4.json: Don't know what stat.mineBlock.129 is
[19:38:36] [Server thread/WARN]: Invalid statistic in ./tutworld/stats/71099085-8677-4003-b144-d3ef69961fd4.json: Don't know what stat.craftItem.331 is
[19:38:36] [Server thread/INFO]: FabboCJ[/192.168.1.136:56634] logged in with entity id 674 at (186.5131368410244, 61.0, 206.21865143623018)
[19:38:36] [Server thread/INFO]: 9FabboCJr joined the game
[19:38:41] [Server thread/WARN]: Can't keep up! Did the system time change, or is the server overloaded? Running 3021ms behind, skipping 60 tick(s)
[19:42:20] [Server thread/INFO]: FabboCJ lost connection: TextComponent{text='Disconnected', siblings=[], style=Style{hasParent=false, color=null, bold=null, italic=null, underlined=null, obfuscated=null, clickEvent=null, hoverEvent=null, insertion=null}}
[19:42:20] [Server thread/INFO]: 9FabboCJr left the game
