[15:22:04] [Server thread/INFO]: Starting minecraft server version 1.8
[15:22:04] [Server thread/INFO]: Loading properties
[15:22:04] [Server thread/INFO]: Default game type: SURVIVAL
[15:22:04] [Server thread/INFO]: Generating keypair
[15:22:05] [Server thread/INFO]: Starting Minecraft server on *:25566
[15:22:06] [Server thread/INFO]: This server is running CraftBukkit version git-Bukkit-0899683 (MC: 1.8) (Implementing API version 1.8-R0.1-SNAPSHOT)
[15:22:07] [Server thread/INFO]: [PlayerInfo] Loading PlayerInfo v1.0
[15:22:07] [Server thread/INFO]: [GroupManager] Loading GroupManager v2.1.31 (Phoenix)
[15:22:07] [Server thread/INFO]: [Vault] Loading Vault v1.5.0-b28
[15:22:07] [Server thread/INFO]: [Multiverse-Core] Loading Multiverse-Core v2.5-b678
[15:22:07] [Server thread/INFO]: [WorldEdit] Loading WorldEdit v5.6.2
[15:22:07] [Server thread/INFO]: [GodSet] Loading GodSet v1.1
[15:22:07] [Server thread/INFO]: [Multiverse-Portals] Loading Multiverse-Portals v2.5-b710
[15:22:07] [Server thread/INFO]: [Multiverse-Adventure] Loading Multiverse-Adventure v2.5-b683
[15:22:07] [Server thread/INFO]: [WorldGuard] Loading WorldGuard v5.9
[15:22:07] [Server thread/INFO]: [Multiverse-NetherPortals] Loading Multiverse-NetherPortals v2.5-b682
[15:22:07] [Server thread/INFO]: [WarpPortals] Loading WarpPortals v5.6.3
[15:22:07] [Server thread/INFO]: [Multiverse-Downloader] Loading Multiverse-Downloader v1.0-SNAPSHOT-b1
[15:22:07] [Server thread/INFO]: [Vault] Enabling Vault v1.5.0-b28
[15:22:07] [Server thread/INFO]: [Vault] [Permission] GroupManager found: Waiting
[15:22:07] [Server thread/INFO]: [Vault] [Permission] SuperPermissions loaded as backup permission system.
[15:22:07] [Server thread/INFO]: [Vault] [Chat] GroupManager found: Waiting
[15:22:07] [Server thread/INFO]: [Vault] Enabled Version 1.5.0-b28
[15:22:07] [Server thread/INFO]: Preparing level "tutworld"
[15:22:07] [Server thread/INFO]: Preparing start region for level 0 (Seed: -3414234582187284145)
[15:22:11] [Server thread/INFO]: Preparing spawn area: 0%
[15:22:12] [Server thread/INFO]: Preparing spawn area: 23%
[15:22:13] [Server thread/INFO]: Preparing spawn area: 58%
[15:22:15] [Server thread/INFO]: Preparing spawn area: 64%
[15:22:16] [Server thread/INFO]: Preparing start region for level 1 (Seed: -3414234582187284145)
[15:22:17] [Server thread/INFO]: Preparing spawn area: 41%
[15:22:18] [Server thread/INFO]: Preparing start region for level 2 (Seed: -3414234582187284145)
[15:22:19] [Server thread/INFO]: [PlayerInfo] Enabling PlayerInfo v1.0
[15:22:19] [Server thread/INFO]: [PlayerInfo] has been enabled
[15:22:19] [Server thread/INFO]: [GroupManager] Enabling GroupManager v2.1.31 (Phoenix)
[15:22:19] [Server thread/INFO]: GroupManager - INFO - World Found: tutworld
[15:22:19] [Server thread/INFO]: GroupManager - INFO - World Found: tutworld_nether
[15:22:19] [Server thread/INFO]: GroupManager - INFO - World Found: world
[15:22:19] [Server thread/INFO]: GroupManager - INFO - Superperms support enabled.
[15:22:19] [Server thread/INFO]: GroupManager - INFO - Scheduled Data Saving is set for every 10 minutes!
[15:22:19] [Server thread/INFO]: GroupManager - INFO - Backups will be retained for 24 hours!
[15:22:19] [Server thread/INFO]: GroupManager version 2.1.31 (Phoenix) is enabled!
[15:22:19] [Server thread/INFO]: [Vault][Permission] GroupManager hooked.
[15:22:19] [Server thread/INFO]: [Vault][Chat] GroupManager - Chat hooked.
[15:22:19] [Server thread/INFO]: [Multiverse-Core] Enabling Multiverse-Core v2.5-b678
[15:22:19] [Server thread/INFO]: [Multiverse-Core] [AllPay] - Version 13.0 - using only an item based economy for Multiverse-Core v2.5-b678
[15:22:21] [Server thread/INFO]: Preparing start region for level 3 (Seed: -2903505127734604271)
[15:22:22] [Server thread/INFO]: Preparing spawn area for fromflames, 48%
[15:22:23] [Server thread/INFO]: Preparing spawn area for fromflames, 69%
[15:22:27] [Server thread/INFO]: Preparing spawn area for fromflames, 93%
[15:22:27] [Server thread/INFO]: Preparing start region for level 4 (Seed: 8440151354802767546)
[15:22:29] [Server thread/INFO]: Preparing start region for level 5 (Seed: -2369971020579525390)
[15:22:30] [Server thread/INFO]: Preparing start region for level 6 (Seed: -6426663970308026368)
[15:22:31] [Server thread/INFO]: Preparing spawn area for cubeception2smp, 12%
[15:22:32] [Server thread/INFO]: Preparing spawn area for cubeception2smp, 48%
[15:22:35] [Server thread/INFO]: Preparing spawn area for cubeception2smp, 56%
[15:22:36] [Server thread/INFO]: Preparing spawn area for cubeception2smp, 73%
[15:22:37] [Server thread/INFO]: Preparing spawn area for cubeception2smp, 93%
[15:22:37] [Server thread/INFO]: Preparing start region for level 7 (Seed: 1780430939243764315)
[15:22:38] [Server thread/INFO]: Preparing spawn area for minigames, 28%
[15:22:44] [Server thread/INFO]: Preparing start region for level 8 (Seed: 4919839233390569991)
[15:22:45] [Server thread/INFO]: Preparing spawn area for Bomber, 48%
[15:22:46] [Server thread/INFO]: Preparing spawn area for Bomber, 69%
[15:22:51] [Server thread/INFO]: Preparing start region for level 9 (Seed: 64951768)
[15:22:52] [Server thread/INFO]: Preparing spawn area for cityworld, 77%
[15:22:58] [Server thread/INFO]: Preparing start region for level 10 (Seed: 2282912023382338973)
[15:23:07] [Server thread/INFO]: Preparing start region for level 11 (Seed: 3981014598438330368)
[15:23:08] [Server thread/INFO]: Preparing spawn area for cubeceptionreloaded, 48%
[15:23:09] [Server thread/INFO]: Preparing spawn area for cubeceptionreloaded, 85%
[15:23:14] [Server thread/INFO]: Preparing start region for level 12 (Seed: 6851938583268216745)
[15:23:20] [Server thread/INFO]: [Multiverse-Core] 13 - World(s) loaded.
[15:23:20] [Server thread/INFO]: [Multiverse-Core] Version 2.5-b678 (API v18) Enabled - By Rigby, fernferret, lithium3141 and main--
[15:23:20] [Server thread/INFO]: [WorldEdit] Enabling WorldEdit v5.6.2
[15:23:20] [Server thread/INFO]: WEPIF: GroupManager detected! Using GroupManager for permissions.
[15:23:21] [Server thread/INFO]: [GodSet] Enabling GodSet v1.1
[15:23:21] [Server thread/INFO]: [Multiverse-Portals] Enabling Multiverse-Portals v2.5-b710
[15:23:21] [Server thread/INFO]: [Multiverse-Portals] - Version 2.5-b710 Enabled - By Rigby and fernferret
[15:24:11] [Server thread/INFO]: [MVPLogging] 9 - Portals(s) loaded
[15:24:11] [Server thread/INFO]: [Multiverse-Adventure] Enabling Multiverse-Adventure v2.5-b683
[15:24:11] [Server thread/INFO]: [Multiverse-Adventure] Multiverse-Portals was found.
[15:24:11] [Server thread/INFO]: [Multiverse-Adventure 2.5-b683]  Enabled - By main()
[15:24:23] [Server thread/INFO]: [WorldGuard] Enabling WorldGuard v5.9
[15:24:23] [Server thread/INFO]: [WorldGuard] (tutworld) TNT ignition is PERMITTED.
[15:24:23] [Server thread/INFO]: [WorldGuard] (tutworld) Lighters are PERMITTED.
[15:24:23] [Server thread/INFO]: [WorldGuard] (tutworld) Lava fire is blocked.
[15:24:23] [Server thread/INFO]: [WorldGuard] (tutworld) Fire spread is UNRESTRICTED.
[15:24:23] [Server thread/INFO]: [WorldGuard] Loaded configuration for world 'tutworld'
[15:24:23] [Server thread/INFO]: [WorldGuard] (tutworld_nether) TNT ignition is PERMITTED.
[15:24:23] [Server thread/INFO]: [WorldGuard] (tutworld_nether) Lighters are PERMITTED.
[15:24:23] [Server thread/INFO]: [WorldGuard] (tutworld_nether) Lava fire is blocked.
[15:24:23] [Server thread/INFO]: [WorldGuard] (tutworld_nether) Fire spread is UNRESTRICTED.
[15:24:23] [Server thread/INFO]: [WorldGuard] Loaded configuration for world 'tutworld_nether'
[15:24:23] [Server thread/INFO]: [WorldGuard] (tutworld_the_end) TNT ignition is PERMITTED.
[15:24:23] [Server thread/INFO]: [WorldGuard] (tutworld_the_end) Lighters are PERMITTED.
[15:24:23] [Server thread/INFO]: [WorldGuard] (tutworld_the_end) Lava fire is blocked.
[15:24:23] [Server thread/INFO]: [WorldGuard] (tutworld_the_end) Fire spread is UNRESTRICTED.
[15:24:23] [Server thread/INFO]: [WorldGuard] Loaded configuration for world 'tutworld_the_end'
[15:24:23] [Server thread/INFO]: [WorldGuard] (fromflames) TNT ignition is PERMITTED.
[15:24:23] [Server thread/INFO]: [WorldGuard] (fromflames) Lighters are PERMITTED.
[15:24:23] [Server thread/INFO]: [WorldGuard] (fromflames) Lava fire is blocked.
[15:24:23] [Server thread/INFO]: [WorldGuard] (fromflames) Fire spread is UNRESTRICTED.
[15:24:23] [Server thread/INFO]: [WorldGuard] Loaded configuration for world 'fromflames'
[15:24:23] [Server thread/INFO]: [WorldGuard] (fromashes) TNT ignition is PERMITTED.
[15:24:23] [Server thread/INFO]: [WorldGuard] (fromashes) Lighters are PERMITTED.
[15:24:23] [Server thread/INFO]: [WorldGuard] (fromashes) Lava fire is blocked.
[15:24:23] [Server thread/INFO]: [WorldGuard] (fromashes) Fire spread is UNRESTRICTED.
[15:24:23] [Server thread/INFO]: [WorldGuard] Loaded configuration for world 'fromashes'
[15:24:23] [Server thread/INFO]: [WorldGuard] (creative) TNT ignition is PERMITTED.
[15:24:23] [Server thread/INFO]: [WorldGuard] (creative) Lighters are PERMITTED.
[15:24:23] [Server thread/INFO]: [WorldGuard] (creative) Lava fire is blocked.
[15:24:23] [Server thread/INFO]: [WorldGuard] (creative) Fire spread is UNRESTRICTED.
[15:24:23] [Server thread/INFO]: [WorldGuard] Loaded configuration for world 'creative'
[15:24:23] [Server thread/INFO]: [WorldGuard] (cubeception2smp) TNT ignition is PERMITTED.
[15:24:23] [Server thread/INFO]: [WorldGuard] (cubeception2smp) Lighters are PERMITTED.
[15:24:23] [Server thread/INFO]: [WorldGuard] (cubeception2smp) Lava fire is blocked.
[15:24:23] [Server thread/INFO]: [WorldGuard] (cubeception2smp) Fire spread is UNRESTRICTED.
[15:24:23] [Server thread/INFO]: [WorldGuard] Loaded configuration for world 'cubeception2smp'
[15:24:23] [Server thread/INFO]: [WorldGuard] (minigames) TNT ignition is PERMITTED.
[15:24:23] [Server thread/INFO]: [WorldGuard] (minigames) Lighters are PERMITTED.
[15:24:23] [Server thread/INFO]: [WorldGuard] (minigames) Lava fire is blocked.
[15:24:23] [Server thread/INFO]: [WorldGuard] (minigames) Fire spread is UNRESTRICTED.
[15:24:23] [Server thread/INFO]: [WorldGuard] Loaded configuration for world 'minigames'
[15:24:23] [Server thread/INFO]: [WorldGuard] (Bomber) TNT ignition is PERMITTED.
[15:24:23] [Server thread/INFO]: [WorldGuard] (Bomber) Lighters are PERMITTED.
[15:24:23] [Server thread/INFO]: [WorldGuard] (Bomber) Lava fire is blocked.
[15:24:23] [Server thread/INFO]: [WorldGuard] (Bomber) Fire spread is UNRESTRICTED.
[15:24:23] [Server thread/INFO]: [WorldGuard] Loaded configuration for world 'Bomber'
[15:24:23] [Server thread/INFO]: [WorldGuard] (cityworld) TNT ignition is PERMITTED.
[15:24:23] [Server thread/INFO]: [WorldGuard] (cityworld) Lighters are PERMITTED.
[15:24:23] [Server thread/INFO]: [WorldGuard] (cityworld) Lava fire is blocked.
[15:24:23] [Server thread/INFO]: [WorldGuard] (cityworld) Fire spread is UNRESTRICTED.
[15:24:23] [Server thread/INFO]: [WorldGuard] Loaded configuration for world 'cityworld'
[15:24:23] [Server thread/INFO]: [WorldGuard] (The Elements) TNT ignition is PERMITTED.
[15:24:23] [Server thread/INFO]: [WorldGuard] (The Elements) Lighters are PERMITTED.
[15:24:23] [Server thread/INFO]: [WorldGuard] (The Elements) Lava fire is blocked.
[15:24:23] [Server thread/INFO]: [WorldGuard] (The Elements) Fire spread is UNRESTRICTED.
[15:24:23] [Server thread/INFO]: [WorldGuard] Loaded configuration for world 'The Elements'
[15:24:23] [Server thread/INFO]: [WorldGuard] (cubeceptionreloaded) TNT ignition is PERMITTED.
[15:24:23] [Server thread/INFO]: [WorldGuard] (cubeceptionreloaded) Lighters are PERMITTED.
[15:24:23] [Server thread/INFO]: [WorldGuard] (cubeceptionreloaded) Lava fire is blocked.
[15:24:23] [Server thread/INFO]: [WorldGuard] (cubeceptionreloaded) Fire spread is UNRESTRICTED.
[15:24:23] [Server thread/INFO]: [WorldGuard] Loaded configuration for world 'cubeceptionreloaded'
[15:24:23] [Server thread/INFO]: [WorldGuard] (creepersoccer) TNT ignition is PERMITTED.
[15:24:23] [Server thread/INFO]: [WorldGuard] (creepersoccer) Lighters are PERMITTED.
[15:24:23] [Server thread/INFO]: [WorldGuard] (creepersoccer) Lava fire is blocked.
[15:24:23] [Server thread/INFO]: [WorldGuard] (creepersoccer) Fire spread is UNRESTRICTED.
[15:24:23] [Server thread/INFO]: [WorldGuard] Loaded configuration for world 'creepersoccer'
[15:24:23] [Server thread/INFO]: [WorldGuard] 3 regions loaded for 'tutworld'
[15:24:23] [Server thread/INFO]: [WorldGuard] 0 regions loaded for 'tutworld_nether'
[15:24:23] [Server thread/INFO]: [WorldGuard] 0 regions loaded for 'tutworld_the_end'
[15:24:23] [Server thread/INFO]: [WorldGuard] 0 regions loaded for 'fromflames'
[15:24:23] [Server thread/INFO]: [WorldGuard] 0 regions loaded for 'fromashes'
[15:24:23] [Server thread/INFO]: [WorldGuard] 0 regions loaded for 'creative'
[15:24:23] [Server thread/INFO]: [WorldGuard] 0 regions loaded for 'cubeception2smp'
[15:24:23] [Server thread/INFO]: [WorldGuard] 0 regions loaded for 'minigames'
[15:24:23] [Server thread/INFO]: [WorldGuard] 0 regions loaded for 'Bomber'
[15:24:23] [Server thread/INFO]: [WorldGuard] 0 regions loaded for 'cityworld'
[15:24:23] [Server thread/INFO]: [WorldGuard] 0 regions loaded for 'The Elements'
[15:24:23] [Server thread/INFO]: [WorldGuard] 0 regions loaded for 'cubeceptionreloaded'
[15:24:23] [Server thread/INFO]: [WorldGuard] 0 regions loaded for 'creepersoccer'
[15:24:23] [Server thread/INFO]: [Multiverse-NetherPortals] Enabling Multiverse-NetherPortals v2.5-b682
[15:24:23] [Server thread/INFO]: [Multiverse-NetherPortals] - Version 2.5-b682 Enabled - By Rigby and fernferret
[15:24:28] [Server thread/INFO]: [WarpPortals] Enabling WarpPortals v5.6.3
[15:24:28] [Server thread/INFO]: [WarpPortals] 2 Portals loaded!
[15:24:28] [Server thread/INFO]: [WarpPortals] 2 Destinations loaded!
[15:24:31] [Server thread/INFO]: [Multiverse-Downloader] Enabling Multiverse-Downloader v1.0-SNAPSHOT-b1
[15:24:52] [Server thread/INFO]: Done (165.019s)! For help, type "help" or "?"
[15:24:53] [Server thread/INFO]: GroupManager - INFO - Bukkit Permissions Updated!
[15:24:53] [pool-3-thread-5/INFO]: [Vault] Checking for Updates ... 
[15:24:56] [Server thread/WARN]: Can't keep up! Did the system time change, or is the server overloaded? Running 3293ms behind, skipping 65 tick(s)
[15:24:56] [pool-3-thread-5/WARN]: [Vault] Stable Version: 1.5.2 is out! You are still running version: 1.5.0
[15:24:56] [pool-3-thread-5/WARN]: [Vault] Update at: http://dev.bukkit.org/server-mods/vault
[15:25:21] [Server thread/WARN]: Can't keep up! Did the system time change, or is the server overloaded? Running 7155ms behind, skipping 143 tick(s)
[15:30:01] [Server thread/WARN]: Can't keep up! Did the system time change, or is the server overloaded? Running 2298ms behind, skipping 45 tick(s)
[16:05:01] [Server thread/WARN]: Can't keep up! Did the system time change, or is the server overloaded? Running 2026ms behind, skipping 40 tick(s)
[16:10:01] [Server thread/WARN]: Can't keep up! Did the system time change, or is the server overloaded? Running 2076ms behind, skipping 41 tick(s)
[16:25:02] [Server thread/WARN]: Can't keep up! Did the system time change, or is the server overloaded? Running 3063ms behind, skipping 61 tick(s)
[16:40:02] [Server thread/WARN]: Can't keep up! Did the system time change, or is the server overloaded? Running 2079ms behind, skipping 41 tick(s)
[17:00:02] [Server thread/WARN]: Can't keep up! Did the system time change, or is the server overloaded? Running 2003ms behind, skipping 40 tick(s)
[17:25:09] [pool-3-thread-22/INFO]: [Metrics] Server returned HTTP response code: 502 for URL: http://mcstats.org/report/Multiverse-Core
[17:55:10] [pool-3-thread-27/INFO]: [Metrics] Server returned HTTP response code: 504 for URL: http://mcstats.org/report/Multiverse-Core
[18:25:10] [pool-3-thread-31/INFO]: [Metrics] Server returned HTTP response code: 504 for URL: http://mcstats.org/report/Multiverse-Core
[19:10:02] [Server thread/WARN]: Can't keep up! Did the system time change, or is the server overloaded? Running 2235ms behind, skipping 44 tick(s)
[19:15:03] [Server thread/WARN]: Can't keep up! Did the system time change, or is the server overloaded? Running 2082ms behind, skipping 41 tick(s)
[19:55:11] [pool-3-thread-50/INFO]: [Metrics] Server returned HTTP response code: 504 for URL: http://mcstats.org/report/Multiverse-Core
[20:40:03] [Server thread/WARN]: Can't keep up! Did the system time change, or is the server overloaded? Running 2030ms behind, skipping 40 tick(s)
[20:50:03] [Server thread/WARN]: Can't keep up! Did the system time change, or is the server overloaded? Running 2004ms behind, skipping 40 tick(s)
[20:55:11] [pool-3-thread-60/INFO]: [Metrics] Server returned HTTP response code: 504 for URL: http://mcstats.org/report/Multiverse-Core
[21:01:38] [Server thread/WARN]: Can't keep up! Did the system time change, or is the server overloaded? Running 2344ms behind, skipping 46 tick(s)
[21:25:03] [pool-3-thread-70/INFO]: [Vault] Checking for Updates ... 
[21:25:03] [pool-3-thread-70/WARN]: [Vault] Stable Version: 1.5.2 is out! You are still running version: 1.5.0
[21:25:03] [pool-3-thread-70/WARN]: [Vault] Update at: http://dev.bukkit.org/server-mods/vault
