[00:02:08] [Server thread/WARN]: Can't keep up! Did the system time change, or is the server overloaded? Running 2327ms behind, skipping 46 tick(s)
[00:07:10] [Server thread/WARN]: Can't keep up! Did the system time change, or is the server overloaded? Running 3883ms behind, skipping 77 tick(s)
[00:12:10] [Server thread/WARN]: Can't keep up! Did the system time change, or is the server overloaded? Running 2259ms behind, skipping 45 tick(s)
[00:17:11] [Server thread/WARN]: Can't keep up! Did the system time change, or is the server overloaded? Running 2568ms behind, skipping 51 tick(s)
[00:22:11] [Server thread/WARN]: Can't keep up! Did the system time change, or is the server overloaded? Running 2474ms behind, skipping 49 tick(s)
[00:27:12] [Server thread/WARN]: Can't keep up! Did the system time change, or is the server overloaded? Running 2145ms behind, skipping 42 tick(s)
[00:32:12] [Server thread/WARN]: Can't keep up! Did the system time change, or is the server overloaded? Running 2132ms behind, skipping 42 tick(s)
[00:57:12] [Server thread/WARN]: Can't keep up! Did the system time change, or is the server overloaded? Running 2500ms behind, skipping 50 tick(s)
[01:02:13] [Server thread/WARN]: Can't keep up! Did the system time change, or is the server overloaded? Running 2441ms behind, skipping 48 tick(s)
[01:07:14] [Server thread/WARN]: Can't keep up! Did the system time change, or is the server overloaded? Running 3013ms behind, skipping 60 tick(s)
[01:12:14] [Server thread/WARN]: Can't keep up! Did the system time change, or is the server overloaded? Running 2275ms behind, skipping 45 tick(s)
[01:17:15] [Server thread/WARN]: Can't keep up! Did the system time change, or is the server overloaded? Running 2570ms behind, skipping 51 tick(s)
[01:22:15] [Server thread/WARN]: Can't keep up! Did the system time change, or is the server overloaded? Running 2480ms behind, skipping 49 tick(s)
[01:27:16] [Server thread/WARN]: Can't keep up! Did the system time change, or is the server overloaded? Running 2637ms behind, skipping 52 tick(s)
[01:32:17] [Server thread/WARN]: Can't keep up! Did the system time change, or is the server overloaded? Running 3003ms behind, skipping 60 tick(s)
[01:37:17] [Server thread/WARN]: Can't keep up! Did the system time change, or is the server overloaded? Running 2484ms behind, skipping 49 tick(s)
[01:42:18] [Server thread/WARN]: Can't keep up! Did the system time change, or is the server overloaded? Running 2780ms behind, skipping 55 tick(s)
[01:47:19] [Server thread/WARN]: Can't keep up! Did the system time change, or is the server overloaded? Running 2625ms behind, skipping 52 tick(s)
[01:52:20] [Server thread/WARN]: Can't keep up! Did the system time change, or is the server overloaded? Running 2916ms behind, skipping 58 tick(s)
[01:57:20] [Server thread/WARN]: Can't keep up! Did the system time change, or is the server overloaded? Running 2472ms behind, skipping 49 tick(s)
[02:02:20] [Server thread/WARN]: Can't keep up! Did the system time change, or is the server overloaded? Running 2503ms behind, skipping 50 tick(s)
[02:07:22] [Server thread/WARN]: Can't keep up! Did the system time change, or is the server overloaded? Running 3485ms behind, skipping 69 tick(s)
[02:12:23] [Server thread/WARN]: Can't keep up! Did the system time change, or is the server overloaded? Running 3251ms behind, skipping 65 tick(s)
[02:17:24] [Server thread/WARN]: Can't keep up! Did the system time change, or is the server overloaded? Running 2582ms behind, skipping 51 tick(s)
[02:22:25] [Server thread/WARN]: Can't keep up! Did the system time change, or is the server overloaded? Running 2784ms behind, skipping 55 tick(s)
[02:27:25] [Server thread/WARN]: Can't keep up! Did the system time change, or is the server overloaded? Running 2716ms behind, skipping 54 tick(s)
[02:32:26] [Server thread/WARN]: Can't keep up! Did the system time change, or is the server overloaded? Running 2446ms behind, skipping 48 tick(s)
[02:37:27] [Server thread/WARN]: Can't keep up! Did the system time change, or is the server overloaded? Running 2907ms behind, skipping 58 tick(s)
[02:42:28] [Server thread/WARN]: Can't keep up! Did the system time change, or is the server overloaded? Running 3499ms behind, skipping 69 tick(s)
[02:47:28] [Server thread/WARN]: Can't keep up! Did the system time change, or is the server overloaded? Running 2297ms behind, skipping 45 tick(s)
[02:52:29] [Server thread/WARN]: Can't keep up! Did the system time change, or is the server overloaded? Running 2519ms behind, skipping 50 tick(s)
[02:57:30] [Server thread/WARN]: Can't keep up! Did the system time change, or is the server overloaded? Running 2565ms behind, skipping 51 tick(s)
[03:02:30] [Server thread/WARN]: Can't keep up! Did the system time change, or is the server overloaded? Running 2415ms behind, skipping 48 tick(s)
[03:07:30] [Server thread/WARN]: Can't keep up! Did the system time change, or is the server overloaded? Running 2549ms behind, skipping 50 tick(s)
[03:12:31] [Server thread/WARN]: Can't keep up! Did the system time change, or is the server overloaded? Running 2608ms behind, skipping 52 tick(s)
[03:17:31] [Server thread/WARN]: Can't keep up! Did the system time change, or is the server overloaded? Running 2254ms behind, skipping 45 tick(s)
[03:22:32] [Server thread/WARN]: Can't keep up! Did the system time change, or is the server overloaded? Running 2853ms behind, skipping 57 tick(s)
[03:27:33] [Server thread/WARN]: Can't keep up! Did the system time change, or is the server overloaded? Running 2680ms behind, skipping 53 tick(s)
[03:32:33] [Server thread/WARN]: Can't keep up! Did the system time change, or is the server overloaded? Running 2568ms behind, skipping 51 tick(s)
[03:37:34] [Server thread/WARN]: Can't keep up! Did the system time change, or is the server overloaded? Running 2437ms behind, skipping 48 tick(s)
[03:42:35] [Server thread/WARN]: Can't keep up! Did the system time change, or is the server overloaded? Running 3199ms behind, skipping 63 tick(s)
[03:47:36] [Server thread/WARN]: Can't keep up! Did the system time change, or is the server overloaded? Running 2490ms behind, skipping 49 tick(s)
[03:52:36] [Server thread/WARN]: Can't keep up! Did the system time change, or is the server overloaded? Running 2839ms behind, skipping 56 tick(s)
[03:57:37] [Server thread/WARN]: Can't keep up! Did the system time change, or is the server overloaded? Running 2492ms behind, skipping 49 tick(s)
[04:02:37] [Server thread/WARN]: Can't keep up! Did the system time change, or is the server overloaded? Running 2406ms behind, skipping 48 tick(s)
[04:07:38] [Server thread/WARN]: Can't keep up! Did the system time change, or is the server overloaded? Running 2329ms behind, skipping 46 tick(s)
[04:12:38] [Server thread/WARN]: Can't keep up! Did the system time change, or is the server overloaded? Running 2845ms behind, skipping 56 tick(s)
[04:12:58] [Server thread/WARN]: Can't keep up! Did the system time change, or is the server overloaded? Running 2322ms behind, skipping 46 tick(s)
[04:17:39] [Server thread/WARN]: Can't keep up! Did the system time change, or is the server overloaded? Running 2533ms behind, skipping 50 tick(s)
[04:22:41] [Server thread/WARN]: Can't keep up! Did the system time change, or is the server overloaded? Running 3837ms behind, skipping 76 tick(s)
[04:27:42] [Server thread/WARN]: Can't keep up! Did the system time change, or is the server overloaded? Running 2368ms behind, skipping 47 tick(s)
[04:32:42] [Server thread/WARN]: Can't keep up! Did the system time change, or is the server overloaded? Running 2597ms behind, skipping 51 tick(s)
[04:37:42] [Server thread/WARN]: Can't keep up! Did the system time change, or is the server overloaded? Running 2358ms behind, skipping 47 tick(s)
[04:42:43] [Server thread/WARN]: Can't keep up! Did the system time change, or is the server overloaded? Running 2551ms behind, skipping 51 tick(s)
[04:47:44] [Server thread/WARN]: Can't keep up! Did the system time change, or is the server overloaded? Running 2772ms behind, skipping 55 tick(s)
[04:52:44] [Server thread/WARN]: Can't keep up! Did the system time change, or is the server overloaded? Running 2495ms behind, skipping 49 tick(s)
[04:57:45] [Server thread/WARN]: Can't keep up! Did the system time change, or is the server overloaded? Running 2371ms behind, skipping 47 tick(s)
[05:02:45] [Server thread/WARN]: Can't keep up! Did the system time change, or is the server overloaded? Running 2596ms behind, skipping 51 tick(s)
[05:07:46] [Server thread/WARN]: Can't keep up! Did the system time change, or is the server overloaded? Running 2279ms behind, skipping 45 tick(s)
[05:12:46] [Server thread/WARN]: Can't keep up! Did the system time change, or is the server overloaded? Running 2576ms behind, skipping 51 tick(s)
[05:17:47] [Server thread/WARN]: Can't keep up! Did the system time change, or is the server overloaded? Running 2594ms behind, skipping 51 tick(s)
[05:22:47] [Server thread/WARN]: Can't keep up! Did the system time change, or is the server overloaded? Running 2496ms behind, skipping 49 tick(s)
[05:27:48] [Server thread/WARN]: Can't keep up! Did the system time change, or is the server overloaded? Running 2512ms behind, skipping 50 tick(s)
[05:32:50] [Server thread/WARN]: Can't keep up! Did the system time change, or is the server overloaded? Running 4347ms behind, skipping 86 tick(s)
[05:37:50] [Server thread/WARN]: Can't keep up! Did the system time change, or is the server overloaded? Running 2344ms behind, skipping 46 tick(s)
[05:42:51] [Server thread/WARN]: Can't keep up! Did the system time change, or is the server overloaded? Running 2431ms behind, skipping 48 tick(s)
[05:47:51] [Server thread/WARN]: Can't keep up! Did the system time change, or is the server overloaded? Running 2270ms behind, skipping 45 tick(s)
[05:52:52] [Server thread/WARN]: Can't keep up! Did the system time change, or is the server overloaded? Running 2376ms behind, skipping 47 tick(s)
[05:52:52] [pool-3-thread-27689/INFO]: [Vault] Checking for Updates ... 
[05:52:52] [pool-3-thread-27689/WARN]: [Vault] Stable Version: 1.5.3 is out! You are still running version: 1.5.0
[05:52:52] [pool-3-thread-27689/WARN]: [Vault] Update at: http://dev.bukkit.org/server-mods/vault
[05:57:52] [Server thread/WARN]: Can't keep up! Did the system time change, or is the server overloaded? Running 2196ms behind, skipping 43 tick(s)
[06:02:52] [Server thread/WARN]: Can't keep up! Did the system time change, or is the server overloaded? Running 2315ms behind, skipping 46 tick(s)
[06:07:52] [Server thread/WARN]: Can't keep up! Did the system time change, or is the server overloaded? Running 2334ms behind, skipping 46 tick(s)
[06:12:53] [Server thread/WARN]: Can't keep up! Did the system time change, or is the server overloaded? Running 2432ms behind, skipping 48 tick(s)
[06:17:53] [Server thread/WARN]: Can't keep up! Did the system time change, or is the server overloaded? Running 2335ms behind, skipping 46 tick(s)
[06:22:53] [Server thread/WARN]: Can't keep up! Did the system time change, or is the server overloaded? Running 2280ms behind, skipping 45 tick(s)
[06:27:54] [Server thread/WARN]: Can't keep up! Did the system time change, or is the server overloaded? Running 2296ms behind, skipping 45 tick(s)
[06:32:54] [Server thread/WARN]: Can't keep up! Did the system time change, or is the server overloaded? Running 2329ms behind, skipping 46 tick(s)
[06:37:55] [Server thread/WARN]: Can't keep up! Did the system time change, or is the server overloaded? Running 2660ms behind, skipping 53 tick(s)
[06:42:55] [Server thread/WARN]: Can't keep up! Did the system time change, or is the server overloaded? Running 2283ms behind, skipping 45 tick(s)
[06:47:55] [Server thread/WARN]: Can't keep up! Did the system time change, or is the server overloaded? Running 2158ms behind, skipping 43 tick(s)
[06:52:55] [Server thread/WARN]: Can't keep up! Did the system time change, or is the server overloaded? Running 2259ms behind, skipping 45 tick(s)
[06:57:56] [Server thread/WARN]: Can't keep up! Did the system time change, or is the server overloaded? Running 2145ms behind, skipping 42 tick(s)
[07:02:56] [Server thread/WARN]: Can't keep up! Did the system time change, or is the server overloaded? Running 2229ms behind, skipping 44 tick(s)
[07:07:56] [Server thread/WARN]: Can't keep up! Did the system time change, or is the server overloaded? Running 2276ms behind, skipping 45 tick(s)
[07:12:56] [Server thread/WARN]: Can't keep up! Did the system time change, or is the server overloaded? Running 2146ms behind, skipping 42 tick(s)
[07:17:56] [Server thread/WARN]: Can't keep up! Did the system time change, or is the server overloaded? Running 2062ms behind, skipping 41 tick(s)
[07:22:56] [Server thread/WARN]: Can't keep up! Did the system time change, or is the server overloaded? Running 2184ms behind, skipping 43 tick(s)
[07:27:57] [Server thread/WARN]: Can't keep up! Did the system time change, or is the server overloaded? Running 2108ms behind, skipping 42 tick(s)
[07:32:57] [Server thread/WARN]: Can't keep up! Did the system time change, or is the server overloaded? Running 2131ms behind, skipping 42 tick(s)
[07:37:57] [Server thread/WARN]: Can't keep up! Did the system time change, or is the server overloaded? Running 2154ms behind, skipping 43 tick(s)
[07:42:57] [Server thread/WARN]: Can't keep up! Did the system time change, or is the server overloaded? Running 2044ms behind, skipping 40 tick(s)
[07:47:57] [Server thread/WARN]: Can't keep up! Did the system time change, or is the server overloaded? Running 2155ms behind, skipping 43 tick(s)
[07:52:59] [Server thread/WARN]: Can't keep up! Did the system time change, or is the server overloaded? Running 3807ms behind, skipping 76 tick(s)
[07:58:01] [Server thread/WARN]: Can't keep up! Did the system time change, or is the server overloaded? Running 4490ms behind, skipping 89 tick(s)
[08:03:03] [Server thread/WARN]: Can't keep up! Did the system time change, or is the server overloaded? Running 4001ms behind, skipping 80 tick(s)
[08:03:59] [Server thread/WARN]: Can't keep up! Did the system time change, or is the server overloaded? Running 5736ms behind, skipping 114 tick(s)
[08:08:08] [Server thread/WARN]: Can't keep up! Did the system time change, or is the server overloaded? Running 2704ms behind, skipping 54 tick(s)
[08:13:08] [Server thread/WARN]: Can't keep up! Did the system time change, or is the server overloaded? Running 2070ms behind, skipping 41 tick(s)
[08:18:08] [Server thread/WARN]: Can't keep up! Did the system time change, or is the server overloaded? Running 2023ms behind, skipping 40 tick(s)
[08:23:08] [Server thread/WARN]: Can't keep up! Did the system time change, or is the server overloaded? Running 2077ms behind, skipping 41 tick(s)
[08:28:08] [Server thread/WARN]: Can't keep up! Did the system time change, or is the server overloaded? Running 2057ms behind, skipping 41 tick(s)
[08:33:08] [Server thread/WARN]: Can't keep up! Did the system time change, or is the server overloaded? Running 2101ms behind, skipping 42 tick(s)
[08:38:08] [Server thread/WARN]: Can't keep up! Did the system time change, or is the server overloaded? Running 2127ms behind, skipping 42 tick(s)
[08:43:08] [Server thread/WARN]: Can't keep up! Did the system time change, or is the server overloaded? Running 2096ms behind, skipping 41 tick(s)
[08:48:08] [Server thread/WARN]: Can't keep up! Did the system time change, or is the server overloaded? Running 2075ms behind, skipping 41 tick(s)
[08:53:09] [Server thread/WARN]: Can't keep up! Did the system time change, or is the server overloaded? Running 2144ms behind, skipping 42 tick(s)
[08:55:16] [pool-3-thread-27742/INFO]: [Metrics] Connection timed out
[08:58:09] [Server thread/WARN]: Can't keep up! Did the system time change, or is the server overloaded? Running 2027ms behind, skipping 40 tick(s)
[09:03:09] [pool-3-thread-27746/INFO]: [Metrics] Server returned HTTP response code: 408 for URL: http://mcstats.org/report/Multiverse-Core
[09:08:09] [Server thread/WARN]: Can't keep up! Did the system time change, or is the server overloaded? Running 2093ms behind, skipping 41 tick(s)
[09:13:09] [Server thread/WARN]: Can't keep up! Did the system time change, or is the server overloaded? Running 2116ms behind, skipping 42 tick(s)
[09:13:09] [pool-3-thread-27750/INFO]: [Metrics] Server returned HTTP response code: 408 for URL: http://mcstats.org/report/Multiverse-Core
[09:18:09] [Server thread/WARN]: Can't keep up! Did the system time change, or is the server overloaded? Running 2011ms behind, skipping 40 tick(s)
[09:23:09] [Server thread/WARN]: Can't keep up! Did the system time change, or is the server overloaded? Running 2110ms behind, skipping 42 tick(s)
[09:25:16] [pool-3-thread-27751/INFO]: [Metrics] Connection timed out
[09:33:09] [pool-3-thread-27755/INFO]: [Metrics] Server returned HTTP response code: 408 for URL: http://mcstats.org/report/Multiverse-Core
[09:43:09] [pool-3-thread-27759/INFO]: [Metrics] Server returned HTTP response code: 408 for URL: http://mcstats.org/report/Multiverse-Core
[09:53:09] [pool-3-thread-27760/INFO]: [Metrics] Server returned HTTP response code: 408 for URL: http://mcstats.org/report/Multiverse-Core
[10:03:09] [pool-3-thread-27764/INFO]: [Metrics] Server returned HTTP response code: 408 for URL: http://mcstats.org/report/Multiverse-Core
[10:13:09] [pool-3-thread-27768/INFO]: [Metrics] Server returned HTTP response code: 408 for URL: http://mcstats.org/report/Multiverse-Core
[10:23:10] [Server thread/WARN]: Can't keep up! Did the system time change, or is the server overloaded? Running 2840ms behind, skipping 56 tick(s)
[10:25:17] [pool-3-thread-27769/INFO]: [Metrics] Connection timed out
[10:33:10] [pool-3-thread-27773/INFO]: [Metrics] Server returned HTTP response code: 408 for URL: http://mcstats.org/report/Multiverse-Core
[10:38:10] [Server thread/WARN]: Can't keep up! Did the system time change, or is the server overloaded? Running 2444ms behind, skipping 48 tick(s)
[10:43:10] [pool-3-thread-27777/INFO]: [Metrics] Server returned HTTP response code: 408 for URL: http://mcstats.org/report/Multiverse-Core
[10:48:11] [Server thread/WARN]: Can't keep up! Did the system time change, or is the server overloaded? Running 3151ms behind, skipping 63 tick(s)
[10:53:11] [pool-3-thread-27778/INFO]: [Metrics] Server returned HTTP response code: 408 for URL: http://mcstats.org/report/Multiverse-Core
[11:03:11] [pool-3-thread-27782/INFO]: [Metrics] Server returned HTTP response code: 408 for URL: http://mcstats.org/report/Multiverse-Core
[11:13:11] [pool-3-thread-27786/INFO]: [Metrics] Server returned HTTP response code: 408 for URL: http://mcstats.org/report/Multiverse-Core
[11:24:14] [pool-3-thread-27787/INFO]: [Metrics] Server returned HTTP response code: 408 for URL: http://mcstats.org/report/Multiverse-Core
[11:28:12] [Server thread/WARN]: Can't keep up! Did the system time change, or is the server overloaded? Running 2903ms behind, skipping 58 tick(s)
[11:33:12] [pool-3-thread-27791/INFO]: [Metrics] Server returned HTTP response code: 408 for URL: http://mcstats.org/report/Multiverse-Core
[11:43:12] [Server thread/WARN]: Can't keep up! Did the system time change, or is the server overloaded? Running 2073ms behind, skipping 41 tick(s)
[11:43:12] [pool-3-thread-27795/INFO]: [Metrics] Server returned HTTP response code: 408 for URL: http://mcstats.org/report/Multiverse-Core
[11:53:12] [pool-3-thread-27798/INFO]: [Vault] Checking for Updates ... 
[11:53:12] [pool-3-thread-27796/INFO]: [Metrics] Server returned HTTP response code: 408 for URL: http://mcstats.org/report/Multiverse-Core
[11:53:13] [pool-3-thread-27798/WARN]: [Vault] Stable Version: 1.5.3 is out! You are still running version: 1.5.0
[11:53:13] [pool-3-thread-27798/WARN]: [Vault] Update at: http://dev.bukkit.org/server-mods/vault
[12:03:13] [Server thread/WARN]: Can't keep up! Did the system time change, or is the server overloaded? Running 2700ms behind, skipping 54 tick(s)
[12:03:13] [pool-3-thread-27801/INFO]: [Metrics] Server returned HTTP response code: 408 for URL: http://mcstats.org/report/Multiverse-Core
[12:13:14] [Server thread/WARN]: Can't keep up! Did the system time change, or is the server overloaded? Running 2856ms behind, skipping 57 tick(s)
[12:13:14] [pool-3-thread-27805/INFO]: [Metrics] Server returned HTTP response code: 408 for URL: http://mcstats.org/report/Multiverse-Core
[12:23:14] [pool-3-thread-27806/INFO]: [Metrics] Server returned HTTP response code: 408 for URL: http://mcstats.org/report/Multiverse-Core
[12:33:14] [pool-3-thread-27810/INFO]: [Metrics] Server returned HTTP response code: 408 for URL: http://mcstats.org/report/Multiverse-Core
[12:43:14] [pool-3-thread-27814/INFO]: [Metrics] Server returned HTTP response code: 408 for URL: http://mcstats.org/report/Multiverse-Core
[12:48:15] [Server thread/WARN]: Can't keep up! Did the system time change, or is the server overloaded? Running 2673ms behind, skipping 53 tick(s)
[12:53:16] [pool-3-thread-27815/INFO]: [Metrics] Connection refused
[13:03:14] [pool-3-thread-27819/INFO]: [Metrics] Server returned HTTP response code: 408 for URL: http://mcstats.org/report/Multiverse-Core
[13:13:15] [pool-3-thread-27823/INFO]: [Metrics] Server returned HTTP response code: 408 for URL: http://mcstats.org/report/Multiverse-Core
[13:23:15] [pool-3-thread-27824/INFO]: [Metrics] Server returned HTTP response code: 408 for URL: http://mcstats.org/report/Multiverse-Core
[13:33:14] [pool-3-thread-27828/INFO]: [Metrics] Server returned HTTP response code: 408 for URL: http://mcstats.org/report/Multiverse-Core
[13:43:15] [pool-3-thread-27832/INFO]: [Metrics] Server returned HTTP response code: 408 for URL: http://mcstats.org/report/Multiverse-Core
[13:55:22] [pool-3-thread-27833/INFO]: [Metrics] Connection timed out
[14:03:14] [pool-3-thread-27837/INFO]: [Metrics] Server returned HTTP response code: 408 for URL: http://mcstats.org/report/Multiverse-Core
[14:13:15] [pool-3-thread-27841/INFO]: [Metrics] Server returned HTTP response code: 408 for URL: http://mcstats.org/report/Multiverse-Core
[14:25:22] [pool-3-thread-27842/INFO]: [Metrics] Connection timed out
[14:33:14] [pool-3-thread-27846/INFO]: [Metrics] Server returned HTTP response code: 408 for URL: http://mcstats.org/report/Multiverse-Core
[14:43:15] [pool-3-thread-27850/INFO]: [Metrics] Server returned HTTP response code: 408 for URL: http://mcstats.org/report/Multiverse-Core
[14:55:22] [pool-3-thread-27851/INFO]: [Metrics] Connection timed out
[15:03:14] [pool-3-thread-27855/INFO]: [Metrics] Server returned HTTP response code: 408 for URL: http://mcstats.org/report/Multiverse-Core
[15:13:15] [Server thread/WARN]: Can't keep up! Did the system time change, or is the server overloaded? Running 2819ms behind, skipping 56 tick(s)
[15:13:15] [pool-3-thread-27859/INFO]: [Metrics] Server returned HTTP response code: 408 for URL: http://mcstats.org/report/Multiverse-Core
[15:23:15] [pool-3-thread-27860/INFO]: [Metrics] Server returned HTTP response code: 408 for URL: http://mcstats.org/report/Multiverse-Core
[15:33:15] [pool-3-thread-27864/INFO]: [Metrics] Server returned HTTP response code: 408 for URL: http://mcstats.org/report/Multiverse-Core
[15:43:15] [pool-3-thread-27868/INFO]: [Metrics] Server returned HTTP response code: 408 for URL: http://mcstats.org/report/Multiverse-Core
[15:53:15] [pool-3-thread-27869/INFO]: [Metrics] Server returned HTTP response code: 408 for URL: http://mcstats.org/report/Multiverse-Core
[16:03:15] [pool-3-thread-27873/INFO]: [Metrics] Server returned HTTP response code: 408 for URL: http://mcstats.org/report/Multiverse-Core
[16:13:15] [pool-3-thread-27877/INFO]: [Metrics] Server returned HTTP response code: 408 for URL: http://mcstats.org/report/Multiverse-Core
[16:25:23] [pool-3-thread-27878/INFO]: [Metrics] Connection timed out
[16:33:15] [pool-3-thread-27882/INFO]: [Metrics] Server returned HTTP response code: 408 for URL: http://mcstats.org/report/Multiverse-Core
[16:43:15] [pool-3-thread-27886/INFO]: [Metrics] Server returned HTTP response code: 408 for URL: http://mcstats.org/report/Multiverse-Core
[16:54:18] [pool-3-thread-27887/INFO]: [Metrics] Server returned HTTP response code: 408 for URL: http://mcstats.org/report/Multiverse-Core
[16:58:16] [Server thread/WARN]: Can't keep up! Did the system time change, or is the server overloaded? Running 2786ms behind, skipping 55 tick(s)
[17:03:16] [pool-3-thread-27891/INFO]: [Metrics] Server returned HTTP response code: 408 for URL: http://mcstats.org/report/Multiverse-Core
[17:13:16] [pool-3-thread-27895/INFO]: [Metrics] Server returned HTTP response code: 408 for URL: http://mcstats.org/report/Multiverse-Core
[17:23:16] [pool-3-thread-27896/INFO]: [Metrics] Server returned HTTP response code: 408 for URL: http://mcstats.org/report/Multiverse-Core
[17:33:16] [pool-3-thread-27900/INFO]: [Metrics] Server returned HTTP response code: 408 for URL: http://mcstats.org/report/Multiverse-Core
[17:43:16] [pool-3-thread-27904/INFO]: [Metrics] Server returned HTTP response code: 408 for URL: http://mcstats.org/report/Multiverse-Core
[17:48:17] [Server thread/WARN]: Can't keep up! Did the system time change, or is the server overloaded? Running 2662ms behind, skipping 53 tick(s)
[17:53:17] [pool-3-thread-27907/INFO]: [Vault] Checking for Updates ... 
[17:53:17] [pool-3-thread-27907/WARN]: [Vault] Stable Version: 1.5.3 is out! You are still running version: 1.5.0
[17:53:17] [pool-3-thread-27907/WARN]: [Vault] Update at: http://dev.bukkit.org/server-mods/vault
[18:03:17] [Server thread/WARN]: Can't keep up! Did the system time change, or is the server overloaded? Running 2616ms behind, skipping 52 tick(s)
[18:03:18] [pool-3-thread-27910/INFO]: [Metrics] Server returned HTTP response code: 408 for URL: http://mcstats.org/report/Multiverse-Core
[18:13:17] [pool-3-thread-27914/INFO]: [Metrics] Server returned HTTP response code: 408 for URL: http://mcstats.org/report/Multiverse-Core
[18:23:17] [pool-3-thread-27915/INFO]: [Metrics] Server returned HTTP response code: 408 for URL: http://mcstats.org/report/Multiverse-Core
[18:33:17] [pool-3-thread-27919/INFO]: [Metrics] Server returned HTTP response code: 408 for URL: http://mcstats.org/report/Multiverse-Core
[18:38:18] [Server thread/WARN]: Can't keep up! Did the system time change, or is the server overloaded? Running 2707ms behind, skipping 54 tick(s)
[18:43:18] [pool-3-thread-27923/INFO]: [Metrics] Server returned HTTP response code: 408 for URL: http://mcstats.org/report/Multiverse-Core
[18:53:18] [pool-3-thread-27924/INFO]: [Metrics] Server returned HTTP response code: 408 for URL: http://mcstats.org/report/Multiverse-Core
[19:03:18] [pool-3-thread-27928/INFO]: [Metrics] Server returned HTTP response code: 408 for URL: http://mcstats.org/report/Multiverse-Core
[19:13:19] [Server thread/WARN]: Can't keep up! Did the system time change, or is the server overloaded? Running 3148ms behind, skipping 62 tick(s)
[19:13:19] [pool-3-thread-27932/INFO]: [Metrics] Server returned HTTP response code: 408 for URL: http://mcstats.org/report/Multiverse-Core
[19:33:20] [Server thread/WARN]: Can't keep up! Did the system time change, or is the server overloaded? Running 2699ms behind, skipping 53 tick(s)
[19:48:21] [Server thread/WARN]: Can't keep up! Did the system time change, or is the server overloaded? Running 2635ms behind, skipping 52 tick(s)
[20:38:21] [Server thread/WARN]: Can't keep up! Did the system time change, or is the server overloaded? Running 2162ms behind, skipping 43 tick(s)
[20:43:21] [Server thread/WARN]: Can't keep up! Did the system time change, or is the server overloaded? Running 2313ms behind, skipping 46 tick(s)
[20:53:21] [Server thread/WARN]: Can't keep up! Did the system time change, or is the server overloaded? Running 2230ms behind, skipping 44 tick(s)
[20:58:21] [Server thread/WARN]: Can't keep up! Did the system time change, or is the server overloaded? Running 2205ms behind, skipping 44 tick(s)
[21:08:22] [Server thread/WARN]: Can't keep up! Did the system time change, or is the server overloaded? Running 2175ms behind, skipping 43 tick(s)
[21:13:22] [Server thread/WARN]: Can't keep up! Did the system time change, or is the server overloaded? Running 2200ms behind, skipping 44 tick(s)
[21:18:22] [Server thread/WARN]: Can't keep up! Did the system time change, or is the server overloaded? Running 2061ms behind, skipping 41 tick(s)
[21:23:22] [Server thread/WARN]: Can't keep up! Did the system time change, or is the server overloaded? Running 2104ms behind, skipping 42 tick(s)
[21:28:22] [Server thread/WARN]: Can't keep up! Did the system time change, or is the server overloaded? Running 2346ms behind, skipping 46 tick(s)
[21:33:22] [Server thread/WARN]: Can't keep up! Did the system time change, or is the server overloaded? Running 2002ms behind, skipping 40 tick(s)
[21:38:22] [Server thread/WARN]: Can't keep up! Did the system time change, or is the server overloaded? Running 2112ms behind, skipping 42 tick(s)
[21:43:23] [Server thread/WARN]: Can't keep up! Did the system time change, or is the server overloaded? Running 2296ms behind, skipping 45 tick(s)
[21:48:24] [Server thread/WARN]: Can't keep up! Did the system time change, or is the server overloaded? Running 3107ms behind, skipping 62 tick(s)
[21:53:24] [Server thread/WARN]: Can't keep up! Did the system time change, or is the server overloaded? Running 2230ms behind, skipping 44 tick(s)
[21:58:25] [Server thread/WARN]: Can't keep up! Did the system time change, or is the server overloaded? Running 2604ms behind, skipping 52 tick(s)
[22:03:25] [Server thread/WARN]: Can't keep up! Did the system time change, or is the server overloaded? Running 2035ms behind, skipping 40 tick(s)
[22:13:25] [Server thread/WARN]: Can't keep up! Did the system time change, or is the server overloaded? Running 2234ms behind, skipping 44 tick(s)
[22:23:25] [Server thread/WARN]: Can't keep up! Did the system time change, or is the server overloaded? Running 2107ms behind, skipping 42 tick(s)
[22:28:25] [Server thread/WARN]: Can't keep up! Did the system time change, or is the server overloaded? Running 2090ms behind, skipping 41 tick(s)
[22:33:25] [Server thread/WARN]: Can't keep up! Did the system time change, or is the server overloaded? Running 2035ms behind, skipping 40 tick(s)
[22:38:25] [Server thread/WARN]: Can't keep up! Did the system time change, or is the server overloaded? Running 2008ms behind, skipping 40 tick(s)
[22:43:26] [Server thread/WARN]: Can't keep up! Did the system time change, or is the server overloaded? Running 2318ms behind, skipping 46 tick(s)
[22:48:26] [Server thread/WARN]: Can't keep up! Did the system time change, or is the server overloaded? Running 2029ms behind, skipping 40 tick(s)
[22:53:27] [Server thread/WARN]: Can't keep up! Did the system time change, or is the server overloaded? Running 3291ms behind, skipping 65 tick(s)
[22:58:27] [Server thread/WARN]: Can't keep up! Did the system time change, or is the server overloaded? Running 2073ms behind, skipping 41 tick(s)
[23:03:27] [Server thread/WARN]: Can't keep up! Did the system time change, or is the server overloaded? Running 2214ms behind, skipping 44 tick(s)
[23:08:27] [Server thread/WARN]: Can't keep up! Did the system time change, or is the server overloaded? Running 2072ms behind, skipping 41 tick(s)
[23:13:27] [Server thread/WARN]: Can't keep up! Did the system time change, or is the server overloaded? Running 2102ms behind, skipping 42 tick(s)
[23:18:28] [Server thread/WARN]: Can't keep up! Did the system time change, or is the server overloaded? Running 2377ms behind, skipping 47 tick(s)
[23:23:28] [Server thread/WARN]: Can't keep up! Did the system time change, or is the server overloaded? Running 2254ms behind, skipping 45 tick(s)
[23:28:28] [Server thread/WARN]: Can't keep up! Did the system time change, or is the server overloaded? Running 2484ms behind, skipping 49 tick(s)
[23:33:29] [Server thread/WARN]: Can't keep up! Did the system time change, or is the server overloaded? Running 2320ms behind, skipping 46 tick(s)
[23:38:29] [Server thread/WARN]: Can't keep up! Did the system time change, or is the server overloaded? Running 2228ms behind, skipping 44 tick(s)
[23:43:29] [Server thread/WARN]: Can't keep up! Did the system time change, or is the server overloaded? Running 2374ms behind, skipping 47 tick(s)
[23:48:29] [Server thread/WARN]: Can't keep up! Did the system time change, or is the server overloaded? Running 2101ms behind, skipping 42 tick(s)
[23:53:31] [Server thread/WARN]: Can't keep up! Did the system time change, or is the server overloaded? Running 3973ms behind, skipping 79 tick(s)
[23:53:31] [pool-3-thread-28016/INFO]: [Vault] Checking for Updates ... 
[23:53:32] [pool-3-thread-28016/WARN]: [Vault] Stable Version: 1.5.3 is out! You are still running version: 1.5.0
[23:53:32] [pool-3-thread-28016/WARN]: [Vault] Update at: http://dev.bukkit.org/server-mods/vault
[23:58:32] [Server thread/WARN]: Can't keep up! Did the system time change, or is the server overloaded? Running 3035ms behind, skipping 60 tick(s)
