[00:00:07] [Server thread/WARN]: Can't keep up! Did the system time change, or is the server overloaded? Running 2085ms behind, skipping 41 tick(s)
[00:05:07] [Server thread/WARN]: Can't keep up! Did the system time change, or is the server overloaded? Running 2041ms behind, skipping 40 tick(s)
[00:15:07] [Server thread/WARN]: Can't keep up! Did the system time change, or is the server overloaded? Running 2035ms behind, skipping 40 tick(s)
[00:20:08] [Server thread/WARN]: Can't keep up! Did the system time change, or is the server overloaded? Running 2112ms behind, skipping 42 tick(s)
[00:25:08] [Server thread/WARN]: Can't keep up! Did the system time change, or is the server overloaded? Running 2059ms behind, skipping 41 tick(s)
[00:50:08] [Server thread/WARN]: Can't keep up! Did the system time change, or is the server overloaded? Running 2146ms behind, skipping 42 tick(s)
[01:15:08] [Server thread/WARN]: Can't keep up! Did the system time change, or is the server overloaded? Running 2604ms behind, skipping 52 tick(s)
[02:05:09] [Server thread/WARN]: Can't keep up! Did the system time change, or is the server overloaded? Running 2822ms behind, skipping 56 tick(s)
[02:10:10] [Server thread/WARN]: Can't keep up! Did the system time change, or is the server overloaded? Running 2896ms behind, skipping 57 tick(s)
[02:50:10] [Server thread/WARN]: Can't keep up! Did the system time change, or is the server overloaded? Running 2019ms behind, skipping 40 tick(s)
[05:30:11] [Server thread/WARN]: Can't keep up! Did the system time change, or is the server overloaded? Running 2868ms behind, skipping 57 tick(s)
[05:55:11] [pool-3-thread-29433/INFO]: [Vault] Checking for Updates ... 
[05:55:12] [pool-3-thread-29433/WARN]: [Vault] Stable Version: 1.5.3 is out! You are still running version: 1.5.0
[05:55:12] [pool-3-thread-29433/WARN]: [Vault] Update at: http://dev.bukkit.org/server-mods/vault
[06:00:11] [Server thread/WARN]: Can't keep up! Did the system time change, or is the server overloaded? Running 2083ms behind, skipping 41 tick(s)
[07:45:11] [Server thread/WARN]: Can't keep up! Did the system time change, or is the server overloaded? Running 2098ms behind, skipping 41 tick(s)
[07:50:15] [Server thread/WARN]: Can't keep up! Did the system time change, or is the server overloaded? Running 5557ms behind, skipping 111 tick(s)
[07:55:15] [Server thread/WARN]: Can't keep up! Did the system time change, or is the server overloaded? Running 2281ms behind, skipping 45 tick(s)
[08:00:15] [Server thread/WARN]: Can't keep up! Did the system time change, or is the server overloaded? Running 2037ms behind, skipping 40 tick(s)
[08:15:15] [Server thread/WARN]: Can't keep up! Did the system time change, or is the server overloaded? Running 2131ms behind, skipping 42 tick(s)
[08:20:15] [Server thread/WARN]: Can't keep up! Did the system time change, or is the server overloaded? Running 2009ms behind, skipping 40 tick(s)
[09:05:15] [Server thread/WARN]: Can't keep up! Did the system time change, or is the server overloaded? Running 2003ms behind, skipping 40 tick(s)
[09:50:15] [Server thread/WARN]: Can't keep up! Did the system time change, or is the server overloaded? Running 2058ms behind, skipping 41 tick(s)
[10:20:16] [Server thread/WARN]: Can't keep up! Did the system time change, or is the server overloaded? Running 2648ms behind, skipping 52 tick(s)
[10:43:52] [Server thread/WARN]: Can't keep up! Did the system time change, or is the server overloaded? Running 3327ms behind, skipping 66 tick(s)
[11:27:24] [pool-3-thread-29531/INFO]: [Metrics] Connection timed out
[11:35:17] [pool-3-thread-29535/INFO]: [Metrics] Server returned HTTP response code: 408 for URL: http://mcstats.org/report/Multiverse-Core
[11:45:18] [Server thread/WARN]: Can't keep up! Did the system time change, or is the server overloaded? Running 2832ms behind, skipping 56 tick(s)
[11:45:18] [pool-3-thread-29539/INFO]: [Metrics] Server returned HTTP response code: 408 for URL: http://mcstats.org/report/Multiverse-Core
[11:55:18] [pool-3-thread-29542/INFO]: [Vault] Checking for Updates ... 
[11:55:19] [pool-3-thread-29542/WARN]: [Vault] Stable Version: 1.5.3 is out! You are still running version: 1.5.0
[11:55:19] [pool-3-thread-29542/WARN]: [Vault] Update at: http://dev.bukkit.org/server-mods/vault
[12:05:18] [pool-3-thread-29545/INFO]: [Metrics] Server returned HTTP response code: 408 for URL: http://mcstats.org/report/Multiverse-Core
[12:15:18] [pool-3-thread-29549/INFO]: [Metrics] Server returned HTTP response code: 408 for URL: http://mcstats.org/report/Multiverse-Core
[12:25:19] [Server thread/WARN]: Can't keep up! Did the system time change, or is the server overloaded? Running 2651ms behind, skipping 53 tick(s)
[12:25:19] [pool-3-thread-29550/INFO]: [Metrics] Server returned HTTP response code: 408 for URL: http://mcstats.org/report/Multiverse-Core
[12:35:19] [pool-3-thread-29554/INFO]: [Metrics] Server returned HTTP response code: 408 for URL: http://mcstats.org/report/Multiverse-Core
[12:40:19] [Server thread/WARN]: Can't keep up! Did the system time change, or is the server overloaded? Running 2644ms behind, skipping 52 tick(s)
[14:25:20] [Server thread/WARN]: Can't keep up! Did the system time change, or is the server overloaded? Running 2180ms behind, skipping 43 tick(s)
[14:35:20] [Server thread/WARN]: Can't keep up! Did the system time change, or is the server overloaded? Running 2117ms behind, skipping 42 tick(s)
[15:20:20] [Server thread/WARN]: Can't keep up! Did the system time change, or is the server overloaded? Running 2658ms behind, skipping 53 tick(s)
[16:10:21] [Server thread/WARN]: Can't keep up! Did the system time change, or is the server overloaded? Running 2939ms behind, skipping 58 tick(s)
[16:20:22] [Server thread/WARN]: Can't keep up! Did the system time change, or is the server overloaded? Running 2289ms behind, skipping 45 tick(s)
[17:10:22] [Server thread/WARN]: Can't keep up! Did the system time change, or is the server overloaded? Running 2669ms behind, skipping 53 tick(s)
[17:55:23] [Server thread/WARN]: Can't keep up! Did the system time change, or is the server overloaded? Running 2663ms behind, skipping 53 tick(s)
[17:55:23] [pool-3-thread-29651/INFO]: [Vault] Checking for Updates ... 
[17:55:24] [pool-3-thread-29651/WARN]: [Vault] Stable Version: 1.5.3 is out! You are still running version: 1.5.0
[17:55:24] [pool-3-thread-29651/WARN]: [Vault] Update at: http://dev.bukkit.org/server-mods/vault
[19:00:23] [Server thread/WARN]: Can't keep up! Did the system time change, or is the server overloaded? Running 2347ms behind, skipping 46 tick(s)
[19:05:23] [Server thread/WARN]: Can't keep up! Did the system time change, or is the server overloaded? Running 2211ms behind, skipping 44 tick(s)
[19:15:24] [Server thread/WARN]: Can't keep up! Did the system time change, or is the server overloaded? Running 2629ms behind, skipping 52 tick(s)
[19:35:25] [Server thread/WARN]: Can't keep up! Did the system time change, or is the server overloaded? Running 2683ms behind, skipping 53 tick(s)
[20:00:25] [Server thread/WARN]: Can't keep up! Did the system time change, or is the server overloaded? Running 2633ms behind, skipping 52 tick(s)
[22:00:26] [Server thread/WARN]: Can't keep up! Did the system time change, or is the server overloaded? Running 2679ms behind, skipping 53 tick(s)
[22:15:27] [Server thread/WARN]: Can't keep up! Did the system time change, or is the server overloaded? Running 2623ms behind, skipping 52 tick(s)
[23:15:27] [Server thread/WARN]: Can't keep up! Did the system time change, or is the server overloaded? Running 2644ms behind, skipping 52 tick(s)
[23:55:27] [pool-3-thread-29760/INFO]: [Vault] Checking for Updates ... 
[23:55:28] [pool-3-thread-29760/WARN]: [Vault] Stable Version: 1.5.3 is out! You are still running version: 1.5.0
[23:55:28] [pool-3-thread-29760/WARN]: [Vault] Update at: http://dev.bukkit.org/server-mods/vault
