[00:17:27] [Server thread/WARN]: Can't keep up! Did the system time change, or is the server overloaded? Running 2687ms behind, skipping 53 tick(s)
[00:52:28] [Server thread/WARN]: Can't keep up! Did the system time change, or is the server overloaded? Running 2564ms behind, skipping 51 tick(s)
[01:22:29] [Server thread/WARN]: Can't keep up! Did the system time change, or is the server overloaded? Running 2803ms behind, skipping 56 tick(s)
[01:32:29] [Server thread/WARN]: Can't keep up! Did the system time change, or is the server overloaded? Running 2516ms behind, skipping 50 tick(s)
[01:42:30] [Server thread/WARN]: Can't keep up! Did the system time change, or is the server overloaded? Running 2577ms behind, skipping 51 tick(s)
[02:02:30] [Server thread/WARN]: Can't keep up! Did the system time change, or is the server overloaded? Running 2370ms behind, skipping 47 tick(s)
[02:07:31] [Server thread/WARN]: Can't keep up! Did the system time change, or is the server overloaded? Running 2778ms behind, skipping 55 tick(s)
[02:32:31] [Server thread/WARN]: Can't keep up! Did the system time change, or is the server overloaded? Running 2572ms behind, skipping 51 tick(s)
[03:52:32] [Server thread/WARN]: Can't keep up! Did the system time change, or is the server overloaded? Running 2566ms behind, skipping 51 tick(s)
[04:27:32] [pool-3-thread-20277/INFO]: [Vault] Checking for Updates ... 
[04:27:34] [pool-3-thread-20277/WARN]: [Vault] Stable Version: 1.5.3 is out! You are still running version: 1.5.0
[04:27:34] [pool-3-thread-20277/WARN]: [Vault] Update at: http://dev.bukkit.org/server-mods/vault
[05:27:33] [Server thread/WARN]: Can't keep up! Did the system time change, or is the server overloaded? Running 2526ms behind, skipping 50 tick(s)
[06:37:33] [Server thread/WARN]: Can't keep up! Did the system time change, or is the server overloaded? Running 2039ms behind, skipping 40 tick(s)
[07:17:33] [Server thread/WARN]: Can't keep up! Did the system time change, or is the server overloaded? Running 2536ms behind, skipping 50 tick(s)
[08:17:34] [Server thread/WARN]: Can't keep up! Did the system time change, or is the server overloaded? Running 2529ms behind, skipping 50 tick(s)
[08:47:34] [Server thread/WARN]: Can't keep up! Did the system time change, or is the server overloaded? Running 2066ms behind, skipping 41 tick(s)
[09:52:34] [Server thread/WARN]: Can't keep up! Did the system time change, or is the server overloaded? Running 2597ms behind, skipping 51 tick(s)
[10:17:35] [Server thread/WARN]: Can't keep up! Did the system time change, or is the server overloaded? Running 2538ms behind, skipping 50 tick(s)
[10:22:36] [Server thread/WARN]: Can't keep up! Did the system time change, or is the server overloaded? Running 2704ms behind, skipping 54 tick(s)
[10:27:35] [pool-3-thread-20386/INFO]: [Vault] Checking for Updates ... 
[10:27:36] [pool-3-thread-20386/WARN]: [Vault] Stable Version: 1.5.3 is out! You are still running version: 1.5.0
[10:27:36] [pool-3-thread-20386/WARN]: [Vault] Update at: http://dev.bukkit.org/server-mods/vault
[10:57:36] [Server thread/WARN]: Can't keep up! Did the system time change, or is the server overloaded? Running 2550ms behind, skipping 51 tick(s)
[11:09:43] [pool-3-thread-20398/INFO]: [Metrics] Connection timed out
[11:17:36] [pool-3-thread-20402/INFO]: [Metrics] Server returned HTTP response code: 408 for URL: http://mcstats.org/report/Multiverse-Core
[13:32:37] [Server thread/WARN]: Can't keep up! Did the system time change, or is the server overloaded? Running 2549ms behind, skipping 50 tick(s)
[14:52:37] [Server thread/WARN]: Can't keep up! Did the system time change, or is the server overloaded? Running 2408ms behind, skipping 48 tick(s)
[14:57:38] [Server thread/WARN]: Can't keep up! Did the system time change, or is the server overloaded? Running 2531ms behind, skipping 50 tick(s)
[15:09:45] [pool-3-thread-20470/INFO]: [Metrics] Connection timed out
[15:17:37] [pool-3-thread-20474/INFO]: [Metrics] Server returned HTTP response code: 408 for URL: http://mcstats.org/report/Multiverse-Core
[15:29:45] [pool-3-thread-20475/INFO]: [Metrics] Connection timed out
[15:37:38] [pool-3-thread-20479/INFO]: [Metrics] Server returned HTTP response code: 408 for URL: http://mcstats.org/report/Multiverse-Core
[15:47:37] [pool-3-thread-20483/INFO]: [Metrics] Server returned HTTP response code: 408 for URL: http://mcstats.org/report/Multiverse-Core
[15:57:37] [pool-3-thread-20484/INFO]: [Metrics] Server returned HTTP response code: 408 for URL: http://mcstats.org/report/Multiverse-Core
[16:07:38] [Server thread/WARN]: Can't keep up! Did the system time change, or is the server overloaded? Running 2660ms behind, skipping 53 tick(s)
[16:07:38] [pool-3-thread-20488/INFO]: [Metrics] Server returned HTTP response code: 408 for URL: http://mcstats.org/report/Multiverse-Core
[16:17:38] [pool-3-thread-20492/INFO]: [Metrics] Server returned HTTP response code: 408 for URL: http://mcstats.org/report/Multiverse-Core
[16:27:38] [pool-3-thread-20495/INFO]: [Vault] Checking for Updates ... 
[16:27:39] [pool-3-thread-20495/WARN]: [Vault] Stable Version: 1.5.3 is out! You are still running version: 1.5.0
[16:27:39] [pool-3-thread-20495/WARN]: [Vault] Update at: http://dev.bukkit.org/server-mods/vault
[18:39:45] [pool-3-thread-20534/INFO]: [Metrics] Connection timed out
[18:42:39] [Server thread/WARN]: Can't keep up! Did the system time change, or is the server overloaded? Running 2562ms behind, skipping 51 tick(s)
[18:47:39] [pool-3-thread-20538/INFO]: [Metrics] Server returned HTTP response code: 408 for URL: http://mcstats.org/report/Multiverse-Core
[19:07:39] [pool-3-thread-20543/INFO]: [Metrics] Server returned HTTP response code: 408 for URL: http://mcstats.org/report/Multiverse-Core
[19:17:40] [Server thread/WARN]: Can't keep up! Did the system time change, or is the server overloaded? Running 2821ms behind, skipping 56 tick(s)
[19:17:40] [pool-3-thread-20547/INFO]: [Metrics] Server returned HTTP response code: 408 for URL: http://mcstats.org/report/Multiverse-Core
[20:12:40] [Server thread/WARN]: Can't keep up! Did the system time change, or is the server overloaded? Running 2560ms behind, skipping 51 tick(s)
[20:47:40] [Server thread/WARN]: Can't keep up! Did the system time change, or is the server overloaded? Running 2088ms behind, skipping 41 tick(s)
[21:47:41] [Server thread/WARN]: Can't keep up! Did the system time change, or is the server overloaded? Running 2372ms behind, skipping 47 tick(s)
[22:27:40] [pool-3-thread-20604/INFO]: [Vault] Checking for Updates ... 
[22:27:41] [pool-3-thread-20604/WARN]: [Vault] Stable Version: 1.5.3 is out! You are still running version: 1.5.0
[22:27:41] [pool-3-thread-20604/WARN]: [Vault] Update at: http://dev.bukkit.org/server-mods/vault
[22:32:41] [Server thread/WARN]: Can't keep up! Did the system time change, or is the server overloaded? Running 2663ms behind, skipping 53 tick(s)
[22:47:42] [Server thread/WARN]: Can't keep up! Did the system time change, or is the server overloaded? Running 2649ms behind, skipping 52 tick(s)
[22:52:43] [Server thread/WARN]: Can't keep up! Did the system time change, or is the server overloaded? Running 2782ms behind, skipping 55 tick(s)
[22:57:43] [Server thread/WARN]: Can't keep up! Did the system time change, or is the server overloaded? Running 2169ms behind, skipping 43 tick(s)
