[02:03:47] [Server thread/WARN]: Can't keep up! Did the system time change, or is the server overloaded? Running 2311ms behind, skipping 46 tick(s)
[02:08:47] [Server thread/WARN]: Can't keep up! Did the system time change, or is the server overloaded? Running 2015ms behind, skipping 40 tick(s)
[04:23:47] [pool-3-thread-15045/INFO]: [Vault] Checking for Updates ... 
[04:23:48] [pool-3-thread-15045/WARN]: [Vault] Stable Version: 1.5.3 is out! You are still running version: 1.5.0
[04:23:48] [pool-3-thread-15045/WARN]: [Vault] Update at: http://dev.bukkit.org/server-mods/vault
[05:58:48] [Server thread/WARN]: Can't keep up! Did the system time change, or is the server overloaded? Running 2277ms behind, skipping 45 tick(s)
[06:33:48] [Server thread/WARN]: Can't keep up! Did the system time change, or is the server overloaded? Running 2227ms behind, skipping 44 tick(s)
[06:43:48] [Server thread/WARN]: Can't keep up! Did the system time change, or is the server overloaded? Running 2127ms behind, skipping 42 tick(s)
[08:08:50] [Server thread/WARN]: Can't keep up! Did the system time change, or is the server overloaded? Running 4051ms behind, skipping 81 tick(s)
[10:23:50] [pool-3-thread-15154/INFO]: [Vault] Checking for Updates ... 
[10:23:51] [pool-3-thread-15154/WARN]: [Vault] Stable Version: 1.5.3 is out! You are still running version: 1.5.0
[10:23:51] [pool-3-thread-15154/WARN]: [Vault] Update at: http://dev.bukkit.org/server-mods/vault
[13:33:50] [Server thread/WARN]: Can't keep up! Did the system time change, or is the server overloaded? Running 2046ms behind, skipping 40 tick(s)
[14:04:50] [pool-3-thread-15220/INFO]: [Metrics] Server returned HTTP response code: 504 for URL: http://mcstats.org/report/Multiverse-Core
[14:13:51] [Server thread/WARN]: Can't keep up! Did the system time change, or is the server overloaded? Running 2759ms behind, skipping 55 tick(s)
[16:23:51] [pool-3-thread-15263/INFO]: [Vault] Checking for Updates ... 
[16:23:52] [pool-3-thread-15263/WARN]: [Vault] Stable Version: 1.5.3 is out! You are still running version: 1.5.0
[16:23:52] [pool-3-thread-15263/WARN]: [Vault] Update at: http://dev.bukkit.org/server-mods/vault
[17:33:51] [Server thread/WARN]: Can't keep up! Did the system time change, or is the server overloaded? Running 2406ms behind, skipping 48 tick(s)
[19:26:32] [User Authenticator #7/INFO]: UUID of player nordmert is fd3a7555-101b-43d0-b384-7798d4fd0d8f
[19:26:32] [Server thread/INFO]: nordmert[/75.119.243.9:56565] logged in with entity id 147648 at ([tutworld] 177.34231952229922, 89.0, 31.75812998736526)
[19:28:48] [Server thread/INFO]: nordmert issued server command: /spawn
[19:28:51] [Server thread/WARN]: Can't keep up! Did the system time change, or is the server overloaded? Running 2081ms behind, skipping 41 tick(s)
[19:28:53] [Server thread/INFO]: nordmert issued server command: /warp spawn
[19:31:47] [pool-4-thread-1/INFO]: GroupManager - INFO -  Data files refreshed.
[19:33:16] [Server thread/INFO]: nordmert lost connection: Disconnected
[19:33:16] [Server thread/INFO]: nordmert left the game.
[19:58:52] [Server thread/WARN]: Can't keep up! Did the system time change, or is the server overloaded? Running 2215ms behind, skipping 44 tick(s)
[20:38:52] [Server thread/WARN]: Can't keep up! Did the system time change, or is the server overloaded? Running 2222ms behind, skipping 44 tick(s)
[20:48:54] [Server thread/WARN]: Can't keep up! Did the system time change, or is the server overloaded? Running 3781ms behind, skipping 75 tick(s)
[21:23:54] [Server thread/WARN]: Can't keep up! Did the system time change, or is the server overloaded? Running 2036ms behind, skipping 40 tick(s)
[21:38:54] [Server thread/WARN]: Can't keep up! Did the system time change, or is the server overloaded? Running 2403ms behind, skipping 48 tick(s)
[22:04:54] [pool-3-thread-15365/INFO]: [Metrics] Server returned HTTP response code: 504 for URL: http://mcstats.org/report/Multiverse-Core
[22:23:54] [pool-3-thread-15372/INFO]: [Vault] Checking for Updates ... 
[22:23:55] [pool-3-thread-15372/WARN]: [Vault] Stable Version: 1.5.3 is out! You are still running version: 1.5.0
[22:23:55] [pool-3-thread-15372/WARN]: [Vault] Update at: http://dev.bukkit.org/server-mods/vault
[22:28:55] [Server thread/WARN]: Can't keep up! Did the system time change, or is the server overloaded? Running 2691ms behind, skipping 53 tick(s)
