[00:01:42] [Server thread/WARN]: Can't keep up! Did the system time change, or is the server overloaded? Running 2105ms behind, skipping 42 tick(s)
[00:06:42] [Server thread/WARN]: Can't keep up! Did the system time change, or is the server overloaded? Running 2384ms behind, skipping 47 tick(s)
[00:11:43] [Server thread/WARN]: Can't keep up! Did the system time change, or is the server overloaded? Running 2248ms behind, skipping 44 tick(s)
[00:16:43] [Server thread/WARN]: Can't keep up! Did the system time change, or is the server overloaded? Running 2197ms behind, skipping 43 tick(s)
[00:17:43] [pool-3-thread-30639/INFO]: [Metrics] Server returned HTTP response code: 504 for URL: http://mcstats.org/report/Multiverse-Core
[00:21:27] [Server thread/INFO]: FabboCJ lost connection: Disconnected
[00:21:27] [Server thread/INFO]: FabboCJ left the game.
[00:21:43] [Server thread/WARN]: Can't keep up! Did the system time change, or is the server overloaded? Running 2008ms behind, skipping 40 tick(s)
[00:31:43] [Server thread/WARN]: Can't keep up! Did the system time change, or is the server overloaded? Running 2033ms behind, skipping 40 tick(s)
[00:46:45] [Server thread/WARN]: Can't keep up! Did the system time change, or is the server overloaded? Running 3787ms behind, skipping 75 tick(s)
[01:31:45] [Server thread/WARN]: Can't keep up! Did the system time change, or is the server overloaded? Running 2560ms behind, skipping 51 tick(s)
[02:06:46] [Server thread/WARN]: Can't keep up! Did the system time change, or is the server overloaded? Running 2201ms behind, skipping 44 tick(s)
[02:09:33] [Server thread/WARN]: Can't keep up! Did the system time change, or is the server overloaded? Running 3203ms behind, skipping 64 tick(s)
[04:11:47] [Server thread/WARN]: Can't keep up! Did the system time change, or is the server overloaded? Running 2134ms behind, skipping 42 tick(s)
[05:56:47] [pool-3-thread-30741/INFO]: [Vault] Checking for Updates ... 
[05:56:47] [pool-3-thread-30741/WARN]: [Vault] Stable Version: 1.5.3 is out! You are still running version: 1.5.0
[05:56:47] [pool-3-thread-30741/WARN]: [Vault] Update at: http://dev.bukkit.org/server-mods/vault
[06:21:47] [Server thread/WARN]: Can't keep up! Did the system time change, or is the server overloaded? Running 2632ms behind, skipping 52 tick(s)
[07:11:48] [Server thread/WARN]: Can't keep up! Did the system time change, or is the server overloaded? Running 2605ms behind, skipping 52 tick(s)
[07:21:49] [Server thread/WARN]: Can't keep up! Did the system time change, or is the server overloaded? Running 2587ms behind, skipping 51 tick(s)
[07:31:49] [Server thread/WARN]: Can't keep up! Did the system time change, or is the server overloaded? Running 2579ms behind, skipping 51 tick(s)
[07:41:50] [Server thread/WARN]: Can't keep up! Did the system time change, or is the server overloaded? Running 2803ms behind, skipping 56 tick(s)
[08:01:51] [Server thread/WARN]: Can't keep up! Did the system time change, or is the server overloaded? Running 2579ms behind, skipping 51 tick(s)
[08:06:51] [Server thread/WARN]: Can't keep up! Did the system time change, or is the server overloaded? Running 2004ms behind, skipping 40 tick(s)
[08:16:55] [Server thread/WARN]: Can't keep up! Did the system time change, or is the server overloaded? Running 6780ms behind, skipping 135 tick(s)
[08:21:56] [Server thread/WARN]: Can't keep up! Did the system time change, or is the server overloaded? Running 2109ms behind, skipping 42 tick(s)
[08:22:39] [Server thread/WARN]: Can't keep up! Did the system time change, or is the server overloaded? Running 4509ms behind, skipping 90 tick(s)
[08:26:58] [Server thread/WARN]: Can't keep up! Did the system time change, or is the server overloaded? Running 2222ms behind, skipping 44 tick(s)
[08:36:58] [Server thread/WARN]: Can't keep up! Did the system time change, or is the server overloaded? Running 2003ms behind, skipping 40 tick(s)
[09:01:59] [Server thread/WARN]: Can't keep up! Did the system time change, or is the server overloaded? Running 2649ms behind, skipping 52 tick(s)
[09:12:00] [Server thread/WARN]: Can't keep up! Did the system time change, or is the server overloaded? Running 2866ms behind, skipping 57 tick(s)
[09:52:00] [Server thread/WARN]: Can't keep up! Did the system time change, or is the server overloaded? Running 2106ms behind, skipping 42 tick(s)
[09:57:01] [Server thread/WARN]: Can't keep up! Did the system time change, or is the server overloaded? Running 2975ms behind, skipping 59 tick(s)
[10:07:02] [Server thread/WARN]: Can't keep up! Did the system time change, or is the server overloaded? Running 2757ms behind, skipping 55 tick(s)
[10:17:02] [Server thread/WARN]: Can't keep up! Did the system time change, or is the server overloaded? Running 2710ms behind, skipping 54 tick(s)
[10:27:03] [Server thread/WARN]: Can't keep up! Did the system time change, or is the server overloaded? Running 2809ms behind, skipping 56 tick(s)
[10:32:03] [Server thread/WARN]: Can't keep up! Did the system time change, or is the server overloaded? Running 2083ms behind, skipping 41 tick(s)
[10:32:36] [Server thread/WARN]: Can't keep up! Did the system time change, or is the server overloaded? Running 3756ms behind, skipping 75 tick(s)
[10:37:05] [Server thread/WARN]: Can't keep up! Did the system time change, or is the server overloaded? Running 2345ms behind, skipping 46 tick(s)
[10:42:06] [Server thread/WARN]: Can't keep up! Did the system time change, or is the server overloaded? Running 2349ms behind, skipping 46 tick(s)
[10:47:06] [Server thread/WARN]: Can't keep up! Did the system time change, or is the server overloaded? Running 2111ms behind, skipping 42 tick(s)
[10:57:08] [Server thread/WARN]: Can't keep up! Did the system time change, or is the server overloaded? Running 3804ms behind, skipping 76 tick(s)
[11:07:09] [Server thread/WARN]: Can't keep up! Did the system time change, or is the server overloaded? Running 3120ms behind, skipping 62 tick(s)
[11:12:09] [Server thread/WARN]: Can't keep up! Did the system time change, or is the server overloaded? Running 2156ms behind, skipping 43 tick(s)
[11:27:09] [Server thread/WARN]: Can't keep up! Did the system time change, or is the server overloaded? Running 2208ms behind, skipping 44 tick(s)
[11:32:09] [Server thread/WARN]: Can't keep up! Did the system time change, or is the server overloaded? Running 2111ms behind, skipping 42 tick(s)
[11:37:09] [Server thread/WARN]: Can't keep up! Did the system time change, or is the server overloaded? Running 2004ms behind, skipping 40 tick(s)
[11:42:10] [Server thread/WARN]: Can't keep up! Did the system time change, or is the server overloaded? Running 3263ms behind, skipping 65 tick(s)
[11:47:11] [Server thread/WARN]: Can't keep up! Did the system time change, or is the server overloaded? Running 2301ms behind, skipping 46 tick(s)
[11:52:11] [Server thread/WARN]: Can't keep up! Did the system time change, or is the server overloaded? Running 2492ms behind, skipping 49 tick(s)
[11:57:11] [pool-3-thread-30850/INFO]: [Vault] Checking for Updates ... 
[11:57:12] [pool-3-thread-30850/WARN]: [Vault] Stable Version: 1.5.3 is out! You are still running version: 1.5.0
[11:57:12] [pool-3-thread-30850/WARN]: [Vault] Update at: http://dev.bukkit.org/server-mods/vault
[12:02:13] [Server thread/WARN]: Can't keep up! Did the system time change, or is the server overloaded? Running 3499ms behind, skipping 69 tick(s)
[12:07:13] [Server thread/WARN]: Can't keep up! Did the system time change, or is the server overloaded? Running 2040ms behind, skipping 40 tick(s)
[12:27:13] [Server thread/WARN]: Can't keep up! Did the system time change, or is the server overloaded? Running 2697ms behind, skipping 53 tick(s)
[12:32:14] [Server thread/WARN]: Can't keep up! Did the system time change, or is the server overloaded? Running 2209ms behind, skipping 44 tick(s)
[12:57:14] [Server thread/WARN]: Can't keep up! Did the system time change, or is the server overloaded? Running 2611ms behind, skipping 52 tick(s)
[13:18:15] [pool-3-thread-30875/INFO]: [Metrics] Server returned HTTP response code: 504 for URL: http://mcstats.org/report/Multiverse-Core
[14:32:14] [Server thread/WARN]: Can't keep up! Did the system time change, or is the server overloaded? Running 2102ms behind, skipping 42 tick(s)
[14:42:14] [Server thread/WARN]: Can't keep up! Did the system time change, or is the server overloaded? Running 2007ms behind, skipping 40 tick(s)
[15:12:15] [Server thread/WARN]: Can't keep up! Did the system time change, or is the server overloaded? Running 2565ms behind, skipping 51 tick(s)
[15:17:16] [Server thread/WARN]: Can't keep up! Did the system time change, or is the server overloaded? Running 2859ms behind, skipping 57 tick(s)
[15:32:17] [Server thread/WARN]: Can't keep up! Did the system time change, or is the server overloaded? Running 2738ms behind, skipping 54 tick(s)
[15:52:17] [Server thread/WARN]: Can't keep up! Did the system time change, or is the server overloaded? Running 2607ms behind, skipping 52 tick(s)
[16:22:18] [Server thread/WARN]: Can't keep up! Did the system time change, or is the server overloaded? Running 2622ms behind, skipping 52 tick(s)
[16:32:18] [Server thread/WARN]: Can't keep up! Did the system time change, or is the server overloaded? Running 2076ms behind, skipping 41 tick(s)
[16:47:18] [Server thread/WARN]: Can't keep up! Did the system time change, or is the server overloaded? Running 2065ms behind, skipping 41 tick(s)
[16:52:19] [Server thread/WARN]: Can't keep up! Did the system time change, or is the server overloaded? Running 3290ms behind, skipping 65 tick(s)
[17:32:20] [Server thread/WARN]: Can't keep up! Did the system time change, or is the server overloaded? Running 2672ms behind, skipping 53 tick(s)
[17:48:20] [pool-3-thread-30956/INFO]: [Metrics] Server returned HTTP response code: 504 for URL: http://mcstats.org/report/Multiverse-Core
[17:57:20] [pool-3-thread-30959/INFO]: [Vault] Checking for Updates ... 
[17:57:22] [pool-3-thread-30959/WARN]: [Vault] Stable Version: 1.5.3 is out! You are still running version: 1.5.0
[17:57:22] [pool-3-thread-30959/WARN]: [Vault] Update at: http://dev.bukkit.org/server-mods/vault
[18:52:20] [Server thread/WARN]: Can't keep up! Did the system time change, or is the server overloaded? Running 2086ms behind, skipping 41 tick(s)
[19:02:20] [Server thread/WARN]: Can't keep up! Did the system time change, or is the server overloaded? Running 2172ms behind, skipping 43 tick(s)
[20:07:21] [Server thread/WARN]: Can't keep up! Did the system time change, or is the server overloaded? Running 2671ms behind, skipping 53 tick(s)
[20:27:21] [Server thread/WARN]: Can't keep up! Did the system time change, or is the server overloaded? Running 2577ms behind, skipping 51 tick(s)
[23:07:22] [Server thread/WARN]: Can't keep up! Did the system time change, or is the server overloaded? Running 2556ms behind, skipping 51 tick(s)
[23:22:23] [Server thread/WARN]: Can't keep up! Did the system time change, or is the server overloaded? Running 2591ms behind, skipping 51 tick(s)
[23:57:22] [pool-3-thread-31068/INFO]: [Vault] Checking for Updates ... 
[23:57:23] [pool-3-thread-31068/WARN]: [Vault] Stable Version: 1.5.3 is out! You are still running version: 1.5.0
[23:57:23] [pool-3-thread-31068/WARN]: [Vault] Update at: http://dev.bukkit.org/server-mods/vault
