[02:05:03] [Server thread/WARN]: Can't keep up! Did the system time change, or is the server overloaded? Running 2117ms behind, skipping 42 tick(s)
[03:25:03] [pool-3-thread-131/INFO]: [Vault] Checking for Updates ... 
[03:25:04] [pool-3-thread-131/WARN]: [Vault] Stable Version: 1.5.2 is out! You are still running version: 1.5.0
[03:25:04] [pool-3-thread-131/WARN]: [Vault] Update at: http://dev.bukkit.org/server-mods/vault
[09:25:03] [pool-3-thread-192/INFO]: [Vault] Checking for Updates ... 
[09:25:03] [pool-3-thread-192/WARN]: [Vault] Stable Version: 1.5.2 is out! You are still running version: 1.5.0
[09:25:03] [pool-3-thread-192/WARN]: [Vault] Update at: http://dev.bukkit.org/server-mods/vault
[13:55:10] [pool-3-thread-234/INFO]: [Metrics] Server returned HTTP response code: 502 for URL: http://mcstats.org/report/Multiverse-Core
[15:25:03] [pool-3-thread-254/INFO]: [Vault] Checking for Updates ... 
[15:25:04] [pool-3-thread-254/WARN]: [Vault] Stable Version: 1.5.2 is out! You are still running version: 1.5.0
[15:25:04] [pool-3-thread-254/WARN]: [Vault] Update at: http://dev.bukkit.org/server-mods/vault
[15:45:08] [pool-3-thread-257/INFO]: [Metrics] Server returned HTTP response code: 504 for URL: http://mcstats.org/report/Multiverse-Core
[15:55:10] [pool-3-thread-257/INFO]: [Metrics] Server returned HTTP response code: 502 for URL: http://mcstats.org/report/Multiverse-Core
[16:05:10] [pool-3-thread-260/INFO]: [Metrics] Server returned HTTP response code: 502 for URL: http://mcstats.org/report/Multiverse-Core
[16:15:10] [pool-3-thread-260/INFO]: [Metrics] Server returned HTTP response code: 502 for URL: http://mcstats.org/report/Multiverse-Core
[16:25:10] [pool-3-thread-260/INFO]: [Metrics] Server returned HTTP response code: 502 for URL: http://mcstats.org/report/Multiverse-Core
[16:35:10] [pool-3-thread-270/INFO]: [Metrics] Server returned HTTP response code: 502 for URL: http://mcstats.org/report/Multiverse-Core
[16:45:10] [pool-3-thread-273/INFO]: [Metrics] Server returned HTTP response code: 502 for URL: http://mcstats.org/report/Multiverse-Core
[16:55:10] [pool-3-thread-273/INFO]: [Metrics] Server returned HTTP response code: 502 for URL: http://mcstats.org/report/Multiverse-Core
[17:05:10] [pool-3-thread-277/INFO]: [Metrics] Server returned HTTP response code: 502 for URL: http://mcstats.org/report/Multiverse-Core
[17:15:10] [pool-3-thread-277/INFO]: [Metrics] Server returned HTTP response code: 502 for URL: http://mcstats.org/report/Multiverse-Core
[17:25:10] [pool-3-thread-277/INFO]: [Metrics] Server returned HTTP response code: 502 for URL: http://mcstats.org/report/Multiverse-Core
[17:35:10] [pool-3-thread-288/INFO]: [Metrics] Server returned HTTP response code: 502 for URL: http://mcstats.org/report/Multiverse-Core
[17:45:10] [pool-3-thread-288/INFO]: [Metrics] Server returned HTTP response code: 502 for URL: http://mcstats.org/report/Multiverse-Core
[17:55:10] [pool-3-thread-288/INFO]: [Metrics] Server returned HTTP response code: 502 for URL: http://mcstats.org/report/Multiverse-Core
[18:05:10] [pool-3-thread-288/INFO]: [Metrics] Server returned HTTP response code: 502 for URL: http://mcstats.org/report/Multiverse-Core
[18:15:10] [pool-3-thread-301/INFO]: [Metrics] Server returned HTTP response code: 502 for URL: http://mcstats.org/report/Multiverse-Core
[18:25:10] [pool-3-thread-301/INFO]: [Metrics] Server returned HTTP response code: 502 for URL: http://mcstats.org/report/Multiverse-Core
[18:35:10] [pool-3-thread-304/INFO]: [Metrics] Server returned HTTP response code: 502 for URL: http://mcstats.org/report/Multiverse-Core
[18:45:10] [pool-3-thread-309/INFO]: [Metrics] Server returned HTTP response code: 502 for URL: http://mcstats.org/report/Multiverse-Core
[18:55:10] [pool-3-thread-309/INFO]: [Metrics] Server returned HTTP response code: 502 for URL: http://mcstats.org/report/Multiverse-Core
[19:05:10] [pool-3-thread-314/INFO]: [Metrics] Server returned HTTP response code: 502 for URL: http://mcstats.org/report/Multiverse-Core
[19:15:10] [pool-3-thread-318/INFO]: [Metrics] Server returned HTTP response code: 502 for URL: http://mcstats.org/report/Multiverse-Core
[19:25:10] [pool-3-thread-318/INFO]: [Metrics] Server returned HTTP response code: 502 for URL: http://mcstats.org/report/Multiverse-Core
[19:35:10] [pool-3-thread-323/INFO]: [Metrics] Server returned HTTP response code: 502 for URL: http://mcstats.org/report/Multiverse-Core
[19:45:10] [pool-3-thread-328/INFO]: [Metrics] Server returned HTTP response code: 502 for URL: http://mcstats.org/report/Multiverse-Core
[19:55:10] [pool-3-thread-328/INFO]: [Metrics] Server returned HTTP response code: 502 for URL: http://mcstats.org/report/Multiverse-Core
[20:05:10] [pool-3-thread-331/INFO]: [Metrics] Server returned HTTP response code: 502 for URL: http://mcstats.org/report/Multiverse-Core
[20:15:10] [pool-3-thread-337/INFO]: [Metrics] Server returned HTTP response code: 502 for URL: http://mcstats.org/report/Multiverse-Core
[20:25:10] [pool-3-thread-337/INFO]: [Metrics] Server returned HTTP response code: 502 for URL: http://mcstats.org/report/Multiverse-Core
[20:35:10] [pool-3-thread-337/INFO]: [Metrics] Server returned HTTP response code: 502 for URL: http://mcstats.org/report/Multiverse-Core
[20:45:10] [pool-3-thread-346/INFO]: [Metrics] Server returned HTTP response code: 502 for URL: http://mcstats.org/report/Multiverse-Core
[20:55:10] [pool-3-thread-346/INFO]: [Metrics] Server returned HTTP response code: 502 for URL: http://mcstats.org/report/Multiverse-Core
[21:05:10] [pool-3-thread-346/INFO]: [Metrics] Server returned HTTP response code: 502 for URL: http://mcstats.org/report/Multiverse-Core
[21:15:10] [pool-3-thread-355/INFO]: [Metrics] Server returned HTTP response code: 502 for URL: http://mcstats.org/report/Multiverse-Core
[21:20:03] [Server thread/WARN]: Can't keep up! Did the system time change, or is the server overloaded? Running 2106ms behind, skipping 42 tick(s)
[21:25:03] [pool-3-thread-360/INFO]: [Vault] Checking for Updates ... 
[21:25:04] [pool-3-thread-360/WARN]: [Vault] Stable Version: 1.5.2 is out! You are still running version: 1.5.0
[21:25:04] [pool-3-thread-360/WARN]: [Vault] Update at: http://dev.bukkit.org/server-mods/vault
[21:25:10] [pool-3-thread-355/INFO]: [Metrics] Server returned HTTP response code: 502 for URL: http://mcstats.org/report/Multiverse-Core
[21:35:10] [pool-3-thread-355/INFO]: [Metrics] Server returned HTTP response code: 502 for URL: http://mcstats.org/report/Multiverse-Core
[21:45:10] [pool-3-thread-355/INFO]: [Metrics] Server returned HTTP response code: 502 for URL: http://mcstats.org/report/Multiverse-Core
[21:55:10] [pool-3-thread-355/INFO]: [Metrics] Server returned HTTP response code: 502 for URL: http://mcstats.org/report/Multiverse-Core
[22:05:03] [Server thread/WARN]: Can't keep up! Did the system time change, or is the server overloaded? Running 2007ms behind, skipping 40 tick(s)
[22:05:10] [pool-3-thread-355/INFO]: [Metrics] Server returned HTTP response code: 502 for URL: http://mcstats.org/report/Multiverse-Core
[22:15:10] [pool-3-thread-372/INFO]: [Metrics] Server returned HTTP response code: 502 for URL: http://mcstats.org/report/Multiverse-Core
[22:20:03] [Server thread/WARN]: Can't keep up! Did the system time change, or is the server overloaded? Running 2166ms behind, skipping 43 tick(s)
[22:25:10] [pool-3-thread-372/INFO]: [Metrics] Server returned HTTP response code: 502 for URL: http://mcstats.org/report/Multiverse-Core
[22:35:10] [pool-3-thread-377/INFO]: [Metrics] Server returned HTTP response code: 502 for URL: http://mcstats.org/report/Multiverse-Core
[22:45:11] [pool-3-thread-381/INFO]: [Metrics] Server returned HTTP response code: 502 for URL: http://mcstats.org/report/Multiverse-Core
[22:55:10] [pool-3-thread-381/INFO]: [Metrics] Server returned HTTP response code: 502 for URL: http://mcstats.org/report/Multiverse-Core
[23:05:10] [pool-3-thread-387/INFO]: [Metrics] Server returned HTTP response code: 502 for URL: http://mcstats.org/report/Multiverse-Core
[23:15:10] [pool-3-thread-387/INFO]: [Metrics] Server returned HTTP response code: 502 for URL: http://mcstats.org/report/Multiverse-Core
[23:25:10] [pool-3-thread-387/INFO]: [Metrics] Server returned HTTP response code: 502 for URL: http://mcstats.org/report/Multiverse-Core
[23:35:10] [pool-3-thread-396/INFO]: [Metrics] Server returned HTTP response code: 502 for URL: http://mcstats.org/report/Multiverse-Core
[23:45:10] [pool-3-thread-396/INFO]: [Metrics] Server returned HTTP response code: 502 for URL: http://mcstats.org/report/Multiverse-Core
[23:55:10] [pool-3-thread-396/INFO]: [Metrics] Server returned HTTP response code: 502 for URL: http://mcstats.org/report/Multiverse-Core
