[00:54:57] [Server thread/WARN]: Can't keep up! Did the system time change, or is the server overloaded? Running 2007ms behind, skipping 40 tick(s)
[01:59:52] [Server thread/INFO]: com.mojang.authlib.GameProfile@2c7cce46[id=<null>,name=Siroxone,properties={},legacy=false] (/213.89.201.232:52834) lost connection: Disconnected
[02:04:57] [Server thread/WARN]: Can't keep up! Did the system time change, or is the server overloaded? Running 2278ms behind, skipping 45 tick(s)
[04:14:57] [pool-3-thread-657/INFO]: [Vault] Checking for Updates ... 
[04:14:58] [pool-3-thread-657/WARN]: [Vault] Stable Version: 1.5.2 is out! You are still running version: 1.5.0
[04:14:58] [pool-3-thread-657/WARN]: [Vault] Update at: http://dev.bukkit.org/server-mods/vault
[08:15:04] [Server thread/WARN]: Can't keep up! Did the system time change, or is the server overloaded? Running 9027ms behind, skipping 180 tick(s)
[10:15:04] [pool-3-thread-766/INFO]: [Vault] Checking for Updates ... 
[10:15:05] [pool-3-thread-766/WARN]: [Vault] Stable Version: 1.5.2 is out! You are still running version: 1.5.0
[10:15:05] [pool-3-thread-766/WARN]: [Vault] Update at: http://dev.bukkit.org/server-mods/vault
[14:50:04] [Server thread/WARN]: Can't keep up! Did the system time change, or is the server overloaded? Running 2029ms behind, skipping 40 tick(s)
[15:50:05] [Server thread/WARN]: Can't keep up! Did the system time change, or is the server overloaded? Running 2574ms behind, skipping 51 tick(s)
[16:15:05] [pool-3-thread-875/INFO]: [Vault] Checking for Updates ... 
[16:15:05] [pool-3-thread-875/WARN]: [Vault] Stable Version: 1.5.2 is out! You are still running version: 1.5.0
[16:15:05] [pool-3-thread-875/WARN]: [Vault] Update at: http://dev.bukkit.org/server-mods/vault
[16:50:05] [Server thread/WARN]: Can't keep up! Did the system time change, or is the server overloaded? Running 2413ms behind, skipping 48 tick(s)
[17:48:20] [Server thread/WARN]: Can't keep up! Did the system time change, or is the server overloaded? Running 3791ms behind, skipping 75 tick(s)
[18:00:07] [Server thread/WARN]: Can't keep up! Did the system time change, or is the server overloaded? Running 2137ms behind, skipping 42 tick(s)
[18:20:07] [Server thread/WARN]: Can't keep up! Did the system time change, or is the server overloaded? Running 2147ms behind, skipping 42 tick(s)
[22:15:07] [pool-3-thread-984/INFO]: [Vault] Checking for Updates ... 
[22:15:08] [pool-3-thread-984/WARN]: [Vault] Stable Version: 1.5.2 is out! You are still running version: 1.5.0
[22:15:08] [pool-3-thread-984/WARN]: [Vault] Update at: http://dev.bukkit.org/server-mods/vault
