[00:02:44] [Server thread/WARN]: Can't keep up! Did the system time change, or is the server overloaded? Running 2217ms behind, skipping 44 tick(s)
[00:37:44] [Server thread/WARN]: Can't keep up! Did the system time change, or is the server overloaded? Running 2295ms behind, skipping 45 tick(s)
[00:42:45] [Server thread/WARN]: Can't keep up! Did the system time change, or is the server overloaded? Running 2677ms behind, skipping 53 tick(s)
[00:57:46] [Server thread/WARN]: Can't keep up! Did the system time change, or is the server overloaded? Running 2744ms behind, skipping 54 tick(s)
[03:07:46] [Server thread/WARN]: Can't keep up! Did the system time change, or is the server overloaded? Running 2335ms behind, skipping 46 tick(s)
[05:37:47] [Server thread/WARN]: Can't keep up! Did the system time change, or is the server overloaded? Running 2596ms behind, skipping 51 tick(s)
[05:47:47] [pool-3-thread-24637/INFO]: [Vault] Checking for Updates ... 
[05:47:47] [pool-3-thread-24637/WARN]: [Vault] Stable Version: 1.5.3 is out! You are still running version: 1.5.0
[05:47:47] [pool-3-thread-24637/WARN]: [Vault] Update at: http://dev.bukkit.org/server-mods/vault
[08:07:47] [Server thread/WARN]: Can't keep up! Did the system time change, or is the server overloaded? Running 2005ms behind, skipping 40 tick(s)
[08:12:47] [Server thread/WARN]: Can't keep up! Did the system time change, or is the server overloaded? Running 2029ms behind, skipping 40 tick(s)
[08:17:52] [Server thread/WARN]: Can't keep up! Did the system time change, or is the server overloaded? Running 6877ms behind, skipping 137 tick(s)
[09:12:52] [Server thread/WARN]: Can't keep up! Did the system time change, or is the server overloaded? Running 2194ms behind, skipping 43 tick(s)
[09:22:52] [Server thread/WARN]: Can't keep up! Did the system time change, or is the server overloaded? Running 2336ms behind, skipping 46 tick(s)
[09:52:52] [Server thread/WARN]: Can't keep up! Did the system time change, or is the server overloaded? Running 2047ms behind, skipping 40 tick(s)
[11:47:52] [pool-3-thread-24746/INFO]: [Vault] Checking for Updates ... 
[11:47:53] [pool-3-thread-24746/WARN]: [Vault] Stable Version: 1.5.3 is out! You are still running version: 1.5.0
[11:47:53] [pool-3-thread-24746/WARN]: [Vault] Update at: http://dev.bukkit.org/server-mods/vault
[12:02:53] [Server thread/WARN]: Can't keep up! Did the system time change, or is the server overloaded? Running 2442ms behind, skipping 48 tick(s)
[12:07:54] [Server thread/WARN]: Can't keep up! Did the system time change, or is the server overloaded? Running 2898ms behind, skipping 57 tick(s)
[12:42:55] [Server thread/WARN]: Can't keep up! Did the system time change, or is the server overloaded? Running 2867ms behind, skipping 57 tick(s)
[12:47:55] [Server thread/WARN]: Can't keep up! Did the system time change, or is the server overloaded? Running 2637ms behind, skipping 52 tick(s)
[12:57:55] [Server thread/WARN]: Can't keep up! Did the system time change, or is the server overloaded? Running 2118ms behind, skipping 42 tick(s)
[13:02:56] [Server thread/WARN]: Can't keep up! Did the system time change, or is the server overloaded? Running 2345ms behind, skipping 46 tick(s)
[13:17:56] [Server thread/WARN]: Can't keep up! Did the system time change, or is the server overloaded? Running 2384ms behind, skipping 47 tick(s)
[13:22:56] [Server thread/WARN]: Can't keep up! Did the system time change, or is the server overloaded? Running 2020ms behind, skipping 40 tick(s)
[13:32:56] [Server thread/WARN]: Can't keep up! Did the system time change, or is the server overloaded? Running 2017ms behind, skipping 40 tick(s)
[13:37:56] [Server thread/WARN]: Can't keep up! Did the system time change, or is the server overloaded? Running 2103ms behind, skipping 42 tick(s)
[13:42:57] [Server thread/WARN]: Can't keep up! Did the system time change, or is the server overloaded? Running 3194ms behind, skipping 63 tick(s)
[13:47:58] [Server thread/WARN]: Can't keep up! Did the system time change, or is the server overloaded? Running 2499ms behind, skipping 49 tick(s)
[13:52:58] [Server thread/WARN]: Can't keep up! Did the system time change, or is the server overloaded? Running 2110ms behind, skipping 42 tick(s)
[13:57:58] [Server thread/WARN]: Can't keep up! Did the system time change, or is the server overloaded? Running 2108ms behind, skipping 42 tick(s)
[14:07:59] [Server thread/WARN]: Can't keep up! Did the system time change, or is the server overloaded? Running 3395ms behind, skipping 67 tick(s)
[14:18:00] [Server thread/WARN]: Can't keep up! Did the system time change, or is the server overloaded? Running 2057ms behind, skipping 41 tick(s)
[14:23:00] [Server thread/WARN]: Can't keep up! Did the system time change, or is the server overloaded? Running 2229ms behind, skipping 44 tick(s)
[14:33:00] [Server thread/WARN]: Can't keep up! Did the system time change, or is the server overloaded? Running 2277ms behind, skipping 45 tick(s)
[14:38:00] [Server thread/WARN]: Can't keep up! Did the system time change, or is the server overloaded? Running 2286ms behind, skipping 45 tick(s)
[14:43:00] [Server thread/WARN]: Can't keep up! Did the system time change, or is the server overloaded? Running 2004ms behind, skipping 40 tick(s)
[14:48:01] [Server thread/WARN]: Can't keep up! Did the system time change, or is the server overloaded? Running 2205ms behind, skipping 44 tick(s)
[14:58:01] [Server thread/WARN]: Can't keep up! Did the system time change, or is the server overloaded? Running 2034ms behind, skipping 40 tick(s)
[15:03:02] [Server thread/WARN]: Can't keep up! Did the system time change, or is the server overloaded? Running 3319ms behind, skipping 66 tick(s)
[15:08:04] [Server thread/WARN]: Can't keep up! Did the system time change, or is the server overloaded? Running 4039ms behind, skipping 80 tick(s)
[15:08:19] [Server thread/WARN]: Can't keep up! Did the system time change, or is the server overloaded? Running 2196ms behind, skipping 43 tick(s)
[15:13:05] [Server thread/WARN]: Can't keep up! Did the system time change, or is the server overloaded? Running 3040ms behind, skipping 60 tick(s)
[15:18:03] [Server thread/WARN]: Can't keep up! Did the system time change, or is the server overloaded? Running 2827ms behind, skipping 56 tick(s)
[15:23:06] [Server thread/WARN]: Can't keep up! Did the system time change, or is the server overloaded? Running 2402ms behind, skipping 48 tick(s)
[15:28:09] [Server thread/WARN]: Can't keep up! Did the system time change, or is the server overloaded? Running 4908ms behind, skipping 98 tick(s)
[15:33:09] [Server thread/WARN]: Can't keep up! Did the system time change, or is the server overloaded? Running 2049ms behind, skipping 40 tick(s)
[15:38:10] [Server thread/WARN]: Can't keep up! Did the system time change, or is the server overloaded? Running 3047ms behind, skipping 60 tick(s)
[15:43:10] [Server thread/WARN]: Can't keep up! Did the system time change, or is the server overloaded? Running 2007ms behind, skipping 40 tick(s)
[15:48:12] [Server thread/WARN]: Can't keep up! Did the system time change, or is the server overloaded? Running 3728ms behind, skipping 74 tick(s)
[15:51:01] [Server thread/WARN]: Can't keep up! Did the system time change, or is the server overloaded? Running 2400ms behind, skipping 48 tick(s)
[15:53:14] [Server thread/WARN]: Can't keep up! Did the system time change, or is the server overloaded? Running 3478ms behind, skipping 69 tick(s)
[15:58:14] [Server thread/WARN]: Can't keep up! Did the system time change, or is the server overloaded? Running 2318ms behind, skipping 46 tick(s)
[16:02:20] [Server thread/WARN]: Can't keep up! Did the system time change, or is the server overloaded? Running 2364ms behind, skipping 47 tick(s)
[16:03:15] [Server thread/WARN]: Can't keep up! Did the system time change, or is the server overloaded? Running 2108ms behind, skipping 42 tick(s)
[16:08:15] [Server thread/WARN]: Can't keep up! Did the system time change, or is the server overloaded? Running 2052ms behind, skipping 41 tick(s)
[16:23:15] [Server thread/WARN]: Can't keep up! Did the system time change, or is the server overloaded? Running 2103ms behind, skipping 42 tick(s)
[16:28:15] [Server thread/WARN]: Can't keep up! Did the system time change, or is the server overloaded? Running 2003ms behind, skipping 40 tick(s)
[16:38:15] [Server thread/WARN]: Can't keep up! Did the system time change, or is the server overloaded? Running 2016ms behind, skipping 40 tick(s)
[16:53:15] [Server thread/WARN]: Can't keep up! Did the system time change, or is the server overloaded? Running 2129ms behind, skipping 42 tick(s)
[17:03:15] [Server thread/WARN]: Can't keep up! Did the system time change, or is the server overloaded? Running 2032ms behind, skipping 40 tick(s)
[17:08:15] [Server thread/WARN]: Can't keep up! Did the system time change, or is the server overloaded? Running 2071ms behind, skipping 41 tick(s)
[17:18:15] [Server thread/WARN]: Can't keep up! Did the system time change, or is the server overloaded? Running 2118ms behind, skipping 42 tick(s)
[17:23:15] [Server thread/WARN]: Can't keep up! Did the system time change, or is the server overloaded? Running 2168ms behind, skipping 43 tick(s)
[17:28:17] [Server thread/WARN]: Can't keep up! Did the system time change, or is the server overloaded? Running 3143ms behind, skipping 62 tick(s)
[17:33:17] [Server thread/WARN]: Can't keep up! Did the system time change, or is the server overloaded? Running 2229ms behind, skipping 44 tick(s)
[17:38:17] [Server thread/WARN]: Can't keep up! Did the system time change, or is the server overloaded? Running 2117ms behind, skipping 42 tick(s)
[17:43:17] [Server thread/WARN]: Can't keep up! Did the system time change, or is the server overloaded? Running 2043ms behind, skipping 40 tick(s)
[17:48:17] [Server thread/WARN]: Can't keep up! Did the system time change, or is the server overloaded? Running 2251ms behind, skipping 45 tick(s)
[17:48:17] [pool-3-thread-24855/INFO]: [Vault] Checking for Updates ... 
[17:48:18] [pool-3-thread-24855/WARN]: [Vault] Stable Version: 1.5.3 is out! You are still running version: 1.5.0
[17:48:18] [pool-3-thread-24855/WARN]: [Vault] Update at: http://dev.bukkit.org/server-mods/vault
[17:53:17] [Server thread/WARN]: Can't keep up! Did the system time change, or is the server overloaded? Running 2107ms behind, skipping 42 tick(s)
[17:58:18] [Server thread/WARN]: Can't keep up! Did the system time change, or is the server overloaded? Running 2186ms behind, skipping 43 tick(s)
[18:00:25] [pool-3-thread-24858/INFO]: [Metrics] Connection timed out
[18:03:18] [Server thread/WARN]: Can't keep up! Did the system time change, or is the server overloaded? Running 2309ms behind, skipping 46 tick(s)
[18:08:18] [Server thread/WARN]: Can't keep up! Did the system time change, or is the server overloaded? Running 2034ms behind, skipping 40 tick(s)
[18:08:18] [pool-3-thread-24862/INFO]: [Metrics] Server returned HTTP response code: 408 for URL: http://mcstats.org/report/Multiverse-Core
[18:18:18] [pool-3-thread-24863/INFO]: [Metrics] Server returned HTTP response code: 408 for URL: http://mcstats.org/report/Multiverse-Core
[18:28:18] [pool-3-thread-24867/INFO]: [Metrics] Server returned HTTP response code: 408 for URL: http://mcstats.org/report/Multiverse-Core
[18:48:18] [Server thread/WARN]: Can't keep up! Did the system time change, or is the server overloaded? Running 2036ms behind, skipping 40 tick(s)
[19:38:19] [Server thread/WARN]: Can't keep up! Did the system time change, or is the server overloaded? Running 2642ms behind, skipping 52 tick(s)
[19:48:19] [Server thread/WARN]: Can't keep up! Did the system time change, or is the server overloaded? Running 2843ms behind, skipping 56 tick(s)
[20:23:20] [Server thread/WARN]: Can't keep up! Did the system time change, or is the server overloaded? Running 3009ms behind, skipping 60 tick(s)
[20:33:21] [Server thread/WARN]: Can't keep up! Did the system time change, or is the server overloaded? Running 2160ms behind, skipping 43 tick(s)
[20:38:22] [Server thread/WARN]: Can't keep up! Did the system time change, or is the server overloaded? Running 3771ms behind, skipping 75 tick(s)
[20:43:23] [Server thread/WARN]: Can't keep up! Did the system time change, or is the server overloaded? Running 2232ms behind, skipping 44 tick(s)
[20:48:23] [Server thread/WARN]: Can't keep up! Did the system time change, or is the server overloaded? Running 2793ms behind, skipping 55 tick(s)
[20:53:24] [Server thread/WARN]: Can't keep up! Did the system time change, or is the server overloaded? Running 2411ms behind, skipping 48 tick(s)
[21:03:25] [Server thread/WARN]: Can't keep up! Did the system time change, or is the server overloaded? Running 2918ms behind, skipping 58 tick(s)
[21:13:25] [Server thread/WARN]: Can't keep up! Did the system time change, or is the server overloaded? Running 2040ms behind, skipping 40 tick(s)
[21:18:25] [Server thread/WARN]: Can't keep up! Did the system time change, or is the server overloaded? Running 2172ms behind, skipping 43 tick(s)
[21:23:26] [Server thread/WARN]: Can't keep up! Did the system time change, or is the server overloaded? Running 3131ms behind, skipping 62 tick(s)
[21:33:26] [Server thread/WARN]: Can't keep up! Did the system time change, or is the server overloaded? Running 2198ms behind, skipping 43 tick(s)
[21:38:26] [Server thread/WARN]: Can't keep up! Did the system time change, or is the server overloaded? Running 2027ms behind, skipping 40 tick(s)
[21:48:27] [Server thread/WARN]: Can't keep up! Did the system time change, or is the server overloaded? Running 3074ms behind, skipping 61 tick(s)
[21:53:28] [Server thread/WARN]: Can't keep up! Did the system time change, or is the server overloaded? Running 2820ms behind, skipping 56 tick(s)
[22:03:29] [Server thread/WARN]: Can't keep up! Did the system time change, or is the server overloaded? Running 2615ms behind, skipping 52 tick(s)
[22:28:29] [Server thread/WARN]: Can't keep up! Did the system time change, or is the server overloaded? Running 2612ms behind, skipping 52 tick(s)
[23:18:30] [Server thread/WARN]: Can't keep up! Did the system time change, or is the server overloaded? Running 2579ms behind, skipping 51 tick(s)
[23:43:31] [Server thread/WARN]: Can't keep up! Did the system time change, or is the server overloaded? Running 2733ms behind, skipping 54 tick(s)
[23:48:30] [pool-3-thread-24964/INFO]: [Vault] Checking for Updates ... 
[23:48:31] [pool-3-thread-24964/WARN]: [Vault] Stable Version: 1.5.3 is out! You are still running version: 1.5.0
[23:48:31] [pool-3-thread-24964/WARN]: [Vault] Update at: http://dev.bukkit.org/server-mods/vault
