[00:59:19] [Server thread/WARN]: Can't keep up! Did the system time change, or is the server overloaded? Running 2176ms behind, skipping 43 tick(s)
[01:04:19] [Server thread/WARN]: Can't keep up! Did the system time change, or is the server overloaded? Running 2781ms behind, skipping 55 tick(s)
[01:09:20] [Server thread/WARN]: Can't keep up! Did the system time change, or is the server overloaded? Running 2180ms behind, skipping 43 tick(s)
[01:14:20] [Server thread/WARN]: Can't keep up! Did the system time change, or is the server overloaded? Running 2327ms behind, skipping 46 tick(s)
[01:19:20] [Server thread/WARN]: Can't keep up! Did the system time change, or is the server overloaded? Running 2358ms behind, skipping 47 tick(s)
[01:24:21] [Server thread/WARN]: Can't keep up! Did the system time change, or is the server overloaded? Running 2344ms behind, skipping 46 tick(s)
[01:34:21] [Server thread/WARN]: Can't keep up! Did the system time change, or is the server overloaded? Running 2344ms behind, skipping 46 tick(s)
[01:39:21] [Server thread/WARN]: Can't keep up! Did the system time change, or is the server overloaded? Running 2365ms behind, skipping 47 tick(s)
[01:44:21] [Server thread/WARN]: Can't keep up! Did the system time change, or is the server overloaded? Running 2093ms behind, skipping 41 tick(s)
[01:49:22] [Server thread/WARN]: Can't keep up! Did the system time change, or is the server overloaded? Running 2147ms behind, skipping 42 tick(s)
[01:54:22] [Server thread/WARN]: Can't keep up! Did the system time change, or is the server overloaded? Running 2172ms behind, skipping 43 tick(s)
[01:59:22] [Server thread/WARN]: Can't keep up! Did the system time change, or is the server overloaded? Running 2347ms behind, skipping 46 tick(s)
[02:04:23] [Server thread/WARN]: Can't keep up! Did the system time change, or is the server overloaded? Running 3223ms behind, skipping 64 tick(s)
[02:09:25] [Server thread/WARN]: Can't keep up! Did the system time change, or is the server overloaded? Running 3486ms behind, skipping 69 tick(s)
[02:14:25] [Server thread/WARN]: Can't keep up! Did the system time change, or is the server overloaded? Running 2240ms behind, skipping 44 tick(s)
[02:19:25] [Server thread/WARN]: Can't keep up! Did the system time change, or is the server overloaded? Running 2370ms behind, skipping 47 tick(s)
[02:24:26] [Server thread/WARN]: Can't keep up! Did the system time change, or is the server overloaded? Running 2419ms behind, skipping 48 tick(s)
[02:29:26] [Server thread/WARN]: Can't keep up! Did the system time change, or is the server overloaded? Running 2259ms behind, skipping 45 tick(s)
[02:34:26] [Server thread/WARN]: Can't keep up! Did the system time change, or is the server overloaded? Running 2094ms behind, skipping 41 tick(s)
[02:39:26] [Server thread/WARN]: Can't keep up! Did the system time change, or is the server overloaded? Running 2239ms behind, skipping 44 tick(s)
[02:44:27] [Server thread/WARN]: Can't keep up! Did the system time change, or is the server overloaded? Running 2179ms behind, skipping 43 tick(s)
[02:54:27] [Server thread/WARN]: Can't keep up! Did the system time change, or is the server overloaded? Running 2202ms behind, skipping 44 tick(s)
[02:59:27] [Server thread/WARN]: Can't keep up! Did the system time change, or is the server overloaded? Running 2542ms behind, skipping 50 tick(s)
[03:04:28] [Server thread/WARN]: Can't keep up! Did the system time change, or is the server overloaded? Running 2934ms behind, skipping 58 tick(s)
[03:09:29] [Server thread/WARN]: Can't keep up! Did the system time change, or is the server overloaded? Running 2376ms behind, skipping 47 tick(s)
[03:14:29] [Server thread/WARN]: Can't keep up! Did the system time change, or is the server overloaded? Running 2405ms behind, skipping 48 tick(s)
[03:19:30] [Server thread/WARN]: Can't keep up! Did the system time change, or is the server overloaded? Running 2454ms behind, skipping 49 tick(s)
[03:24:30] [Server thread/WARN]: Can't keep up! Did the system time change, or is the server overloaded? Running 2429ms behind, skipping 48 tick(s)
[03:29:30] [Server thread/WARN]: Can't keep up! Did the system time change, or is the server overloaded? Running 2242ms behind, skipping 44 tick(s)
[03:34:31] [Server thread/WARN]: Can't keep up! Did the system time change, or is the server overloaded? Running 2562ms behind, skipping 51 tick(s)
[03:39:31] [Server thread/WARN]: Can't keep up! Did the system time change, or is the server overloaded? Running 2557ms behind, skipping 51 tick(s)
[03:44:32] [Server thread/WARN]: Can't keep up! Did the system time change, or is the server overloaded? Running 2199ms behind, skipping 43 tick(s)
[03:49:32] [Server thread/WARN]: Can't keep up! Did the system time change, or is the server overloaded? Running 2305ms behind, skipping 46 tick(s)
[03:54:32] [Server thread/WARN]: Can't keep up! Did the system time change, or is the server overloaded? Running 2181ms behind, skipping 43 tick(s)
[03:59:32] [Server thread/WARN]: Can't keep up! Did the system time change, or is the server overloaded? Running 2105ms behind, skipping 42 tick(s)
[04:04:33] [Server thread/WARN]: Can't keep up! Did the system time change, or is the server overloaded? Running 2583ms behind, skipping 51 tick(s)
[04:09:33] [Server thread/WARN]: Can't keep up! Did the system time change, or is the server overloaded? Running 2054ms behind, skipping 41 tick(s)
[04:14:33] [Server thread/WARN]: Can't keep up! Did the system time change, or is the server overloaded? Running 2256ms behind, skipping 45 tick(s)
[04:14:33] [pool-3-thread-221/INFO]: [Vault] Checking for Updates ... 
[04:14:34] [pool-3-thread-221/WARN]: [Vault] Stable Version: 1.5.2 is out! You are still running version: 1.5.0
[04:14:34] [pool-3-thread-221/WARN]: [Vault] Update at: http://dev.bukkit.org/server-mods/vault
[04:19:33] [Server thread/WARN]: Can't keep up! Did the system time change, or is the server overloaded? Running 2096ms behind, skipping 41 tick(s)
[04:24:34] [Server thread/WARN]: Can't keep up! Did the system time change, or is the server overloaded? Running 2390ms behind, skipping 47 tick(s)
[04:34:34] [Server thread/WARN]: Can't keep up! Did the system time change, or is the server overloaded? Running 2313ms behind, skipping 46 tick(s)
[04:39:34] [Server thread/WARN]: Can't keep up! Did the system time change, or is the server overloaded? Running 2064ms behind, skipping 41 tick(s)
[04:44:34] [Server thread/WARN]: Can't keep up! Did the system time change, or is the server overloaded? Running 2151ms behind, skipping 43 tick(s)
[04:49:34] [Server thread/WARN]: Can't keep up! Did the system time change, or is the server overloaded? Running 2201ms behind, skipping 44 tick(s)
[04:54:34] [Server thread/WARN]: Can't keep up! Did the system time change, or is the server overloaded? Running 2115ms behind, skipping 42 tick(s)
[04:59:35] [Server thread/WARN]: Can't keep up! Did the system time change, or is the server overloaded? Running 2244ms behind, skipping 44 tick(s)
[05:04:35] [Server thread/WARN]: Can't keep up! Did the system time change, or is the server overloaded? Running 2418ms behind, skipping 48 tick(s)
[05:09:35] [Server thread/WARN]: Can't keep up! Did the system time change, or is the server overloaded? Running 2165ms behind, skipping 43 tick(s)
[05:14:35] [Server thread/WARN]: Can't keep up! Did the system time change, or is the server overloaded? Running 2091ms behind, skipping 41 tick(s)
[05:19:36] [Server thread/WARN]: Can't keep up! Did the system time change, or is the server overloaded? Running 2741ms behind, skipping 54 tick(s)
[05:24:36] [Server thread/WARN]: Can't keep up! Did the system time change, or is the server overloaded? Running 2209ms behind, skipping 44 tick(s)
[05:29:36] [Server thread/WARN]: Can't keep up! Did the system time change, or is the server overloaded? Running 2031ms behind, skipping 40 tick(s)
[05:34:37] [Server thread/WARN]: Can't keep up! Did the system time change, or is the server overloaded? Running 2558ms behind, skipping 51 tick(s)
[05:36:44] [pool-3-thread-246/INFO]: [Metrics] Connection timed out
[05:39:37] [Server thread/WARN]: Can't keep up! Did the system time change, or is the server overloaded? Running 2241ms behind, skipping 44 tick(s)
[05:44:37] [Server thread/WARN]: Can't keep up! Did the system time change, or is the server overloaded? Running 2243ms behind, skipping 44 tick(s)
[05:49:37] [Server thread/WARN]: Can't keep up! Did the system time change, or is the server overloaded? Running 2013ms behind, skipping 40 tick(s)
[05:54:37] [Server thread/WARN]: Can't keep up! Did the system time change, or is the server overloaded? Running 2103ms behind, skipping 42 tick(s)
[05:54:38] [pool-3-thread-251/INFO]: [Metrics] Connection refused
[05:59:37] [Server thread/WARN]: Can't keep up! Did the system time change, or is the server overloaded? Running 2072ms behind, skipping 41 tick(s)
[06:04:38] [Server thread/WARN]: Can't keep up! Did the system time change, or is the server overloaded? Running 2112ms behind, skipping 42 tick(s)
[06:04:38] [pool-3-thread-255/INFO]: [Metrics] Server returned HTTP response code: 408 for URL: http://mcstats.org/report/Multiverse-Core
[06:09:38] [Server thread/WARN]: Can't keep up! Did the system time change, or is the server overloaded? Running 2082ms behind, skipping 41 tick(s)
[06:14:38] [Server thread/WARN]: Can't keep up! Did the system time change, or is the server overloaded? Running 2187ms behind, skipping 43 tick(s)
[06:19:38] [Server thread/WARN]: Can't keep up! Did the system time change, or is the server overloaded? Running 2061ms behind, skipping 41 tick(s)
[06:24:38] [Server thread/WARN]: Can't keep up! Did the system time change, or is the server overloaded? Running 2021ms behind, skipping 40 tick(s)
[06:29:38] [Server thread/WARN]: Can't keep up! Did the system time change, or is the server overloaded? Running 2085ms behind, skipping 41 tick(s)
[06:34:38] [Server thread/WARN]: Can't keep up! Did the system time change, or is the server overloaded? Running 2074ms behind, skipping 41 tick(s)
[06:34:38] [pool-3-thread-264/INFO]: [Metrics] Server returned HTTP response code: 408 for URL: http://mcstats.org/report/Multiverse-Core
[06:44:38] [Server thread/WARN]: Can't keep up! Did the system time change, or is the server overloaded? Running 2235ms behind, skipping 44 tick(s)
[06:49:38] [Server thread/WARN]: Can't keep up! Did the system time change, or is the server overloaded? Running 2067ms behind, skipping 41 tick(s)
[06:54:38] [Server thread/WARN]: Can't keep up! Did the system time change, or is the server overloaded? Running 2053ms behind, skipping 41 tick(s)
[06:59:38] [Server thread/WARN]: Can't keep up! Did the system time change, or is the server overloaded? Running 2017ms behind, skipping 40 tick(s)
[07:24:39] [Server thread/WARN]: Can't keep up! Did the system time change, or is the server overloaded? Running 2044ms behind, skipping 40 tick(s)
[07:54:39] [Server thread/WARN]: Can't keep up! Did the system time change, or is the server overloaded? Running 2035ms behind, skipping 40 tick(s)
[07:59:40] [Server thread/WARN]: Can't keep up! Did the system time change, or is the server overloaded? Running 3457ms behind, skipping 69 tick(s)
[08:04:43] [Server thread/WARN]: Can't keep up! Did the system time change, or is the server overloaded? Running 4898ms behind, skipping 97 tick(s)
[08:09:46] [Server thread/WARN]: Can't keep up! Did the system time change, or is the server overloaded? Running 5039ms behind, skipping 100 tick(s)
[08:14:51] [Server thread/WARN]: Can't keep up! Did the system time change, or is the server overloaded? Running 7359ms behind, skipping 147 tick(s)
[08:34:51] [Server thread/WARN]: Can't keep up! Did the system time change, or is the server overloaded? Running 2165ms behind, skipping 43 tick(s)
[09:09:53] [Server thread/WARN]: Can't keep up! Did the system time change, or is the server overloaded? Running 3140ms behind, skipping 62 tick(s)
[09:34:53] [Server thread/WARN]: Can't keep up! Did the system time change, or is the server overloaded? Running 2004ms behind, skipping 40 tick(s)
[09:44:53] [Server thread/WARN]: Can't keep up! Did the system time change, or is the server overloaded? Running 2178ms behind, skipping 43 tick(s)
[09:49:53] [Server thread/WARN]: Can't keep up! Did the system time change, or is the server overloaded? Running 2145ms behind, skipping 42 tick(s)
[10:14:53] [pool-3-thread-330/INFO]: [Vault] Checking for Updates ... 
[10:14:54] [pool-3-thread-330/WARN]: [Vault] Stable Version: 1.5.2 is out! You are still running version: 1.5.0
[10:14:54] [pool-3-thread-330/WARN]: [Vault] Update at: http://dev.bukkit.org/server-mods/vault
[11:19:53] [Server thread/WARN]: Can't keep up! Did the system time change, or is the server overloaded? Running 2018ms behind, skipping 40 tick(s)
[14:58:01] [Server thread/WARN]: Can't keep up! Did the system time change, or is the server overloaded? Running 4808ms behind, skipping 96 tick(s)
[15:44:56] [Server thread/WARN]: Can't keep up! Did the system time change, or is the server overloaded? Running 2065ms behind, skipping 41 tick(s)
[16:14:56] [pool-3-thread-439/INFO]: [Vault] Checking for Updates ... 
[16:14:57] [pool-3-thread-439/WARN]: [Vault] Stable Version: 1.5.2 is out! You are still running version: 1.5.0
[16:14:57] [pool-3-thread-439/WARN]: [Vault] Update at: http://dev.bukkit.org/server-mods/vault
[16:29:56] [Server thread/WARN]: Can't keep up! Did the system time change, or is the server overloaded? Running 2250ms behind, skipping 45 tick(s)
[16:34:56] [Server thread/WARN]: Can't keep up! Did the system time change, or is the server overloaded? Running 2115ms behind, skipping 42 tick(s)
[16:39:57] [Server thread/WARN]: Can't keep up! Did the system time change, or is the server overloaded? Running 2693ms behind, skipping 53 tick(s)
[20:24:57] [pool-3-thread-514/INFO]: [Metrics] Server returned HTTP response code: 408 for URL: http://mcstats.org/report/Multiverse-Core
[20:34:57] [pool-3-thread-518/INFO]: [Metrics] Server returned HTTP response code: 408 for URL: http://mcstats.org/report/Multiverse-Core
[20:47:04] [pool-3-thread-519/INFO]: [Metrics] Connection timed out
[20:57:04] [pool-3-thread-523/INFO]: [Metrics] Connection timed out
[21:17:04] [pool-3-thread-528/INFO]: [Metrics] Connection timed out
[21:31:53] [Server thread/INFO]: /213.89.201.232:49932 lost connection: Internal Exception: io.netty.handler.codec.DecoderException: The received string length is longer than maximum allowed (18 > 16)
[21:39:09] [Server thread/INFO]: com.mojang.authlib.GameProfile@36060053[id=<null>,name=Siroxone,properties={},legacy=false] (/213.89.201.232:50137) lost connection: Disconnected
[21:40:25] [Server thread/INFO]: com.mojang.authlib.GameProfile@6e998fc9[id=<null>,name=Siroxone,properties={},legacy=false] (/213.89.201.232:50196) lost connection: Disconnected
[22:14:43] [User Authenticator #5/INFO]: UUID of player Siroxone is 844d8459-0f52-434b-822e-5b4717f4c4f7
[22:14:44] [Server thread/INFO]: Siroxone[/213.89.201.232:51665] logged in with entity id 14611 at ([tutworld] -30.5, 103.0, -91.5)
[22:14:57] [pool-3-thread-547/INFO]: [Vault] Checking for Updates ... 
[22:14:58] [pool-3-thread-547/WARN]: [Vault] Stable Version: 1.5.2 is out! You are still running version: 1.5.0
[22:14:58] [pool-3-thread-547/WARN]: [Vault] Update at: http://dev.bukkit.org/server-mods/vault
[22:15:11] [Server thread/INFO]: Siroxone has just earned the achievement [Taking Inventory]
[22:18:56] [Server thread/INFO]: Siroxone lost connection: Disconnected
[22:18:56] [Server thread/INFO]: Siroxone left the game.
[22:19:57] [Server thread/WARN]: Can't keep up! Did the system time change, or is the server overloaded? Running 2107ms behind, skipping 42 tick(s)
[22:21:47] [pool-4-thread-1/INFO]: GroupManager - INFO -  Data files refreshed.
