[00:00:54] [Server thread/WARN]: Can't keep up! Did the system time change, or is the server overloaded? Running 2268ms behind, skipping 45 tick(s)
[00:10:54] [Server thread/WARN]: Can't keep up! Did the system time change, or is the server overloaded? Running 2163ms behind, skipping 43 tick(s)
[00:25:55] [Server thread/WARN]: Can't keep up! Did the system time change, or is the server overloaded? Running 2667ms behind, skipping 53 tick(s)
[01:45:55] [Server thread/WARN]: Can't keep up! Did the system time change, or is the server overloaded? Running 2607ms behind, skipping 52 tick(s)
[02:05:57] [Server thread/WARN]: Can't keep up! Did the system time change, or is the server overloaded? Running 3269ms behind, skipping 65 tick(s)
[02:10:57] [Server thread/WARN]: Can't keep up! Did the system time change, or is the server overloaded? Running 2172ms behind, skipping 43 tick(s)
[02:35:57] [Server thread/WARN]: Can't keep up! Did the system time change, or is the server overloaded? Running 2176ms behind, skipping 43 tick(s)
[02:40:58] [Server thread/WARN]: Can't keep up! Did the system time change, or is the server overloaded? Running 2589ms behind, skipping 51 tick(s)
[03:35:58] [Server thread/WARN]: Can't keep up! Did the system time change, or is the server overloaded? Running 2034ms behind, skipping 40 tick(s)
[04:35:58] [Server thread/WARN]: Can't keep up! Did the system time change, or is the server overloaded? Running 2057ms behind, skipping 41 tick(s)
[05:20:58] [Server thread/WARN]: Can't keep up! Did the system time change, or is the server overloaded? Running 2573ms behind, skipping 51 tick(s)
[05:45:59] [Server thread/WARN]: Can't keep up! Did the system time change, or is the server overloaded? Running 2822ms behind, skipping 56 tick(s)
[05:55:59] [pool-3-thread-30305/INFO]: [Vault] Checking for Updates ... 
[05:56:00] [pool-3-thread-30305/WARN]: [Vault] Stable Version: 1.5.3 is out! You are still running version: 1.5.0
[05:56:00] [pool-3-thread-30305/WARN]: [Vault] Update at: http://dev.bukkit.org/server-mods/vault
[06:26:00] [Server thread/WARN]: Can't keep up! Did the system time change, or is the server overloaded? Running 2674ms behind, skipping 53 tick(s)
[07:01:00] [Server thread/WARN]: Can't keep up! Did the system time change, or is the server overloaded? Running 2049ms behind, skipping 40 tick(s)
[08:06:00] [Server thread/WARN]: Can't keep up! Did the system time change, or is the server overloaded? Running 2376ms behind, skipping 47 tick(s)
[08:11:01] [Server thread/WARN]: Can't keep up! Did the system time change, or is the server overloaded? Running 2963ms behind, skipping 59 tick(s)
[08:16:06] [Server thread/WARN]: Can't keep up! Did the system time change, or is the server overloaded? Running 6393ms behind, skipping 127 tick(s)
[08:21:06] [Server thread/WARN]: Can't keep up! Did the system time change, or is the server overloaded? Running 2056ms behind, skipping 41 tick(s)
[09:36:06] [Server thread/WARN]: Can't keep up! Did the system time change, or is the server overloaded? Running 2769ms behind, skipping 55 tick(s)
[09:51:06] [Server thread/WARN]: Can't keep up! Did the system time change, or is the server overloaded? Running 2118ms behind, skipping 42 tick(s)
[10:01:07] [Server thread/WARN]: Can't keep up! Did the system time change, or is the server overloaded? Running 2346ms behind, skipping 46 tick(s)
[10:06:07] [Server thread/WARN]: Can't keep up! Did the system time change, or is the server overloaded? Running 2314ms behind, skipping 46 tick(s)
[10:11:07] [Server thread/WARN]: Can't keep up! Did the system time change, or is the server overloaded? Running 2174ms behind, skipping 43 tick(s)
[10:16:08] [Server thread/WARN]: Can't keep up! Did the system time change, or is the server overloaded? Running 2480ms behind, skipping 49 tick(s)
[10:21:08] [Server thread/WARN]: Can't keep up! Did the system time change, or is the server overloaded? Running 2123ms behind, skipping 42 tick(s)
[10:26:10] [Server thread/WARN]: Can't keep up! Did the system time change, or is the server overloaded? Running 3754ms behind, skipping 75 tick(s)
[10:31:10] [Server thread/WARN]: Can't keep up! Did the system time change, or is the server overloaded? Running 2047ms behind, skipping 40 tick(s)
[10:36:10] [Server thread/WARN]: Can't keep up! Did the system time change, or is the server overloaded? Running 2240ms behind, skipping 44 tick(s)
[10:41:10] [Server thread/WARN]: Can't keep up! Did the system time change, or is the server overloaded? Running 2140ms behind, skipping 42 tick(s)
[10:46:10] [Server thread/WARN]: Can't keep up! Did the system time change, or is the server overloaded? Running 2065ms behind, skipping 41 tick(s)
[10:51:10] [Server thread/WARN]: Can't keep up! Did the system time change, or is the server overloaded? Running 2084ms behind, skipping 41 tick(s)
[11:01:10] [Server thread/WARN]: Can't keep up! Did the system time change, or is the server overloaded? Running 2026ms behind, skipping 40 tick(s)
[11:11:11] [Server thread/WARN]: Can't keep up! Did the system time change, or is the server overloaded? Running 2242ms behind, skipping 44 tick(s)
[11:16:11] [Server thread/WARN]: Can't keep up! Did the system time change, or is the server overloaded? Running 2031ms behind, skipping 40 tick(s)
[11:26:11] [Server thread/WARN]: Can't keep up! Did the system time change, or is the server overloaded? Running 2049ms behind, skipping 40 tick(s)
[11:31:12] [Server thread/WARN]: Can't keep up! Did the system time change, or is the server overloaded? Running 3456ms behind, skipping 69 tick(s)
[11:56:12] [pool-3-thread-30414/INFO]: [Vault] Checking for Updates ... 
[11:56:13] [pool-3-thread-30414/WARN]: [Vault] Stable Version: 1.5.3 is out! You are still running version: 1.5.0
[11:56:13] [pool-3-thread-30414/WARN]: [Vault] Update at: http://dev.bukkit.org/server-mods/vault
[12:01:12] [Server thread/WARN]: Can't keep up! Did the system time change, or is the server overloaded? Running 2045ms behind, skipping 40 tick(s)
[12:06:13] [Server thread/WARN]: Can't keep up! Did the system time change, or is the server overloaded? Running 3309ms behind, skipping 66 tick(s)
[12:16:14] [Server thread/WARN]: Can't keep up! Did the system time change, or is the server overloaded? Running 2133ms behind, skipping 42 tick(s)
[12:26:14] [Server thread/WARN]: Can't keep up! Did the system time change, or is the server overloaded? Running 2024ms behind, skipping 40 tick(s)
[12:31:14] [Server thread/WARN]: Can't keep up! Did the system time change, or is the server overloaded? Running 2009ms behind, skipping 40 tick(s)
[12:36:14] [Server thread/WARN]: Can't keep up! Did the system time change, or is the server overloaded? Running 2002ms behind, skipping 40 tick(s)
[12:46:14] [Server thread/WARN]: Can't keep up! Did the system time change, or is the server overloaded? Running 2031ms behind, skipping 40 tick(s)
[13:01:14] [Server thread/WARN]: Can't keep up! Did the system time change, or is the server overloaded? Running 2022ms behind, skipping 40 tick(s)
[13:16:14] [Server thread/WARN]: Can't keep up! Did the system time change, or is the server overloaded? Running 2713ms behind, skipping 54 tick(s)
[13:41:15] [Server thread/WARN]: Can't keep up! Did the system time change, or is the server overloaded? Running 2669ms behind, skipping 53 tick(s)
[14:06:15] [Server thread/WARN]: Can't keep up! Did the system time change, or is the server overloaded? Running 2240ms behind, skipping 44 tick(s)
[14:11:15] [Server thread/WARN]: Can't keep up! Did the system time change, or is the server overloaded? Running 2207ms behind, skipping 44 tick(s)
[14:16:16] [Server thread/WARN]: Can't keep up! Did the system time change, or is the server overloaded? Running 2358ms behind, skipping 47 tick(s)
[14:21:17] [Server thread/WARN]: Can't keep up! Did the system time change, or is the server overloaded? Running 3225ms behind, skipping 64 tick(s)
[14:26:18] [Server thread/WARN]: Can't keep up! Did the system time change, or is the server overloaded? Running 2633ms behind, skipping 52 tick(s)
[14:31:19] [Server thread/WARN]: Can't keep up! Did the system time change, or is the server overloaded? Running 2951ms behind, skipping 59 tick(s)
[14:36:19] [Server thread/WARN]: Can't keep up! Did the system time change, or is the server overloaded? Running 2100ms behind, skipping 42 tick(s)
[14:41:19] [Server thread/WARN]: Can't keep up! Did the system time change, or is the server overloaded? Running 2125ms behind, skipping 42 tick(s)
[14:56:19] [Server thread/WARN]: Can't keep up! Did the system time change, or is the server overloaded? Running 2077ms behind, skipping 41 tick(s)
[15:11:19] [Server thread/WARN]: Can't keep up! Did the system time change, or is the server overloaded? Running 2071ms behind, skipping 41 tick(s)
[15:26:20] [Server thread/WARN]: Can't keep up! Did the system time change, or is the server overloaded? Running 2734ms behind, skipping 54 tick(s)
[15:31:20] [Server thread/WARN]: Can't keep up! Did the system time change, or is the server overloaded? Running 2431ms behind, skipping 48 tick(s)
[15:36:21] [Server thread/WARN]: Can't keep up! Did the system time change, or is the server overloaded? Running 2718ms behind, skipping 54 tick(s)
[15:41:22] [Server thread/WARN]: Can't keep up! Did the system time change, or is the server overloaded? Running 2643ms behind, skipping 52 tick(s)
[15:46:22] [Server thread/WARN]: Can't keep up! Did the system time change, or is the server overloaded? Running 2123ms behind, skipping 42 tick(s)
[15:47:22] [pool-3-thread-30484/INFO]: [Metrics] Server returned HTTP response code: 504 for URL: http://mcstats.org/report/Multiverse-Core
[15:51:23] [Server thread/WARN]: Can't keep up! Did the system time change, or is the server overloaded? Running 2929ms behind, skipping 58 tick(s)
[15:56:23] [Server thread/WARN]: Can't keep up! Did the system time change, or is the server overloaded? Running 2717ms behind, skipping 54 tick(s)
[16:01:24] [Server thread/WARN]: Can't keep up! Did the system time change, or is the server overloaded? Running 2678ms behind, skipping 53 tick(s)
[16:06:24] [Server thread/WARN]: Can't keep up! Did the system time change, or is the server overloaded? Running 2372ms behind, skipping 47 tick(s)
[16:10:38] [Server thread/WARN]: Can't keep up! Did the system time change, or is the server overloaded? Running 3037ms behind, skipping 60 tick(s)
[16:11:26] [Server thread/WARN]: Can't keep up! Did the system time change, or is the server overloaded? Running 2245ms behind, skipping 44 tick(s)
[16:16:26] [Server thread/WARN]: Can't keep up! Did the system time change, or is the server overloaded? Running 2640ms behind, skipping 52 tick(s)
[16:21:26] [Server thread/WARN]: Can't keep up! Did the system time change, or is the server overloaded? Running 2038ms behind, skipping 40 tick(s)
[16:26:26] [Server thread/WARN]: Can't keep up! Did the system time change, or is the server overloaded? Running 2205ms behind, skipping 44 tick(s)
[16:31:27] [Server thread/WARN]: Can't keep up! Did the system time change, or is the server overloaded? Running 2403ms behind, skipping 48 tick(s)
[16:36:27] [Server thread/WARN]: Can't keep up! Did the system time change, or is the server overloaded? Running 2153ms behind, skipping 43 tick(s)
[16:41:27] [Server thread/WARN]: Can't keep up! Did the system time change, or is the server overloaded? Running 2054ms behind, skipping 41 tick(s)
[16:46:28] [Server thread/WARN]: Can't keep up! Did the system time change, or is the server overloaded? Running 2460ms behind, skipping 49 tick(s)
[16:51:28] [Server thread/WARN]: Can't keep up! Did the system time change, or is the server overloaded? Running 2187ms behind, skipping 43 tick(s)
[16:56:28] [Server thread/WARN]: Can't keep up! Did the system time change, or is the server overloaded? Running 2244ms behind, skipping 44 tick(s)
[17:01:28] [Server thread/WARN]: Can't keep up! Did the system time change, or is the server overloaded? Running 2236ms behind, skipping 44 tick(s)
[17:06:28] [Server thread/WARN]: Can't keep up! Did the system time change, or is the server overloaded? Running 2034ms behind, skipping 40 tick(s)
[17:11:28] [Server thread/WARN]: Can't keep up! Did the system time change, or is the server overloaded? Running 2002ms behind, skipping 40 tick(s)
[17:26:28] [Server thread/WARN]: Can't keep up! Did the system time change, or is the server overloaded? Running 2099ms behind, skipping 41 tick(s)
[17:41:28] [Server thread/WARN]: Can't keep up! Did the system time change, or is the server overloaded? Running 2011ms behind, skipping 40 tick(s)
[17:46:29] [Server thread/WARN]: Can't keep up! Did the system time change, or is the server overloaded? Running 2978ms behind, skipping 59 tick(s)
[17:51:30] [Server thread/WARN]: Can't keep up! Did the system time change, or is the server overloaded? Running 2268ms behind, skipping 45 tick(s)
[17:55:09] [User Authenticator #10/INFO]: UUID of player FabboCJ is 71099085-8677-4003-b144-d3ef69961fd4
[17:55:09] [Server thread/INFO]: FabboCJ[/37.46.178.157:55166] logged in with entity id 280191 at ([tutworld] 1287.6080171576593, 63.0, 3144.6833106556182)
[17:56:32] [Server thread/WARN]: Can't keep up! Did the system time change, or is the server overloaded? Running 4480ms behind, skipping 89 tick(s)
[17:56:32] [pool-3-thread-30523/INFO]: [Vault] Checking for Updates ... 
[17:56:33] [pool-3-thread-30523/WARN]: [Vault] Stable Version: 1.5.3 is out! You are still running version: 1.5.0
[17:56:33] [pool-3-thread-30523/WARN]: [Vault] Update at: http://dev.bukkit.org/server-mods/vault
[18:01:32] [Server thread/WARN]: Can't keep up! Did the system time change, or is the server overloaded? Running 2115ms behind, skipping 42 tick(s)
[18:06:32] [Server thread/WARN]: Can't keep up! Did the system time change, or is the server overloaded? Running 2025ms behind, skipping 40 tick(s)
[18:11:32] [Server thread/WARN]: Can't keep up! Did the system time change, or is the server overloaded? Running 2101ms behind, skipping 42 tick(s)
[18:16:32] [Server thread/WARN]: Can't keep up! Did the system time change, or is the server overloaded? Running 2027ms behind, skipping 40 tick(s)
[18:21:32] [Server thread/WARN]: Can't keep up! Did the system time change, or is the server overloaded? Running 2056ms behind, skipping 41 tick(s)
[18:26:32] [Server thread/WARN]: Can't keep up! Did the system time change, or is the server overloaded? Running 2055ms behind, skipping 41 tick(s)
[18:31:33] [Server thread/WARN]: Can't keep up! Did the system time change, or is the server overloaded? Running 2024ms behind, skipping 40 tick(s)
[18:36:33] [Server thread/WARN]: Can't keep up! Did the system time change, or is the server overloaded? Running 2063ms behind, skipping 41 tick(s)
[18:41:33] [Server thread/WARN]: Can't keep up! Did the system time change, or is the server overloaded? Running 2046ms behind, skipping 40 tick(s)
[18:46:33] [Server thread/WARN]: Can't keep up! Did the system time change, or is the server overloaded? Running 2063ms behind, skipping 41 tick(s)
[18:51:34] [Server thread/WARN]: Can't keep up! Did the system time change, or is the server overloaded? Running 3148ms behind, skipping 62 tick(s)
[18:56:34] [Server thread/WARN]: Can't keep up! Did the system time change, or is the server overloaded? Running 2014ms behind, skipping 40 tick(s)
[19:01:34] [Server thread/WARN]: Can't keep up! Did the system time change, or is the server overloaded? Running 2136ms behind, skipping 42 tick(s)
[19:06:34] [Server thread/WARN]: Can't keep up! Did the system time change, or is the server overloaded? Running 2124ms behind, skipping 42 tick(s)
[19:11:34] [Server thread/WARN]: Can't keep up! Did the system time change, or is the server overloaded? Running 2083ms behind, skipping 41 tick(s)
[19:16:34] [Server thread/WARN]: Can't keep up! Did the system time change, or is the server overloaded? Running 2013ms behind, skipping 40 tick(s)
[19:21:34] [Server thread/WARN]: Can't keep up! Did the system time change, or is the server overloaded? Running 2009ms behind, skipping 40 tick(s)
[19:26:34] [Server thread/WARN]: Can't keep up! Did the system time change, or is the server overloaded? Running 2023ms behind, skipping 40 tick(s)
[19:36:28] [Server thread/INFO]: FabboCJ lost connection: Disconnected
[19:36:28] [Server thread/INFO]: FabboCJ left the game.
[19:47:34] [pool-3-thread-30557/INFO]: [Metrics] Server returned HTTP response code: 504 for URL: http://mcstats.org/report/Multiverse-Core
[20:16:35] [Server thread/WARN]: Can't keep up! Did the system time change, or is the server overloaded? Running 2601ms behind, skipping 52 tick(s)
[20:26:37] [Server thread/WARN]: Can't keep up! Did the system time change, or is the server overloaded? Running 4027ms behind, skipping 80 tick(s)
[20:46:38] [Server thread/WARN]: Can't keep up! Did the system time change, or is the server overloaded? Running 2761ms behind, skipping 55 tick(s)
[20:56:38] [Server thread/WARN]: Can't keep up! Did the system time change, or is the server overloaded? Running 2607ms behind, skipping 52 tick(s)
[21:22:42] [User Authenticator #11/INFO]: UUID of player FabboCJ is 71099085-8677-4003-b144-d3ef69961fd4
[21:22:42] [Server thread/INFO]: FabboCJ[/37.46.178.157:56626] logged in with entity id 283599 at ([tutworld] 1404.180966957859, 66.0, 3229.1151528969194)
[21:26:38] [Server thread/WARN]: Can't keep up! Did the system time change, or is the server overloaded? Running 2085ms behind, skipping 41 tick(s)
[21:31:38] [Server thread/WARN]: Can't keep up! Did the system time change, or is the server overloaded? Running 2101ms behind, skipping 42 tick(s)
[21:36:39] [Server thread/WARN]: Can't keep up! Did the system time change, or is the server overloaded? Running 2095ms behind, skipping 41 tick(s)
[21:41:39] [Server thread/WARN]: Can't keep up! Did the system time change, or is the server overloaded? Running 2017ms behind, skipping 40 tick(s)
[21:46:39] [Server thread/WARN]: Can't keep up! Did the system time change, or is the server overloaded? Running 2816ms behind, skipping 56 tick(s)
[21:47:40] [pool-3-thread-30593/INFO]: [Metrics] Server returned HTTP response code: 504 for URL: http://mcstats.org/report/Multiverse-Core
[21:51:40] [Server thread/WARN]: Can't keep up! Did the system time change, or is the server overloaded? Running 2536ms behind, skipping 50 tick(s)
[21:56:40] [Server thread/WARN]: Can't keep up! Did the system time change, or is the server overloaded? Running 2011ms behind, skipping 40 tick(s)
[22:06:40] [Server thread/WARN]: Can't keep up! Did the system time change, or is the server overloaded? Running 2418ms behind, skipping 48 tick(s)
[22:11:40] [Server thread/WARN]: Can't keep up! Did the system time change, or is the server overloaded? Running 2007ms behind, skipping 40 tick(s)
[22:21:40] [Server thread/WARN]: Can't keep up! Did the system time change, or is the server overloaded? Running 2123ms behind, skipping 42 tick(s)
[22:36:41] [Server thread/WARN]: Can't keep up! Did the system time change, or is the server overloaded? Running 2088ms behind, skipping 41 tick(s)
[22:51:41] [Server thread/WARN]: Can't keep up! Did the system time change, or is the server overloaded? Running 2141ms behind, skipping 42 tick(s)
[22:56:41] [Server thread/WARN]: Can't keep up! Did the system time change, or is the server overloaded? Running 2014ms behind, skipping 40 tick(s)
[23:06:41] [Server thread/WARN]: Can't keep up! Did the system time change, or is the server overloaded? Running 2101ms behind, skipping 42 tick(s)
[23:07:35] [Server thread/INFO]: FabboCJ lost connection: Internal Exception: java.io.IOException: Connection reset by peer
[23:07:35] [Server thread/INFO]: FabboCJ left the game.
[23:08:15] [User Authenticator #12/INFO]: UUID of player FabboCJ is 71099085-8677-4003-b144-d3ef69961fd4
[23:08:15] [Server thread/INFO]: FabboCJ[/37.46.178.157:58646] logged in with entity id 285064 at ([tutworld] 1382.2048327497855, 66.0, 3230.2701782911577)
[23:11:41] [Server thread/WARN]: Can't keep up! Did the system time change, or is the server overloaded? Running 2015ms behind, skipping 40 tick(s)
[23:16:41] [Server thread/WARN]: Can't keep up! Did the system time change, or is the server overloaded? Running 2001ms behind, skipping 40 tick(s)
[23:21:41] [Server thread/WARN]: Can't keep up! Did the system time change, or is the server overloaded? Running 2230ms behind, skipping 44 tick(s)
[23:26:41] [Server thread/WARN]: Can't keep up! Did the system time change, or is the server overloaded? Running 2080ms behind, skipping 41 tick(s)
[23:31:41] [Server thread/WARN]: Can't keep up! Did the system time change, or is the server overloaded? Running 2101ms behind, skipping 42 tick(s)
[23:36:41] [Server thread/WARN]: Can't keep up! Did the system time change, or is the server overloaded? Running 2159ms behind, skipping 43 tick(s)
[23:41:41] [Server thread/WARN]: Can't keep up! Did the system time change, or is the server overloaded? Running 2087ms behind, skipping 41 tick(s)
[23:46:42] [Server thread/WARN]: Can't keep up! Did the system time change, or is the server overloaded? Running 2106ms behind, skipping 42 tick(s)
[23:51:42] [Server thread/WARN]: Can't keep up! Did the system time change, or is the server overloaded? Running 2301ms behind, skipping 46 tick(s)
[23:56:42] [Server thread/WARN]: Can't keep up! Did the system time change, or is the server overloaded? Running 2134ms behind, skipping 42 tick(s)
[23:56:42] [pool-3-thread-30631/INFO]: [Vault] Checking for Updates ... 
[23:56:43] [pool-3-thread-30631/WARN]: [Vault] Stable Version: 1.5.3 is out! You are still running version: 1.5.0
[23:56:43] [pool-3-thread-30631/WARN]: [Vault] Update at: http://dev.bukkit.org/server-mods/vault
