[01:51:46] [Server thread/WARN]: Can't keep up! Did the system time change, or is the server overloaded? Running 2539ms behind, skipping 50 tick(s)
[02:06:46] [Server thread/WARN]: Can't keep up! Did the system time change, or is the server overloaded? Running 2300ms behind, skipping 46 tick(s)
[02:16:46] [Server thread/WARN]: Can't keep up! Did the system time change, or is the server overloaded? Running 2551ms behind, skipping 51 tick(s)
[03:16:47] [Server thread/WARN]: Can't keep up! Did the system time change, or is the server overloaded? Running 2545ms behind, skipping 50 tick(s)
[03:21:48] [Server thread/WARN]: Can't keep up! Did the system time change, or is the server overloaded? Running 2530ms behind, skipping 50 tick(s)
[04:26:47] [pool-3-thread-18969/INFO]: [Vault] Checking for Updates ... 
[04:26:48] [pool-3-thread-18969/WARN]: [Vault] Stable Version: 1.5.3 is out! You are still running version: 1.5.0
[04:26:48] [pool-3-thread-18969/WARN]: [Vault] Update at: http://dev.bukkit.org/server-mods/vault
[05:21:48] [Server thread/WARN]: Can't keep up! Did the system time change, or is the server overloaded? Running 2106ms behind, skipping 42 tick(s)
[06:16:48] [Server thread/WARN]: Can't keep up! Did the system time change, or is the server overloaded? Running 2507ms behind, skipping 50 tick(s)
[07:01:48] [Server thread/WARN]: Can't keep up! Did the system time change, or is the server overloaded? Running 2038ms behind, skipping 40 tick(s)
[07:41:49] [Server thread/WARN]: Can't keep up! Did the system time change, or is the server overloaded? Running 2532ms behind, skipping 50 tick(s)
[09:06:49] [Server thread/WARN]: Can't keep up! Did the system time change, or is the server overloaded? Running 2562ms behind, skipping 51 tick(s)
[10:26:49] [pool-3-thread-19078/INFO]: [Vault] Checking for Updates ... 
[10:26:50] [pool-3-thread-19078/WARN]: [Vault] Stable Version: 1.5.3 is out! You are still running version: 1.5.0
[10:26:50] [pool-3-thread-19078/WARN]: [Vault] Update at: http://dev.bukkit.org/server-mods/vault
[11:56:50] [Server thread/WARN]: Can't keep up! Did the system time change, or is the server overloaded? Running 2567ms behind, skipping 51 tick(s)
[13:06:50] [Server thread/WARN]: Can't keep up! Did the system time change, or is the server overloaded? Running 2652ms behind, skipping 53 tick(s)
[13:31:51] [Server thread/WARN]: Can't keep up! Did the system time change, or is the server overloaded? Running 2676ms behind, skipping 53 tick(s)
[14:01:52] [Server thread/WARN]: Can't keep up! Did the system time change, or is the server overloaded? Running 2958ms behind, skipping 59 tick(s)
[14:31:53] [Server thread/WARN]: Can't keep up! Did the system time change, or is the server overloaded? Running 2678ms behind, skipping 53 tick(s)
[15:06:54] [Server thread/WARN]: Can't keep up! Did the system time change, or is the server overloaded? Running 3014ms behind, skipping 60 tick(s)
[15:56:54] [Server thread/WARN]: Can't keep up! Did the system time change, or is the server overloaded? Running 2568ms behind, skipping 51 tick(s)
[16:26:54] [pool-3-thread-19187/INFO]: [Vault] Checking for Updates ... 
[16:26:55] [pool-3-thread-19187/WARN]: [Vault] Stable Version: 1.5.3 is out! You are still running version: 1.5.0
[16:26:55] [pool-3-thread-19187/WARN]: [Vault] Update at: http://dev.bukkit.org/server-mods/vault
[17:31:55] [Server thread/WARN]: Can't keep up! Did the system time change, or is the server overloaded? Running 2508ms behind, skipping 50 tick(s)
[18:59:02] [pool-3-thread-19231/INFO]: [Metrics] Connection timed out
[19:06:56] [Server thread/WARN]: Can't keep up! Did the system time change, or is the server overloaded? Running 2690ms behind, skipping 53 tick(s)
[19:06:56] [pool-3-thread-19235/INFO]: [Metrics] Server returned HTTP response code: 408 for URL: http://mcstats.org/report/Multiverse-Core
[19:16:55] [pool-3-thread-19239/INFO]: [Metrics] Server returned HTTP response code: 408 for URL: http://mcstats.org/report/Multiverse-Core
[19:26:56] [Server thread/WARN]: Can't keep up! Did the system time change, or is the server overloaded? Running 2531ms behind, skipping 50 tick(s)
[19:46:57] [Server thread/WARN]: Can't keep up! Did the system time change, or is the server overloaded? Running 2540ms behind, skipping 50 tick(s)
[20:21:57] [Server thread/WARN]: Can't keep up! Did the system time change, or is the server overloaded? Running 2037ms behind, skipping 40 tick(s)
[21:01:57] [Server thread/WARN]: Can't keep up! Did the system time change, or is the server overloaded? Running 2548ms behind, skipping 50 tick(s)
[21:56:58] [Server thread/WARN]: Can't keep up! Did the system time change, or is the server overloaded? Running 2561ms behind, skipping 51 tick(s)
[22:26:58] [pool-3-thread-19296/INFO]: [Vault] Checking for Updates ... 
[22:26:58] [pool-3-thread-19296/WARN]: [Vault] Stable Version: 1.5.3 is out! You are still running version: 1.5.0
[22:26:58] [pool-3-thread-19296/WARN]: [Vault] Update at: http://dev.bukkit.org/server-mods/vault
[23:11:58] [Server thread/WARN]: Can't keep up! Did the system time change, or is the server overloaded? Running 2028ms behind, skipping 40 tick(s)
[23:36:59] [Server thread/WARN]: Can't keep up! Did the system time change, or is the server overloaded? Running 2721ms behind, skipping 54 tick(s)
