[00:13:04] [Server thread/WARN]: Can't keep up! Did the system time change, or is the server overloaded? Running 2357ms behind, skipping 47 tick(s)
[00:29:46] [Server thread/WARN]: Can't keep up! Did the system time change, or is the server overloaded? Running 3267ms behind, skipping 65 tick(s)
[00:42:30] [Server thread/WARN]: Can't keep up! Did the system time change, or is the server overloaded? Running 2564ms behind, skipping 51 tick(s)
[00:51:34] [Server thread/WARN]: Can't keep up! Did the system time change, or is the server overloaded? Running 8815ms behind, skipping 176 tick(s)
[01:14:01] [Server thread/WARN]: Can't keep up! Did the system time change, or is the server overloaded? Running 12687ms behind, skipping 253 tick(s)
[01:41:08] [Server thread/WARN]: Can't keep up! Did the system time change, or is the server overloaded? Running 2647ms behind, skipping 52 tick(s)
[01:41:27] [Server thread/WARN]: Can't keep up! Did the system time change, or is the server overloaded? Running 3138ms behind, skipping 62 tick(s)
[01:41:47] [Server thread/WARN]: Can't keep up! Did the system time change, or is the server overloaded? Running 3660ms behind, skipping 73 tick(s)
[01:43:29] [Server thread/WARN]: Can't keep up! Did the system time change, or is the server overloaded? Running 2023ms behind, skipping 40 tick(s)
[01:43:50] [Server thread/WARN]: Can't keep up! Did the system time change, or is the server overloaded? Running 3609ms behind, skipping 72 tick(s)
[01:44:11] [Server thread/WARN]: Can't keep up! Did the system time change, or is the server overloaded? Running 2369ms behind, skipping 47 tick(s)
[01:49:47] [Server thread/WARN]: Can't keep up! Did the system time change, or is the server overloaded? Running 2202ms behind, skipping 44 tick(s)
[01:54:18] [Server thread/WARN]: Can't keep up! Did the system time change, or is the server overloaded? Running 28890ms behind, skipping 577 tick(s)
[02:07:35] [Server thread/WARN]: Can't keep up! Did the system time change, or is the server overloaded? Running 5694ms behind, skipping 113 tick(s)
[02:15:02] [Server thread/WARN]: Can't keep up! Did the system time change, or is the server overloaded? Running 2134ms behind, skipping 42 tick(s)
[02:28:25] [Server thread/WARN]: FabboCJ moved wrongly!
[02:37:42] [Server thread/WARN]: Can't keep up! Did the system time change, or is the server overloaded? Running 4147ms behind, skipping 82 tick(s)
[02:38:35] [Server thread/WARN]: Can't keep up! Did the system time change, or is the server overloaded? Running 12049ms behind, skipping 240 tick(s)
[02:53:22] [Server thread/WARN]: Can't keep up! Did the system time change, or is the server overloaded? Running 2383ms behind, skipping 47 tick(s)
[02:53:48] [Server thread/WARN]: Can't keep up! Did the system time change, or is the server overloaded? Running 3006ms behind, skipping 60 tick(s)
[02:54:09] [Server thread/WARN]: Can't keep up! Did the system time change, or is the server overloaded? Running 3265ms behind, skipping 65 tick(s)
[02:54:31] [Server thread/WARN]: Can't keep up! Did the system time change, or is the server overloaded? Running 3029ms behind, skipping 60 tick(s)
[02:54:52] [Server thread/WARN]: Can't keep up! Did the system time change, or is the server overloaded? Running 3015ms behind, skipping 60 tick(s)
[02:55:38] [Server thread/WARN]: Can't keep up! Did the system time change, or is the server overloaded? Running 3487ms behind, skipping 69 tick(s)
[02:56:13] [Server thread/WARN]: Can't keep up! Did the system time change, or is the server overloaded? Running 13564ms behind, skipping 271 tick(s)
[02:56:23] [Server thread/WARN]: Can't keep up! Did the system time change, or is the server overloaded? Running 6432ms behind, skipping 128 tick(s)
[02:57:00] [Server thread/WARN]: Can't keep up! Did the system time change, or is the server overloaded? Running 9134ms behind, skipping 182 tick(s)
[03:01:17] [Server thread/WARN]: Can't keep up! Did the system time change, or is the server overloaded? Running 2434ms behind, skipping 48 tick(s)
[03:03:19] [Server thread/WARN]: Can't keep up! Did the system time change, or is the server overloaded? Running 6047ms behind, skipping 120 tick(s)
[03:05:28] [Server thread/WARN]: Can't keep up! Did the system time change, or is the server overloaded? Running 2531ms behind, skipping 50 tick(s)
[03:11:03] [Server thread/WARN]: Can't keep up! Did the system time change, or is the server overloaded? Running 2474ms behind, skipping 49 tick(s)
[03:11:25] [Server thread/INFO]: FabboCJ lost connection: Disconnected
[03:11:25] [Server thread/INFO]: FabboCJ left the game.
[03:15:29] [Server thread/WARN]: Can't keep up! Did the system time change, or is the server overloaded? Running 2274ms behind, skipping 45 tick(s)
[09:05:13] [Server thread/WARN]: Can't keep up! Did the system time change, or is the server overloaded? Running 2012ms behind, skipping 40 tick(s)
[11:15:29] [Server thread/WARN]: Can't keep up! Did the system time change, or is the server overloaded? Running 2579ms behind, skipping 51 tick(s)
[12:56:44] [Server thread/WARN]: Can't keep up! Did the system time change, or is the server overloaded? Running 2161ms behind, skipping 43 tick(s)
[14:44:57] [Server thread/WARN]: Can't keep up! Did the system time change, or is the server overloaded? Running 4786ms behind, skipping 95 tick(s)
[14:45:33] [Server thread/WARN]: Can't keep up! Did the system time change, or is the server overloaded? Running 2494ms behind, skipping 49 tick(s)
[15:02:37] [User Authenticator #18/INFO]: UUID of player FabboCJ is 71099085-8677-4003-b144-d3ef69961fd4
[15:02:37] [Server thread/INFO]: FabboCJ[/37.46.178.157:50163] logged in with entity id 1436720 at ([tutworld] 183.5, 80.0, 214.5)
[15:13:39] [Server thread/WARN]: Can't keep up! Did the system time change, or is the server overloaded? Running 5143ms behind, skipping 102 tick(s)
[15:41:49] [Server thread/WARN]: Can't keep up! Did the system time change, or is the server overloaded? Running 3149ms behind, skipping 62 tick(s)
[15:44:21] [Server thread/WARN]: Can't keep up! Did the system time change, or is the server overloaded? Running 2270ms behind, skipping 45 tick(s)
[16:25:19] [Server thread/INFO]: FabboCJ lost connection: Disconnected
[16:25:19] [Server thread/INFO]: FabboCJ left the game.
[18:03:44] [User Authenticator #19/INFO]: UUID of player FabboCJ is 71099085-8677-4003-b144-d3ef69961fd4
[18:03:44] [Server thread/INFO]: FabboCJ[/192.168.1.136:50524] logged in with entity id 1541140 at ([tutworld] 166.01944038057593, 11.0, 2470.0919087044617)
[18:03:51] [Server thread/WARN]: Can't keep up! Did the system time change, or is the server overloaded? Running 2106ms behind, skipping 42 tick(s)
[19:40:30] [Server thread/WARN]: Can't keep up! Did the system time change, or is the server overloaded? Running 2039ms behind, skipping 40 tick(s)
[19:55:38] [Server thread/WARN]: Can't keep up! Did the system time change, or is the server overloaded? Running 2529ms behind, skipping 50 tick(s)
[20:05:29] [Server thread/WARN]: Can't keep up! Did the system time change, or is the server overloaded? Running 2532ms behind, skipping 50 tick(s)
[20:10:39] [Server thread/WARN]: Can't keep up! Did the system time change, or is the server overloaded? Running 2523ms behind, skipping 50 tick(s)
[20:20:41] [Server thread/WARN]: Can't keep up! Did the system time change, or is the server overloaded? Running 3558ms behind, skipping 71 tick(s)
[20:40:41] [Server thread/WARN]: Can't keep up! Did the system time change, or is the server overloaded? Running 2006ms behind, skipping 40 tick(s)
[22:13:04] [Server thread/WARN]: Can't keep up! Did the system time change, or is the server overloaded? Running 2091ms behind, skipping 41 tick(s)
[22:37:39] [Server thread/WARN]: Can't keep up! Did the system time change, or is the server overloaded? Running 2706ms behind, skipping 54 tick(s)
[23:10:42] [Server thread/WARN]: Can't keep up! Did the system time change, or is the server overloaded? Running 2149ms behind, skipping 42 tick(s)
[23:59:20] [User Authenticator #20/INFO]: UUID of player FabboCJ is 71099085-8677-4003-b144-d3ef69961fd4
[23:59:20] [Server thread/INFO]: FabboCJ lost connection: You logged in from another location
[23:59:20] [Server thread/INFO]: FabboCJ left the game.
[23:59:20] [Server thread/INFO]: FabboCJ[/192.168.1.137:39776] logged in with entity id 2025453 at ([tutworld] 162.10014491750198, 11.0, 2471.4883298334285)
