[00:02:29] [Server thread/WARN]: Can't keep up! Did the system time change, or is the server overloaded? Running 2063ms behind, skipping 41 tick(s)
[00:02:29] [pool-3-thread-36300/INFO]: [Vault] Checking for Updates ... 
[00:02:30] [pool-3-thread-36300/WARN]: [Vault] Stable Version: 1.5.3 is out! You are still running version: 1.5.0
[00:02:30] [pool-3-thread-36300/WARN]: [Vault] Update at: http://dev.bukkit.org/server-mods/vault
[00:12:30] [Server thread/WARN]: Can't keep up! Did the system time change, or is the server overloaded? Running 2886ms behind, skipping 57 tick(s)
[00:22:31] [Server thread/WARN]: Can't keep up! Did the system time change, or is the server overloaded? Running 2714ms behind, skipping 54 tick(s)
[01:12:32] [Server thread/WARN]: Can't keep up! Did the system time change, or is the server overloaded? Running 2898ms behind, skipping 57 tick(s)
[01:57:33] [Server thread/WARN]: Can't keep up! Did the system time change, or is the server overloaded? Running 2847ms behind, skipping 56 tick(s)
[02:07:33] [Server thread/WARN]: Can't keep up! Did the system time change, or is the server overloaded? Running 2452ms behind, skipping 49 tick(s)
[02:57:33] [Server thread/WARN]: Can't keep up! Did the system time change, or is the server overloaded? Running 2020ms behind, skipping 40 tick(s)
[03:47:33] [Server thread/WARN]: Can't keep up! Did the system time change, or is the server overloaded? Running 2059ms behind, skipping 41 tick(s)
[06:02:33] [pool-3-thread-36409/INFO]: [Vault] Checking for Updates ... 
[06:02:34] [pool-3-thread-36409/WARN]: [Vault] Stable Version: 1.5.3 is out! You are still running version: 1.5.0
[06:02:34] [pool-3-thread-36409/WARN]: [Vault] Update at: http://dev.bukkit.org/server-mods/vault
[06:22:34] [Server thread/WARN]: Can't keep up! Did the system time change, or is the server overloaded? Running 2661ms behind, skipping 53 tick(s)
[07:17:34] [Server thread/WARN]: Can't keep up! Did the system time change, or is the server overloaded? Running 2573ms behind, skipping 51 tick(s)
[07:47:35] [Server thread/WARN]: Can't keep up! Did the system time change, or is the server overloaded? Running 2858ms behind, skipping 57 tick(s)
[07:57:40] [Server thread/WARN]: Can't keep up! Did the system time change, or is the server overloaded? Running 6563ms behind, skipping 131 tick(s)
[08:17:41] [Server thread/WARN]: Can't keep up! Did the system time change, or is the server overloaded? Running 2789ms behind, skipping 55 tick(s)
[08:57:41] [Server thread/WARN]: Can't keep up! Did the system time change, or is the server overloaded? Running 2046ms behind, skipping 40 tick(s)
[09:47:41] [Server thread/WARN]: Can't keep up! Did the system time change, or is the server overloaded? Running 2182ms behind, skipping 43 tick(s)
[11:07:41] [Server thread/WARN]: Can't keep up! Did the system time change, or is the server overloaded? Running 2656ms behind, skipping 53 tick(s)
[11:47:42] [Server thread/WARN]: Can't keep up! Did the system time change, or is the server overloaded? Running 2638ms behind, skipping 52 tick(s)
[12:02:42] [pool-3-thread-36518/INFO]: [Vault] Checking for Updates ... 
[12:02:43] [pool-3-thread-36518/WARN]: [Vault] Stable Version: 1.5.3 is out! You are still running version: 1.5.0
[12:02:43] [pool-3-thread-36518/WARN]: [Vault] Update at: http://dev.bukkit.org/server-mods/vault
[12:12:42] [pool-3-thread-36521/INFO]: [Metrics] Server returned HTTP response code: 408 for URL: http://mcstats.org/report/Multiverse-Core
[12:22:43] [Server thread/WARN]: Can't keep up! Did the system time change, or is the server overloaded? Running 2608ms behind, skipping 52 tick(s)
[12:22:43] [pool-3-thread-36525/INFO]: [Metrics] Server returned HTTP response code: 408 for URL: http://mcstats.org/report/Multiverse-Core
[12:33:46] [pool-3-thread-36526/INFO]: [Metrics] Server returned HTTP response code: 408 for URL: http://mcstats.org/report/Multiverse-Core
[12:42:43] [pool-3-thread-36530/INFO]: [Metrics] Server returned HTTP response code: 408 for URL: http://mcstats.org/report/Multiverse-Core
[12:52:43] [pool-3-thread-36534/INFO]: [Metrics] Server returned HTTP response code: 408 for URL: http://mcstats.org/report/Multiverse-Core
[13:03:46] [pool-3-thread-36535/INFO]: [Metrics] Server returned HTTP response code: 408 for URL: http://mcstats.org/report/Multiverse-Core
[13:07:43] [Server thread/WARN]: Can't keep up! Did the system time change, or is the server overloaded? Running 2634ms behind, skipping 52 tick(s)
[13:12:43] [pool-3-thread-36539/INFO]: [Metrics] Server returned HTTP response code: 408 for URL: http://mcstats.org/report/Multiverse-Core
[13:24:51] [pool-3-thread-36543/INFO]: [Metrics] Connection timed out
[13:34:50] [pool-3-thread-36544/INFO]: [Metrics] Connection timed out
[13:37:44] [Server thread/WARN]: Can't keep up! Did the system time change, or is the server overloaded? Running 2587ms behind, skipping 51 tick(s)
[13:42:44] [pool-3-thread-36548/INFO]: [Metrics] Server returned HTTP response code: 408 for URL: http://mcstats.org/report/Multiverse-Core
[13:52:44] [pool-3-thread-36552/INFO]: [Metrics] Server returned HTTP response code: 408 for URL: http://mcstats.org/report/Multiverse-Core
[14:02:45] [Server thread/WARN]: Can't keep up! Did the system time change, or is the server overloaded? Running 3103ms behind, skipping 62 tick(s)
[14:02:45] [pool-3-thread-36553/INFO]: [Metrics] Server returned HTTP response code: 408 for URL: http://mcstats.org/report/Multiverse-Core
[14:12:45] [pool-3-thread-36557/INFO]: [Metrics] Server returned HTTP response code: 408 for URL: http://mcstats.org/report/Multiverse-Core
[14:22:45] [pool-3-thread-36561/INFO]: [Metrics] Server returned HTTP response code: 408 for URL: http://mcstats.org/report/Multiverse-Core
[14:42:45] [pool-3-thread-36566/INFO]: [Metrics] Server returned HTTP response code: 408 for URL: http://mcstats.org/report/Multiverse-Core
[14:52:45] [pool-3-thread-36570/INFO]: [Metrics] Server returned HTTP response code: 408 for URL: http://mcstats.org/report/Multiverse-Core
[15:02:45] [pool-3-thread-36571/INFO]: [Metrics] Server returned HTTP response code: 408 for URL: http://mcstats.org/report/Multiverse-Core
[15:12:45] [pool-3-thread-36575/INFO]: [Metrics] Server returned HTTP response code: 408 for URL: http://mcstats.org/report/Multiverse-Core
[15:22:45] [pool-3-thread-36579/INFO]: [Metrics] Server returned HTTP response code: 408 for URL: http://mcstats.org/report/Multiverse-Core
[15:42:45] [pool-3-thread-36584/INFO]: [Metrics] Server returned HTTP response code: 408 for URL: http://mcstats.org/report/Multiverse-Core
[15:52:46] [Server thread/WARN]: Can't keep up! Did the system time change, or is the server overloaded? Running 2600ms behind, skipping 52 tick(s)
[15:52:46] [pool-3-thread-36588/INFO]: [Metrics] Server returned HTTP response code: 408 for URL: http://mcstats.org/report/Multiverse-Core
[16:02:46] [pool-3-thread-36589/INFO]: [Metrics] Server returned HTTP response code: 408 for URL: http://mcstats.org/report/Multiverse-Core
[16:12:46] [Server thread/WARN]: Can't keep up! Did the system time change, or is the server overloaded? Running 2652ms behind, skipping 53 tick(s)
[16:12:46] [pool-3-thread-36593/INFO]: [Metrics] Server returned HTTP response code: 408 for URL: http://mcstats.org/report/Multiverse-Core
[16:27:47] [Server thread/WARN]: Can't keep up! Did the system time change, or is the server overloaded? Running 2578ms behind, skipping 51 tick(s)
[17:07:47] [Server thread/WARN]: Can't keep up! Did the system time change, or is the server overloaded? Running 2256ms behind, skipping 45 tick(s)
[17:37:48] [Server thread/WARN]: Can't keep up! Did the system time change, or is the server overloaded? Running 2589ms behind, skipping 51 tick(s)
[18:02:48] [pool-3-thread-36627/INFO]: [Vault] Checking for Updates ... 
[18:02:49] [pool-3-thread-36627/WARN]: [Vault] Stable Version: 1.5.3 is out! You are still running version: 1.5.0
[18:02:49] [pool-3-thread-36627/WARN]: [Vault] Update at: http://dev.bukkit.org/server-mods/vault
[18:37:48] [Server thread/WARN]: Can't keep up! Did the system time change, or is the server overloaded? Running 2603ms behind, skipping 52 tick(s)
[18:52:49] [Server thread/WARN]: Can't keep up! Did the system time change, or is the server overloaded? Running 2577ms behind, skipping 51 tick(s)
[19:42:49] [Server thread/WARN]: Can't keep up! Did the system time change, or is the server overloaded? Running 2594ms behind, skipping 51 tick(s)
[21:47:51] [Server thread/WARN]: Can't keep up! Did the system time change, or is the server overloaded? Running 4041ms behind, skipping 80 tick(s)
[22:37:52] [Server thread/WARN]: Can't keep up! Did the system time change, or is the server overloaded? Running 2608ms behind, skipping 52 tick(s)
