[00:14:50] [Server thread/WARN]: Can't keep up! Did the system time change, or is the server overloaded? Running 2313ms behind, skipping 46 tick(s)
[01:14:50] [Server thread/WARN]: Can't keep up! Did the system time change, or is the server overloaded? Running 2010ms behind, skipping 40 tick(s)
[02:04:51] [Server thread/WARN]: Can't keep up! Did the system time change, or is the server overloaded? Running 2413ms behind, skipping 48 tick(s)
[02:29:51] [Server thread/WARN]: Can't keep up! Did the system time change, or is the server overloaded? Running 2125ms behind, skipping 42 tick(s)
[03:24:51] [Server thread/WARN]: Can't keep up! Did the system time change, or is the server overloaded? Running 2076ms behind, skipping 41 tick(s)
[03:44:51] [Server thread/WARN]: Can't keep up! Did the system time change, or is the server overloaded? Running 2012ms behind, skipping 40 tick(s)
[03:54:51] [Server thread/WARN]: Can't keep up! Did the system time change, or is the server overloaded? Running 2023ms behind, skipping 40 tick(s)
[04:19:51] [Server thread/WARN]: Can't keep up! Did the system time change, or is the server overloaded? Running 2003ms behind, skipping 40 tick(s)
[04:19:51] [pool-3-thread-8941/INFO]: [Vault] Checking for Updates ... 
[04:19:52] [pool-3-thread-8941/WARN]: [Vault] Stable Version: 1.5.2 is out! You are still running version: 1.5.0
[04:19:52] [pool-3-thread-8941/WARN]: [Vault] Update at: http://dev.bukkit.org/server-mods/vault
[04:39:51] [Server thread/WARN]: Can't keep up! Did the system time change, or is the server overloaded? Running 2150ms behind, skipping 43 tick(s)
[04:49:51] [Server thread/WARN]: Can't keep up! Did the system time change, or is the server overloaded? Running 2063ms behind, skipping 41 tick(s)
[05:14:52] [Server thread/WARN]: Can't keep up! Did the system time change, or is the server overloaded? Running 2897ms behind, skipping 57 tick(s)
[05:24:52] [Server thread/WARN]: Can't keep up! Did the system time change, or is the server overloaded? Running 2370ms behind, skipping 47 tick(s)
[08:04:58] [Server thread/WARN]: Can't keep up! Did the system time change, or is the server overloaded? Running 7834ms behind, skipping 156 tick(s)
[08:09:58] [Server thread/WARN]: Can't keep up! Did the system time change, or is the server overloaded? Running 2116ms behind, skipping 42 tick(s)
[08:44:59] [Server thread/WARN]: Can't keep up! Did the system time change, or is the server overloaded? Running 2090ms behind, skipping 41 tick(s)
[08:49:59] [Server thread/WARN]: Can't keep up! Did the system time change, or is the server overloaded? Running 2027ms behind, skipping 40 tick(s)
[10:19:58] [pool-3-thread-9050/INFO]: [Vault] Checking for Updates ... 
[10:19:59] [pool-3-thread-9050/WARN]: [Vault] Stable Version: 1.5.2 is out! You are still running version: 1.5.0
[10:19:59] [pool-3-thread-9050/WARN]: [Vault] Update at: http://dev.bukkit.org/server-mods/vault
[14:35:54] [Server thread/WARN]: Can't keep up! Did the system time change, or is the server overloaded? Running 2702ms behind, skipping 54 tick(s)
[16:19:59] [pool-3-thread-9159/INFO]: [Vault] Checking for Updates ... 
[16:20:04] [pool-3-thread-9159/INFO]: [Vault] There was an issue attempting to check for the latest version.
[16:20:04] [pool-3-thread-9159/INFO]: [Vault] No new version available
[16:39:59] [Server thread/WARN]: Can't keep up! Did the system time change, or is the server overloaded? Running 2160ms behind, skipping 43 tick(s)
[16:49:59] [Server thread/WARN]: Can't keep up! Did the system time change, or is the server overloaded? Running 2003ms behind, skipping 40 tick(s)
[22:19:59] [pool-3-thread-9268/INFO]: [Vault] Checking for Updates ... 
[22:20:00] [pool-3-thread-9268/WARN]: [Vault] Stable Version: 1.5.2 is out! You are still running version: 1.5.0
[22:20:00] [pool-3-thread-9268/WARN]: [Vault] Update at: http://dev.bukkit.org/server-mods/vault
[22:49:59] [Server thread/WARN]: Can't keep up! Did the system time change, or is the server overloaded? Running 2019ms behind, skipping 40 tick(s)
[23:15:00] [Server thread/WARN]: Can't keep up! Did the system time change, or is the server overloaded? Running 2125ms behind, skipping 42 tick(s)
