[00:01:17] [Server thread/WARN]: Can't keep up! Did the system time change, or is the server overloaded? Running 2250ms behind, skipping 45 tick(s)
[02:06:17] [Server thread/WARN]: Can't keep up! Did the system time change, or is the server overloaded? Running 2195ms behind, skipping 43 tick(s)
[04:21:17] [pool-3-thread-11557/INFO]: [Vault] Checking for Updates ... 
[04:21:17] [pool-3-thread-11557/WARN]: [Vault] Stable Version: 1.5.3 is out! You are still running version: 1.5.0
[04:21:17] [pool-3-thread-11557/WARN]: [Vault] Update at: http://dev.bukkit.org/server-mods/vault
[06:34:30] [Server thread/WARN]: Can't keep up! Did the system time change, or is the server overloaded? Running 2397ms behind, skipping 47 tick(s)
[07:41:18] [Server thread/WARN]: Can't keep up! Did the system time change, or is the server overloaded? Running 2430ms behind, skipping 48 tick(s)
[07:46:18] [Server thread/WARN]: Can't keep up! Did the system time change, or is the server overloaded? Running 2108ms behind, skipping 42 tick(s)
[07:56:23] [Server thread/WARN]: Can't keep up! Did the system time change, or is the server overloaded? Running 7730ms behind, skipping 154 tick(s)
[08:51:23] [Server thread/WARN]: Can't keep up! Did the system time change, or is the server overloaded? Running 2057ms behind, skipping 41 tick(s)
[09:26:23] [Server thread/WARN]: Can't keep up! Did the system time change, or is the server overloaded? Running 2011ms behind, skipping 40 tick(s)
[10:21:23] [pool-3-thread-11666/INFO]: [Vault] Checking for Updates ... 
[10:21:24] [pool-3-thread-11666/WARN]: [Vault] Stable Version: 1.5.3 is out! You are still running version: 1.5.0
[10:21:24] [pool-3-thread-11666/WARN]: [Vault] Update at: http://dev.bukkit.org/server-mods/vault
[10:24:42] [Server thread/WARN]: Can't keep up! Did the system time change, or is the server overloaded? Running 2049ms behind, skipping 40 tick(s)
[13:06:24] [Server thread/WARN]: Can't keep up! Did the system time change, or is the server overloaded? Running 2596ms behind, skipping 51 tick(s)
[13:16:24] [Server thread/WARN]: Can't keep up! Did the system time change, or is the server overloaded? Running 2186ms behind, skipping 43 tick(s)
[14:01:24] [Server thread/WARN]: Can't keep up! Did the system time change, or is the server overloaded? Running 2132ms behind, skipping 42 tick(s)
[14:21:25] [Server thread/WARN]: Can't keep up! Did the system time change, or is the server overloaded? Running 2366ms behind, skipping 47 tick(s)
[14:26:25] [Server thread/WARN]: Can't keep up! Did the system time change, or is the server overloaded? Running 2257ms behind, skipping 45 tick(s)
[15:06:25] [Server thread/WARN]: Can't keep up! Did the system time change, or is the server overloaded? Running 2016ms behind, skipping 40 tick(s)
[15:11:25] [Server thread/WARN]: Can't keep up! Did the system time change, or is the server overloaded? Running 2254ms behind, skipping 45 tick(s)
[16:12:25] [pool-3-thread-11772/INFO]: [Metrics] Server returned HTTP response code: 504 for URL: http://mcstats.org/report/Multiverse-Core
[16:21:25] [pool-3-thread-11775/INFO]: [Vault] Checking for Updates ... 
[16:21:26] [pool-3-thread-11775/WARN]: [Vault] Stable Version: 1.5.3 is out! You are still running version: 1.5.0
[16:21:26] [pool-3-thread-11775/WARN]: [Vault] Update at: http://dev.bukkit.org/server-mods/vault
[17:16:30] [Server thread/WARN]: Can't keep up! Did the system time change, or is the server overloaded? Running 6924ms behind, skipping 138 tick(s)
[17:36:30] [Server thread/WARN]: Can't keep up! Did the system time change, or is the server overloaded? Running 2002ms behind, skipping 40 tick(s)
[17:42:30] [pool-3-thread-11800/INFO]: [Metrics] Server returned HTTP response code: 504 for URL: http://mcstats.org/report/Multiverse-Core
[20:27:04] [Server thread/WARN]: Can't keep up! Did the system time change, or is the server overloaded? Running 3993ms behind, skipping 79 tick(s)
[20:46:32] [Server thread/WARN]: Can't keep up! Did the system time change, or is the server overloaded? Running 2007ms behind, skipping 40 tick(s)
[21:01:32] [Server thread/WARN]: Can't keep up! Did the system time change, or is the server overloaded? Running 2044ms behind, skipping 40 tick(s)
[21:36:32] [Server thread/WARN]: Can't keep up! Did the system time change, or is the server overloaded? Running 2003ms behind, skipping 40 tick(s)
[21:41:32] [Server thread/WARN]: Can't keep up! Did the system time change, or is the server overloaded? Running 2153ms behind, skipping 43 tick(s)
[21:46:33] [Server thread/WARN]: Can't keep up! Did the system time change, or is the server overloaded? Running 2823ms behind, skipping 56 tick(s)
[22:11:33] [Server thread/WARN]: Can't keep up! Did the system time change, or is the server overloaded? Running 2175ms behind, skipping 43 tick(s)
[22:16:34] [Server thread/WARN]: Can't keep up! Did the system time change, or is the server overloaded? Running 2099ms behind, skipping 41 tick(s)
[22:21:34] [Server thread/WARN]: Can't keep up! Did the system time change, or is the server overloaded? Running 2323ms behind, skipping 46 tick(s)
[22:21:34] [pool-3-thread-11884/INFO]: [Vault] Checking for Updates ... 
[22:21:35] [pool-3-thread-11884/WARN]: [Vault] Stable Version: 1.5.3 is out! You are still running version: 1.5.0
[22:21:35] [pool-3-thread-11884/WARN]: [Vault] Update at: http://dev.bukkit.org/server-mods/vault
[22:26:08] [Server thread/WARN]: Can't keep up! Did the system time change, or is the server overloaded? Running 8298ms behind, skipping 165 tick(s)
[22:26:40] [Server thread/WARN]: Can't keep up! Did the system time change, or is the server overloaded? Running 2094ms behind, skipping 41 tick(s)
[22:31:40] [Server thread/WARN]: Can't keep up! Did the system time change, or is the server overloaded? Running 2072ms behind, skipping 41 tick(s)
[22:36:41] [Server thread/WARN]: Can't keep up! Did the system time change, or is the server overloaded? Running 2227ms behind, skipping 44 tick(s)
[22:41:41] [Server thread/WARN]: Can't keep up! Did the system time change, or is the server overloaded? Running 2156ms behind, skipping 43 tick(s)
[23:01:41] [Server thread/WARN]: Can't keep up! Did the system time change, or is the server overloaded? Running 2646ms behind, skipping 52 tick(s)
[23:06:41] [Server thread/WARN]: Can't keep up! Did the system time change, or is the server overloaded? Running 2110ms behind, skipping 42 tick(s)
