[00:01:12] [Server thread/WARN]: Can't keep up! Did the system time change, or is the server overloaded? Running 2042ms behind, skipping 40 tick(s)
[00:06:12] [Server thread/WARN]: Can't keep up! Did the system time change, or is the server overloaded? Running 2447ms behind, skipping 48 tick(s)
[00:21:12] [Server thread/WARN]: Can't keep up! Did the system time change, or is the server overloaded? Running 2077ms behind, skipping 41 tick(s)
[00:26:12] [Server thread/WARN]: Can't keep up! Did the system time change, or is the server overloaded? Running 2012ms behind, skipping 40 tick(s)
[00:31:12] [Server thread/WARN]: Can't keep up! Did the system time change, or is the server overloaded? Running 2239ms behind, skipping 44 tick(s)
[00:36:14] [Server thread/WARN]: Can't keep up! Did the system time change, or is the server overloaded? Running 3864ms behind, skipping 77 tick(s)
[00:41:14] [Server thread/WARN]: Can't keep up! Did the system time change, or is the server overloaded? Running 2101ms behind, skipping 42 tick(s)
[00:51:15] [Server thread/WARN]: Can't keep up! Did the system time change, or is the server overloaded? Running 2158ms behind, skipping 43 tick(s)
[01:06:15] [Server thread/WARN]: Can't keep up! Did the system time change, or is the server overloaded? Running 2442ms behind, skipping 48 tick(s)
[01:11:17] [Server thread/WARN]: Can't keep up! Did the system time change, or is the server overloaded? Running 3559ms behind, skipping 71 tick(s)
[01:21:17] [Server thread/WARN]: Can't keep up! Did the system time change, or is the server overloaded? Running 2607ms behind, skipping 52 tick(s)
[01:26:18] [Server thread/WARN]: Can't keep up! Did the system time change, or is the server overloaded? Running 2904ms behind, skipping 58 tick(s)
[01:36:18] [Server thread/WARN]: Can't keep up! Did the system time change, or is the server overloaded? Running 2248ms behind, skipping 44 tick(s)
[01:41:19] [Server thread/WARN]: Can't keep up! Did the system time change, or is the server overloaded? Running 2611ms behind, skipping 52 tick(s)
[02:06:20] [Server thread/WARN]: Can't keep up! Did the system time change, or is the server overloaded? Running 3335ms behind, skipping 66 tick(s)
[02:11:20] [Server thread/WARN]: Can't keep up! Did the system time change, or is the server overloaded? Running 2052ms behind, skipping 41 tick(s)
[02:16:21] [Server thread/WARN]: Can't keep up! Did the system time change, or is the server overloaded? Running 2639ms behind, skipping 52 tick(s)
[02:51:21] [Server thread/WARN]: Can't keep up! Did the system time change, or is the server overloaded? Running 2124ms behind, skipping 42 tick(s)
[04:11:22] [Server thread/WARN]: Can't keep up! Did the system time change, or is the server overloaded? Running 2606ms behind, skipping 52 tick(s)
[04:31:22] [pool-3-thread-27228/INFO]: [Metrics] Server returned HTTP response code: 408 for URL: http://mcstats.org/report/Multiverse-Core
[04:41:22] [pool-3-thread-27232/INFO]: [Metrics] Server returned HTTP response code: 408 for URL: http://mcstats.org/report/Multiverse-Core
[05:31:22] [Server thread/WARN]: Can't keep up! Did the system time change, or is the server overloaded? Running 2624ms behind, skipping 52 tick(s)
[05:51:22] [pool-3-thread-27253/INFO]: [Vault] Checking for Updates ... 
[05:51:23] [pool-3-thread-27253/WARN]: [Vault] Stable Version: 1.5.3 is out! You are still running version: 1.5.0
[05:51:23] [pool-3-thread-27253/WARN]: [Vault] Update at: http://dev.bukkit.org/server-mods/vault
[06:41:23] [Server thread/WARN]: Can't keep up! Did the system time change, or is the server overloaded? Running 2659ms behind, skipping 53 tick(s)
[07:21:24] [Server thread/WARN]: Can't keep up! Did the system time change, or is the server overloaded? Running 2006ms behind, skipping 40 tick(s)
[07:41:23] [Server thread/WARN]: Can't keep up! Did the system time change, or is the server overloaded? Running 2023ms behind, skipping 40 tick(s)
[07:46:24] [Server thread/WARN]: Can't keep up! Did the system time change, or is the server overloaded? Running 3091ms behind, skipping 61 tick(s)
[07:51:30] [Server thread/WARN]: Can't keep up! Did the system time change, or is the server overloaded? Running 7507ms behind, skipping 150 tick(s)
[07:56:30] [Server thread/WARN]: Can't keep up! Did the system time change, or is the server overloaded? Running 2093ms behind, skipping 41 tick(s)
[09:11:30] [Server thread/WARN]: Can't keep up! Did the system time change, or is the server overloaded? Running 2777ms behind, skipping 55 tick(s)
[09:51:31] [Server thread/WARN]: Can't keep up! Did the system time change, or is the server overloaded? Running 2141ms behind, skipping 42 tick(s)
[10:06:31] [Server thread/WARN]: Can't keep up! Did the system time change, or is the server overloaded? Running 2286ms behind, skipping 45 tick(s)
[10:16:32] [Server thread/WARN]: Can't keep up! Did the system time change, or is the server overloaded? Running 2771ms behind, skipping 55 tick(s)
[10:26:32] [Server thread/WARN]: Can't keep up! Did the system time change, or is the server overloaded? Running 2375ms behind, skipping 47 tick(s)
[10:31:32] [Server thread/WARN]: Can't keep up! Did the system time change, or is the server overloaded? Running 2131ms behind, skipping 42 tick(s)
[10:36:32] [Server thread/WARN]: Can't keep up! Did the system time change, or is the server overloaded? Running 2031ms behind, skipping 40 tick(s)
[10:41:34] [Server thread/WARN]: Can't keep up! Did the system time change, or is the server overloaded? Running 3908ms behind, skipping 78 tick(s)
[10:46:35] [Server thread/WARN]: Can't keep up! Did the system time change, or is the server overloaded? Running 2511ms behind, skipping 50 tick(s)
[10:56:35] [Server thread/WARN]: Can't keep up! Did the system time change, or is the server overloaded? Running 2074ms behind, skipping 41 tick(s)
[11:01:35] [Server thread/WARN]: Can't keep up! Did the system time change, or is the server overloaded? Running 2345ms behind, skipping 46 tick(s)
[11:06:35] [Server thread/WARN]: Can't keep up! Did the system time change, or is the server overloaded? Running 2083ms behind, skipping 41 tick(s)
[11:11:35] [Server thread/WARN]: Can't keep up! Did the system time change, or is the server overloaded? Running 2180ms behind, skipping 43 tick(s)
[11:16:36] [Server thread/WARN]: Can't keep up! Did the system time change, or is the server overloaded? Running 2336ms behind, skipping 46 tick(s)
[11:21:36] [Server thread/WARN]: Can't keep up! Did the system time change, or is the server overloaded? Running 2293ms behind, skipping 45 tick(s)
[11:26:38] [Server thread/WARN]: Can't keep up! Did the system time change, or is the server overloaded? Running 3809ms behind, skipping 76 tick(s)
[11:31:39] [Server thread/WARN]: Can't keep up! Did the system time change, or is the server overloaded? Running 2867ms behind, skipping 57 tick(s)
[11:36:39] [Server thread/WARN]: Can't keep up! Did the system time change, or is the server overloaded? Running 2488ms behind, skipping 49 tick(s)
[11:41:39] [Server thread/WARN]: Can't keep up! Did the system time change, or is the server overloaded? Running 2262ms behind, skipping 45 tick(s)
[11:46:40] [Server thread/WARN]: Can't keep up! Did the system time change, or is the server overloaded? Running 2442ms behind, skipping 48 tick(s)
[11:51:41] [Server thread/WARN]: Can't keep up! Did the system time change, or is the server overloaded? Running 3025ms behind, skipping 60 tick(s)
[11:51:41] [pool-3-thread-27362/INFO]: [Vault] Checking for Updates ... 
[11:51:42] [pool-3-thread-27362/WARN]: [Vault] Stable Version: 1.5.3 is out! You are still running version: 1.5.0
[11:51:42] [pool-3-thread-27362/WARN]: [Vault] Update at: http://dev.bukkit.org/server-mods/vault
[11:56:41] [Server thread/WARN]: Can't keep up! Did the system time change, or is the server overloaded? Running 2084ms behind, skipping 41 tick(s)
[12:01:41] [Server thread/WARN]: Can't keep up! Did the system time change, or is the server overloaded? Running 2357ms behind, skipping 47 tick(s)
[12:06:42] [Server thread/WARN]: Can't keep up! Did the system time change, or is the server overloaded? Running 2562ms behind, skipping 51 tick(s)
[12:11:42] [Server thread/WARN]: Can't keep up! Did the system time change, or is the server overloaded? Running 2059ms behind, skipping 41 tick(s)
[12:16:42] [Server thread/WARN]: Can't keep up! Did the system time change, or is the server overloaded? Running 2220ms behind, skipping 44 tick(s)
[12:26:42] [Server thread/WARN]: Can't keep up! Did the system time change, or is the server overloaded? Running 2337ms behind, skipping 46 tick(s)
[12:31:43] [Server thread/WARN]: Can't keep up! Did the system time change, or is the server overloaded? Running 2144ms behind, skipping 42 tick(s)
[12:46:43] [Server thread/WARN]: Can't keep up! Did the system time change, or is the server overloaded? Running 2212ms behind, skipping 44 tick(s)
[13:01:43] [Server thread/WARN]: Can't keep up! Did the system time change, or is the server overloaded? Running 2097ms behind, skipping 41 tick(s)
[13:06:43] [Server thread/WARN]: Can't keep up! Did the system time change, or is the server overloaded? Running 2022ms behind, skipping 40 tick(s)
[13:11:44] [Server thread/WARN]: Can't keep up! Did the system time change, or is the server overloaded? Running 3157ms behind, skipping 63 tick(s)
[13:16:46] [Server thread/WARN]: Can't keep up! Did the system time change, or is the server overloaded? Running 4379ms behind, skipping 87 tick(s)
[13:21:47] [Server thread/WARN]: Can't keep up! Did the system time change, or is the server overloaded? Running 2070ms behind, skipping 41 tick(s)
[13:26:47] [Server thread/WARN]: Can't keep up! Did the system time change, or is the server overloaded? Running 2033ms behind, skipping 40 tick(s)
[13:36:47] [Server thread/WARN]: Can't keep up! Did the system time change, or is the server overloaded? Running 2073ms behind, skipping 41 tick(s)
[13:41:47] [Server thread/WARN]: Can't keep up! Did the system time change, or is the server overloaded? Running 2187ms behind, skipping 43 tick(s)
[13:46:47] [Server thread/WARN]: Can't keep up! Did the system time change, or is the server overloaded? Running 2013ms behind, skipping 40 tick(s)
[14:01:47] [Server thread/WARN]: Can't keep up! Did the system time change, or is the server overloaded? Running 2026ms behind, skipping 40 tick(s)
[14:06:48] [Server thread/WARN]: Can't keep up! Did the system time change, or is the server overloaded? Running 2813ms behind, skipping 56 tick(s)
[14:11:48] [Server thread/WARN]: Can't keep up! Did the system time change, or is the server overloaded? Running 2025ms behind, skipping 40 tick(s)
[14:36:48] [Server thread/WARN]: Can't keep up! Did the system time change, or is the server overloaded? Running 2209ms behind, skipping 44 tick(s)
[14:41:48] [Server thread/WARN]: Can't keep up! Did the system time change, or is the server overloaded? Running 2391ms behind, skipping 47 tick(s)
[14:46:48] [Server thread/WARN]: Can't keep up! Did the system time change, or is the server overloaded? Running 2161ms behind, skipping 43 tick(s)
[14:51:49] [Server thread/WARN]: Can't keep up! Did the system time change, or is the server overloaded? Running 2069ms behind, skipping 41 tick(s)
[14:56:49] [Server thread/WARN]: Can't keep up! Did the system time change, or is the server overloaded? Running 2248ms behind, skipping 44 tick(s)
[15:06:49] [Server thread/WARN]: Can't keep up! Did the system time change, or is the server overloaded? Running 2008ms behind, skipping 40 tick(s)
[15:11:49] [Server thread/WARN]: Can't keep up! Did the system time change, or is the server overloaded? Running 2472ms behind, skipping 49 tick(s)
[15:16:50] [Server thread/WARN]: Can't keep up! Did the system time change, or is the server overloaded? Running 2705ms behind, skipping 54 tick(s)
[15:31:51] [Server thread/WARN]: Can't keep up! Did the system time change, or is the server overloaded? Running 2593ms behind, skipping 51 tick(s)
[16:01:52] [Server thread/WARN]: Can't keep up! Did the system time change, or is the server overloaded? Running 3153ms behind, skipping 63 tick(s)
[16:16:52] [Server thread/WARN]: Can't keep up! Did the system time change, or is the server overloaded? Running 2648ms behind, skipping 52 tick(s)
[16:31:53] [Server thread/WARN]: Can't keep up! Did the system time change, or is the server overloaded? Running 2661ms behind, skipping 53 tick(s)
[16:36:53] [Server thread/WARN]: Can't keep up! Did the system time change, or is the server overloaded? Running 2035ms behind, skipping 40 tick(s)
[16:46:54] [Server thread/WARN]: Can't keep up! Did the system time change, or is the server overloaded? Running 2733ms behind, skipping 54 tick(s)
[17:46:54] [Server thread/WARN]: Can't keep up! Did the system time change, or is the server overloaded? Running 2657ms behind, skipping 53 tick(s)
[17:51:54] [pool-3-thread-27471/INFO]: [Vault] Checking for Updates ... 
[17:51:56] [pool-3-thread-27471/WARN]: [Vault] Stable Version: 1.5.3 is out! You are still running version: 1.5.0
[17:51:56] [pool-3-thread-27471/WARN]: [Vault] Update at: http://dev.bukkit.org/server-mods/vault
[18:31:55] [Server thread/WARN]: Can't keep up! Did the system time change, or is the server overloaded? Running 2124ms behind, skipping 42 tick(s)
[18:51:55] [Server thread/WARN]: Can't keep up! Did the system time change, or is the server overloaded? Running 2079ms behind, skipping 41 tick(s)
[18:56:55] [Server thread/WARN]: Can't keep up! Did the system time change, or is the server overloaded? Running 2818ms behind, skipping 56 tick(s)
[19:51:56] [Server thread/WARN]: Can't keep up! Did the system time change, or is the server overloaded? Running 2601ms behind, skipping 52 tick(s)
[20:26:57] [Server thread/WARN]: Can't keep up! Did the system time change, or is the server overloaded? Running 2668ms behind, skipping 53 tick(s)
[21:06:57] [Server thread/WARN]: Can't keep up! Did the system time change, or is the server overloaded? Running 2601ms behind, skipping 52 tick(s)
[21:46:57] [Server thread/WARN]: Can't keep up! Did the system time change, or is the server overloaded? Running 2068ms behind, skipping 41 tick(s)
[21:51:58] [Server thread/WARN]: Can't keep up! Did the system time change, or is the server overloaded? Running 2501ms behind, skipping 50 tick(s)
[21:56:58] [Server thread/WARN]: Can't keep up! Did the system time change, or is the server overloaded? Running 2363ms behind, skipping 47 tick(s)
[22:01:59] [Server thread/WARN]: Can't keep up! Did the system time change, or is the server overloaded? Running 2659ms behind, skipping 53 tick(s)
[22:06:59] [Server thread/WARN]: Can't keep up! Did the system time change, or is the server overloaded? Running 2299ms behind, skipping 45 tick(s)
[22:12:00] [Server thread/WARN]: Can't keep up! Did the system time change, or is the server overloaded? Running 2351ms behind, skipping 47 tick(s)
[22:17:00] [Server thread/WARN]: Can't keep up! Did the system time change, or is the server overloaded? Running 2684ms behind, skipping 53 tick(s)
[22:22:01] [Server thread/WARN]: Can't keep up! Did the system time change, or is the server overloaded? Running 2458ms behind, skipping 49 tick(s)
[22:27:01] [Server thread/WARN]: Can't keep up! Did the system time change, or is the server overloaded? Running 2752ms behind, skipping 55 tick(s)
[22:32:02] [Server thread/WARN]: Can't keep up! Did the system time change, or is the server overloaded? Running 2677ms behind, skipping 53 tick(s)
[22:37:04] [Server thread/WARN]: Can't keep up! Did the system time change, or is the server overloaded? Running 3433ms behind, skipping 68 tick(s)
[22:42:04] [Server thread/WARN]: Can't keep up! Did the system time change, or is the server overloaded? Running 2102ms behind, skipping 42 tick(s)
[22:47:05] [Server thread/WARN]: Can't keep up! Did the system time change, or is the server overloaded? Running 3200ms behind, skipping 64 tick(s)
[22:52:05] [Server thread/WARN]: Can't keep up! Did the system time change, or is the server overloaded? Running 2169ms behind, skipping 43 tick(s)
[22:54:12] [pool-3-thread-27560/INFO]: [Metrics] Connection timed out
[22:57:05] [Server thread/WARN]: Can't keep up! Did the system time change, or is the server overloaded? Running 2117ms behind, skipping 42 tick(s)
[23:02:05] [Server thread/WARN]: Can't keep up! Did the system time change, or is the server overloaded? Running 2221ms behind, skipping 44 tick(s)
[23:02:06] [pool-3-thread-27564/INFO]: [Metrics] Server returned HTTP response code: 408 for URL: http://mcstats.org/report/Multiverse-Core
[23:07:05] [Server thread/WARN]: Can't keep up! Did the system time change, or is the server overloaded? Running 2063ms behind, skipping 41 tick(s)
[23:12:06] [Server thread/WARN]: Can't keep up! Did the system time change, or is the server overloaded? Running 2078ms behind, skipping 41 tick(s)
[23:17:06] [Server thread/WARN]: Can't keep up! Did the system time change, or is the server overloaded? Running 2343ms behind, skipping 46 tick(s)
[23:22:06] [Server thread/WARN]: Can't keep up! Did the system time change, or is the server overloaded? Running 2122ms behind, skipping 42 tick(s)
[23:27:06] [Server thread/WARN]: Can't keep up! Did the system time change, or is the server overloaded? Running 2080ms behind, skipping 41 tick(s)
[23:32:07] [Server thread/WARN]: Can't keep up! Did the system time change, or is the server overloaded? Running 3222ms behind, skipping 64 tick(s)
[23:37:07] [Server thread/WARN]: Can't keep up! Did the system time change, or is the server overloaded? Running 2150ms behind, skipping 43 tick(s)
[23:42:08] [Server thread/WARN]: Can't keep up! Did the system time change, or is the server overloaded? Running 2180ms behind, skipping 43 tick(s)
[23:47:08] [Server thread/WARN]: Can't keep up! Did the system time change, or is the server overloaded? Running 2112ms behind, skipping 42 tick(s)
[23:52:08] [Server thread/WARN]: Can't keep up! Did the system time change, or is the server overloaded? Running 2136ms behind, skipping 42 tick(s)
[23:52:08] [pool-3-thread-27580/INFO]: [Vault] Checking for Updates ... 
[23:52:09] [pool-3-thread-27580/WARN]: [Vault] Stable Version: 1.5.3 is out! You are still running version: 1.5.0
[23:52:09] [pool-3-thread-27580/WARN]: [Vault] Update at: http://dev.bukkit.org/server-mods/vault
[23:57:08] [Server thread/WARN]: Can't keep up! Did the system time change, or is the server overloaded? Running 2096ms behind, skipping 41 tick(s)
