[00:02:57] [Server thread/WARN]: Can't keep up! Did the system time change, or is the server overloaded? Running 4870ms behind, skipping 97 tick(s)
[00:03:21] [Server thread/WARN]: Can't keep up! Did the system time change, or is the server overloaded? Running 3310ms behind, skipping 66 tick(s)
[00:03:55] [Server thread/WARN]: Can't keep up! Did the system time change, or is the server overloaded? Running 2089ms behind, skipping 41 tick(s)
[00:04:33] [Server thread/WARN]: Can't keep up! Did the system time change, or is the server overloaded? Running 3220ms behind, skipping 64 tick(s)
[00:25:38] [Server thread/WARN]: Can't keep up! Did the system time change, or is the server overloaded? Running 3081ms behind, skipping 61 tick(s)
[00:37:02] [Server thread/INFO]: FabboCJ lost connection: Disconnected
[00:37:02] [Server thread/INFO]: FabboCJ left the game.
[00:47:31] [Server thread/WARN]: Can't keep up! Did the system time change, or is the server overloaded? Running 2179ms behind, skipping 43 tick(s)
[01:08:02] [Server thread/WARN]: Can't keep up! Did the system time change, or is the server overloaded? Running 2442ms behind, skipping 48 tick(s)
[01:18:05] [Server thread/WARN]: Can't keep up! Did the system time change, or is the server overloaded? Running 4925ms behind, skipping 98 tick(s)
[01:48:29] [User Authenticator #14/INFO]: UUID of player FabboCJ is 71099085-8677-4003-b144-d3ef69961fd4
[01:48:29] [Server thread/INFO]: FabboCJ[/37.46.178.157:49609] logged in with entity id 422448 at ([tutworld] 303.8305584602979, 14.0, 2474.49187103295)
[02:04:41] [Server thread/WARN]: Can't keep up! Did the system time change, or is the server overloaded? Running 2465ms behind, skipping 49 tick(s)
[02:05:27] [Server thread/WARN]: Can't keep up! Did the system time change, or is the server overloaded? Running 4895ms behind, skipping 97 tick(s)
[02:23:40] [Server thread/WARN]: Can't keep up! Did the system time change, or is the server overloaded? Running 2572ms behind, skipping 51 tick(s)
[02:24:51] [Server thread/WARN]: Can't keep up! Did the system time change, or is the server overloaded? Running 2639ms behind, skipping 52 tick(s)
[02:52:46] [Server thread/WARN]: Can't keep up! Did the system time change, or is the server overloaded? Running 2754ms behind, skipping 55 tick(s)
[03:15:56] [Server thread/WARN]: Can't keep up! Did the system time change, or is the server overloaded? Running 2230ms behind, skipping 44 tick(s)
[04:13:10] [Server thread/WARN]: Can't keep up! Did the system time change, or is the server overloaded? Running 2047ms behind, skipping 40 tick(s)
[04:14:17] [Server thread/WARN]: Can't keep up! Did the system time change, or is the server overloaded? Running 2167ms behind, skipping 43 tick(s)
[04:14:36] [Server thread/WARN]: Can't keep up! Did the system time change, or is the server overloaded? Running 2219ms behind, skipping 44 tick(s)
[04:15:07] [Server thread/WARN]: Can't keep up! Did the system time change, or is the server overloaded? Running 4440ms behind, skipping 88 tick(s)
[04:18:17] [Server thread/WARN]: Can't keep up! Did the system time change, or is the server overloaded? Running 5686ms behind, skipping 113 tick(s)
[04:20:12] [Server thread/INFO]: FabboCJ lost connection: Disconnected
[04:20:12] [Server thread/INFO]: FabboCJ left the game.
[04:38:17] [Server thread/WARN]: Can't keep up! Did the system time change, or is the server overloaded? Running 2317ms behind, skipping 46 tick(s)
[05:50:16] [Server thread/WARN]: Can't keep up! Did the system time change, or is the server overloaded? Running 2361ms behind, skipping 47 tick(s)
[06:53:46] [Server thread/WARN]: Can't keep up! Did the system time change, or is the server overloaded? Running 3086ms behind, skipping 61 tick(s)
[08:08:35] [Server thread/WARN]: Can't keep up! Did the system time change, or is the server overloaded? Running 2755ms behind, skipping 55 tick(s)
[08:22:03] [Server thread/WARN]: Can't keep up! Did the system time change, or is the server overloaded? Running 2351ms behind, skipping 47 tick(s)
[08:23:22] [Server thread/WARN]: Can't keep up! Did the system time change, or is the server overloaded? Running 4192ms behind, skipping 83 tick(s)
[08:27:09] [Server thread/WARN]: Can't keep up! Did the system time change, or is the server overloaded? Running 3582ms behind, skipping 71 tick(s)
[11:02:32] [Server thread/WARN]: Can't keep up! Did the system time change, or is the server overloaded? Running 2168ms behind, skipping 43 tick(s)
[12:37:50] [Server thread/WARN]: Can't keep up! Did the system time change, or is the server overloaded? Running 2186ms behind, skipping 43 tick(s)
[18:58:24] [Server thread/WARN]: Can't keep up! Did the system time change, or is the server overloaded? Running 2049ms behind, skipping 40 tick(s)
[20:38:24] [Server thread/WARN]: Can't keep up! Did the system time change, or is the server overloaded? Running 2812ms behind, skipping 56 tick(s)
[20:42:28] [User Authenticator #15/INFO]: UUID of player FabboCJ is 71099085-8677-4003-b144-d3ef69961fd4
[20:42:30] [Server thread/INFO]: FabboCJ[/37.46.178.157:49754] logged in with entity id 653266 at ([tutworld] 183.31644004849454, 69.0, 209.29109825366314)
[20:42:35] [Server thread/WARN]: Can't keep up! Did the system time change, or is the server overloaded? Running 4755ms behind, skipping 95 tick(s)
[20:49:30] [User Authenticator #16/INFO]: UUID of player jennysun is 7900e234-1bd5-4b95-849e-e13e96a55e5e
[20:49:30] [Server thread/INFO]: jennysun[/85.229.225.202:56237] logged in with entity id 672809 at ([tutworld] 188.3219592245491, 69.0, 229.75539385281803)
[20:52:23] [Netty Server IO #3/INFO]: <FabboCJ> Heeej! :-) AFK, nikotinpaus[m
[20:53:27] [Server thread/WARN]: Can't keep up! Did the system time change, or is the server overloaded? Running 2059ms behind, skipping 41 tick(s)
[20:57:17] [Netty Server IO #3/INFO]: <FabboCJ> Förlåt, ville du sova? :-)[m
[20:57:47] [Netty Server IO #0/INFO]: <jennysun> inte nu längre :-)[m
[20:58:06] [Netty Server IO #3/INFO]: <FabboCJ> :-P[m
[20:59:30] [Netty Server IO #0/INFO]: <jennysun> vi är i forest hills!?[m
[20:59:56] [Netty Server IO #3/INFO]: <FabboCJ> Ja, det är inte lika bra som extreme hills antar jag... men kan gräva gångar söderut?[m
[21:00:18] [Netty Server IO #0/INFO]: <jennysun> finns en här parallellt...[m
[21:00:19] [Netty Server IO #3/INFO]: <FabboCJ> Fulla fickor... jag har en del att fixa med, men jag kommer sen iaf... :-)[m
[21:04:33] [Netty Server IO #3/INFO]: <FabboCJ> Spawner här ovanför mig i gången.... :-P[m
[21:05:04] [Netty Server IO #0/INFO]: <jennysun> vill du ha en extra krigare med?[m
[21:05:39] [Netty Server IO #3/INFO]: <FabboCJ> Ja kom du, det var några stycken!!![m
[21:06:00] [Netty Server IO #3/INFO]: <FabboCJ> Fel håll[m
[21:06:16] [Netty Server IO #3/INFO]: <FabboCJ> You do the honors? :-P[m
[21:06:53] [Netty Server IO #3/INFO]: <FabboCJ> Ska vi gå in?[m
[21:08:54] [Netty Server IO #3/INFO]: <FabboCJ> Nice :-)[m
[21:10:42] [Netty Server IO #3/INFO]: <FabboCJ> Här fanns det en del fint![m
[21:11:48] [Netty Server IO #3/INFO]: <FabboCJ> Sjutton vad det låter om dig![m
[21:12:22] [Netty Server IO #0/INFO]: <jennysun> sry jag är lost...[m
[21:16:20] [Netty Server IO #3/INFO]: <FabboCJ> Jag har inga facklor...[m
[21:16:32] [Netty Server IO #3/INFO]: <FabboCJ> :-)[m
[21:16:36] [Netty Server IO #0/INFO]: <jennysun> :)[m
[21:17:25] [Netty Server IO #3/INFO]: <FabboCJ> Got him![m
[21:17:48] [Netty Server IO #0/INFO]: <jennysun> blockade ett par av det som sprängde sig...[m
[21:17:56] [Netty Server IO #3/INFO]: <FabboCJ> yay :-)[m
[21:18:12] [Netty Server IO #0/INFO]: <jennysun> nu bär jag din hink...[m
[21:19:08] [Netty Server IO #3/INFO]: <FabboCJ> Tack... jag har nästan två stacks frön med mig av någon outgrundlig anledning[m
[21:19:30] [Netty Server IO #0/INFO]: <jennysun> hinkar!? knas![m
[21:19:51] [Netty Server IO #3/INFO]: <FabboCJ> Nej, frön... men jag har två tomma hinkar också :-)[m
[21:20:10] [Server thread/WARN]: Can't keep up! Did the system time change, or is the server overloaded? Running 6608ms behind, skipping 132 tick(s)
[21:20:19] [Netty Server IO #0/INFO]: <jennysun> haha... bråttom när jag läser...[m
[21:22:23] [Netty Server IO #3/INFO]: <FabboCJ> Jag hör höns här...testar att gräva mig ut :-)[m
[21:26:47] [Netty Server IO #0/INFO]: <jennysun> galet fulla fickor...[m
[21:27:12] [Netty Server IO #3/INFO]: <FabboCJ> Man får jobba hårt för att hålla dem användbara... blir lätt så[m
[21:27:44] [Netty Server IO #3/INFO]: <FabboCJ> Ute i björkskogen här... :-)[m
[21:27:55] [Netty Server IO #0/INFO]: <jennysun> tog min första e-man i vanilla ;D[m
[21:28:02] [Netty Server IO #3/INFO]: <FabboCJ> Yay :-)[m
[21:28:33] [Netty Server IO #0/INFO]: <jennysun> såg inte åt vilket håll du gick...[m
[21:28:39] [Netty Server IO #3/INFO]: <FabboCJ> Sorry....[m
[21:28:53] [Netty Server IO #3/INFO]: <FabboCJ> Ska jag komma tillbaks så du hittar ut med?[m
[21:29:22] [Netty Server IO #0/INFO]: <jennysun> nej jag tar gången![m
[21:29:27] [Netty Server IO #3/INFO]: <FabboCJ> Gott :-)[m
[21:35:42] [Server thread/WARN]: Can't keep up! Did the system time change, or is the server overloaded? Running 2172ms behind, skipping 43 tick(s)
[21:39:38] [Netty Server IO #3/INFO]: <FabboCJ> Jag fick en fortune III-pick![m
[21:39:52] [Netty Server IO #0/INFO]: <jennysun> suhweetT!!![m
[21:40:23] [Netty Server IO #3/INFO]: <FabboCJ> Vill du se när jag "öppnar" 13 diamanter?[m
[21:40:49] [Netty Server IO #0/INFO]: <jennysun> go nuts![m
[21:40:55] [Netty Server IO #3/INFO]: <FabboCJ> Ready? Go![m
[21:41:36] [Netty Server IO #3/INFO]: <FabboCJ> 29 eller 30 från dem... :-)[m
[21:41:40] [Netty Server IO #0/INFO]: <jennysun> knasiga 2D diamanter! :D[m
[21:41:55] [Netty Server IO #3/INFO]: <FabboCJ> Japp :-)[m
[21:43:39] [Netty Server IO #0/INFO]: <jennysun> P-break[m
[21:43:42] [Server thread/INFO]: jennysun lost connection: Disconnected
[21:43:42] [Server thread/INFO]: jennysun left the game.
[21:43:43] [Netty Server IO #3/INFO]: <FabboCJ> Mmmm[m
[21:46:31] [Server thread/WARN]: Can't keep up! Did the system time change, or is the server overloaded? Running 2010ms behind, skipping 40 tick(s)
[21:47:24] [Server thread/WARN]: Can't keep up! Did the system time change, or is the server overloaded? Running 3484ms behind, skipping 69 tick(s)
[21:51:44] [User Authenticator #17/INFO]: UUID of player jennysun is 7900e234-1bd5-4b95-849e-e13e96a55e5e
[21:51:44] [Server thread/INFO]: jennysun[/85.229.225.202:56295] logged in with entity id 821277 at ([tutworld] 182.29335963025585, 70.0, 215.40393717864157)
[21:57:24] [Netty Server IO #2/INFO]: <jennysun> vad ska du enchanta härnäst?[m
[21:57:31] [Netty Server IO #3/INFO]: <FabboCJ> Skor...?[m
[22:02:15] [Netty Server IO #3/INFO]: <FabboCJ> Byxor blir det...[m
[22:08:18] [Server thread/WARN]: Can't keep up! Did the system time change, or is the server overloaded? Running 2714ms behind, skipping 54 tick(s)
[22:08:36] [Server thread/WARN]: Can't keep up! Did the system time change, or is the server overloaded? Running 4155ms behind, skipping 83 tick(s)
[22:12:33] [Netty Server IO #3/INFO]: <FabboCJ> Alla kartorna trillade ned! :-P[m
[22:16:38] [Netty Server IO #2/INFO]: <jennysun> fick du mitt svärd just nu?[m
[22:16:45] [Netty Server IO #3/INFO]: <FabboCJ> Nope....[m
[22:17:05] [Netty Server IO #3/INFO]: <FabboCJ> Jag har planterat potatis, vi fick tillfälligt slut... :-P[m
[22:17:31] [Netty Server IO #2/INFO]: <jennysun> jag planterade på våning2...[m
[22:17:41] [Netty Server IO #3/INFO]: <FabboCJ> Ah :-)[m
[22:19:44] [Netty Server IO #2/INFO]: <jennysun> a bit of mutton if you want a taste ;)[m
[22:19:53] [Netty Server IO #3/INFO]: <FabboCJ> Jag är mätt... :-)[m
[22:32:07] [Server thread/WARN]: Can't keep up! Did the system time change, or is the server overloaded? Running 2237ms behind, skipping 44 tick(s)
[22:39:38] [Netty Server IO #2/INFO]: <jennysun> har du en extra silktouch pick? hittat diamant...[m
[22:39:49] [Netty Server IO #3/INFO]: <FabboCJ> Mmmm... ska jag komma ned då?[m
[22:40:24] [Netty Server IO #2/INFO]: <jennysun> det är "bara" 3[m
[22:40:31] [Netty Server IO #3/INFO]: <FabboCJ> Toppen![m
[22:41:06] [Netty Server IO #2/INFO]: <jennysun> jag tar de denna gång, får enchanta ett par picks så vi får silktouch. :)[m
[22:41:16] [Netty Server IO #3/INFO]: <FabboCJ> mmmm, det duger :-)[m
[22:58:35] [Netty Server IO #2/INFO]: <jennysun> honey I'm home..,[m
[22:58:57] [Netty Server IO #3/INFO]: <FabboCJ> Jag slaktar kor... men vad trevligt! :-)[m
[23:02:15] [Netty Server IO #2/INFO]: <jennysun> OCD![m
[23:02:31] [Netty Server IO #2/INFO]: <jennysun> :-P[m
[23:02:35] [Netty Server IO #3/INFO]: <FabboCJ> Det måste man ha om det ska bli fint :-P[m
[23:02:43] [Netty Server IO #3/INFO]: <FabboCJ> Tänkte göra te och mackor nu :-*[m
[23:03:07] [Netty Server IO #3/INFO]: <FabboCJ> Undrar var den där zombien som låter är....[m
[23:09:40] [Netty Server IO #2/INFO]: <jennysun> sorry!![m
[23:09:46] [Netty Server IO #2/INFO]: <jennysun> jag ville vinka ;)[m
[23:10:00] [Netty Server IO #2/INFO]: <jennysun> ser fint ut![m
[23:10:11] [Netty Server IO #3/INFO]: <FabboCJ> Hopplöst att undvika att trampa sönder trädgårdslandet... men det ligger en kanal under/bredvid för.[m
[23:10:17] [Netty Server IO #3/INFO]: <FabboCJ> ... för bevattning :-)[m
[23:11:31] [Netty Server IO #2/INFO]: <jennysun> jag loggar ur för ikväll :-*[m
[23:11:38] [Netty Server IO #3/INFO]: <FabboCJ> Ok!... :-*[m
[23:11:43] [Server thread/INFO]: jennysun lost connection: Disconnected
[23:11:43] [Server thread/INFO]: jennysun left the game.
[23:13:38] [Server thread/WARN]: Can't keep up! Did the system time change, or is the server overloaded? Running 2973ms behind, skipping 59 tick(s)
[23:14:04] [Server thread/WARN]: Can't keep up! Did the system time change, or is the server overloaded? Running 5573ms behind, skipping 111 tick(s)
[23:14:42] [Server thread/WARN]: Can't keep up! Did the system time change, or is the server overloaded? Running 2280ms behind, skipping 45 tick(s)
[23:19:56] [Server thread/WARN]: Can't keep up! Did the system time change, or is the server overloaded? Running 2380ms behind, skipping 47 tick(s)
[23:20:16] [Server thread/WARN]: Can't keep up! Did the system time change, or is the server overloaded? Running 3154ms behind, skipping 63 tick(s)
[23:28:44] [Server thread/WARN]: Can't keep up! Did the system time change, or is the server overloaded? Running 2766ms behind, skipping 55 tick(s)
[23:30:25] [Server thread/WARN]: Can't keep up! Did the system time change, or is the server overloaded? Running 3615ms behind, skipping 72 tick(s)
