[15:33:41] [Server thread/INFO]: Starting minecraft server version 1.8
[15:33:41] [Server thread/INFO]: Loading properties
[15:33:41] [Server thread/INFO]: Default game type: SURVIVAL
[15:33:41] [Server thread/INFO]: Generating keypair
[15:33:41] [Server thread/INFO]: Starting Minecraft server on *:25566
[15:33:42] [Server thread/INFO]: This server is running CraftBukkit version git-Bukkit-0899683 (MC: 1.8) (Implementing API version 1.8-R0.1-SNAPSHOT)
[15:33:42] [Server thread/ERROR]: Could not load 'plugins/pvparena-1.0.jar' in folder 'plugins'
org.bukkit.plugin.InvalidPluginException: org.bukkit.plugin.InvalidDescriptionException: Invalid plugin.yml
	at org.bukkit.plugin.java.JavaPluginLoader.loadPlugin(JavaPluginLoader.java:75) ~[craftbukkit-1.8.jar:git-Bukkit-0899683]
	at org.bukkit.plugin.SimplePluginManager.loadPlugin(SimplePluginManager.java:328) ~[craftbukkit-1.8.jar:git-Bukkit-0899683]
	at org.bukkit.plugin.SimplePluginManager.loadPlugins(SimplePluginManager.java:251) [craftbukkit-1.8.jar:git-Bukkit-0899683]
	at org.bukkit.craftbukkit.v1_8_R1.CraftServer.loadPlugins(CraftServer.java:287) [craftbukkit-1.8.jar:git-Bukkit-0899683]
	at org.bukkit.craftbukkit.v1_8_R1.CraftServer.<init>(CraftServer.java:249) [craftbukkit-1.8.jar:git-Bukkit-0899683]
	at net.minecraft.server.v1_8_R1.PlayerList.<init>(PlayerList.java:69) [craftbukkit-1.8.jar:git-Bukkit-0899683]
	at net.minecraft.server.v1_8_R1.DedicatedPlayerList.<init>(SourceFile:14) [craftbukkit-1.8.jar:git-Bukkit-0899683]
	at net.minecraft.server.v1_8_R1.DedicatedServer.init(DedicatedServer.java:133) [craftbukkit-1.8.jar:git-Bukkit-0899683]
	at net.minecraft.server.v1_8_R1.MinecraftServer.run(MinecraftServer.java:473) [craftbukkit-1.8.jar:git-Bukkit-0899683]
	at java.lang.Thread.run(Thread.java:745) [?:1.7.0_76]
Caused by: org.bukkit.plugin.InvalidDescriptionException: Invalid plugin.yml
	at org.bukkit.plugin.java.JavaPluginLoader.getPluginDescription(JavaPluginLoader.java:160) ~[craftbukkit-1.8.jar:git-Bukkit-0899683]
	at org.bukkit.plugin.java.JavaPluginLoader.loadPlugin(JavaPluginLoader.java:73) ~[craftbukkit-1.8.jar:git-Bukkit-0899683]
	... 9 more
Caused by: java.util.zip.ZipException: error in opening zip file
	at java.util.zip.ZipFile.open(Native Method) ~[?:1.7.0_76]
	at java.util.zip.ZipFile.<init>(ZipFile.java:215) ~[?:1.7.0_76]
	at java.util.zip.ZipFile.<init>(ZipFile.java:145) ~[?:1.7.0_76]
	at java.util.jar.JarFile.<init>(JarFile.java:154) ~[?:1.7.0_76]
	at java.util.jar.JarFile.<init>(JarFile.java:118) ~[?:1.7.0_76]
	at org.bukkit.plugin.java.JavaPluginLoader.getPluginDescription(JavaPluginLoader.java:148) ~[craftbukkit-1.8.jar:git-Bukkit-0899683]
	at org.bukkit.plugin.java.JavaPluginLoader.loadPlugin(JavaPluginLoader.java:73) ~[craftbukkit-1.8.jar:git-Bukkit-0899683]
	... 9 more
[15:33:43] [Server thread/INFO]: [PlayerInfo] Loading PlayerInfo v1.0
[15:33:43] [Server thread/INFO]: [GroupManager] Loading GroupManager v2.1.31 (Phoenix)
[15:33:43] [Server thread/INFO]: [WorldEdit] Loading WorldEdit v5.6.2
[15:33:43] [Server thread/INFO]: [GodSet] Loading GodSet v1.1
[15:33:43] [Server thread/INFO]: [Vault] Loading Vault v1.5.0-b28
[15:33:43] [Server thread/INFO]: [Multiverse-Core] Loading Multiverse-Core v2.5-b678
[15:33:43] [Server thread/INFO]: [PermissionsEx] Loading PermissionsEx v1.23.1
[15:33:43] [Server thread/INFO]: [WorldGuard] Loading WorldGuard v5.9
[15:33:43] [Server thread/INFO]: [WarpPortals] Loading WarpPortals v5.6.3
[15:33:43] [Server thread/INFO]: [Multiverse-Portals] Loading Multiverse-Portals v2.5-b710
[15:33:43] [Server thread/INFO]: [Multiverse-NetherPortals] Loading Multiverse-NetherPortals v2.5-b682
[15:33:43] [Server thread/INFO]: [SkyWars] Loading SkyWars v1.4.4
[15:33:43] [Server thread/INFO]: [Multiverse-Downloader] Loading Multiverse-Downloader v1.0-SNAPSHOT-b1
[15:33:43] [Server thread/INFO]: [Multiverse-Adventure] Loading Multiverse-Adventure v2.5-b683
[15:33:43] [Server thread/INFO]: [Vault] Enabling Vault v1.5.0-b28
[15:33:43] [Server thread/INFO]: [Vault] [Permission] PermissionsEx found: Waiting
[15:33:43] [Server thread/INFO]: [Vault] [Permission] GroupManager found: Waiting
[15:33:43] [Server thread/INFO]: [Vault] [Permission] SuperPermissions loaded as backup permission system.
[15:33:43] [Server thread/INFO]: [Vault] [Chat] PermissionsEx found: Waiting
[15:33:43] [Server thread/INFO]: [Vault] [Chat] GroupManager found: Waiting
[15:33:43] [Server thread/INFO]: [Vault] Enabled Version 1.5.0-b28
[15:33:43] [Server thread/INFO]: Preparing level "tutworld"
[15:33:43] [Server thread/INFO]: Preparing start region for level 0 (Seed: -3414234582187284145)
[15:33:46] [Server thread/INFO]: Preparing spawn area: 0%
[15:33:47] [Server thread/INFO]: Preparing spawn area: 51%
[15:33:49] [Server thread/INFO]: Preparing spawn area: 90%
[15:33:49] [Server thread/INFO]: Preparing start region for level 1 (Seed: -3414234582187284145)
[15:33:50] [Server thread/INFO]: Preparing spawn area: 88%
[15:33:50] [Server thread/INFO]: Preparing start region for level 2 (Seed: -3414234582187284145)
[15:33:50] [Server thread/INFO]: [PlayerInfo] Enabling PlayerInfo v1.0
[15:33:50] [Server thread/INFO]: [PlayerInfo] has been enabled
[15:33:50] [Server thread/INFO]: [GroupManager] Enabling GroupManager v2.1.31 (Phoenix)
[15:33:50] [Server thread/INFO]: GroupManager - INFO - World Found: tutworld
[15:33:50] [Server thread/INFO]: GroupManager - INFO - World Found: tutworld_nether
[15:33:50] [Server thread/INFO]: GroupManager - INFO - World Found: world
[15:33:50] [Server thread/INFO]: GroupManager - INFO - Superperms support enabled.
[15:33:50] [Server thread/INFO]: GroupManager - INFO - Scheduled Data Saving is set for every 10 minutes!
[15:33:50] [Server thread/INFO]: GroupManager - INFO - Backups will be retained for 24 hours!
[15:33:50] [Server thread/INFO]: GroupManager version 2.1.31 (Phoenix) is enabled!
[15:33:50] [Server thread/INFO]: [Vault][Permission] GroupManager hooked.
[15:33:50] [Server thread/INFO]: [Vault][Chat] GroupManager - Chat hooked.
[15:33:50] [Server thread/INFO]: [WorldEdit] Enabling WorldEdit v5.6.2
[15:33:50] [Server thread/INFO]: WEPIF: GroupManager detected! Using GroupManager for permissions.
[15:33:51] [Server thread/INFO]: [GodSet] Enabling GodSet v1.1
[15:33:51] [Server thread/INFO]: [Multiverse-Core] Enabling Multiverse-Core v2.5-b678
[15:33:51] [Server thread/INFO]: [Multiverse-Core] [AllPay] - Version 13.0 - using only an item based economy for Multiverse-Core v2.5-b678
[15:33:52] [Server thread/INFO]: Preparing start region for level 3 (Seed: -2903505127734604271)
[15:33:54] [Server thread/INFO]: Preparing spawn area for fromflames, 69%
[15:33:54] [Server thread/INFO]: Preparing start region for level 4 (Seed: 8440151354802767546)
[15:33:55] [Server thread/INFO]: Preparing start region for level 5 (Seed: -2369971020579525390)
[15:33:56] [Server thread/INFO]: Preparing start region for level 6 (Seed: -6426663970308026368)
[15:33:57] [Server thread/INFO]: Preparing spawn area for cubeception2smp, 61%
[15:33:58] [Server thread/INFO]: Preparing start region for level 7 (Seed: 1780430939243764315)
[15:34:02] [Server thread/INFO]: Preparing start region for level 8 (Seed: 4919839233390569991)
[15:34:03] [Server thread/INFO]: Preparing spawn area for Bomber, 57%
[15:34:06] [Server thread/INFO]: Preparing start region for level 9 (Seed: 64951768)
[15:34:07] [Server thread/INFO]: Preparing spawn area for cityworld, 8%
[15:34:10] [Server thread/INFO]: Preparing start region for level 10 (Seed: -5663810443052788782)
[15:34:14] [Server thread/INFO]: Preparing start region for level 11 (Seed: 2282912023382338973)
[15:34:20] [Server thread/INFO]: Preparing start region for level 12 (Seed: 0)
[15:34:23] [Server thread/INFO]: Preparing start region for level 13 (Seed: 3981014598438330368)
[15:34:24] [Server thread/INFO]: Preparing spawn area for cubeceptionreloaded, 73%
[15:34:28] [Server thread/INFO]: Preparing start region for level 14 (Seed: 6851938583268216745)
[15:34:31] [Server thread/INFO]: [Multiverse-Core] 15 - World(s) loaded.
[15:34:32] [Server thread/INFO]: [Multiverse-Core] Version 2.5-b678 (API v18) Enabled - By Rigby, fernferret, lithium3141 and main--
[15:34:32] [Server thread/INFO]: [PermissionsEx] Enabling PermissionsEx v1.23.1
[15:34:32] [Server thread/INFO]: [PermissionsEx] Initializing file backend
[15:34:32] [Server thread/INFO]: [PermissionsEx] Permissions file successfully reloaded
[15:34:32] [Server thread/INFO]: WEPIF: PermissionsEx detected! Using PermissionsEx for permissions.
[15:34:32] [Server thread/INFO]: [Vault][Permission] PermissionsEx hooked.
[15:34:32] [Server thread/INFO]: [Vault][Chat] PermissionsEx_Chat hooked.
[15:34:32] [Server thread/INFO]: [WorldGuard] Enabling WorldGuard v5.9
[15:34:32] [Server thread/INFO]: [WorldGuard] (tutworld) TNT ignition is PERMITTED.
[15:34:32] [Server thread/INFO]: [WorldGuard] (tutworld) Lighters are PERMITTED.
[15:34:32] [Server thread/INFO]: [WorldGuard] (tutworld) Lava fire is blocked.
[15:34:32] [Server thread/INFO]: [WorldGuard] (tutworld) Fire spread is UNRESTRICTED.
[15:34:32] [Server thread/INFO]: [WorldGuard] Loaded configuration for world 'tutworld'
[15:34:32] [Server thread/INFO]: [WorldGuard] (tutworld_nether) TNT ignition is PERMITTED.
[15:34:32] [Server thread/INFO]: [WorldGuard] (tutworld_nether) Lighters are PERMITTED.
[15:34:32] [Server thread/INFO]: [WorldGuard] (tutworld_nether) Lava fire is blocked.
[15:34:32] [Server thread/INFO]: [WorldGuard] (tutworld_nether) Fire spread is UNRESTRICTED.
[15:34:32] [Server thread/INFO]: [WorldGuard] Loaded configuration for world 'tutworld_nether'
[15:34:32] [Server thread/INFO]: [WorldGuard] (tutworld_the_end) TNT ignition is PERMITTED.
[15:34:32] [Server thread/INFO]: [WorldGuard] (tutworld_the_end) Lighters are PERMITTED.
[15:34:32] [Server thread/INFO]: [WorldGuard] (tutworld_the_end) Lava fire is blocked.
[15:34:32] [Server thread/INFO]: [WorldGuard] (tutworld_the_end) Fire spread is UNRESTRICTED.
[15:34:32] [Server thread/INFO]: [WorldGuard] Loaded configuration for world 'tutworld_the_end'
[15:34:32] [Server thread/INFO]: [WorldGuard] (fromflames) TNT ignition is PERMITTED.
[15:34:32] [Server thread/INFO]: [WorldGuard] (fromflames) Lighters are PERMITTED.
[15:34:32] [Server thread/INFO]: [WorldGuard] (fromflames) Lava fire is blocked.
[15:34:32] [Server thread/INFO]: [WorldGuard] (fromflames) Fire spread is UNRESTRICTED.
[15:34:32] [Server thread/INFO]: [WorldGuard] Loaded configuration for world 'fromflames'
[15:34:32] [Server thread/INFO]: [WorldGuard] (fromashes) TNT ignition is PERMITTED.
[15:34:32] [Server thread/INFO]: [WorldGuard] (fromashes) Lighters are PERMITTED.
[15:34:32] [Server thread/INFO]: [WorldGuard] (fromashes) Lava fire is blocked.
[15:34:32] [Server thread/INFO]: [WorldGuard] (fromashes) Fire spread is UNRESTRICTED.
[15:34:32] [Server thread/INFO]: [WorldGuard] Loaded configuration for world 'fromashes'
[15:34:32] [Server thread/INFO]: [WorldGuard] (creative) TNT ignition is PERMITTED.
[15:34:32] [Server thread/INFO]: [WorldGuard] (creative) Lighters are PERMITTED.
[15:34:32] [Server thread/INFO]: [WorldGuard] (creative) Lava fire is blocked.
[15:34:32] [Server thread/INFO]: [WorldGuard] (creative) Fire spread is UNRESTRICTED.
[15:34:32] [Server thread/INFO]: [WorldGuard] Loaded configuration for world 'creative'
[15:34:32] [Server thread/INFO]: [WorldGuard] (cubeception2smp) TNT ignition is PERMITTED.
[15:34:32] [Server thread/INFO]: [WorldGuard] (cubeception2smp) Lighters are PERMITTED.
[15:34:32] [Server thread/INFO]: [WorldGuard] (cubeception2smp) Lava fire is blocked.
[15:34:32] [Server thread/INFO]: [WorldGuard] (cubeception2smp) Fire spread is UNRESTRICTED.
[15:34:32] [Server thread/INFO]: [WorldGuard] Loaded configuration for world 'cubeception2smp'
[15:34:32] [Server thread/INFO]: [WorldGuard] (minigames) TNT ignition is PERMITTED.
[15:34:32] [Server thread/INFO]: [WorldGuard] (minigames) Lighters are PERMITTED.
[15:34:32] [Server thread/INFO]: [WorldGuard] (minigames) Lava fire is blocked.
[15:34:32] [Server thread/INFO]: [WorldGuard] (minigames) Fire spread is UNRESTRICTED.
[15:34:32] [Server thread/INFO]: [WorldGuard] Loaded configuration for world 'minigames'
[15:34:32] [Server thread/INFO]: [WorldGuard] (Bomber) TNT ignition is PERMITTED.
[15:34:32] [Server thread/INFO]: [WorldGuard] (Bomber) Lighters are PERMITTED.
[15:34:32] [Server thread/INFO]: [WorldGuard] (Bomber) Lava fire is blocked.
[15:34:32] [Server thread/INFO]: [WorldGuard] (Bomber) Fire spread is UNRESTRICTED.
[15:34:32] [Server thread/INFO]: [WorldGuard] Loaded configuration for world 'Bomber'
[15:34:32] [Server thread/INFO]: [WorldGuard] (cityworld) TNT ignition is PERMITTED.
[15:34:32] [Server thread/INFO]: [WorldGuard] (cityworld) Lighters are PERMITTED.
[15:34:32] [Server thread/INFO]: [WorldGuard] (cityworld) Lava fire is blocked.
[15:34:32] [Server thread/INFO]: [WorldGuard] (cityworld) Fire spread is UNRESTRICTED.
[15:34:32] [Server thread/INFO]: [WorldGuard] Loaded configuration for world 'cityworld'
[15:34:32] [Server thread/INFO]: [WorldGuard] (SkywarsSpawn) TNT ignition is PERMITTED.
[15:34:32] [Server thread/INFO]: [WorldGuard] (SkywarsSpawn) Lighters are PERMITTED.
[15:34:32] [Server thread/INFO]: [WorldGuard] (SkywarsSpawn) Lava fire is blocked.
[15:34:32] [Server thread/INFO]: [WorldGuard] (SkywarsSpawn) Fire spread is UNRESTRICTED.
[15:34:32] [Server thread/INFO]: [WorldGuard] Loaded configuration for world 'SkywarsSpawn'
[15:34:32] [Server thread/INFO]: [WorldGuard] (The Elements) TNT ignition is PERMITTED.
[15:34:32] [Server thread/INFO]: [WorldGuard] (The Elements) Lighters are PERMITTED.
[15:34:32] [Server thread/INFO]: [WorldGuard] (The Elements) Lava fire is blocked.
[15:34:32] [Server thread/INFO]: [WorldGuard] (The Elements) Fire spread is UNRESTRICTED.
[15:34:32] [Server thread/INFO]: [WorldGuard] Loaded configuration for world 'The Elements'
[15:34:32] [Server thread/INFO]: [WorldGuard] (SkyWarsBaseWorld) TNT ignition is PERMITTED.
[15:34:32] [Server thread/INFO]: [WorldGuard] (SkyWarsBaseWorld) Lighters are PERMITTED.
[15:34:32] [Server thread/INFO]: [WorldGuard] (SkyWarsBaseWorld) Lava fire is blocked.
[15:34:32] [Server thread/INFO]: [WorldGuard] (SkyWarsBaseWorld) Fire spread is UNRESTRICTED.
[15:34:32] [Server thread/INFO]: [WorldGuard] Loaded configuration for world 'SkyWarsBaseWorld'
[15:34:32] [Server thread/INFO]: [WorldGuard] (cubeceptionreloaded) TNT ignition is PERMITTED.
[15:34:32] [Server thread/INFO]: [WorldGuard] (cubeceptionreloaded) Lighters are PERMITTED.
[15:34:32] [Server thread/INFO]: [WorldGuard] (cubeceptionreloaded) Lava fire is blocked.
[15:34:32] [Server thread/INFO]: [WorldGuard] (cubeceptionreloaded) Fire spread is UNRESTRICTED.
[15:34:32] [Server thread/INFO]: [WorldGuard] Loaded configuration for world 'cubeceptionreloaded'
[15:34:32] [Server thread/INFO]: [WorldGuard] (creepersoccer) TNT ignition is PERMITTED.
[15:34:32] [Server thread/INFO]: [WorldGuard] (creepersoccer) Lighters are PERMITTED.
[15:34:32] [Server thread/INFO]: [WorldGuard] (creepersoccer) Lava fire is blocked.
[15:34:32] [Server thread/INFO]: [WorldGuard] (creepersoccer) Fire spread is UNRESTRICTED.
[15:34:32] [Server thread/INFO]: [WorldGuard] Loaded configuration for world 'creepersoccer'
[15:34:32] [Server thread/INFO]: [WorldGuard] 3 regions loaded for 'tutworld'
[15:34:32] [Server thread/INFO]: [WorldGuard] 0 regions loaded for 'tutworld_nether'
[15:34:32] [Server thread/INFO]: [WorldGuard] 0 regions loaded for 'tutworld_the_end'
[15:34:32] [Server thread/INFO]: [WorldGuard] 0 regions loaded for 'fromflames'
[15:34:32] [Server thread/INFO]: [WorldGuard] 0 regions loaded for 'fromashes'
[15:34:32] [Server thread/INFO]: [WorldGuard] 0 regions loaded for 'creative'
[15:34:32] [Server thread/INFO]: [WorldGuard] 0 regions loaded for 'cubeception2smp'
[15:34:32] [Server thread/INFO]: [WorldGuard] 0 regions loaded for 'minigames'
[15:34:32] [Server thread/INFO]: [WorldGuard] 0 regions loaded for 'Bomber'
[15:34:32] [Server thread/INFO]: [WorldGuard] 0 regions loaded for 'cityworld'
[15:34:32] [Server thread/INFO]: [WorldGuard] 0 regions loaded for 'SkywarsSpawn'
[15:34:32] [Server thread/INFO]: [WorldGuard] 0 regions loaded for 'The Elements'
[15:34:32] [Server thread/INFO]: [WorldGuard] 0 regions loaded for 'SkyWarsBaseWorld'
[15:34:32] [Server thread/INFO]: [WorldGuard] 0 regions loaded for 'cubeceptionreloaded'
[15:34:32] [Server thread/INFO]: [WorldGuard] 0 regions loaded for 'creepersoccer'
[15:34:32] [Server thread/INFO]: [WarpPortals] Enabling WarpPortals v5.6.3
[15:34:32] [Server thread/INFO]: [WarpPortals] 2 Portals loaded!
[15:34:32] [Server thread/INFO]: [WarpPortals] 2 Destinations loaded!
[15:34:36] [Server thread/INFO]: [Multiverse-Portals] Enabling Multiverse-Portals v2.5-b710
[15:34:36] [Server thread/INFO]: [Multiverse-Portals] - Version 2.5-b710 Enabled - By Rigby and fernferret
[15:35:21] [Server thread/INFO]: [MVPLogging] 9 - Portals(s) loaded
[15:35:21] [Server thread/INFO]: [Multiverse-NetherPortals] Enabling Multiverse-NetherPortals v2.5-b682
[15:35:21] [Server thread/INFO]: [Multiverse-NetherPortals] - Version 2.5-b682 Enabled - By Rigby and fernferret
[15:35:26] [Server thread/INFO]: [SkyWars] Enabling SkyWars v1.4.4
[15:35:26] [Server thread/INFO]: [SkyWars] [Translations] Loading locale en.
[15:35:26] [Server thread/ERROR]: [SkyWars] Startup failed
net.daboross.bukkitdev.skywars.StartupFailedException: Failed to initialize storage backend
	at net.daboross.bukkitdev.skywars.score.ScoreStorage.<init>(ScoreStorage.java:54) ~[SkyWars.jar:git-skywars-1.4.4]
	at net.daboross.bukkitdev.skywars.SkyWarsPlugin.startPlugin(SkyWarsPlugin.java:152) ~[SkyWars.jar:git-skywars-1.4.4]
	at net.daboross.bukkitdev.skywars.SkyWarsPlugin.onEnable(SkyWarsPlugin.java:111) [SkyWars.jar:git-skywars-1.4.4]
	at org.bukkit.plugin.java.JavaPlugin.setEnabled(JavaPlugin.java:321) [craftbukkit-1.8.jar:git-Bukkit-0899683]
	at org.bukkit.plugin.java.JavaPluginLoader.enablePlugin(JavaPluginLoader.java:327) [craftbukkit-1.8.jar:git-Bukkit-0899683]
	at org.bukkit.plugin.SimplePluginManager.enablePlugin(SimplePluginManager.java:404) [craftbukkit-1.8.jar:git-Bukkit-0899683]
	at org.bukkit.craftbukkit.v1_8_R1.CraftServer.loadPlugin(CraftServer.java:340) [craftbukkit-1.8.jar:git-Bukkit-0899683]
	at org.bukkit.craftbukkit.v1_8_R1.CraftServer.enablePlugins(CraftServer.java:312) [craftbukkit-1.8.jar:git-Bukkit-0899683]
	at net.minecraft.server.v1_8_R1.MinecraftServer.q(MinecraftServer.java:394) [craftbukkit-1.8.jar:git-Bukkit-0899683]
	at net.minecraft.server.v1_8_R1.MinecraftServer.k(MinecraftServer.java:362) [craftbukkit-1.8.jar:git-Bukkit-0899683]
	at net.minecraft.server.v1_8_R1.MinecraftServer.a(MinecraftServer.java:317) [craftbukkit-1.8.jar:git-Bukkit-0899683]
	at net.minecraft.server.v1_8_R1.DedicatedServer.init(DedicatedServer.java:190) [craftbukkit-1.8.jar:git-Bukkit-0899683]
	at net.minecraft.server.v1_8_R1.MinecraftServer.run(MinecraftServer.java:473) [craftbukkit-1.8.jar:git-Bukkit-0899683]
	at java.lang.Thread.run(Thread.java:745) [?:1.7.0_76]
Caused by: java.lang.reflect.InvocationTargetException
	at sun.reflect.NativeConstructorAccessorImpl.newInstance0(Native Method) ~[?:1.7.0_76]
	at sun.reflect.NativeConstructorAccessorImpl.newInstance(NativeConstructorAccessorImpl.java:57) ~[?:1.7.0_76]
	at sun.reflect.DelegatingConstructorAccessorImpl.newInstance(DelegatingConstructorAccessorImpl.java:45) ~[?:1.7.0_76]
	at java.lang.reflect.Constructor.newInstance(Constructor.java:526) ~[?:1.7.0_76]
	at net.daboross.bukkitdev.skywars.score.ScoreStorage.<init>(ScoreStorage.java:52) ~[SkyWars.jar:git-skywars-1.4.4]
	... 13 more
Caused by: java.lang.StringIndexOutOfBoundsException: String index out of range: -1
	at java.lang.String.checkBounds(String.java:371) ~[?:1.7.0_76]
	at java.lang.String.<init>(String.java:452) ~[?:1.7.0_76]
	at net.daboross.bukkitdev.skywars.score.JSONScoreStorage.load(JSONScoreStorage.java:68) ~[SkyWars.jar:git-skywars-1.4.4]
	at net.daboross.bukkitdev.skywars.score.JSONScoreStorage.<init>(JSONScoreStorage.java:47) ~[SkyWars.jar:git-skywars-1.4.4]
	at sun.reflect.NativeConstructorAccessorImpl.newInstance0(Native Method) ~[?:1.7.0_76]
	at sun.reflect.NativeConstructorAccessorImpl.newInstance(NativeConstructorAccessorImpl.java:57) ~[?:1.7.0_76]
	at sun.reflect.DelegatingConstructorAccessorImpl.newInstance(DelegatingConstructorAccessorImpl.java:45) ~[?:1.7.0_76]
	at java.lang.reflect.Constructor.newInstance(Constructor.java:526) ~[?:1.7.0_76]
	at net.daboross.bukkitdev.skywars.score.ScoreStorage.<init>(ScoreStorage.java:52) ~[SkyWars.jar:git-skywars-1.4.4]
	... 13 more
[15:35:26] [Server thread/INFO]: [SkyWars] Disabling SkyWars v1.4.4
[15:35:26] [Server thread/INFO]: [Multiverse-Downloader] Enabling Multiverse-Downloader v1.0-SNAPSHOT-b1
[15:35:26] [Server thread/INFO]: [Multiverse-Adventure] Enabling Multiverse-Adventure v2.5-b683
[15:35:26] [Server thread/INFO]: [Multiverse-Adventure] Multiverse-Portals was found.
[15:35:26] [Server thread/INFO]: [Multiverse-Adventure 2.5-b683]  Enabled - By main()
[15:36:00] [Server thread/INFO]: Done (137.626s)! For help, type "help" or "?"
[15:36:01] [Server thread/INFO]: GroupManager - INFO - Bukkit Permissions Updated!
[15:36:01] [pool-3-thread-6/INFO]: [Vault] Checking for Updates ... 
[15:36:02] [pool-3-thread-6/WARN]: [Vault] Stable Version: 1.5.2 is out! You are still running version: 1.5.0
[15:36:02] [pool-3-thread-6/WARN]: [Vault] Update at: http://dev.bukkit.org/server-mods/vault
[15:36:03] [Server thread/WARN]: Can't keep up! Did the system time change, or is the server overloaded? Running 2113ms behind, skipping 42 tick(s)
[15:36:11] [User Authenticator #1/INFO]: UUID of player Skywarslover is 794ef548-7750-427f-a5b8-a57606d34d71
[15:36:12] [Server thread/INFO]: Skywarslover[/83.253.53.190:41085] logged in with entity id 2179 at ([SkywarsSpawn] -47.311047584325834, 4.0, -90.69999998807907)
[15:36:24] [Server thread/WARN]: Can't keep up! Did the system time change, or is the server overloaded? Running 8064ms behind, skipping 161 tick(s)
[15:36:25] [Server thread/INFO]: Skywarslover issued server command: /gamemode 1
[15:36:25] [Server thread/INFO]: [Skywarslover: Set own game mode to Creative Mode]
[15:36:30] [Server thread/INFO]: Skywarslover issued server command: /help
[15:36:32] [Server thread/INFO]: Skywarslover issued server command: /help 2
[15:36:35] [Server thread/INFO]: Skywarslover issued server command: /pl
[15:38:20] [Server thread/INFO]: [Multiverse-Adventure] Disabling Multiverse-Adventure v2.5-b683
[15:38:20] [Server thread/INFO]: [Multiverse-Downloader] Disabling Multiverse-Downloader v1.0-SNAPSHOT-b1
[15:38:20] [Server thread/INFO]: [Multiverse-NetherPortals] Disabling Multiverse-NetherPortals v2.5-b682
[15:38:20] [Server thread/INFO]: [Multiverse-NetherPortals] - Disabled
[15:38:20] [Server thread/INFO]: [Multiverse-Portals] Disabling Multiverse-Portals v2.5-b710
[15:38:20] [Server thread/INFO]: [WarpPortals] Disabling WarpPortals v5.6.3
[15:38:20] [Server thread/INFO]: [WorldGuard] Disabling WorldGuard v5.9
[15:38:20] [Server thread/INFO]: [PermissionsEx] Disabling PermissionsEx v1.23.1
[15:38:20] [Server thread/INFO]: WEPIF: PermissionsEx detected! Using PermissionsEx for permissions.
[15:38:20] [Server thread/INFO]: [Vault][Permission] PermissionsEx un-hooked.
[15:38:20] [Server thread/INFO]: [Vault][Chat] PermissionsEx_Chat un-hooked.
[15:38:20] [Server thread/INFO]: [Multiverse-Core] Disabling Multiverse-Core v2.5-b678
[15:38:20] [Server thread/INFO]: [Vault] Disabling Vault v1.5.0-b28
[15:38:20] [Server thread/INFO]: [GodSet] Disabling GodSet v1.1
[15:38:20] [Server thread/INFO]: [WorldEdit] Disabling WorldEdit v5.6.2
[15:38:20] [Server thread/INFO]: [GroupManager] Disabling GroupManager v2.1.31 (Phoenix)
[15:38:20] [Server thread/INFO]: GroupManager - INFO - Scheduled Data Saving is disabled!
[15:38:20] [Server thread/INFO]: GroupManager version 2.1.31 (Phoenix) is disabled!
[15:38:20] [Server thread/INFO]: [PlayerInfo] Disabling PlayerInfo v1.0
[15:38:20] [Server thread/INFO]: [PlayerInfo] has been disabled
[15:38:20] [Server thread/ERROR]: Could not load 'plugins/pvparena-1.0.jar' in folder 'plugins'
org.bukkit.plugin.InvalidDescriptionException: Invalid plugin.yml
	at org.bukkit.plugin.java.JavaPluginLoader.getPluginDescription(JavaPluginLoader.java:160) ~[craftbukkit-1.8.jar:git-Bukkit-0899683]
	at org.bukkit.plugin.SimplePluginManager.loadPlugins(SimplePluginManager.java:133) [craftbukkit-1.8.jar:git-Bukkit-0899683]
	at org.bukkit.craftbukkit.v1_8_R1.CraftServer.loadPlugins(CraftServer.java:287) [craftbukkit-1.8.jar:git-Bukkit-0899683]
	at org.bukkit.craftbukkit.v1_8_R1.CraftServer.reload(CraftServer.java:721) [craftbukkit-1.8.jar:git-Bukkit-0899683]
	at org.bukkit.Bukkit.reload(Bukkit.java:543) [craftbukkit-1.8.jar:git-Bukkit-0899683]
	at org.bukkit.command.defaults.ReloadCommand.execute(ReloadCommand.java:23) [craftbukkit-1.8.jar:git-Bukkit-0899683]
	at org.bukkit.command.SimpleCommandMap.dispatch(SimpleCommandMap.java:140) [craftbukkit-1.8.jar:git-Bukkit-0899683]
	at org.bukkit.craftbukkit.v1_8_R1.CraftServer.dispatchCommand(CraftServer.java:624) [craftbukkit-1.8.jar:git-Bukkit-0899683]
	at org.bukkit.craftbukkit.v1_8_R1.CraftServer.dispatchServerCommand(CraftServer.java:610) [craftbukkit-1.8.jar:git-Bukkit-0899683]
	at net.minecraft.server.v1_8_R1.DedicatedServer.aM(DedicatedServer.java:320) [craftbukkit-1.8.jar:git-Bukkit-0899683]
	at net.minecraft.server.v1_8_R1.DedicatedServer.z(DedicatedServer.java:285) [craftbukkit-1.8.jar:git-Bukkit-0899683]
	at net.minecraft.server.v1_8_R1.MinecraftServer.y(MinecraftServer.java:598) [craftbukkit-1.8.jar:git-Bukkit-0899683]
	at net.minecraft.server.v1_8_R1.MinecraftServer.run(MinecraftServer.java:506) [craftbukkit-1.8.jar:git-Bukkit-0899683]
	at java.lang.Thread.run(Thread.java:745) [?:1.7.0_76]
Caused by: java.util.zip.ZipException: error in opening zip file
	at java.util.zip.ZipFile.open(Native Method) ~[?:1.7.0_76]
	at java.util.zip.ZipFile.<init>(ZipFile.java:215) ~[?:1.7.0_76]
	at java.util.zip.ZipFile.<init>(ZipFile.java:145) ~[?:1.7.0_76]
	at java.util.jar.JarFile.<init>(JarFile.java:154) ~[?:1.7.0_76]
	at java.util.jar.JarFile.<init>(JarFile.java:118) ~[?:1.7.0_76]
	at org.bukkit.plugin.java.JavaPluginLoader.getPluginDescription(JavaPluginLoader.java:148) ~[craftbukkit-1.8.jar:git-Bukkit-0899683]
	... 13 more
[15:38:21] [Server thread/INFO]: [PlayerInfo] Loading PlayerInfo v1.0
[15:38:21] [Server thread/INFO]: [GroupManager] Loading GroupManager v2.1.31 (Phoenix)
[15:38:21] [Server thread/INFO]: [PlugMan] Loading PlugMan v2.0.2
[15:38:21] [Server thread/INFO]: [WorldEdit] Loading WorldEdit v5.6.2
[15:38:21] [Server thread/INFO]: [GodSet] Loading GodSet v1.1
[15:38:21] [Server thread/INFO]: [Vault] Loading Vault v1.5.0-b28
[15:38:21] [Server thread/INFO]: [Multiverse-Core] Loading Multiverse-Core v2.5-b678
[15:38:21] [Server thread/INFO]: [PermissionsEx] Loading PermissionsEx v1.23.1
[15:38:21] [Server thread/INFO]: [WorldGuard] Loading WorldGuard v5.9
[15:38:21] [Server thread/INFO]: [WarpPortals] Loading WarpPortals v5.6.3
[15:38:21] [Server thread/INFO]: [Multiverse-Portals] Loading Multiverse-Portals v2.5-b710
[15:38:21] [Server thread/INFO]: [Multiverse-NetherPortals] Loading Multiverse-NetherPortals v2.5-b682
[15:38:21] [Server thread/INFO]: [SkyWars] Loading SkyWars v1.4.4
[15:38:21] [Server thread/INFO]: [Multiverse-Downloader] Loading Multiverse-Downloader v1.0-SNAPSHOT-b1
[15:38:21] [Server thread/INFO]: [Multiverse-Adventure] Loading Multiverse-Adventure v2.5-b683
[15:38:21] [Server thread/INFO]: [Vault] Enabling Vault v1.5.0-b28
[15:38:21] [Server thread/INFO]: [Vault] [Permission] PermissionsEx found: Waiting
[15:38:21] [Server thread/INFO]: [Vault] [Permission] GroupManager found: Waiting
[15:38:21] [Server thread/INFO]: [Vault] [Permission] SuperPermissions loaded as backup permission system.
[15:38:21] [Server thread/INFO]: [Vault] [Chat] PermissionsEx found: Waiting
[15:38:21] [Server thread/INFO]: [Vault] [Chat] GroupManager found: Waiting
[15:38:21] [Server thread/INFO]: [Vault] Enabled Version 1.5.0-b28
[15:38:21] [Server thread/INFO]: [PlayerInfo] Enabling PlayerInfo v1.0
[15:38:21] [Server thread/INFO]: [PlayerInfo] has been enabled
[15:38:21] [Server thread/INFO]: [GroupManager] Enabling GroupManager v2.1.31 (Phoenix)
[15:38:21] [Server thread/INFO]: GroupManager - INFO - World Found: tutworld
[15:38:21] [Server thread/INFO]: GroupManager - INFO - World Found: tutworld_nether
[15:38:21] [Server thread/INFO]: GroupManager - INFO - World Found: world
[15:38:21] [Server thread/INFO]: GroupManager - INFO - Superperms support enabled.
[15:38:21] [Server thread/INFO]: GroupManager - INFO - Scheduled Data Saving is set for every 10 minutes!
[15:38:21] [Server thread/INFO]: GroupManager - INFO - Backups will be retained for 24 hours!
[15:38:21] [Server thread/INFO]: GroupManager version 2.1.31 (Phoenix) is enabled!
[15:38:21] [Server thread/INFO]: [Vault][Permission] GroupManager hooked.
[15:38:21] [Server thread/INFO]: [Vault][Chat] GroupManager - Chat hooked.
[15:38:21] [Server thread/INFO]: [PlugMan] Enabling PlugMan v2.0.2
[15:38:22] [Server thread/INFO]: [WorldEdit] Enabling WorldEdit v5.6.2
[15:38:22] [Server thread/INFO]: WEPIF: GroupManager detected! Using GroupManager for permissions.
[15:38:22] [Server thread/INFO]: [GodSet] Enabling GodSet v1.1
[15:38:22] [Server thread/INFO]: [Multiverse-Core] Enabling Multiverse-Core v2.5-b678
[15:38:22] [Server thread/INFO]: [Multiverse-Core] [AllPay] - Version 13.0 - using only an item based economy for Multiverse-Core v2.5-b678
[15:39:20] [Server Watchdog/FATAL]: A single server tick took 60.10 seconds (should be max 0.05)
[15:39:20] [Server Watchdog/FATAL]: Considering it to be crashed, server will forcibly shutdown.
[15:39:20] [Server Watchdog/ERROR]: This crash report has been saved to: /home/minecraft-ssd/craftbukkit1.8/./crash-reports/crash-2015-01-31_15.39.20-server.txt
