[01:50:54] [Server thread/WARN]: Can't keep up! Did the system time change, or is the server overloaded? Running 2512ms behind, skipping 50 tick(s)
[02:05:54] [Server thread/WARN]: Can't keep up! Did the system time change, or is the server overloaded? Running 2274ms behind, skipping 45 tick(s)
[02:50:55] [Server thread/WARN]: Can't keep up! Did the system time change, or is the server overloaded? Running 2495ms behind, skipping 49 tick(s)
[04:25:54] [pool-3-thread-18097/INFO]: [Vault] Checking for Updates ... 
[04:25:55] [pool-3-thread-18097/WARN]: [Vault] Stable Version: 1.5.3 is out! You are still running version: 1.5.0
[04:25:55] [pool-3-thread-18097/WARN]: [Vault] Update at: http://dev.bukkit.org/server-mods/vault
[05:35:55] [Server thread/WARN]: Can't keep up! Did the system time change, or is the server overloaded? Running 2554ms behind, skipping 51 tick(s)
[05:40:56] [Server thread/WARN]: Can't keep up! Did the system time change, or is the server overloaded? Running 2541ms behind, skipping 50 tick(s)
[06:50:56] [Server thread/WARN]: Can't keep up! Did the system time change, or is the server overloaded? Running 2485ms behind, skipping 49 tick(s)
[07:35:57] [Server thread/WARN]: Can't keep up! Did the system time change, or is the server overloaded? Running 2528ms behind, skipping 50 tick(s)
[07:51:03] [Server thread/WARN]: Can't keep up! Did the system time change, or is the server overloaded? Running 8488ms behind, skipping 169 tick(s)
[07:56:04] [Server thread/WARN]: Can't keep up! Did the system time change, or is the server overloaded? Running 2319ms behind, skipping 46 tick(s)
[08:26:04] [Server thread/WARN]: Can't keep up! Did the system time change, or is the server overloaded? Running 2736ms behind, skipping 54 tick(s)
[08:41:05] [Server thread/WARN]: Can't keep up! Did the system time change, or is the server overloaded? Running 2672ms behind, skipping 53 tick(s)
[08:56:06] [Server thread/WARN]: Can't keep up! Did the system time change, or is the server overloaded? Running 2775ms behind, skipping 55 tick(s)
[09:11:06] [Server thread/WARN]: Can't keep up! Did the system time change, or is the server overloaded? Running 2627ms behind, skipping 52 tick(s)
[10:06:07] [Server thread/WARN]: Can't keep up! Did the system time change, or is the server overloaded? Running 2503ms behind, skipping 50 tick(s)
[10:21:07] [Server thread/WARN]: Can't keep up! Did the system time change, or is the server overloaded? Running 2546ms behind, skipping 50 tick(s)
[10:26:07] [pool-3-thread-18206/INFO]: [Vault] Checking for Updates ... 
[10:26:08] [pool-3-thread-18206/WARN]: [Vault] Stable Version: 1.5.3 is out! You are still running version: 1.5.0
[10:26:08] [pool-3-thread-18206/WARN]: [Vault] Update at: http://dev.bukkit.org/server-mods/vault
[10:36:08] [Server thread/WARN]: Can't keep up! Did the system time change, or is the server overloaded? Running 2766ms behind, skipping 55 tick(s)
[11:17:08] [pool-3-thread-18222/INFO]: [Metrics] Server returned HTTP response code: 504 for URL: http://mcstats.org/report/Multiverse-Core
[12:01:08] [Server thread/WARN]: Can't keep up! Did the system time change, or is the server overloaded? Running 2165ms behind, skipping 43 tick(s)
[12:06:08] [Server thread/WARN]: Can't keep up! Did the system time change, or is the server overloaded? Running 2002ms behind, skipping 40 tick(s)
[12:36:08] [Server thread/WARN]: Can't keep up! Did the system time change, or is the server overloaded? Running 2039ms behind, skipping 40 tick(s)
[12:37:09] [pool-3-thread-18245/INFO]: [Metrics] Server returned HTTP response code: 504 for URL: http://mcstats.org/report/Multiverse-Core
[13:26:09] [Server thread/WARN]: Can't keep up! Did the system time change, or is the server overloaded? Running 2885ms behind, skipping 57 tick(s)
[13:41:10] [Server thread/WARN]: Can't keep up! Did the system time change, or is the server overloaded? Running 2285ms behind, skipping 45 tick(s)
[13:47:10] [pool-3-thread-18267/INFO]: [Metrics] Server returned HTTP response code: 504 for URL: http://mcstats.org/report/Multiverse-Core
[14:41:10] [Server thread/WARN]: Can't keep up! Did the system time change, or is the server overloaded? Running 2030ms behind, skipping 40 tick(s)
[14:51:10] [Server thread/WARN]: Can't keep up! Did the system time change, or is the server overloaded? Running 2535ms behind, skipping 50 tick(s)
[15:01:10] [Server thread/WARN]: Can't keep up! Did the system time change, or is the server overloaded? Running 2315ms behind, skipping 46 tick(s)
[15:06:10] [Server thread/WARN]: Can't keep up! Did the system time change, or is the server overloaded? Running 2015ms behind, skipping 40 tick(s)
[15:11:12] [Server thread/WARN]: Can't keep up! Did the system time change, or is the server overloaded? Running 3224ms behind, skipping 64 tick(s)
[15:13:59] [Server thread/WARN]: Can't keep up! Did the system time change, or is the server overloaded? Running 2273ms behind, skipping 45 tick(s)
[15:16:13] [Server thread/WARN]: Can't keep up! Did the system time change, or is the server overloaded? Running 3509ms behind, skipping 70 tick(s)
[15:21:15] [Server thread/WARN]: Can't keep up! Did the system time change, or is the server overloaded? Running 3285ms behind, skipping 65 tick(s)
[15:26:15] [Server thread/WARN]: Can't keep up! Did the system time change, or is the server overloaded? Running 2715ms behind, skipping 54 tick(s)
[15:31:16] [Server thread/WARN]: Can't keep up! Did the system time change, or is the server overloaded? Running 2699ms behind, skipping 53 tick(s)
[15:31:52] [Server thread/WARN]: Can't keep up! Did the system time change, or is the server overloaded? Running 2305ms behind, skipping 46 tick(s)
[15:36:17] [Server thread/WARN]: Can't keep up! Did the system time change, or is the server overloaded? Running 2646ms behind, skipping 52 tick(s)
[15:41:20] [Server thread/WARN]: Can't keep up! Did the system time change, or is the server overloaded? Running 4677ms behind, skipping 93 tick(s)
[15:51:20] [Server thread/WARN]: Can't keep up! Did the system time change, or is the server overloaded? Running 2005ms behind, skipping 40 tick(s)
[15:56:20] [Server thread/WARN]: Can't keep up! Did the system time change, or is the server overloaded? Running 2200ms behind, skipping 44 tick(s)
[16:26:20] [pool-3-thread-18315/INFO]: [Vault] Checking for Updates ... 
[16:26:20] [pool-3-thread-18315/WARN]: [Vault] Stable Version: 1.5.3 is out! You are still running version: 1.5.0
[16:26:20] [pool-3-thread-18315/WARN]: [Vault] Update at: http://dev.bukkit.org/server-mods/vault
[16:56:21] [Server thread/WARN]: Can't keep up! Did the system time change, or is the server overloaded? Running 3472ms behind, skipping 69 tick(s)
[17:21:22] [Server thread/WARN]: Can't keep up! Did the system time change, or is the server overloaded? Running 2764ms behind, skipping 55 tick(s)
[17:36:22] [Server thread/WARN]: Can't keep up! Did the system time change, or is the server overloaded? Running 2205ms behind, skipping 44 tick(s)
[17:46:23] [Server thread/WARN]: Can't keep up! Did the system time change, or is the server overloaded? Running 2971ms behind, skipping 59 tick(s)
[17:51:24] [Server thread/WARN]: Can't keep up! Did the system time change, or is the server overloaded? Running 2210ms behind, skipping 44 tick(s)
[18:26:24] [Server thread/WARN]: Can't keep up! Did the system time change, or is the server overloaded? Running 2196ms behind, skipping 43 tick(s)
[19:36:24] [Server thread/WARN]: Can't keep up! Did the system time change, or is the server overloaded? Running 2101ms behind, skipping 42 tick(s)
[19:41:24] [Server thread/WARN]: Can't keep up! Did the system time change, or is the server overloaded? Running 2056ms behind, skipping 41 tick(s)
[20:18:31] [pool-3-thread-18385/INFO]: [Metrics] Connection timed out
[20:26:24] [pool-3-thread-18386/INFO]: [Metrics] Connection refused
[20:36:24] [pool-3-thread-18390/INFO]: [Metrics] Server returned HTTP response code: 408 for URL: http://mcstats.org/report/Multiverse-Core
[21:46:24] [Server thread/WARN]: Can't keep up! Did the system time change, or is the server overloaded? Running 2516ms behind, skipping 50 tick(s)
[22:18:32] [pool-3-thread-18421/INFO]: [Metrics] Connection timed out
[22:26:24] [pool-3-thread-18424/INFO]: [Vault] Checking for Updates ... 
[22:26:29] [pool-3-thread-18424/INFO]: [Vault] There was an issue attempting to check for the latest version.
[22:26:29] [pool-3-thread-18424/INFO]: [Vault] No new version available
[22:36:24] [pool-3-thread-18427/INFO]: [Metrics] Server returned HTTP response code: 408 for URL: http://mcstats.org/report/Multiverse-Core
[23:51:25] [Server thread/WARN]: Can't keep up! Did the system time change, or is the server overloaded? Running 2752ms behind, skipping 55 tick(s)
[23:56:26] [Server thread/WARN]: Can't keep up! Did the system time change, or is the server overloaded? Running 2323ms behind, skipping 46 tick(s)
