[00:51:02] [Server thread/WARN]: Can't keep up! Did the system time change, or is the server overloaded? Running 2020ms behind, skipping 40 tick(s)
[02:06:02] [Server thread/WARN]: Can't keep up! Did the system time change, or is the server overloaded? Running 2213ms behind, skipping 44 tick(s)
[02:46:03] [Server thread/WARN]: Can't keep up! Did the system time change, or is the server overloaded? Running 2829ms behind, skipping 56 tick(s)
[04:21:02] [pool-3-thread-11121/INFO]: [Vault] Checking for Updates ... 
[04:21:03] [pool-3-thread-11121/WARN]: [Vault] Stable Version: 1.5.3 is out! You are still running version: 1.5.0
[04:21:03] [pool-3-thread-11121/WARN]: [Vault] Update at: http://dev.bukkit.org/server-mods/vault
[08:11:08] [Server thread/WARN]: Can't keep up! Did the system time change, or is the server overloaded? Running 7738ms behind, skipping 154 tick(s)
[08:16:08] [Server thread/WARN]: Can't keep up! Did the system time change, or is the server overloaded? Running 2003ms behind, skipping 40 tick(s)
[08:46:08] [Server thread/WARN]: Can't keep up! Did the system time change, or is the server overloaded? Running 2032ms behind, skipping 40 tick(s)
[08:51:08] [Server thread/WARN]: Can't keep up! Did the system time change, or is the server overloaded? Running 2018ms behind, skipping 40 tick(s)
[09:11:08] [pool-3-thread-11209/INFO]: [Metrics] Server returned HTTP response code: 408 for URL: http://mcstats.org/report/Multiverse-Core
[09:21:08] [pool-3-thread-11210/INFO]: [Metrics] Server returned HTTP response code: 408 for URL: http://mcstats.org/report/Multiverse-Core
[09:33:16] [pool-3-thread-11214/INFO]: [Metrics] Connection timed out
[09:43:16] [pool-3-thread-11218/INFO]: [Metrics] Connection timed out
[09:53:16] [pool-3-thread-11219/INFO]: [Metrics] Connection timed out
[10:01:08] [pool-3-thread-11223/INFO]: [Metrics] Server returned HTTP response code: 408 for URL: http://mcstats.org/report/Multiverse-Core
[10:11:08] [pool-3-thread-11227/INFO]: [Metrics] Server returned HTTP response code: 408 for URL: http://mcstats.org/report/Multiverse-Core
[10:21:09] [Server thread/WARN]: Can't keep up! Did the system time change, or is the server overloaded? Running 2269ms behind, skipping 45 tick(s)
[10:21:09] [pool-3-thread-11230/INFO]: [Vault] Checking for Updates ... 
[10:21:09] [pool-3-thread-11228/INFO]: [Metrics] Server returned HTTP response code: 408 for URL: http://mcstats.org/report/Multiverse-Core
[10:21:09] [pool-3-thread-11230/WARN]: [Vault] Stable Version: 1.5.3 is out! You are still running version: 1.5.0
[10:21:09] [pool-3-thread-11230/WARN]: [Vault] Update at: http://dev.bukkit.org/server-mods/vault
[10:31:09] [pool-3-thread-11233/INFO]: [Metrics] Server returned HTTP response code: 408 for URL: http://mcstats.org/report/Multiverse-Core
[10:43:16] [pool-3-thread-11237/INFO]: [Metrics] Connection timed out
[10:46:09] [Server thread/WARN]: Can't keep up! Did the system time change, or is the server overloaded? Running 2030ms behind, skipping 40 tick(s)
[10:51:09] [pool-3-thread-11238/INFO]: [Metrics] Server returned HTTP response code: 408 for URL: http://mcstats.org/report/Multiverse-Core
[11:01:09] [pool-3-thread-11242/INFO]: [Metrics] Server returned HTTP response code: 408 for URL: http://mcstats.org/report/Multiverse-Core
[11:11:09] [pool-3-thread-11246/INFO]: [Metrics] Server returned HTTP response code: 408 for URL: http://mcstats.org/report/Multiverse-Core
[11:21:09] [pool-3-thread-11247/INFO]: [Metrics] Server returned HTTP response code: 408 for URL: http://mcstats.org/report/Multiverse-Core
[11:31:09] [pool-3-thread-11251/INFO]: [Metrics] Server returned HTTP response code: 408 for URL: http://mcstats.org/report/Multiverse-Core
[11:41:09] [pool-3-thread-11255/INFO]: [Metrics] Server returned HTTP response code: 408 for URL: http://mcstats.org/report/Multiverse-Core
[11:51:09] [pool-3-thread-11256/INFO]: [Metrics] Server returned HTTP response code: 408 for URL: http://mcstats.org/report/Multiverse-Core
[12:01:09] [pool-3-thread-11260/INFO]: [Metrics] Server returned HTTP response code: 408 for URL: http://mcstats.org/report/Multiverse-Core
[12:11:09] [pool-3-thread-11264/INFO]: [Metrics] Server returned HTTP response code: 408 for URL: http://mcstats.org/report/Multiverse-Core
[12:31:09] [pool-3-thread-11269/INFO]: [Metrics] Server returned HTTP response code: 408 for URL: http://mcstats.org/report/Multiverse-Core
[12:41:09] [pool-3-thread-11273/INFO]: [Metrics] Server returned HTTP response code: 408 for URL: http://mcstats.org/report/Multiverse-Core
[13:01:09] [pool-3-thread-11278/INFO]: [Metrics] Server returned HTTP response code: 408 for URL: http://mcstats.org/report/Multiverse-Core
[13:11:09] [pool-3-thread-11282/INFO]: [Metrics] Server returned HTTP response code: 408 for URL: http://mcstats.org/report/Multiverse-Core
[13:21:09] [pool-3-thread-11283/INFO]: [Metrics] Server returned HTTP response code: 408 for URL: http://mcstats.org/report/Multiverse-Core
[13:31:09] [pool-3-thread-11287/INFO]: [Metrics] Server returned HTTP response code: 408 for URL: http://mcstats.org/report/Multiverse-Core
[13:41:09] [Server thread/WARN]: Can't keep up! Did the system time change, or is the server overloaded? Running 2014ms behind, skipping 40 tick(s)
[13:41:09] [pool-3-thread-11291/INFO]: [Metrics] Server returned HTTP response code: 408 for URL: http://mcstats.org/report/Multiverse-Core
[13:51:09] [pool-3-thread-11292/INFO]: [Metrics] Server returned HTTP response code: 408 for URL: http://mcstats.org/report/Multiverse-Core
[14:36:09] [Server thread/WARN]: Can't keep up! Did the system time change, or is the server overloaded? Running 2004ms behind, skipping 40 tick(s)
[15:46:09] [Server thread/WARN]: Can't keep up! Did the system time change, or is the server overloaded? Running 2302ms behind, skipping 46 tick(s)
[15:56:09] [Server thread/WARN]: Can't keep up! Did the system time change, or is the server overloaded? Running 2202ms behind, skipping 44 tick(s)
[16:21:09] [pool-3-thread-11339/INFO]: [Vault] Checking for Updates ... 
[16:21:09] [pool-3-thread-11339/WARN]: [Vault] Stable Version: 1.5.3 is out! You are still running version: 1.5.0
[16:21:09] [pool-3-thread-11339/WARN]: [Vault] Update at: http://dev.bukkit.org/server-mods/vault
[17:14:03] [Server thread/WARN]: Can't keep up! Did the system time change, or is the server overloaded? Running 2110ms behind, skipping 42 tick(s)
[17:16:09] [Server thread/WARN]: Can't keep up! Did the system time change, or is the server overloaded? Running 2023ms behind, skipping 40 tick(s)
[17:21:10] [Server thread/WARN]: Can't keep up! Did the system time change, or is the server overloaded? Running 2372ms behind, skipping 47 tick(s)
[18:06:10] [Server thread/WARN]: Can't keep up! Did the system time change, or is the server overloaded? Running 2188ms behind, skipping 43 tick(s)
[19:46:10] [Server thread/WARN]: Can't keep up! Did the system time change, or is the server overloaded? Running 2003ms behind, skipping 40 tick(s)
[20:01:10] [Server thread/WARN]: Can't keep up! Did the system time change, or is the server overloaded? Running 2214ms behind, skipping 44 tick(s)
[20:26:11] [Server thread/WARN]: Can't keep up! Did the system time change, or is the server overloaded? Running 3001ms behind, skipping 60 tick(s)
[20:31:12] [Server thread/WARN]: Can't keep up! Did the system time change, or is the server overloaded? Running 2807ms behind, skipping 56 tick(s)
[20:51:12] [Server thread/WARN]: Can't keep up! Did the system time change, or is the server overloaded? Running 2215ms behind, skipping 44 tick(s)
[21:01:12] [Server thread/WARN]: Can't keep up! Did the system time change, or is the server overloaded? Running 2054ms behind, skipping 41 tick(s)
[21:06:12] [Server thread/WARN]: Can't keep up! Did the system time change, or is the server overloaded? Running 2007ms behind, skipping 40 tick(s)
[21:11:14] [Server thread/WARN]: Can't keep up! Did the system time change, or is the server overloaded? Running 3508ms behind, skipping 70 tick(s)
[21:16:14] [Server thread/WARN]: Can't keep up! Did the system time change, or is the server overloaded? Running 2351ms behind, skipping 47 tick(s)
[21:21:14] [Server thread/WARN]: Can't keep up! Did the system time change, or is the server overloaded? Running 2301ms behind, skipping 46 tick(s)
[21:26:15] [Server thread/WARN]: Can't keep up! Did the system time change, or is the server overloaded? Running 2263ms behind, skipping 45 tick(s)
[21:31:15] [Server thread/WARN]: Can't keep up! Did the system time change, or is the server overloaded? Running 2166ms behind, skipping 43 tick(s)
[21:36:15] [Server thread/WARN]: Can't keep up! Did the system time change, or is the server overloaded? Running 2348ms behind, skipping 46 tick(s)
[21:51:16] [Server thread/WARN]: Can't keep up! Did the system time change, or is the server overloaded? Running 2330ms behind, skipping 46 tick(s)
[21:56:16] [Server thread/WARN]: Can't keep up! Did the system time change, or is the server overloaded? Running 2115ms behind, skipping 42 tick(s)
[22:21:15] [pool-3-thread-11448/INFO]: [Vault] Checking for Updates ... 
[22:21:16] [pool-3-thread-11448/WARN]: [Vault] Stable Version: 1.5.3 is out! You are still running version: 1.5.0
[22:21:16] [pool-3-thread-11448/WARN]: [Vault] Update at: http://dev.bukkit.org/server-mods/vault
[23:16:16] [Server thread/WARN]: Can't keep up! Did the system time change, or is the server overloaded? Running 2643ms behind, skipping 52 tick(s)
