[01:33:23] [Server thread/WARN]: Can't keep up! Did the system time change, or is the server overloaded? Running 2018ms behind, skipping 40 tick(s)
[02:08:24] [Server thread/WARN]: Can't keep up! Did the system time change, or is the server overloaded? Running 2226ms behind, skipping 44 tick(s)
[02:28:24] [Server thread/WARN]: Can't keep up! Did the system time change, or is the server overloaded? Running 2614ms behind, skipping 52 tick(s)
[03:38:26] [Server thread/WARN]: Can't keep up! Did the system time change, or is the server overloaded? Running 3718ms behind, skipping 74 tick(s)
[05:58:26] [pool-3-thread-32485/INFO]: [Vault] Checking for Updates ... 
[05:58:27] [pool-3-thread-32485/WARN]: [Vault] Stable Version: 1.5.3 is out! You are still running version: 1.5.0
[05:58:27] [pool-3-thread-32485/WARN]: [Vault] Update at: http://dev.bukkit.org/server-mods/vault
[06:33:27] [Server thread/WARN]: Can't keep up! Did the system time change, or is the server overloaded? Running 2566ms behind, skipping 51 tick(s)
[06:50:34] [pool-3-thread-32501/INFO]: [Metrics] Connection timed out
[07:00:34] [pool-3-thread-32502/INFO]: [Metrics] Connection timed out
[07:08:27] [pool-3-thread-32506/INFO]: [Metrics] Server returned HTTP response code: 408 for URL: http://mcstats.org/report/Multiverse-Core
[07:18:27] [Server thread/WARN]: Can't keep up! Did the system time change, or is the server overloaded? Running 2611ms behind, skipping 52 tick(s)
[07:19:30] [pool-3-thread-32510/INFO]: [Metrics] Server returned HTTP response code: 408 for URL: http://mcstats.org/report/Multiverse-Core
[07:29:30] [pool-3-thread-32511/INFO]: [Metrics] Server returned HTTP response code: 408 for URL: http://mcstats.org/report/Multiverse-Core
[07:38:27] [pool-3-thread-32515/INFO]: [Metrics] Server returned HTTP response code: 408 for URL: http://mcstats.org/report/Multiverse-Core
[07:43:28] [Server thread/WARN]: Can't keep up! Did the system time change, or is the server overloaded? Running 2907ms behind, skipping 58 tick(s)
[07:48:28] [pool-3-thread-32519/INFO]: [Metrics] Server returned HTTP response code: 408 for URL: http://mcstats.org/report/Multiverse-Core
[07:58:28] [Server thread/WARN]: Can't keep up! Did the system time change, or is the server overloaded? Running 2169ms behind, skipping 43 tick(s)
[07:58:28] [pool-3-thread-32520/INFO]: [Metrics] Server returned HTTP response code: 408 for URL: http://mcstats.org/report/Multiverse-Core
[08:09:31] [pool-3-thread-32524/INFO]: [Metrics] Server returned HTTP response code: 408 for URL: http://mcstats.org/report/Multiverse-Core
[08:13:29] [Server thread/WARN]: Can't keep up! Did the system time change, or is the server overloaded? Running 3024ms behind, skipping 60 tick(s)
[08:18:29] [pool-3-thread-32528/INFO]: [Metrics] Server returned HTTP response code: 408 for URL: http://mcstats.org/report/Multiverse-Core
[08:28:29] [pool-3-thread-32529/INFO]: [Metrics] Server returned HTTP response code: 408 for URL: http://mcstats.org/report/Multiverse-Core
[08:38:29] [pool-3-thread-32533/INFO]: [Metrics] Server returned HTTP response code: 408 for URL: http://mcstats.org/report/Multiverse-Core
[08:48:29] [pool-3-thread-32537/INFO]: [Metrics] Server returned HTTP response code: 408 for URL: http://mcstats.org/report/Multiverse-Core
[08:58:30] [Server thread/WARN]: Can't keep up! Did the system time change, or is the server overloaded? Running 2554ms behind, skipping 51 tick(s)
[09:00:37] [pool-3-thread-32538/INFO]: [Metrics] Connection timed out
[09:03:30] [Server thread/WARN]: Can't keep up! Did the system time change, or is the server overloaded? Running 2613ms behind, skipping 52 tick(s)
[09:08:30] [pool-3-thread-32542/INFO]: [Metrics] Server returned HTTP response code: 408 for URL: http://mcstats.org/report/Multiverse-Core
[09:18:30] [pool-3-thread-32546/INFO]: [Metrics] Server returned HTTP response code: 408 for URL: http://mcstats.org/report/Multiverse-Core
[09:28:30] [pool-3-thread-32547/INFO]: [Metrics] Server returned HTTP response code: 408 for URL: http://mcstats.org/report/Multiverse-Core
[09:38:30] [pool-3-thread-32551/INFO]: [Metrics] Server returned HTTP response code: 408 for URL: http://mcstats.org/report/Multiverse-Core
[09:43:31] [Server thread/WARN]: Can't keep up! Did the system time change, or is the server overloaded? Running 2075ms behind, skipping 41 tick(s)
[09:48:31] [pool-3-thread-32555/INFO]: [Metrics] Server returned HTTP response code: 408 for URL: http://mcstats.org/report/Multiverse-Core
[09:58:31] [pool-3-thread-32556/INFO]: [Metrics] Server returned HTTP response code: 408 for URL: http://mcstats.org/report/Multiverse-Core
[10:08:30] [pool-3-thread-32560/INFO]: [Metrics] Server returned HTTP response code: 408 for URL: http://mcstats.org/report/Multiverse-Core
[10:18:30] [pool-3-thread-32564/INFO]: [Metrics] Server returned HTTP response code: 408 for URL: http://mcstats.org/report/Multiverse-Core
[10:30:38] [pool-3-thread-32565/INFO]: [Metrics] Connection timed out
[10:38:31] [Server thread/WARN]: Can't keep up! Did the system time change, or is the server overloaded? Running 2595ms behind, skipping 51 tick(s)
[10:38:31] [pool-3-thread-32569/INFO]: [Metrics] Server returned HTTP response code: 408 for URL: http://mcstats.org/report/Multiverse-Core
[10:48:31] [pool-3-thread-32573/INFO]: [Metrics] Server returned HTTP response code: 408 for URL: http://mcstats.org/report/Multiverse-Core
[11:00:38] [pool-3-thread-32574/INFO]: [Metrics] Connection timed out
[11:09:34] [pool-3-thread-32578/INFO]: [Metrics] Server returned HTTP response code: 408 for URL: http://mcstats.org/report/Multiverse-Core
[11:18:31] [pool-3-thread-32582/INFO]: [Metrics] Server returned HTTP response code: 408 for URL: http://mcstats.org/report/Multiverse-Core
[11:28:31] [pool-3-thread-32583/INFO]: [Metrics] Server returned HTTP response code: 408 for URL: http://mcstats.org/report/Multiverse-Core
[11:38:31] [pool-3-thread-32587/INFO]: [Metrics] Server returned HTTP response code: 408 for URL: http://mcstats.org/report/Multiverse-Core
[11:48:31] [pool-3-thread-32591/INFO]: [Metrics] Server returned HTTP response code: 408 for URL: http://mcstats.org/report/Multiverse-Core
[11:58:31] [pool-3-thread-32594/INFO]: [Vault] Checking for Updates ... 
[11:58:32] [pool-3-thread-32594/WARN]: [Vault] Stable Version: 1.5.3 is out! You are still running version: 1.5.0
[11:58:32] [pool-3-thread-32594/WARN]: [Vault] Update at: http://dev.bukkit.org/server-mods/vault
[11:58:32] [pool-3-thread-32592/INFO]: [Metrics] Connection refused
[12:08:31] [pool-3-thread-32597/INFO]: [Metrics] Server returned HTTP response code: 408 for URL: http://mcstats.org/report/Multiverse-Core
[12:18:31] [pool-3-thread-32601/INFO]: [Metrics] Server returned HTTP response code: 408 for URL: http://mcstats.org/report/Multiverse-Core
[12:28:31] [pool-3-thread-32602/INFO]: [Metrics] Server returned HTTP response code: 408 for URL: http://mcstats.org/report/Multiverse-Core
[12:38:31] [pool-3-thread-32606/INFO]: [Metrics] Server returned HTTP response code: 408 for URL: http://mcstats.org/report/Multiverse-Core
[12:48:31] [pool-3-thread-32610/INFO]: [Metrics] Server returned HTTP response code: 408 for URL: http://mcstats.org/report/Multiverse-Core
[12:58:32] [pool-3-thread-32611/INFO]: [Metrics] Connection refused
[13:08:31] [pool-3-thread-32615/INFO]: [Metrics] Server returned HTTP response code: 408 for URL: http://mcstats.org/report/Multiverse-Core
[13:18:31] [pool-3-thread-32619/INFO]: [Metrics] Server returned HTTP response code: 408 for URL: http://mcstats.org/report/Multiverse-Core
[13:28:32] [pool-3-thread-32620/INFO]: [Metrics] Connection refused
[13:38:31] [pool-3-thread-32624/INFO]: [Metrics] Server returned HTTP response code: 408 for URL: http://mcstats.org/report/Multiverse-Core
[13:48:31] [pool-3-thread-32628/INFO]: [Metrics] Server returned HTTP response code: 408 for URL: http://mcstats.org/report/Multiverse-Core
[13:58:32] [Server thread/WARN]: Can't keep up! Did the system time change, or is the server overloaded? Running 2809ms behind, skipping 56 tick(s)
[13:58:32] [pool-3-thread-32629/INFO]: [Metrics] Server returned HTTP response code: 408 for URL: http://mcstats.org/report/Multiverse-Core
[14:08:32] [pool-3-thread-32633/INFO]: [Metrics] Server returned HTTP response code: 408 for URL: http://mcstats.org/report/Multiverse-Core
[14:18:32] [pool-3-thread-32637/INFO]: [Metrics] Server returned HTTP response code: 408 for URL: http://mcstats.org/report/Multiverse-Core
[14:28:32] [pool-3-thread-32638/INFO]: [Metrics] Server returned HTTP response code: 408 for URL: http://mcstats.org/report/Multiverse-Core
[14:38:32] [pool-3-thread-32642/INFO]: [Metrics] Server returned HTTP response code: 408 for URL: http://mcstats.org/report/Multiverse-Core
[14:48:32] [pool-3-thread-32646/INFO]: [Metrics] Server returned HTTP response code: 408 for URL: http://mcstats.org/report/Multiverse-Core
[14:53:33] [Server thread/WARN]: Can't keep up! Did the system time change, or is the server overloaded? Running 2569ms behind, skipping 51 tick(s)
[14:58:32] [pool-3-thread-32647/INFO]: [Metrics] Server returned HTTP response code: 408 for URL: http://mcstats.org/report/Multiverse-Core
[15:08:32] [pool-3-thread-32651/INFO]: [Metrics] Server returned HTTP response code: 408 for URL: http://mcstats.org/report/Multiverse-Core
[15:18:32] [pool-3-thread-32655/INFO]: [Metrics] Server returned HTTP response code: 408 for URL: http://mcstats.org/report/Multiverse-Core
[15:28:32] [pool-3-thread-32656/INFO]: [Metrics] Server returned HTTP response code: 408 for URL: http://mcstats.org/report/Multiverse-Core
[16:08:33] [Server thread/WARN]: Can't keep up! Did the system time change, or is the server overloaded? Running 2584ms behind, skipping 51 tick(s)
[16:28:34] [Server thread/WARN]: Can't keep up! Did the system time change, or is the server overloaded? Running 2725ms behind, skipping 54 tick(s)
[16:53:34] [Server thread/WARN]: Can't keep up! Did the system time change, or is the server overloaded? Running 2586ms behind, skipping 51 tick(s)
[17:03:35] [Server thread/WARN]: Can't keep up! Did the system time change, or is the server overloaded? Running 2110ms behind, skipping 42 tick(s)
[17:43:35] [Server thread/WARN]: Can't keep up! Did the system time change, or is the server overloaded? Running 2823ms behind, skipping 56 tick(s)
[17:58:35] [pool-3-thread-32703/INFO]: [Vault] Checking for Updates ... 
[17:58:35] [pool-3-thread-32701/INFO]: [Metrics] Server returned HTTP response code: 408 for URL: http://mcstats.org/report/Multiverse-Core
[17:58:36] [pool-3-thread-32703/WARN]: [Vault] Stable Version: 1.5.3 is out! You are still running version: 1.5.0
[17:58:36] [pool-3-thread-32703/WARN]: [Vault] Update at: http://dev.bukkit.org/server-mods/vault
[18:08:35] [pool-3-thread-32706/INFO]: [Metrics] Server returned HTTP response code: 408 for URL: http://mcstats.org/report/Multiverse-Core
[18:23:36] [Server thread/WARN]: Can't keep up! Did the system time change, or is the server overloaded? Running 2606ms behind, skipping 52 tick(s)
[18:48:36] [Server thread/WARN]: Can't keep up! Did the system time change, or is the server overloaded? Running 2018ms behind, skipping 40 tick(s)
[19:33:37] [Server thread/WARN]: Can't keep up! Did the system time change, or is the server overloaded? Running 2600ms behind, skipping 52 tick(s)
[19:48:37] [Server thread/WARN]: Can't keep up! Did the system time change, or is the server overloaded? Running 2305ms behind, skipping 46 tick(s)
[19:53:38] [Server thread/WARN]: Can't keep up! Did the system time change, or is the server overloaded? Running 3328ms behind, skipping 66 tick(s)
[19:58:39] [Server thread/WARN]: Can't keep up! Did the system time change, or is the server overloaded? Running 2910ms behind, skipping 58 tick(s)
[20:03:39] [Server thread/WARN]: Can't keep up! Did the system time change, or is the server overloaded? Running 2121ms behind, skipping 42 tick(s)
[20:08:40] [Server thread/WARN]: Can't keep up! Did the system time change, or is the server overloaded? Running 2340ms behind, skipping 46 tick(s)
[20:13:40] [Server thread/WARN]: Can't keep up! Did the system time change, or is the server overloaded? Running 2792ms behind, skipping 55 tick(s)
[20:18:41] [Server thread/WARN]: Can't keep up! Did the system time change, or is the server overloaded? Running 2684ms behind, skipping 53 tick(s)
[20:23:41] [Server thread/WARN]: Can't keep up! Did the system time change, or is the server overloaded? Running 2188ms behind, skipping 43 tick(s)
[20:28:42] [Server thread/WARN]: Can't keep up! Did the system time change, or is the server overloaded? Running 2412ms behind, skipping 48 tick(s)
[20:33:43] [Server thread/WARN]: Can't keep up! Did the system time change, or is the server overloaded? Running 3288ms behind, skipping 65 tick(s)
[20:38:43] [Server thread/WARN]: Can't keep up! Did the system time change, or is the server overloaded? Running 2108ms behind, skipping 42 tick(s)
[20:43:43] [Server thread/WARN]: Can't keep up! Did the system time change, or is the server overloaded? Running 2115ms behind, skipping 42 tick(s)
[20:48:43] [Server thread/WARN]: Can't keep up! Did the system time change, or is the server overloaded? Running 2053ms behind, skipping 41 tick(s)
[20:58:44] [Server thread/WARN]: Can't keep up! Did the system time change, or is the server overloaded? Running 2305ms behind, skipping 46 tick(s)
[21:03:44] [Server thread/WARN]: Can't keep up! Did the system time change, or is the server overloaded? Running 2283ms behind, skipping 45 tick(s)
[23:58:44] [Server thread/WARN]: Can't keep up! Did the system time change, or is the server overloaded? Running 2576ms behind, skipping 51 tick(s)
[23:58:44] [pool-3-thread-32812/INFO]: [Vault] Checking for Updates ... 
[23:58:45] [pool-3-thread-32812/WARN]: [Vault] Stable Version: 1.5.3 is out! You are still running version: 1.5.0
[23:58:45] [pool-3-thread-32812/WARN]: [Vault] Update at: http://dev.bukkit.org/server-mods/vault
