[00:00:27] [Server thread/WARN]: Can't keep up! Did the system time change, or is the server overloaded? Running 2281ms behind, skipping 45 tick(s)
[00:00:27] [pool-3-thread-34992/INFO]: [Vault] Checking for Updates ... 
[00:00:28] [pool-3-thread-34992/WARN]: [Vault] Stable Version: 1.5.3 is out! You are still running version: 1.5.0
[00:00:28] [pool-3-thread-34992/WARN]: [Vault] Update at: http://dev.bukkit.org/server-mods/vault
[00:30:28] [Server thread/WARN]: Can't keep up! Did the system time change, or is the server overloaded? Running 2598ms behind, skipping 51 tick(s)
[01:40:28] [Server thread/WARN]: Can't keep up! Did the system time change, or is the server overloaded? Running 2926ms behind, skipping 58 tick(s)
[02:00:29] [Server thread/WARN]: Can't keep up! Did the system time change, or is the server overloaded? Running 2606ms behind, skipping 52 tick(s)
[02:05:29] [Server thread/WARN]: Can't keep up! Did the system time change, or is the server overloaded? Running 2419ms behind, skipping 48 tick(s)
[02:10:30] [Server thread/WARN]: Can't keep up! Did the system time change, or is the server overloaded? Running 2315ms behind, skipping 46 tick(s)
[02:25:30] [Server thread/WARN]: Can't keep up! Did the system time change, or is the server overloaded? Running 2171ms behind, skipping 43 tick(s)
[02:30:31] [Server thread/WARN]: Can't keep up! Did the system time change, or is the server overloaded? Running 2646ms behind, skipping 52 tick(s)
[03:15:31] [Server thread/WARN]: Can't keep up! Did the system time change, or is the server overloaded? Running 2596ms behind, skipping 51 tick(s)
[04:30:32] [Server thread/WARN]: Can't keep up! Did the system time change, or is the server overloaded? Running 2569ms behind, skipping 51 tick(s)
[05:00:32] [Server thread/WARN]: Can't keep up! Did the system time change, or is the server overloaded? Running 2539ms behind, skipping 50 tick(s)
[06:00:32] [pool-3-thread-35101/INFO]: [Vault] Checking for Updates ... 
[06:00:33] [pool-3-thread-35101/WARN]: [Vault] Stable Version: 1.5.3 is out! You are still running version: 1.5.0
[06:00:33] [pool-3-thread-35101/WARN]: [Vault] Update at: http://dev.bukkit.org/server-mods/vault
[07:25:33] [Server thread/WARN]: Can't keep up! Did the system time change, or is the server overloaded? Running 3197ms behind, skipping 63 tick(s)
[07:55:35] [Server thread/WARN]: Can't keep up! Did the system time change, or is the server overloaded? Running 3316ms behind, skipping 66 tick(s)
[08:00:35] [Server thread/WARN]: Can't keep up! Did the system time change, or is the server overloaded? Running 2174ms behind, skipping 43 tick(s)
[08:05:36] [Server thread/WARN]: Can't keep up! Did the system time change, or is the server overloaded? Running 2711ms behind, skipping 54 tick(s)
[08:10:45] [Server thread/WARN]: Can't keep up! Did the system time change, or is the server overloaded? Running 11125ms behind, skipping 222 tick(s)
[08:15:45] [Server thread/WARN]: Can't keep up! Did the system time change, or is the server overloaded? Running 2424ms behind, skipping 48 tick(s)
[08:20:46] [Server thread/WARN]: Can't keep up! Did the system time change, or is the server overloaded? Running 2295ms behind, skipping 45 tick(s)
[08:25:46] [Server thread/WARN]: Can't keep up! Did the system time change, or is the server overloaded? Running 2064ms behind, skipping 41 tick(s)
[08:30:46] [Server thread/WARN]: Can't keep up! Did the system time change, or is the server overloaded? Running 2107ms behind, skipping 42 tick(s)
[08:40:47] [Server thread/WARN]: Can't keep up! Did the system time change, or is the server overloaded? Running 2872ms behind, skipping 57 tick(s)
[09:00:48] [Server thread/WARN]: Can't keep up! Did the system time change, or is the server overloaded? Running 3137ms behind, skipping 62 tick(s)
[09:25:48] [Server thread/WARN]: Can't keep up! Did the system time change, or is the server overloaded? Running 2651ms behind, skipping 53 tick(s)
[09:45:49] [Server thread/WARN]: Can't keep up! Did the system time change, or is the server overloaded? Running 2729ms behind, skipping 54 tick(s)
[11:30:50] [Server thread/WARN]: Can't keep up! Did the system time change, or is the server overloaded? Running 2745ms behind, skipping 54 tick(s)
[12:00:50] [pool-3-thread-35210/INFO]: [Vault] Checking for Updates ... 
[12:00:51] [pool-3-thread-35210/WARN]: [Vault] Stable Version: 1.5.3 is out! You are still running version: 1.5.0
[12:00:51] [pool-3-thread-35210/WARN]: [Vault] Update at: http://dev.bukkit.org/server-mods/vault
[12:22:57] [pool-3-thread-35217/INFO]: [Metrics] Connection timed out
[12:30:51] [pool-3-thread-35218/INFO]: [Metrics] Connection refused
[12:40:50] [pool-3-thread-35222/INFO]: [Metrics] Server returned HTTP response code: 408 for URL: http://mcstats.org/report/Multiverse-Core
[12:45:51] [Server thread/WARN]: Can't keep up! Did the system time change, or is the server overloaded? Running 3057ms behind, skipping 61 tick(s)
[12:50:51] [pool-3-thread-35226/INFO]: [Metrics] Server returned HTTP response code: 408 for URL: http://mcstats.org/report/Multiverse-Core
[13:02:58] [pool-3-thread-35227/INFO]: [Metrics] Connection timed out
[13:11:54] [pool-3-thread-35231/INFO]: [Metrics] Server returned HTTP response code: 408 for URL: http://mcstats.org/report/Multiverse-Core
[14:15:52] [Server thread/WARN]: Can't keep up! Did the system time change, or is the server overloaded? Running 2878ms behind, skipping 57 tick(s)
[15:30:54] [Server thread/WARN]: Can't keep up! Did the system time change, or is the server overloaded? Running 3747ms behind, skipping 74 tick(s)
[16:15:54] [Server thread/WARN]: Can't keep up! Did the system time change, or is the server overloaded? Running 2638ms behind, skipping 52 tick(s)
[18:00:54] [pool-3-thread-35319/INFO]: [Vault] Checking for Updates ... 
[18:00:55] [pool-3-thread-35319/WARN]: [Vault] Stable Version: 1.5.3 is out! You are still running version: 1.5.0
[18:00:55] [pool-3-thread-35319/WARN]: [Vault] Update at: http://dev.bukkit.org/server-mods/vault
[18:40:54] [Server thread/WARN]: Can't keep up! Did the system time change, or is the server overloaded? Running 2339ms behind, skipping 46 tick(s)
[18:55:55] [Server thread/WARN]: Can't keep up! Did the system time change, or is the server overloaded? Running 2030ms behind, skipping 40 tick(s)
[19:05:55] [Server thread/WARN]: Can't keep up! Did the system time change, or is the server overloaded? Running 2029ms behind, skipping 40 tick(s)
[19:15:55] [Server thread/WARN]: Can't keep up! Did the system time change, or is the server overloaded? Running 2177ms behind, skipping 43 tick(s)
[19:20:56] [Server thread/WARN]: Can't keep up! Did the system time change, or is the server overloaded? Running 2783ms behind, skipping 55 tick(s)
[19:25:56] [Server thread/WARN]: Can't keep up! Did the system time change, or is the server overloaded? Running 2660ms behind, skipping 53 tick(s)
[19:30:57] [Server thread/WARN]: Can't keep up! Did the system time change, or is the server overloaded? Running 2444ms behind, skipping 48 tick(s)
[19:35:57] [Server thread/WARN]: Can't keep up! Did the system time change, or is the server overloaded? Running 2689ms behind, skipping 53 tick(s)
[19:40:58] [Server thread/WARN]: Can't keep up! Did the system time change, or is the server overloaded? Running 2416ms behind, skipping 48 tick(s)
[19:43:31] [Server thread/WARN]: Can't keep up! Did the system time change, or is the server overloaded? Running 2103ms behind, skipping 42 tick(s)
[19:50:59] [Server thread/WARN]: Can't keep up! Did the system time change, or is the server overloaded? Running 3433ms behind, skipping 68 tick(s)
[19:55:59] [Server thread/WARN]: Can't keep up! Did the system time change, or is the server overloaded? Running 2044ms behind, skipping 40 tick(s)
[20:00:59] [Server thread/WARN]: Can't keep up! Did the system time change, or is the server overloaded? Running 2044ms behind, skipping 40 tick(s)
[20:06:01] [Server thread/WARN]: Can't keep up! Did the system time change, or is the server overloaded? Running 3461ms behind, skipping 69 tick(s)
[20:11:01] [Server thread/WARN]: Can't keep up! Did the system time change, or is the server overloaded? Running 2098ms behind, skipping 41 tick(s)
[20:16:01] [Server thread/WARN]: Can't keep up! Did the system time change, or is the server overloaded? Running 2135ms behind, skipping 42 tick(s)
[20:21:01] [Server thread/WARN]: Can't keep up! Did the system time change, or is the server overloaded? Running 2304ms behind, skipping 46 tick(s)
[20:26:02] [Server thread/WARN]: Can't keep up! Did the system time change, or is the server overloaded? Running 2294ms behind, skipping 45 tick(s)
[20:31:02] [Server thread/WARN]: Can't keep up! Did the system time change, or is the server overloaded? Running 2369ms behind, skipping 47 tick(s)
[20:36:03] [Server thread/WARN]: Can't keep up! Did the system time change, or is the server overloaded? Running 2996ms behind, skipping 59 tick(s)
[20:41:03] [Server thread/WARN]: Can't keep up! Did the system time change, or is the server overloaded? Running 2163ms behind, skipping 43 tick(s)
[20:46:03] [Server thread/WARN]: Can't keep up! Did the system time change, or is the server overloaded? Running 2059ms behind, skipping 41 tick(s)
[20:51:05] [Server thread/WARN]: Can't keep up! Did the system time change, or is the server overloaded? Running 3586ms behind, skipping 71 tick(s)
[20:56:05] [Server thread/WARN]: Can't keep up! Did the system time change, or is the server overloaded? Running 2018ms behind, skipping 40 tick(s)
[21:01:05] [Server thread/WARN]: Can't keep up! Did the system time change, or is the server overloaded? Running 2030ms behind, skipping 40 tick(s)
[21:06:05] [Server thread/WARN]: Can't keep up! Did the system time change, or is the server overloaded? Running 2362ms behind, skipping 47 tick(s)
[21:11:05] [Server thread/WARN]: Can't keep up! Did the system time change, or is the server overloaded? Running 2237ms behind, skipping 44 tick(s)
[21:21:06] [Server thread/WARN]: Can't keep up! Did the system time change, or is the server overloaded? Running 2505ms behind, skipping 50 tick(s)
[21:26:06] [Server thread/WARN]: Can't keep up! Did the system time change, or is the server overloaded? Running 2081ms behind, skipping 41 tick(s)
[21:31:07] [Server thread/WARN]: Can't keep up! Did the system time change, or is the server overloaded? Running 2866ms behind, skipping 57 tick(s)
[21:36:07] [Server thread/WARN]: Can't keep up! Did the system time change, or is the server overloaded? Running 2508ms behind, skipping 50 tick(s)
[21:41:08] [Server thread/WARN]: Can't keep up! Did the system time change, or is the server overloaded? Running 2090ms behind, skipping 41 tick(s)
[21:46:09] [Server thread/WARN]: Can't keep up! Did the system time change, or is the server overloaded? Running 3109ms behind, skipping 62 tick(s)
[21:51:09] [Server thread/WARN]: Can't keep up! Did the system time change, or is the server overloaded? Running 2216ms behind, skipping 44 tick(s)
[21:56:09] [Server thread/WARN]: Can't keep up! Did the system time change, or is the server overloaded? Running 2035ms behind, skipping 40 tick(s)
[22:06:09] [Server thread/WARN]: Can't keep up! Did the system time change, or is the server overloaded? Running 2101ms behind, skipping 42 tick(s)
[22:16:09] [Server thread/WARN]: Can't keep up! Did the system time change, or is the server overloaded? Running 2116ms behind, skipping 42 tick(s)
[22:21:09] [Server thread/WARN]: Can't keep up! Did the system time change, or is the server overloaded? Running 2143ms behind, skipping 42 tick(s)
[23:36:09] [Server thread/WARN]: Can't keep up! Did the system time change, or is the server overloaded? Running 2040ms behind, skipping 40 tick(s)
