[00:11:01] [Server thread/WARN]: Can't keep up! Did the system time change, or is the server overloaded? Running 2128ms behind, skipping 42 tick(s)
[00:41:01] [Server thread/WARN]: Can't keep up! Did the system time change, or is the server overloaded? Running 2092ms behind, skipping 41 tick(s)
[00:46:01] [Server thread/WARN]: Can't keep up! Did the system time change, or is the server overloaded? Running 2107ms behind, skipping 42 tick(s)
[00:51:01] [Server thread/WARN]: Can't keep up! Did the system time change, or is the server overloaded? Running 2011ms behind, skipping 40 tick(s)
[01:26:01] [Server thread/WARN]: Can't keep up! Did the system time change, or is the server overloaded? Running 2038ms behind, skipping 40 tick(s)
[02:06:01] [Server thread/WARN]: Can't keep up! Did the system time change, or is the server overloaded? Running 2314ms behind, skipping 46 tick(s)
[04:16:01] [pool-3-thread-3273/INFO]: [Vault] Checking for Updates ... 
[04:16:02] [pool-3-thread-3273/WARN]: [Vault] Stable Version: 1.5.2 is out! You are still running version: 1.5.0
[04:16:02] [pool-3-thread-3273/WARN]: [Vault] Update at: http://dev.bukkit.org/server-mods/vault
[07:26:01] [Server thread/WARN]: Can't keep up! Did the system time change, or is the server overloaded? Running 2032ms behind, skipping 40 tick(s)
[08:06:01] [Server thread/WARN]: Can't keep up! Did the system time change, or is the server overloaded? Running 2133ms behind, skipping 42 tick(s)
[08:16:08] [Server thread/WARN]: Can't keep up! Did the system time change, or is the server overloaded? Running 8758ms behind, skipping 175 tick(s)
[09:06:08] [Server thread/WARN]: Can't keep up! Did the system time change, or is the server overloaded? Running 2035ms behind, skipping 40 tick(s)
[10:16:08] [pool-3-thread-3382/INFO]: [Vault] Checking for Updates ... 
[10:16:09] [pool-3-thread-3382/WARN]: [Vault] Stable Version: 1.5.2 is out! You are still running version: 1.5.0
[10:16:09] [pool-3-thread-3382/WARN]: [Vault] Update at: http://dev.bukkit.org/server-mods/vault
[11:11:08] [Server thread/WARN]: Can't keep up! Did the system time change, or is the server overloaded? Running 2033ms behind, skipping 40 tick(s)
[12:10:31] [User Authenticator #6/INFO]: UUID of player FabboCJ is 71099085-8677-4003-b144-d3ef69961fd4
[12:10:31] [Server thread/INFO]: FabboCJ[/85.229.225.202:51689] logged in with entity id 42533 at ([tutworld] 1282.6494913839626, 63.0, 3139.9649961144673)
[12:10:55] [Server thread/INFO]: FabboCJ lost connection: Disconnected
[12:10:55] [Server thread/INFO]: FabboCJ left the game.
[15:01:08] [Server thread/WARN]: Can't keep up! Did the system time change, or is the server overloaded? Running 2066ms behind, skipping 41 tick(s)
[15:06:08] [Server thread/WARN]: Can't keep up! Did the system time change, or is the server overloaded? Running 2021ms behind, skipping 40 tick(s)
[16:16:08] [pool-3-thread-3491/INFO]: [Vault] Checking for Updates ... 
[16:16:09] [pool-3-thread-3491/WARN]: [Vault] Stable Version: 1.5.2 is out! You are still running version: 1.5.0
[16:16:09] [pool-3-thread-3491/WARN]: [Vault] Update at: http://dev.bukkit.org/server-mods/vault
[18:51:09] [Server thread/WARN]: Can't keep up! Did the system time change, or is the server overloaded? Running 2273ms behind, skipping 45 tick(s)
[19:16:09] [Server thread/WARN]: Can't keep up! Did the system time change, or is the server overloaded? Running 2551ms behind, skipping 51 tick(s)
[19:26:09] [Server thread/WARN]: Can't keep up! Did the system time change, or is the server overloaded? Running 2084ms behind, skipping 41 tick(s)
[19:36:09] [Server thread/WARN]: Can't keep up! Did the system time change, or is the server overloaded? Running 2016ms behind, skipping 40 tick(s)
[19:41:09] [Server thread/WARN]: Can't keep up! Did the system time change, or is the server overloaded? Running 2171ms behind, skipping 43 tick(s)
[19:46:10] [Server thread/WARN]: Can't keep up! Did the system time change, or is the server overloaded? Running 2076ms behind, skipping 41 tick(s)
[20:41:10] [Server thread/WARN]: Can't keep up! Did the system time change, or is the server overloaded? Running 2242ms behind, skipping 44 tick(s)
[20:56:10] [Server thread/WARN]: Can't keep up! Did the system time change, or is the server overloaded? Running 2440ms behind, skipping 48 tick(s)
[21:01:11] [Server thread/WARN]: Can't keep up! Did the system time change, or is the server overloaded? Running 2478ms behind, skipping 49 tick(s)
[21:06:11] [Server thread/WARN]: Can't keep up! Did the system time change, or is the server overloaded? Running 2293ms behind, skipping 45 tick(s)
[21:11:12] [Server thread/WARN]: Can't keep up! Did the system time change, or is the server overloaded? Running 2566ms behind, skipping 51 tick(s)
[21:16:12] [Server thread/WARN]: Can't keep up! Did the system time change, or is the server overloaded? Running 2352ms behind, skipping 47 tick(s)
[21:21:12] [Server thread/WARN]: Can't keep up! Did the system time change, or is the server overloaded? Running 2075ms behind, skipping 41 tick(s)
[21:26:12] [Server thread/WARN]: Can't keep up! Did the system time change, or is the server overloaded? Running 2124ms behind, skipping 42 tick(s)
[21:56:12] [Server thread/WARN]: Can't keep up! Did the system time change, or is the server overloaded? Running 2009ms behind, skipping 40 tick(s)
[22:01:12] [Server thread/WARN]: Can't keep up! Did the system time change, or is the server overloaded? Running 2050ms behind, skipping 41 tick(s)
[22:06:12] [Server thread/WARN]: Can't keep up! Did the system time change, or is the server overloaded? Running 2082ms behind, skipping 41 tick(s)
[22:11:12] [Server thread/WARN]: Can't keep up! Did the system time change, or is the server overloaded? Running 2139ms behind, skipping 42 tick(s)
[22:16:12] [pool-3-thread-3600/INFO]: [Vault] Checking for Updates ... 
[22:16:15] [pool-3-thread-3600/WARN]: [Vault] Stable Version: 1.5.2 is out! You are still running version: 1.5.0
[22:16:15] [pool-3-thread-3600/WARN]: [Vault] Update at: http://dev.bukkit.org/server-mods/vault
[22:41:12] [Server thread/WARN]: Can't keep up! Did the system time change, or is the server overloaded? Running 2042ms behind, skipping 40 tick(s)
[22:46:12] [Server thread/WARN]: Can't keep up! Did the system time change, or is the server overloaded? Running 2063ms behind, skipping 41 tick(s)
[23:11:13] [Server thread/WARN]: Can't keep up! Did the system time change, or is the server overloaded? Running 2136ms behind, skipping 42 tick(s)
