[00:09:20] [Server thread/WARN]: Can't keep up! Did the system time change, or is the server overloaded? Running 2565ms behind, skipping 51 tick(s)
[00:24:20] [Server thread/WARN]: Can't keep up! Did the system time change, or is the server overloaded? Running 2120ms behind, skipping 42 tick(s)
[00:34:20] [Server thread/WARN]: Can't keep up! Did the system time change, or is the server overloaded? Running 2494ms behind, skipping 49 tick(s)
[04:04:21] [Server thread/WARN]: Can't keep up! Did the system time change, or is the server overloaded? Running 2654ms behind, skipping 53 tick(s)
[05:39:22] [Server thread/WARN]: Can't keep up! Did the system time change, or is the server overloaded? Running 2576ms behind, skipping 51 tick(s)
[05:59:22] [pool-3-thread-33793/INFO]: [Vault] Checking for Updates ... 
[05:59:22] [pool-3-thread-33793/WARN]: [Vault] Stable Version: 1.5.3 is out! You are still running version: 1.5.0
[05:59:22] [pool-3-thread-33793/WARN]: [Vault] Update at: http://dev.bukkit.org/server-mods/vault
[06:04:22] [Server thread/WARN]: Can't keep up! Did the system time change, or is the server overloaded? Running 2634ms behind, skipping 52 tick(s)
[07:39:23] [Server thread/WARN]: Can't keep up! Did the system time change, or is the server overloaded? Running 2583ms behind, skipping 51 tick(s)
[07:59:23] [Server thread/WARN]: Can't keep up! Did the system time change, or is the server overloaded? Running 2072ms behind, skipping 41 tick(s)
[08:04:24] [Server thread/WARN]: Can't keep up! Did the system time change, or is the server overloaded? Running 2641ms behind, skipping 52 tick(s)
[08:09:29] [Server thread/WARN]: Can't keep up! Did the system time change, or is the server overloaded? Running 7680ms behind, skipping 153 tick(s)
[08:29:29] [Server thread/WARN]: Can't keep up! Did the system time change, or is the server overloaded? Running 2031ms behind, skipping 40 tick(s)
[09:39:30] [Server thread/WARN]: Can't keep up! Did the system time change, or is the server overloaded? Running 2521ms behind, skipping 50 tick(s)
[09:49:30] [Server thread/WARN]: Can't keep up! Did the system time change, or is the server overloaded? Running 2179ms behind, skipping 43 tick(s)
[10:04:31] [Server thread/WARN]: Can't keep up! Did the system time change, or is the server overloaded? Running 3066ms behind, skipping 61 tick(s)
[10:10:34] [pool-3-thread-33868/INFO]: [Metrics] Server returned HTTP response code: 408 for URL: http://mcstats.org/report/Multiverse-Core
[10:19:31] [pool-3-thread-33872/INFO]: [Metrics] Server returned HTTP response code: 408 for URL: http://mcstats.org/report/Multiverse-Core
[10:31:38] [pool-3-thread-33873/INFO]: [Metrics] Connection timed out
[10:39:31] [pool-3-thread-33877/INFO]: [Metrics] Server returned HTTP response code: 408 for URL: http://mcstats.org/report/Multiverse-Core
[10:51:38] [pool-3-thread-33881/INFO]: [Metrics] Connection timed out
[10:59:32] [Server thread/WARN]: Can't keep up! Did the system time change, or is the server overloaded? Running 2609ms behind, skipping 52 tick(s)
[11:01:39] [pool-3-thread-33882/INFO]: [Metrics] Connection timed out
[11:09:32] [pool-3-thread-33886/INFO]: [Metrics] Server returned HTTP response code: 408 for URL: http://mcstats.org/report/Multiverse-Core
[11:19:32] [pool-3-thread-33890/INFO]: [Metrics] Server returned HTTP response code: 408 for URL: http://mcstats.org/report/Multiverse-Core
[11:24:32] [Server thread/WARN]: Can't keep up! Did the system time change, or is the server overloaded? Running 2566ms behind, skipping 51 tick(s)
[11:31:40] [pool-3-thread-33891/INFO]: [Metrics] Connection timed out
[11:39:32] [pool-3-thread-33895/INFO]: [Metrics] Server returned HTTP response code: 408 for URL: http://mcstats.org/report/Multiverse-Core
[11:51:40] [pool-3-thread-33899/INFO]: [Metrics] Connection timed out
[11:59:32] [pool-3-thread-33902/INFO]: [Vault] Checking for Updates ... 
[11:59:34] [pool-3-thread-33902/WARN]: [Vault] Stable Version: 1.5.3 is out! You are still running version: 1.5.0
[11:59:34] [pool-3-thread-33902/WARN]: [Vault] Update at: http://dev.bukkit.org/server-mods/vault
[12:01:39] [pool-3-thread-33900/INFO]: [Metrics] Connection timed out
[12:04:32] [Server thread/WARN]: Can't keep up! Did the system time change, or is the server overloaded? Running 2027ms behind, skipping 40 tick(s)
[12:09:32] [pool-3-thread-33905/INFO]: [Metrics] Server returned HTTP response code: 408 for URL: http://mcstats.org/report/Multiverse-Core
[12:19:32] [pool-3-thread-33909/INFO]: [Metrics] Server returned HTTP response code: 408 for URL: http://mcstats.org/report/Multiverse-Core
[12:29:32] [pool-3-thread-33910/INFO]: [Metrics] Server returned HTTP response code: 408 for URL: http://mcstats.org/report/Multiverse-Core
[12:39:32] [pool-3-thread-33914/INFO]: [Metrics] Server returned HTTP response code: 408 for URL: http://mcstats.org/report/Multiverse-Core
[12:49:32] [pool-3-thread-33918/INFO]: [Metrics] Server returned HTTP response code: 408 for URL: http://mcstats.org/report/Multiverse-Core
[13:01:39] [pool-3-thread-33919/INFO]: [Metrics] Connection timed out
[13:04:33] [Server thread/WARN]: Can't keep up! Did the system time change, or is the server overloaded? Running 2743ms behind, skipping 54 tick(s)
[13:09:33] [pool-3-thread-33923/INFO]: [Metrics] Server returned HTTP response code: 408 for URL: http://mcstats.org/report/Multiverse-Core
[13:19:33] [pool-3-thread-33927/INFO]: [Metrics] Server returned HTTP response code: 408 for URL: http://mcstats.org/report/Multiverse-Core
[13:29:33] [pool-3-thread-33928/INFO]: [Metrics] Server returned HTTP response code: 408 for URL: http://mcstats.org/report/Multiverse-Core
[13:39:34] [Server thread/WARN]: Can't keep up! Did the system time change, or is the server overloaded? Running 2568ms behind, skipping 51 tick(s)
[13:39:34] [pool-3-thread-33932/INFO]: [Metrics] Server returned HTTP response code: 408 for URL: http://mcstats.org/report/Multiverse-Core
[13:49:34] [pool-3-thread-33936/INFO]: [Metrics] Server returned HTTP response code: 408 for URL: http://mcstats.org/report/Multiverse-Core
[13:59:34] [pool-3-thread-33937/INFO]: [Metrics] Server returned HTTP response code: 408 for URL: http://mcstats.org/report/Multiverse-Core
[14:09:39] [pool-3-thread-33941/INFO]: [Metrics] Server returned HTTP response code: 408 for URL: http://mcstats.org/report/Multiverse-Core
[14:14:34] [Server thread/WARN]: Can't keep up! Did the system time change, or is the server overloaded? Running 2571ms behind, skipping 51 tick(s)
[14:19:34] [pool-3-thread-33945/INFO]: [Metrics] Server returned HTTP response code: 408 for URL: http://mcstats.org/report/Multiverse-Core
[14:29:34] [pool-3-thread-33946/INFO]: [Metrics] Server returned HTTP response code: 408 for URL: http://mcstats.org/report/Multiverse-Core
[14:39:34] [pool-3-thread-33950/INFO]: [Metrics] Server returned HTTP response code: 408 for URL: http://mcstats.org/report/Multiverse-Core
[14:59:34] [pool-3-thread-33955/INFO]: [Metrics] Server returned HTTP response code: 408 for URL: http://mcstats.org/report/Multiverse-Core
[16:04:34] [Server thread/WARN]: Can't keep up! Did the system time change, or is the server overloaded? Running 2134ms behind, skipping 42 tick(s)
[16:09:34] [Server thread/WARN]: Can't keep up! Did the system time change, or is the server overloaded? Running 2018ms behind, skipping 40 tick(s)
[16:24:35] [Server thread/WARN]: Can't keep up! Did the system time change, or is the server overloaded? Running 2961ms behind, skipping 59 tick(s)
[16:34:37] [Server thread/WARN]: Can't keep up! Did the system time change, or is the server overloaded? Running 3460ms behind, skipping 69 tick(s)
[16:44:39] [Server thread/WARN]: Can't keep up! Did the system time change, or is the server overloaded? Running 3920ms behind, skipping 78 tick(s)
[16:49:39] [Server thread/WARN]: Can't keep up! Did the system time change, or is the server overloaded? Running 2022ms behind, skipping 40 tick(s)
[17:04:39] [Server thread/WARN]: Can't keep up! Did the system time change, or is the server overloaded? Running 2002ms behind, skipping 40 tick(s)
[17:19:39] [Server thread/WARN]: Can't keep up! Did the system time change, or is the server overloaded? Running 2048ms behind, skipping 40 tick(s)
[17:34:39] [Server thread/WARN]: Can't keep up! Did the system time change, or is the server overloaded? Running 2134ms behind, skipping 42 tick(s)
[17:49:40] [Server thread/WARN]: Can't keep up! Did the system time change, or is the server overloaded? Running 3037ms behind, skipping 60 tick(s)
[17:59:40] [pool-3-thread-34011/INFO]: [Vault] Checking for Updates ... 
[17:59:41] [pool-3-thread-34011/WARN]: [Vault] Stable Version: 1.5.3 is out! You are still running version: 1.5.0
[17:59:41] [pool-3-thread-34011/WARN]: [Vault] Update at: http://dev.bukkit.org/server-mods/vault
[18:49:40] [Server thread/WARN]: Can't keep up! Did the system time change, or is the server overloaded? Running 2178ms behind, skipping 43 tick(s)
[19:09:40] [Server thread/WARN]: Can't keep up! Did the system time change, or is the server overloaded? Running 2135ms behind, skipping 42 tick(s)
[20:24:41] [Server thread/WARN]: Can't keep up! Did the system time change, or is the server overloaded? Running 2996ms behind, skipping 59 tick(s)
[21:59:41] [pool-3-thread-34082/INFO]: [Metrics] Connection refused
[22:09:41] [pool-3-thread-34086/INFO]: [Metrics] Server returned HTTP response code: 408 for URL: http://mcstats.org/report/Multiverse-Core
[22:19:41] [pool-3-thread-34090/INFO]: [Metrics] Server returned HTTP response code: 408 for URL: http://mcstats.org/report/Multiverse-Core
[23:14:42] [Server thread/WARN]: Can't keep up! Did the system time change, or is the server overloaded? Running 2585ms behind, skipping 51 tick(s)
[23:54:42] [Server thread/WARN]: Can't keep up! Did the system time change, or is the server overloaded? Running 2600ms behind, skipping 52 tick(s)
[23:59:42] [pool-3-thread-34120/INFO]: [Vault] Checking for Updates ... 
[23:59:43] [pool-3-thread-34120/WARN]: [Vault] Stable Version: 1.5.3 is out! You are still running version: 1.5.0
[23:59:43] [pool-3-thread-34120/WARN]: [Vault] Update at: http://dev.bukkit.org/server-mods/vault
