[00:13:50] [Server thread/WARN]: Can't keep up! Did the system time change, or is the server overloaded? Running 2566ms behind, skipping 51 tick(s)
[01:53:51] [Server thread/WARN]: Can't keep up! Did the system time change, or is the server overloaded? Running 2552ms behind, skipping 51 tick(s)
[02:03:51] [Server thread/WARN]: Can't keep up! Did the system time change, or is the server overloaded? Running 2391ms behind, skipping 47 tick(s)
[02:08:51] [Server thread/WARN]: Can't keep up! Did the system time change, or is the server overloaded? Running 2007ms behind, skipping 40 tick(s)
[03:28:52] [Server thread/WARN]: Can't keep up! Did the system time change, or is the server overloaded? Running 2745ms behind, skipping 54 tick(s)
[03:48:53] [Server thread/WARN]: Can't keep up! Did the system time change, or is the server overloaded? Running 2551ms behind, skipping 51 tick(s)
[04:08:53] [Server thread/WARN]: Can't keep up! Did the system time change, or is the server overloaded? Running 2575ms behind, skipping 51 tick(s)
[04:28:53] [pool-3-thread-22457/INFO]: [Vault] Checking for Updates ... 
[04:28:54] [pool-3-thread-22457/WARN]: [Vault] Stable Version: 1.5.3 is out! You are still running version: 1.5.0
[04:28:54] [pool-3-thread-22457/WARN]: [Vault] Update at: http://dev.bukkit.org/server-mods/vault
[05:08:54] [Server thread/WARN]: Can't keep up! Did the system time change, or is the server overloaded? Running 2546ms behind, skipping 50 tick(s)
[05:53:55] [Server thread/WARN]: Can't keep up! Did the system time change, or is the server overloaded? Running 3217ms behind, skipping 64 tick(s)
[06:28:55] [Server thread/WARN]: Can't keep up! Did the system time change, or is the server overloaded? Running 2596ms behind, skipping 51 tick(s)
[07:48:56] [Server thread/WARN]: Can't keep up! Did the system time change, or is the server overloaded? Running 2803ms behind, skipping 56 tick(s)
[08:03:56] [Server thread/WARN]: Can't keep up! Did the system time change, or is the server overloaded? Running 2115ms behind, skipping 42 tick(s)
[08:07:43] [Server thread/WARN]: Can't keep up! Did the system time change, or is the server overloaded? Running 2280ms behind, skipping 45 tick(s)
[08:08:57] [Server thread/WARN]: Can't keep up! Did the system time change, or is the server overloaded? Running 2005ms behind, skipping 40 tick(s)
[08:13:57] [Server thread/WARN]: Can't keep up! Did the system time change, or is the server overloaded? Running 2639ms behind, skipping 52 tick(s)
[08:38:58] [Server thread/WARN]: Can't keep up! Did the system time change, or is the server overloaded? Running 2596ms behind, skipping 51 tick(s)
[08:48:58] [Server thread/WARN]: Can't keep up! Did the system time change, or is the server overloaded? Running 2493ms behind, skipping 49 tick(s)
[09:23:59] [Server thread/WARN]: Can't keep up! Did the system time change, or is the server overloaded? Running 2581ms behind, skipping 51 tick(s)
[10:28:59] [pool-3-thread-22566/INFO]: [Vault] Checking for Updates ... 
[10:28:59] [pool-3-thread-22566/WARN]: [Vault] Stable Version: 1.5.3 is out! You are still running version: 1.5.0
[10:28:59] [pool-3-thread-22566/WARN]: [Vault] Update at: http://dev.bukkit.org/server-mods/vault
[10:51:06] [pool-3-thread-22573/INFO]: [Metrics] Connection timed out
[10:58:59] [pool-3-thread-22574/INFO]: [Metrics] Server returned HTTP response code: 408 for URL: http://mcstats.org/report/Multiverse-Core
[11:24:00] [Server thread/WARN]: Can't keep up! Did the system time change, or is the server overloaded? Running 2601ms behind, skipping 52 tick(s)
[12:21:07] [pool-3-thread-22600/INFO]: [Metrics] Connection timed out
[12:30:03] [pool-3-thread-22601/INFO]: [Metrics] Server returned HTTP response code: 408 for URL: http://mcstats.org/report/Multiverse-Core
[12:34:00] [Server thread/WARN]: Can't keep up! Did the system time change, or is the server overloaded? Running 2716ms behind, skipping 54 tick(s)
[12:41:07] [pool-3-thread-22605/INFO]: [Metrics] Connection timed out
[12:49:00] [pool-3-thread-22609/INFO]: [Metrics] Server returned HTTP response code: 408 for URL: http://mcstats.org/report/Multiverse-Core
[12:59:00] [pool-3-thread-22610/INFO]: [Metrics] Server returned HTTP response code: 408 for URL: http://mcstats.org/report/Multiverse-Core
[13:04:01] [Server thread/WARN]: Can't keep up! Did the system time change, or is the server overloaded? Running 2786ms behind, skipping 55 tick(s)
[13:09:01] [pool-3-thread-22614/INFO]: [Metrics] Server returned HTTP response code: 408 for URL: http://mcstats.org/report/Multiverse-Core
[13:19:02] [Server thread/WARN]: Can't keep up! Did the system time change, or is the server overloaded? Running 2455ms behind, skipping 49 tick(s)
[13:19:02] [pool-3-thread-22618/INFO]: [Metrics] Server returned HTTP response code: 408 for URL: http://mcstats.org/report/Multiverse-Core
[13:29:01] [pool-3-thread-22619/INFO]: [Metrics] Server returned HTTP response code: 408 for URL: http://mcstats.org/report/Multiverse-Core
[13:39:01] [pool-3-thread-22623/INFO]: [Metrics] Server returned HTTP response code: 408 for URL: http://mcstats.org/report/Multiverse-Core
[13:49:02] [Server thread/WARN]: Can't keep up! Did the system time change, or is the server overloaded? Running 2592ms behind, skipping 51 tick(s)
[13:49:02] [pool-3-thread-22627/INFO]: [Metrics] Server returned HTTP response code: 408 for URL: http://mcstats.org/report/Multiverse-Core
[14:09:02] [pool-3-thread-22632/INFO]: [Metrics] Server returned HTTP response code: 408 for URL: http://mcstats.org/report/Multiverse-Core
[14:19:02] [pool-3-thread-22636/INFO]: [Metrics] Server returned HTTP response code: 408 for URL: http://mcstats.org/report/Multiverse-Core
[14:39:02] [pool-3-thread-22641/INFO]: [Metrics] Server returned HTTP response code: 408 for URL: http://mcstats.org/report/Multiverse-Core
[14:49:02] [pool-3-thread-22645/INFO]: [Metrics] Server returned HTTP response code: 408 for URL: http://mcstats.org/report/Multiverse-Core
[14:59:02] [pool-3-thread-22646/INFO]: [Metrics] Server returned HTTP response code: 408 for URL: http://mcstats.org/report/Multiverse-Core
[15:39:03] [Server thread/WARN]: Can't keep up! Did the system time change, or is the server overloaded? Running 2580ms behind, skipping 51 tick(s)
[16:29:03] [pool-3-thread-22675/INFO]: [Vault] Checking for Updates ... 
[16:29:03] [pool-3-thread-22675/WARN]: [Vault] Stable Version: 1.5.3 is out! You are still running version: 1.5.0
[16:29:03] [pool-3-thread-22675/WARN]: [Vault] Update at: http://dev.bukkit.org/server-mods/vault
[17:09:03] [Server thread/WARN]: Can't keep up! Did the system time change, or is the server overloaded? Running 2084ms behind, skipping 41 tick(s)
[17:21:32] [Server thread/WARN]: Can't keep up! Did the system time change, or is the server overloaded? Running 2315ms behind, skipping 46 tick(s)
[17:29:04] [Server thread/WARN]: Can't keep up! Did the system time change, or is the server overloaded? Running 2852ms behind, skipping 57 tick(s)
[17:54:05] [Server thread/WARN]: Can't keep up! Did the system time change, or is the server overloaded? Running 2631ms behind, skipping 52 tick(s)
[18:49:05] [Server thread/WARN]: Can't keep up! Did the system time change, or is the server overloaded? Running 2587ms behind, skipping 51 tick(s)
[19:05:31] [User Authenticator #8/INFO]: UUID of player nordmert is fd3a7555-101b-43d0-b384-7798d4fd0d8f
[19:05:31] [Server thread/INFO]: nordmert[/216.249.49.21:62846] logged in with entity id 217240 at ([tutworld] 176.30000001192093, 88.0, 207.84576152302398)
[19:05:48] [Server thread/INFO]: nordmert issued server command: /m
[19:05:56] [Server thread/INFO]: nordmert issued server command: /home
[19:05:59] [Server thread/INFO]: nordmert issued server command: /home
[19:06:57] [Server thread/INFO]: nordmert lost connection: Disconnected
[19:06:57] [Server thread/INFO]: nordmert left the game.
[19:09:05] [Server thread/WARN]: Can't keep up! Did the system time change, or is the server overloaded? Running 2073ms behind, skipping 41 tick(s)
[19:14:05] [Server thread/WARN]: Can't keep up! Did the system time change, or is the server overloaded? Running 2002ms behind, skipping 40 tick(s)
[19:19:05] [Server thread/WARN]: Can't keep up! Did the system time change, or is the server overloaded? Running 2005ms behind, skipping 40 tick(s)
[20:49:05] [Server thread/WARN]: Can't keep up! Did the system time change, or is the server overloaded? Running 2136ms behind, skipping 42 tick(s)
[22:04:06] [Server thread/WARN]: Can't keep up! Did the system time change, or is the server overloaded? Running 2321ms behind, skipping 46 tick(s)
[22:09:06] [Server thread/WARN]: Can't keep up! Did the system time change, or is the server overloaded? Running 2377ms behind, skipping 47 tick(s)
[22:14:08] [Server thread/WARN]: Can't keep up! Did the system time change, or is the server overloaded? Running 3734ms behind, skipping 74 tick(s)
[22:19:08] [Server thread/WARN]: Can't keep up! Did the system time change, or is the server overloaded? Running 2631ms behind, skipping 52 tick(s)
[22:24:09] [Server thread/WARN]: Can't keep up! Did the system time change, or is the server overloaded? Running 2851ms behind, skipping 57 tick(s)
[22:29:10] [Server thread/WARN]: Can't keep up! Did the system time change, or is the server overloaded? Running 2481ms behind, skipping 49 tick(s)
[22:29:10] [pool-3-thread-22784/INFO]: [Vault] Checking for Updates ... 
[22:29:11] [pool-3-thread-22784/WARN]: [Vault] Stable Version: 1.5.3 is out! You are still running version: 1.5.0
[22:29:11] [pool-3-thread-22784/WARN]: [Vault] Update at: http://dev.bukkit.org/server-mods/vault
[22:34:11] [Server thread/WARN]: Can't keep up! Did the system time change, or is the server overloaded? Running 3043ms behind, skipping 60 tick(s)
[22:39:11] [Server thread/WARN]: Can't keep up! Did the system time change, or is the server overloaded? Running 2665ms behind, skipping 53 tick(s)
[22:44:12] [Server thread/WARN]: Can't keep up! Did the system time change, or is the server overloaded? Running 2512ms behind, skipping 50 tick(s)
[22:49:12] [Server thread/WARN]: Can't keep up! Did the system time change, or is the server overloaded? Running 2151ms behind, skipping 43 tick(s)
[22:54:13] [Server thread/WARN]: Can't keep up! Did the system time change, or is the server overloaded? Running 3159ms behind, skipping 63 tick(s)
[22:59:15] [Server thread/WARN]: Can't keep up! Did the system time change, or is the server overloaded? Running 3498ms behind, skipping 69 tick(s)
[23:04:16] [Server thread/WARN]: Can't keep up! Did the system time change, or is the server overloaded? Running 3398ms behind, skipping 67 tick(s)
[23:09:18] [Server thread/WARN]: Can't keep up! Did the system time change, or is the server overloaded? Running 3326ms behind, skipping 66 tick(s)
[23:14:18] [Server thread/WARN]: Can't keep up! Did the system time change, or is the server overloaded? Running 2055ms behind, skipping 41 tick(s)
[23:19:18] [Server thread/WARN]: Can't keep up! Did the system time change, or is the server overloaded? Running 2393ms behind, skipping 47 tick(s)
[23:24:18] [Server thread/WARN]: Can't keep up! Did the system time change, or is the server overloaded? Running 2052ms behind, skipping 41 tick(s)
[23:29:18] [Server thread/WARN]: Can't keep up! Did the system time change, or is the server overloaded? Running 2093ms behind, skipping 41 tick(s)
[23:39:19] [Server thread/WARN]: Can't keep up! Did the system time change, or is the server overloaded? Running 2540ms behind, skipping 50 tick(s)
[23:44:19] [Server thread/WARN]: Can't keep up! Did the system time change, or is the server overloaded? Running 2663ms behind, skipping 53 tick(s)
[23:48:06] [Server thread/WARN]: Can't keep up! Did the system time change, or is the server overloaded? Running 2681ms behind, skipping 53 tick(s)
[23:49:20] [Server thread/WARN]: Can't keep up! Did the system time change, or is the server overloaded? Running 2084ms behind, skipping 41 tick(s)
[23:54:21] [Server thread/WARN]: Can't keep up! Did the system time change, or is the server overloaded? Running 2550ms behind, skipping 51 tick(s)
[23:59:21] [Server thread/WARN]: Can't keep up! Did the system time change, or is the server overloaded? Running 2530ms behind, skipping 50 tick(s)
