[02:03:38] [Server thread/WARN]: Can't keep up! Did the system time change, or is the server overloaded? Running 2249ms behind, skipping 44 tick(s)
[02:08:38] [Server thread/WARN]: Can't keep up! Did the system time change, or is the server overloaded? Running 2014ms behind, skipping 40 tick(s)
[03:28:38] [Server thread/WARN]: Can't keep up! Did the system time change, or is the server overloaded? Running 2067ms behind, skipping 41 tick(s)
[03:48:38] [Server thread/WARN]: Can't keep up! Did the system time change, or is the server overloaded? Running 2245ms behind, skipping 44 tick(s)
[04:18:38] [pool-3-thread-7197/INFO]: [Vault] Checking for Updates ... 
[04:18:38] [pool-3-thread-7197/WARN]: [Vault] Stable Version: 1.5.2 is out! You are still running version: 1.5.0
[04:18:38] [pool-3-thread-7197/WARN]: [Vault] Update at: http://dev.bukkit.org/server-mods/vault
[06:20:45] [pool-3-thread-7232/INFO]: [Metrics] Connection timed out
[06:28:38] [pool-3-thread-7236/INFO]: [Metrics] Server returned HTTP response code: 408 for URL: http://mcstats.org/report/Multiverse-Core
[06:40:45] [pool-3-thread-7240/INFO]: [Metrics] Connection timed out
[06:50:45] [pool-3-thread-7241/INFO]: [Metrics] Connection timed out
[06:58:38] [pool-3-thread-7245/INFO]: [Metrics] Server returned HTTP response code: 408 for URL: http://mcstats.org/report/Multiverse-Core
[07:08:38] [pool-3-thread-7249/INFO]: [Metrics] Server returned HTTP response code: 408 for URL: http://mcstats.org/report/Multiverse-Core
[07:20:45] [pool-3-thread-7250/INFO]: [Metrics] Connection timed out
[07:28:38] [pool-3-thread-7254/INFO]: [Metrics] Server returned HTTP response code: 408 for URL: http://mcstats.org/report/Multiverse-Core
[07:38:38] [pool-3-thread-7258/INFO]: [Metrics] Server returned HTTP response code: 408 for URL: http://mcstats.org/report/Multiverse-Core
[07:50:45] [pool-3-thread-7259/INFO]: [Metrics] Connection timed out
[07:58:38] [pool-3-thread-7263/INFO]: [Metrics] Server returned HTTP response code: 408 for URL: http://mcstats.org/report/Multiverse-Core
[08:03:38] [Server thread/WARN]: Can't keep up! Did the system time change, or is the server overloaded? Running 2045ms behind, skipping 40 tick(s)
[08:08:38] [Server thread/WARN]: Can't keep up! Did the system time change, or is the server overloaded? Running 2121ms behind, skipping 42 tick(s)
[08:08:38] [pool-3-thread-7267/INFO]: [Metrics] Server returned HTTP response code: 408 for URL: http://mcstats.org/report/Multiverse-Core
[08:13:44] [Server thread/WARN]: Can't keep up! Did the system time change, or is the server overloaded? Running 7549ms behind, skipping 150 tick(s)
[08:18:44] [Server thread/WARN]: Can't keep up! Did the system time change, or is the server overloaded? Running 2116ms behind, skipping 42 tick(s)
[08:18:44] [pool-3-thread-7268/INFO]: [Metrics] Server returned HTTP response code: 408 for URL: http://mcstats.org/report/Multiverse-Core
[08:28:44] [pool-3-thread-7272/INFO]: [Metrics] Server returned HTTP response code: 408 for URL: http://mcstats.org/report/Multiverse-Core
[08:38:44] [pool-3-thread-7276/INFO]: [Metrics] Server returned HTTP response code: 408 for URL: http://mcstats.org/report/Multiverse-Core
[08:48:44] [Server thread/WARN]: Can't keep up! Did the system time change, or is the server overloaded? Running 2209ms behind, skipping 44 tick(s)
[08:48:44] [pool-3-thread-7277/INFO]: [Metrics] Server returned HTTP response code: 408 for URL: http://mcstats.org/report/Multiverse-Core
[08:58:44] [pool-3-thread-7281/INFO]: [Metrics] Server returned HTTP response code: 408 for URL: http://mcstats.org/report/Multiverse-Core
[09:08:44] [pool-3-thread-7285/INFO]: [Metrics] Server returned HTTP response code: 408 for URL: http://mcstats.org/report/Multiverse-Core
[09:13:44] [Server thread/WARN]: Can't keep up! Did the system time change, or is the server overloaded? Running 2310ms behind, skipping 46 tick(s)
[09:18:44] [Server thread/WARN]: Can't keep up! Did the system time change, or is the server overloaded? Running 2046ms behind, skipping 40 tick(s)
[09:18:44] [pool-3-thread-7286/INFO]: [Metrics] Server returned HTTP response code: 408 for URL: http://mcstats.org/report/Multiverse-Core
[09:28:44] [pool-3-thread-7290/INFO]: [Metrics] Server returned HTTP response code: 408 for URL: http://mcstats.org/report/Multiverse-Core
[09:38:44] [pool-3-thread-7294/INFO]: [Metrics] Server returned HTTP response code: 408 for URL: http://mcstats.org/report/Multiverse-Core
[09:48:44] [pool-3-thread-7295/INFO]: [Metrics] Server returned HTTP response code: 408 for URL: http://mcstats.org/report/Multiverse-Core
[09:53:44] [Server thread/WARN]: Can't keep up! Did the system time change, or is the server overloaded? Running 2099ms behind, skipping 41 tick(s)
[09:58:45] [Server thread/WARN]: Can't keep up! Did the system time change, or is the server overloaded? Running 2204ms behind, skipping 44 tick(s)
[09:58:45] [pool-3-thread-7299/INFO]: [Metrics] Server returned HTTP response code: 408 for URL: http://mcstats.org/report/Multiverse-Core
[10:08:45] [pool-3-thread-7303/INFO]: [Metrics] Server returned HTTP response code: 408 for URL: http://mcstats.org/report/Multiverse-Core
[10:13:45] [Server thread/WARN]: Can't keep up! Did the system time change, or is the server overloaded? Running 2154ms behind, skipping 43 tick(s)
[10:18:45] [pool-3-thread-7306/INFO]: [Vault] Checking for Updates ... 
[10:18:45] [pool-3-thread-7304/INFO]: [Metrics] Server returned HTTP response code: 408 for URL: http://mcstats.org/report/Multiverse-Core
[10:18:45] [pool-3-thread-7306/WARN]: [Vault] Stable Version: 1.5.2 is out! You are still running version: 1.5.0
[10:18:45] [pool-3-thread-7306/WARN]: [Vault] Update at: http://dev.bukkit.org/server-mods/vault
[10:28:45] [pool-3-thread-7309/INFO]: [Metrics] Server returned HTTP response code: 408 for URL: http://mcstats.org/report/Multiverse-Core
[10:33:45] [Server thread/WARN]: Can't keep up! Did the system time change, or is the server overloaded? Running 2121ms behind, skipping 42 tick(s)
[10:38:45] [pool-3-thread-7313/INFO]: [Metrics] Server returned HTTP response code: 408 for URL: http://mcstats.org/report/Multiverse-Core
[10:43:45] [Server thread/WARN]: Can't keep up! Did the system time change, or is the server overloaded? Running 2114ms behind, skipping 42 tick(s)
[10:48:45] [Server thread/WARN]: Can't keep up! Did the system time change, or is the server overloaded? Running 2110ms behind, skipping 42 tick(s)
[11:18:46] [Server thread/WARN]: Can't keep up! Did the system time change, or is the server overloaded? Running 2425ms behind, skipping 48 tick(s)
[11:23:46] [Server thread/WARN]: Can't keep up! Did the system time change, or is the server overloaded? Running 2142ms behind, skipping 42 tick(s)
[11:28:46] [Server thread/WARN]: Can't keep up! Did the system time change, or is the server overloaded? Running 2145ms behind, skipping 42 tick(s)
[11:33:46] [Server thread/WARN]: Can't keep up! Did the system time change, or is the server overloaded? Running 2052ms behind, skipping 41 tick(s)
[14:03:46] [Server thread/WARN]: Can't keep up! Did the system time change, or is the server overloaded? Running 2051ms behind, skipping 41 tick(s)
[14:48:46] [Server thread/WARN]: Can't keep up! Did the system time change, or is the server overloaded? Running 2385ms behind, skipping 47 tick(s)
[15:23:46] [Server thread/WARN]: Can't keep up! Did the system time change, or is the server overloaded? Running 2116ms behind, skipping 42 tick(s)
[15:58:46] [Server thread/WARN]: Can't keep up! Did the system time change, or is the server overloaded? Running 2038ms behind, skipping 40 tick(s)
[16:13:46] [Server thread/WARN]: Can't keep up! Did the system time change, or is the server overloaded? Running 2018ms behind, skipping 40 tick(s)
[16:18:46] [pool-3-thread-7415/INFO]: [Vault] Checking for Updates ... 
[16:18:47] [pool-3-thread-7415/WARN]: [Vault] Stable Version: 1.5.2 is out! You are still running version: 1.5.0
[16:18:47] [pool-3-thread-7415/WARN]: [Vault] Update at: http://dev.bukkit.org/server-mods/vault
[16:58:47] [Server thread/WARN]: Can't keep up! Did the system time change, or is the server overloaded? Running 2022ms behind, skipping 40 tick(s)
[17:08:48] [Server thread/WARN]: Can't keep up! Did the system time change, or is the server overloaded? Running 3239ms behind, skipping 64 tick(s)
[17:13:48] [Server thread/WARN]: Can't keep up! Did the system time change, or is the server overloaded? Running 2002ms behind, skipping 40 tick(s)
[17:28:48] [Server thread/WARN]: Can't keep up! Did the system time change, or is the server overloaded? Running 2005ms behind, skipping 40 tick(s)
[17:43:48] [Server thread/WARN]: Can't keep up! Did the system time change, or is the server overloaded? Running 2191ms behind, skipping 43 tick(s)
[17:58:48] [Server thread/WARN]: Can't keep up! Did the system time change, or is the server overloaded? Running 2038ms behind, skipping 40 tick(s)
[18:38:48] [Server thread/WARN]: Can't keep up! Did the system time change, or is the server overloaded? Running 2021ms behind, skipping 40 tick(s)
[18:43:48] [Server thread/WARN]: Can't keep up! Did the system time change, or is the server overloaded? Running 2054ms behind, skipping 41 tick(s)
[18:58:48] [Server thread/WARN]: Can't keep up! Did the system time change, or is the server overloaded? Running 2022ms behind, skipping 40 tick(s)
[19:03:49] [Server thread/WARN]: Can't keep up! Did the system time change, or is the server overloaded? Running 2841ms behind, skipping 56 tick(s)
[19:08:50] [Server thread/WARN]: Can't keep up! Did the system time change, or is the server overloaded? Running 2882ms behind, skipping 57 tick(s)
[19:13:51] [Server thread/WARN]: Can't keep up! Did the system time change, or is the server overloaded? Running 2741ms behind, skipping 54 tick(s)
[19:18:51] [Server thread/WARN]: Can't keep up! Did the system time change, or is the server overloaded? Running 2854ms behind, skipping 57 tick(s)
[19:28:53] [Server thread/WARN]: Can't keep up! Did the system time change, or is the server overloaded? Running 3556ms behind, skipping 71 tick(s)
[19:33:54] [Server thread/WARN]: Can't keep up! Did the system time change, or is the server overloaded? Running 3222ms behind, skipping 64 tick(s)
[19:38:56] [Server thread/WARN]: Can't keep up! Did the system time change, or is the server overloaded? Running 3474ms behind, skipping 69 tick(s)
[19:43:57] [Server thread/WARN]: Can't keep up! Did the system time change, or is the server overloaded? Running 2934ms behind, skipping 58 tick(s)
[19:48:57] [Server thread/WARN]: Can't keep up! Did the system time change, or is the server overloaded? Running 2030ms behind, skipping 40 tick(s)
[19:53:58] [Server thread/WARN]: Can't keep up! Did the system time change, or is the server overloaded? Running 3450ms behind, skipping 69 tick(s)
[19:58:58] [Server thread/WARN]: Can't keep up! Did the system time change, or is the server overloaded? Running 2098ms behind, skipping 41 tick(s)
[20:00:39] [Server thread/WARN]: Can't keep up! Did the system time change, or is the server overloaded? Running 2594ms behind, skipping 51 tick(s)
[22:18:59] [pool-3-thread-7524/INFO]: [Vault] Checking for Updates ... 
[22:19:00] [pool-3-thread-7524/WARN]: [Vault] Stable Version: 1.5.2 is out! You are still running version: 1.5.0
[22:19:00] [pool-3-thread-7524/WARN]: [Vault] Update at: http://dev.bukkit.org/server-mods/vault
[22:53:59] [Server thread/WARN]: Can't keep up! Did the system time change, or is the server overloaded? Running 2016ms behind, skipping 40 tick(s)
