[00:24:16] [Server thread/WARN]: Can't keep up! Did the system time change, or is the server overloaded? Running 2558ms behind, skipping 51 tick(s)
[01:24:17] [Server thread/WARN]: Can't keep up! Did the system time change, or is the server overloaded? Running 2547ms behind, skipping 50 tick(s)
[02:04:17] [Server thread/WARN]: Can't keep up! Did the system time change, or is the server overloaded? Running 2005ms behind, skipping 40 tick(s)
[02:09:17] [Server thread/WARN]: Can't keep up! Did the system time change, or is the server overloaded? Running 2149ms behind, skipping 42 tick(s)
[03:04:18] [Server thread/WARN]: Can't keep up! Did the system time change, or is the server overloaded? Running 2572ms behind, skipping 51 tick(s)
[03:29:18] [Server thread/WARN]: Can't keep up! Did the system time change, or is the server overloaded? Running 2468ms behind, skipping 49 tick(s)
[04:04:19] [Server thread/WARN]: Can't keep up! Did the system time change, or is the server overloaded? Running 2578ms behind, skipping 51 tick(s)
[05:34:19] [Server thread/WARN]: Can't keep up! Did the system time change, or is the server overloaded? Running 2561ms behind, skipping 51 tick(s)
[05:49:19] [pool-3-thread-25945/INFO]: [Vault] Checking for Updates ... 
[05:49:20] [pool-3-thread-25945/WARN]: [Vault] Stable Version: 1.5.3 is out! You are still running version: 1.5.0
[05:49:20] [pool-3-thread-25945/WARN]: [Vault] Update at: http://dev.bukkit.org/server-mods/vault
[06:04:20] [Server thread/WARN]: Can't keep up! Did the system time change, or is the server overloaded? Running 2676ms behind, skipping 53 tick(s)
[06:24:21] [Server thread/WARN]: Can't keep up! Did the system time change, or is the server overloaded? Running 2827ms behind, skipping 56 tick(s)
[06:44:21] [Server thread/WARN]: Can't keep up! Did the system time change, or is the server overloaded? Running 2615ms behind, skipping 52 tick(s)
[07:09:22] [Server thread/WARN]: Can't keep up! Did the system time change, or is the server overloaded? Running 2764ms behind, skipping 55 tick(s)
[07:59:23] [Server thread/WARN]: Can't keep up! Did the system time change, or is the server overloaded? Running 2799ms behind, skipping 55 tick(s)
[08:09:28] [Server thread/WARN]: Can't keep up! Did the system time change, or is the server overloaded? Running 6788ms behind, skipping 135 tick(s)
[08:44:28] [Server thread/WARN]: Can't keep up! Did the system time change, or is the server overloaded? Running 2583ms behind, skipping 51 tick(s)
[09:34:29] [Server thread/WARN]: Can't keep up! Did the system time change, or is the server overloaded? Running 2580ms behind, skipping 51 tick(s)
[09:54:30] [Server thread/WARN]: Can't keep up! Did the system time change, or is the server overloaded? Running 2641ms behind, skipping 52 tick(s)
[10:14:30] [Server thread/WARN]: Can't keep up! Did the system time change, or is the server overloaded? Running 2565ms behind, skipping 51 tick(s)
[10:49:31] [Server thread/WARN]: Can't keep up! Did the system time change, or is the server overloaded? Running 2703ms behind, skipping 54 tick(s)
[11:49:31] [pool-3-thread-26054/INFO]: [Vault] Checking for Updates ... 
[11:49:31] [pool-3-thread-26054/WARN]: [Vault] Stable Version: 1.5.3 is out! You are still running version: 1.5.0
[11:49:31] [pool-3-thread-26054/WARN]: [Vault] Update at: http://dev.bukkit.org/server-mods/vault
[11:54:31] [Server thread/WARN]: Can't keep up! Did the system time change, or is the server overloaded? Running 2555ms behind, skipping 51 tick(s)
[12:14:32] [Server thread/WARN]: Can't keep up! Did the system time change, or is the server overloaded? Running 2557ms behind, skipping 51 tick(s)
[12:34:33] [Server thread/WARN]: Can't keep up! Did the system time change, or is the server overloaded? Running 2627ms behind, skipping 52 tick(s)
[13:39:33] [Server thread/WARN]: Can't keep up! Did the system time change, or is the server overloaded? Running 2573ms behind, skipping 51 tick(s)
[14:04:34] [Server thread/WARN]: Can't keep up! Did the system time change, or is the server overloaded? Running 2635ms behind, skipping 52 tick(s)
[14:24:34] [Server thread/WARN]: Can't keep up! Did the system time change, or is the server overloaded? Running 2343ms behind, skipping 46 tick(s)
[15:20:34] [pool-3-thread-26116/INFO]: [Metrics] Server returned HTTP response code: 504 for URL: http://mcstats.org/report/Multiverse-Core
[17:04:35] [Server thread/WARN]: Can't keep up! Did the system time change, or is the server overloaded? Running 2560ms behind, skipping 51 tick(s)
[17:29:35] [Server thread/WARN]: Can't keep up! Did the system time change, or is the server overloaded? Running 2733ms behind, skipping 54 tick(s)
[17:49:35] [pool-3-thread-26163/INFO]: [Vault] Checking for Updates ... 
[17:49:36] [pool-3-thread-26163/WARN]: [Vault] Stable Version: 1.5.3 is out! You are still running version: 1.5.0
[17:49:36] [pool-3-thread-26163/WARN]: [Vault] Update at: http://dev.bukkit.org/server-mods/vault
[18:14:36] [Server thread/WARN]: Can't keep up! Did the system time change, or is the server overloaded? Running 2769ms behind, skipping 55 tick(s)
[19:29:37] [Server thread/WARN]: Can't keep up! Did the system time change, or is the server overloaded? Running 2679ms behind, skipping 53 tick(s)
[19:39:37] [Server thread/WARN]: Can't keep up! Did the system time change, or is the server overloaded? Running 2600ms behind, skipping 52 tick(s)
[19:54:38] [Server thread/WARN]: Can't keep up! Did the system time change, or is the server overloaded? Running 2609ms behind, skipping 52 tick(s)
[22:19:39] [Server thread/WARN]: Can't keep up! Did the system time change, or is the server overloaded? Running 2620ms behind, skipping 52 tick(s)
[22:19:51] [User Authenticator #9/INFO]: UUID of player ghinopeentz is a474368c-7faa-4b4c-a3d6-ee234103e2a4
[22:19:51] [Server thread/INFO]: ghinopeentz[/216.249.49.20:42283] logged in with entity id 245754 at ([tutworld] -31.5, 105.0, -89.5)
[22:20:32] [Server thread/INFO]: ghinopeentz lost connection: Disconnected
[22:20:32] [Server thread/INFO]: ghinopeentz left the game.
[22:28:15] [pool-4-thread-1/INFO]: GroupManager - INFO -  Data files refreshed.
[23:39:39] [Server thread/WARN]: Can't keep up! Did the system time change, or is the server overloaded? Running 2836ms behind, skipping 56 tick(s)
[23:49:39] [pool-3-thread-26272/INFO]: [Vault] Checking for Updates ... 
[23:49:40] [pool-3-thread-26272/WARN]: [Vault] Stable Version: 1.5.3 is out! You are still running version: 1.5.0
[23:49:40] [pool-3-thread-26272/WARN]: [Vault] Update at: http://dev.bukkit.org/server-mods/vault
