[01:14:23] [Server thread/WARN]: Can't keep up! Did the system time change, or is the server overloaded? Running 2704ms behind, skipping 54 tick(s)
[02:04:24] [Server thread/WARN]: Can't keep up! Did the system time change, or is the server overloaded? Running 2300ms behind, skipping 46 tick(s)
[02:09:24] [Server thread/WARN]: Can't keep up! Did the system time change, or is the server overloaded? Running 2240ms behind, skipping 44 tick(s)
[03:09:24] [Server thread/WARN]: Can't keep up! Did the system time change, or is the server overloaded? Running 2528ms behind, skipping 50 tick(s)
[03:34:25] [Server thread/WARN]: Can't keep up! Did the system time change, or is the server overloaded? Running 2562ms behind, skipping 51 tick(s)
[04:24:25] [pool-3-thread-15917/INFO]: [Vault] Checking for Updates ... 
[04:24:25] [pool-3-thread-15917/WARN]: [Vault] Stable Version: 1.5.3 is out! You are still running version: 1.5.0
[04:24:25] [pool-3-thread-15917/WARN]: [Vault] Update at: http://dev.bukkit.org/server-mods/vault
[05:14:26] [Server thread/WARN]: Can't keep up! Did the system time change, or is the server overloaded? Running 2699ms behind, skipping 53 tick(s)
[06:49:26] [Server thread/WARN]: Can't keep up! Did the system time change, or is the server overloaded? Running 2550ms behind, skipping 51 tick(s)
[07:14:26] [pool-3-thread-15969/INFO]: [Metrics] Server returned HTTP response code: 408 for URL: http://mcstats.org/report/Multiverse-Core
[07:26:33] [pool-3-thread-15970/INFO]: [Metrics] Connection timed out
[07:36:33] [pool-3-thread-15974/INFO]: [Metrics] Connection timed out
[07:44:41] [pool-3-thread-15978/INFO]: [Metrics] Server returned HTTP response code: 408 for URL: http://mcstats.org/report/Multiverse-Core
[07:54:26] [pool-3-thread-15979/INFO]: [Metrics] Server returned HTTP response code: 408 for URL: http://mcstats.org/report/Multiverse-Core
[08:04:29] [Server thread/WARN]: Can't keep up! Did the system time change, or is the server overloaded? Running 5134ms behind, skipping 102 tick(s)
[08:04:30] [pool-3-thread-15983/INFO]: [Metrics] Server returned HTTP response code: 408 for URL: http://mcstats.org/report/Multiverse-Core
[08:09:29] [Server thread/WARN]: Can't keep up! Did the system time change, or is the server overloaded? Running 2013ms behind, skipping 40 tick(s)
[08:14:29] [pool-3-thread-15987/INFO]: [Metrics] Server returned HTTP response code: 408 for URL: http://mcstats.org/report/Multiverse-Core
[08:26:37] [pool-3-thread-15988/INFO]: [Metrics] Connection timed out
[08:29:30] [Server thread/WARN]: Can't keep up! Did the system time change, or is the server overloaded? Running 2543ms behind, skipping 50 tick(s)
[08:34:30] [pool-3-thread-15992/INFO]: [Metrics] Server returned HTTP response code: 408 for URL: http://mcstats.org/report/Multiverse-Core
[08:44:30] [pool-3-thread-15996/INFO]: [Metrics] Server returned HTTP response code: 408 for URL: http://mcstats.org/report/Multiverse-Core
[08:49:30] [Server thread/WARN]: Can't keep up! Did the system time change, or is the server overloaded? Running 2134ms behind, skipping 42 tick(s)
[08:54:30] [pool-3-thread-15997/INFO]: [Metrics] Server returned HTTP response code: 408 for URL: http://mcstats.org/report/Multiverse-Core
[09:06:37] [pool-3-thread-16001/INFO]: [Metrics] Connection timed out
[09:14:30] [pool-3-thread-16005/INFO]: [Metrics] Server returned HTTP response code: 408 for URL: http://mcstats.org/report/Multiverse-Core
[09:26:37] [pool-3-thread-16006/INFO]: [Metrics] Connection timed out
[09:34:30] [pool-3-thread-16010/INFO]: [Metrics] Server returned HTTP response code: 408 for URL: http://mcstats.org/report/Multiverse-Core
[09:44:30] [pool-3-thread-16014/INFO]: [Metrics] Server returned HTTP response code: 408 for URL: http://mcstats.org/report/Multiverse-Core
[09:56:37] [pool-3-thread-16015/INFO]: [Metrics] Connection timed out
[10:04:30] [pool-3-thread-16019/INFO]: [Metrics] Server returned HTTP response code: 408 for URL: http://mcstats.org/report/Multiverse-Core
[10:14:30] [pool-3-thread-16023/INFO]: [Metrics] Server returned HTTP response code: 408 for URL: http://mcstats.org/report/Multiverse-Core
[10:24:30] [Server thread/WARN]: Can't keep up! Did the system time change, or is the server overloaded? Running 2354ms behind, skipping 47 tick(s)
[10:24:30] [pool-3-thread-16026/INFO]: [Vault] Checking for Updates ... 
[10:24:31] [pool-3-thread-16024/INFO]: [Metrics] Server returned HTTP response code: 408 for URL: http://mcstats.org/report/Multiverse-Core
[10:24:31] [pool-3-thread-16026/WARN]: [Vault] Stable Version: 1.5.3 is out! You are still running version: 1.5.0
[10:24:31] [pool-3-thread-16026/WARN]: [Vault] Update at: http://dev.bukkit.org/server-mods/vault
[10:29:31] [Server thread/WARN]: Can't keep up! Did the system time change, or is the server overloaded? Running 2542ms behind, skipping 50 tick(s)
[10:34:31] [pool-3-thread-16029/INFO]: [Metrics] Server returned HTTP response code: 408 for URL: http://mcstats.org/report/Multiverse-Core
[10:44:31] [pool-3-thread-16033/INFO]: [Metrics] Server returned HTTP response code: 408 for URL: http://mcstats.org/report/Multiverse-Core
[10:54:31] [pool-3-thread-16034/INFO]: [Metrics] Server returned HTTP response code: 408 for URL: http://mcstats.org/report/Multiverse-Core
[11:04:31] [pool-3-thread-16038/INFO]: [Metrics] Server returned HTTP response code: 408 for URL: http://mcstats.org/report/Multiverse-Core
[11:14:31] [pool-3-thread-16042/INFO]: [Metrics] Server returned HTTP response code: 408 for URL: http://mcstats.org/report/Multiverse-Core
[11:24:31] [pool-3-thread-16043/INFO]: [Metrics] Server returned HTTP response code: 408 for URL: http://mcstats.org/report/Multiverse-Core
[11:34:32] [Server thread/WARN]: Can't keep up! Did the system time change, or is the server overloaded? Running 2597ms behind, skipping 51 tick(s)
[11:34:32] [pool-3-thread-16047/INFO]: [Metrics] Server returned HTTP response code: 408 for URL: http://mcstats.org/report/Multiverse-Core
[12:05:35] [pool-3-thread-16056/INFO]: [Metrics] Server returned HTTP response code: 408 for URL: http://mcstats.org/report/Multiverse-Core
[12:14:31] [pool-3-thread-16060/INFO]: [Metrics] Server returned HTTP response code: 408 for URL: http://mcstats.org/report/Multiverse-Core
[12:39:32] [Server thread/WARN]: Can't keep up! Did the system time change, or is the server overloaded? Running 2525ms behind, skipping 50 tick(s)
[12:59:33] [Server thread/WARN]: Can't keep up! Did the system time change, or is the server overloaded? Running 2525ms behind, skipping 50 tick(s)
[13:19:33] [Server thread/WARN]: Can't keep up! Did the system time change, or is the server overloaded? Running 2688ms behind, skipping 53 tick(s)
[13:59:34] [Server thread/WARN]: Can't keep up! Did the system time change, or is the server overloaded? Running 2544ms behind, skipping 50 tick(s)
[14:34:34] [Server thread/WARN]: Can't keep up! Did the system time change, or is the server overloaded? Running 2635ms behind, skipping 52 tick(s)
[15:29:35] [Server thread/WARN]: Can't keep up! Did the system time change, or is the server overloaded? Running 2681ms behind, skipping 53 tick(s)
[16:24:35] [pool-3-thread-16135/INFO]: [Vault] Checking for Updates ... 
[16:24:36] [pool-3-thread-16135/WARN]: [Vault] Stable Version: 1.5.3 is out! You are still running version: 1.5.0
[16:24:36] [pool-3-thread-16135/WARN]: [Vault] Update at: http://dev.bukkit.org/server-mods/vault
[16:54:35] [Server thread/WARN]: Can't keep up! Did the system time change, or is the server overloaded? Running 2016ms behind, skipping 40 tick(s)
[17:14:36] [Server thread/WARN]: Can't keep up! Did the system time change, or is the server overloaded? Running 3096ms behind, skipping 61 tick(s)
[17:39:37] [Server thread/WARN]: Can't keep up! Did the system time change, or is the server overloaded? Running 2576ms behind, skipping 51 tick(s)
[18:49:37] [Server thread/WARN]: Can't keep up! Did the system time change, or is the server overloaded? Running 2422ms behind, skipping 48 tick(s)
[18:59:37] [Server thread/WARN]: Can't keep up! Did the system time change, or is the server overloaded? Running 2011ms behind, skipping 40 tick(s)
[20:19:37] [Server thread/WARN]: Can't keep up! Did the system time change, or is the server overloaded? Running 2013ms behind, skipping 40 tick(s)
[20:59:37] [Server thread/WARN]: Can't keep up! Did the system time change, or is the server overloaded? Running 2233ms behind, skipping 44 tick(s)
[21:19:38] [Server thread/WARN]: Can't keep up! Did the system time change, or is the server overloaded? Running 2706ms behind, skipping 54 tick(s)
[22:24:38] [pool-3-thread-16244/INFO]: [Vault] Checking for Updates ... 
[22:24:43] [pool-3-thread-16244/INFO]: [Vault] There was an issue attempting to check for the latest version.
[22:24:43] [pool-3-thread-16244/INFO]: [Vault] No new version available
