[02:07:43] [Server thread/WARN]: Can't keep up! Did the system time change, or is the server overloaded? Running 2058ms behind, skipping 41 tick(s)
[03:02:44] [Server thread/WARN]: Can't keep up! Did the system time change, or is the server overloaded? Running 2562ms behind, skipping 51 tick(s)
[03:57:44] [Server thread/WARN]: Can't keep up! Did the system time change, or is the server overloaded? Running 2533ms behind, skipping 50 tick(s)
[04:27:44] [pool-3-thread-20713/INFO]: [Vault] Checking for Updates ... 
[04:27:45] [pool-3-thread-20713/WARN]: [Vault] Stable Version: 1.5.3 is out! You are still running version: 1.5.0
[04:27:45] [pool-3-thread-20713/WARN]: [Vault] Update at: http://dev.bukkit.org/server-mods/vault
[05:57:45] [Server thread/WARN]: Can't keep up! Did the system time change, or is the server overloaded? Running 2524ms behind, skipping 50 tick(s)
[07:17:45] [Server thread/WARN]: Can't keep up! Did the system time change, or is the server overloaded? Running 2585ms behind, skipping 51 tick(s)
[07:57:46] [Server thread/WARN]: Can't keep up! Did the system time change, or is the server overloaded? Running 2781ms behind, skipping 55 tick(s)
[08:22:47] [Server thread/WARN]: Can't keep up! Did the system time change, or is the server overloaded? Running 2590ms behind, skipping 51 tick(s)
[08:47:47] [Server thread/WARN]: Can't keep up! Did the system time change, or is the server overloaded? Running 2031ms behind, skipping 40 tick(s)
[09:32:47] [Server thread/WARN]: Can't keep up! Did the system time change, or is the server overloaded? Running 2573ms behind, skipping 51 tick(s)
[10:27:47] [pool-3-thread-20822/INFO]: [Vault] Checking for Updates ... 
[10:27:52] [pool-3-thread-20822/INFO]: [Vault] There was an issue attempting to check for the latest version.
[10:27:52] [pool-3-thread-20822/INFO]: [Vault] No new version available
[11:12:48] [Server thread/WARN]: Can't keep up! Did the system time change, or is the server overloaded? Running 2538ms behind, skipping 50 tick(s)
[11:37:48] [Server thread/WARN]: Can't keep up! Did the system time change, or is the server overloaded? Running 2537ms behind, skipping 50 tick(s)
[11:57:49] [Server thread/WARN]: Can't keep up! Did the system time change, or is the server overloaded? Running 2639ms behind, skipping 52 tick(s)
[12:47:49] [Server thread/WARN]: Can't keep up! Did the system time change, or is the server overloaded? Running 2532ms behind, skipping 50 tick(s)
[15:27:50] [Server thread/WARN]: Can't keep up! Did the system time change, or is the server overloaded? Running 2597ms behind, skipping 51 tick(s)
[16:27:50] [pool-3-thread-20931/INFO]: [Vault] Checking for Updates ... 
[16:27:50] [pool-3-thread-20931/WARN]: [Vault] Stable Version: 1.5.3 is out! You are still running version: 1.5.0
[16:27:50] [pool-3-thread-20931/WARN]: [Vault] Update at: http://dev.bukkit.org/server-mods/vault
[16:37:51] [Server thread/WARN]: Can't keep up! Did the system time change, or is the server overloaded? Running 2563ms behind, skipping 51 tick(s)
[17:37:51] [Server thread/WARN]: Can't keep up! Did the system time change, or is the server overloaded? Running 2507ms behind, skipping 50 tick(s)
[18:27:52] [Server thread/WARN]: Can't keep up! Did the system time change, or is the server overloaded? Running 2540ms behind, skipping 50 tick(s)
[19:42:52] [Server thread/WARN]: Can't keep up! Did the system time change, or is the server overloaded? Running 2640ms behind, skipping 52 tick(s)
[20:22:53] [Server thread/WARN]: Can't keep up! Did the system time change, or is the server overloaded? Running 2587ms behind, skipping 51 tick(s)
[21:27:53] [Server thread/WARN]: Can't keep up! Did the system time change, or is the server overloaded? Running 2603ms behind, skipping 52 tick(s)
[22:12:54] [Server thread/WARN]: Can't keep up! Did the system time change, or is the server overloaded? Running 2799ms behind, skipping 55 tick(s)
[22:27:54] [pool-3-thread-21040/INFO]: [Vault] Checking for Updates ... 
[22:27:55] [pool-3-thread-21040/WARN]: [Vault] Stable Version: 1.5.3 is out! You are still running version: 1.5.0
[22:27:55] [pool-3-thread-21040/WARN]: [Vault] Update at: http://dev.bukkit.org/server-mods/vault
[22:52:55] [Server thread/WARN]: Can't keep up! Did the system time change, or is the server overloaded? Running 2699ms behind, skipping 53 tick(s)
[23:12:56] [Server thread/WARN]: Can't keep up! Did the system time change, or is the server overloaded? Running 2717ms behind, skipping 54 tick(s)
[23:27:56] [Server thread/WARN]: Can't keep up! Did the system time change, or is the server overloaded? Running 2706ms behind, skipping 54 tick(s)
