[02:05:39] [Server thread/WARN]: Can't keep up! Did the system time change, or is the server overloaded? Running 2329ms behind, skipping 46 tick(s)
[03:35:39] [pool-3-thread-2825/INFO]: [Metrics] Connection refused
[03:45:39] [pool-3-thread-2826/INFO]: [Metrics] Server returned HTTP response code: 408 for URL: http://mcstats.org/report/Multiverse-Core
[04:10:43] [Server thread/WARN]: Can't keep up! Did the system time change, or is the server overloaded? Running 6302ms behind, skipping 126 tick(s)
[04:15:43] [pool-3-thread-2837/INFO]: [Vault] Checking for Updates ... 
[04:15:44] [pool-3-thread-2837/WARN]: [Vault] Stable Version: 1.5.2 is out! You are still running version: 1.5.0
[04:15:44] [pool-3-thread-2837/WARN]: [Vault] Update at: http://dev.bukkit.org/server-mods/vault
[05:35:44] [Server thread/WARN]: Can't keep up! Did the system time change, or is the server overloaded? Running 2089ms behind, skipping 41 tick(s)
[07:50:44] [Server thread/WARN]: Can't keep up! Did the system time change, or is the server overloaded? Running 2094ms behind, skipping 41 tick(s)
[07:55:44] [Server thread/WARN]: Can't keep up! Did the system time change, or is the server overloaded? Running 2203ms behind, skipping 44 tick(s)
[08:00:48] [Server thread/WARN]: Can't keep up! Did the system time change, or is the server overloaded? Running 6138ms behind, skipping 122 tick(s)
[08:05:48] [Server thread/WARN]: Can't keep up! Did the system time change, or is the server overloaded? Running 2008ms behind, skipping 40 tick(s)
[10:15:48] [pool-3-thread-2946/INFO]: [Vault] Checking for Updates ... 
[10:15:49] [pool-3-thread-2946/WARN]: [Vault] Stable Version: 1.5.2 is out! You are still running version: 1.5.0
[10:15:49] [pool-3-thread-2946/WARN]: [Vault] Update at: http://dev.bukkit.org/server-mods/vault
[10:45:48] [Server thread/WARN]: Can't keep up! Did the system time change, or is the server overloaded? Running 2199ms behind, skipping 43 tick(s)
[15:40:48] [Server thread/WARN]: Can't keep up! Did the system time change, or is the server overloaded? Running 2014ms behind, skipping 40 tick(s)
[16:15:48] [pool-3-thread-3055/INFO]: [Vault] Checking for Updates ... 
[16:15:50] [pool-3-thread-3055/WARN]: [Vault] Stable Version: 1.5.2 is out! You are still running version: 1.5.0
[16:15:50] [pool-3-thread-3055/WARN]: [Vault] Update at: http://dev.bukkit.org/server-mods/vault
[16:45:48] [Server thread/WARN]: Can't keep up! Did the system time change, or is the server overloaded? Running 2063ms behind, skipping 41 tick(s)
[16:50:48] [Server thread/WARN]: Can't keep up! Did the system time change, or is the server overloaded? Running 2001ms behind, skipping 40 tick(s)
[16:55:49] [Server thread/WARN]: Can't keep up! Did the system time change, or is the server overloaded? Running 2495ms behind, skipping 49 tick(s)
[17:00:50] [Server thread/WARN]: Can't keep up! Did the system time change, or is the server overloaded? Running 3357ms behind, skipping 67 tick(s)
[17:05:51] [Server thread/WARN]: Can't keep up! Did the system time change, or is the server overloaded? Running 2526ms behind, skipping 50 tick(s)
[17:10:51] [Server thread/WARN]: Can't keep up! Did the system time change, or is the server overloaded? Running 2096ms behind, skipping 41 tick(s)
[17:15:51] [Server thread/WARN]: Can't keep up! Did the system time change, or is the server overloaded? Running 2204ms behind, skipping 44 tick(s)
[17:20:52] [Server thread/WARN]: Can't keep up! Did the system time change, or is the server overloaded? Running 2774ms behind, skipping 55 tick(s)
[17:25:52] [Server thread/WARN]: Can't keep up! Did the system time change, or is the server overloaded? Running 2050ms behind, skipping 41 tick(s)
[17:45:52] [Server thread/WARN]: Can't keep up! Did the system time change, or is the server overloaded? Running 2414ms behind, skipping 48 tick(s)
[17:55:52] [Server thread/WARN]: Can't keep up! Did the system time change, or is the server overloaded? Running 2018ms behind, skipping 40 tick(s)
[18:00:52] [Server thread/WARN]: Can't keep up! Did the system time change, or is the server overloaded? Running 2117ms behind, skipping 42 tick(s)
[18:10:52] [Server thread/WARN]: Can't keep up! Did the system time change, or is the server overloaded? Running 2021ms behind, skipping 40 tick(s)
[18:15:52] [Server thread/WARN]: Can't keep up! Did the system time change, or is the server overloaded? Running 2104ms behind, skipping 42 tick(s)
[18:25:53] [Server thread/WARN]: Can't keep up! Did the system time change, or is the server overloaded? Running 2192ms behind, skipping 43 tick(s)
[18:40:53] [Server thread/WARN]: Can't keep up! Did the system time change, or is the server overloaded? Running 2083ms behind, skipping 41 tick(s)
[18:45:53] [Server thread/WARN]: Can't keep up! Did the system time change, or is the server overloaded? Running 2103ms behind, skipping 42 tick(s)
[18:50:53] [Server thread/WARN]: Can't keep up! Did the system time change, or is the server overloaded? Running 2177ms behind, skipping 43 tick(s)
[19:00:53] [Server thread/WARN]: Can't keep up! Did the system time change, or is the server overloaded? Running 2028ms behind, skipping 40 tick(s)
[19:48:00] [pool-3-thread-3117/INFO]: [Metrics] Connection timed out
[19:55:53] [pool-3-thread-3121/INFO]: [Metrics] Server returned HTTP response code: 408 for URL: http://mcstats.org/report/Multiverse-Core
[21:10:53] [Server thread/WARN]: Can't keep up! Did the system time change, or is the server overloaded? Running 2028ms behind, skipping 40 tick(s)
[22:00:54] [Server thread/WARN]: Can't keep up! Did the system time change, or is the server overloaded? Running 2589ms behind, skipping 51 tick(s)
[22:05:54] [Server thread/WARN]: Can't keep up! Did the system time change, or is the server overloaded? Running 2377ms behind, skipping 47 tick(s)
[22:10:54] [Server thread/WARN]: Can't keep up! Did the system time change, or is the server overloaded? Running 2072ms behind, skipping 41 tick(s)
[22:15:54] [Server thread/WARN]: Can't keep up! Did the system time change, or is the server overloaded? Running 2081ms behind, skipping 41 tick(s)
[22:15:54] [pool-3-thread-3164/INFO]: [Vault] Checking for Updates ... 
[22:15:55] [pool-3-thread-3164/WARN]: [Vault] Stable Version: 1.5.2 is out! You are still running version: 1.5.0
[22:15:55] [pool-3-thread-3164/WARN]: [Vault] Update at: http://dev.bukkit.org/server-mods/vault
[22:20:55] [Server thread/WARN]: Can't keep up! Did the system time change, or is the server overloaded? Running 2328ms behind, skipping 46 tick(s)
[22:35:55] [Server thread/WARN]: Can't keep up! Did the system time change, or is the server overloaded? Running 2205ms behind, skipping 44 tick(s)
[22:40:55] [Server thread/WARN]: Can't keep up! Did the system time change, or is the server overloaded? Running 2045ms behind, skipping 40 tick(s)
[22:45:55] [Server thread/WARN]: Can't keep up! Did the system time change, or is the server overloaded? Running 2699ms behind, skipping 53 tick(s)
[22:50:57] [Server thread/WARN]: Can't keep up! Did the system time change, or is the server overloaded? Running 3174ms behind, skipping 63 tick(s)
[22:55:58] [Server thread/WARN]: Can't keep up! Did the system time change, or is the server overloaded? Running 2945ms behind, skipping 58 tick(s)
[23:00:58] [Server thread/WARN]: Can't keep up! Did the system time change, or is the server overloaded? Running 2304ms behind, skipping 46 tick(s)
[23:05:59] [Server thread/WARN]: Can't keep up! Did the system time change, or is the server overloaded? Running 2701ms behind, skipping 54 tick(s)
[23:10:59] [Server thread/WARN]: Can't keep up! Did the system time change, or is the server overloaded? Running 2297ms behind, skipping 45 tick(s)
[23:16:00] [Server thread/WARN]: Can't keep up! Did the system time change, or is the server overloaded? Running 3255ms behind, skipping 65 tick(s)
[23:21:00] [Server thread/WARN]: Can't keep up! Did the system time change, or is the server overloaded? Running 2124ms behind, skipping 42 tick(s)
[23:36:00] [Server thread/WARN]: Can't keep up! Did the system time change, or is the server overloaded? Running 2096ms behind, skipping 41 tick(s)
[23:46:00] [Server thread/WARN]: Can't keep up! Did the system time change, or is the server overloaded? Running 2083ms behind, skipping 41 tick(s)
[23:51:00] [Server thread/WARN]: Can't keep up! Did the system time change, or is the server overloaded? Running 2084ms behind, skipping 41 tick(s)
[23:56:01] [Server thread/WARN]: Can't keep up! Did the system time change, or is the server overloaded? Running 2091ms behind, skipping 41 tick(s)
