[00:08:31] [Server thread/WARN]: Can't keep up! Did the system time change, or is the server overloaded? Running 2580ms behind, skipping 51 tick(s)
[00:43:32] [Server thread/WARN]: Can't keep up! Did the system time change, or is the server overloaded? Running 2787ms behind, skipping 55 tick(s)
[01:18:33] [Server thread/WARN]: Can't keep up! Did the system time change, or is the server overloaded? Running 2589ms behind, skipping 51 tick(s)
[02:21:26] [Server thread/WARN]: Can't keep up! Did the system time change, or is the server overloaded? Running 2318ms behind, skipping 46 tick(s)
[03:30:40] [pool-3-thread-25030/INFO]: [Metrics] Connection timed out
[03:38:33] [pool-3-thread-25034/INFO]: [Metrics] Server returned HTTP response code: 408 for URL: http://mcstats.org/report/Multiverse-Core
[03:43:34] [Server thread/WARN]: Can't keep up! Did the system time change, or is the server overloaded? Running 2643ms behind, skipping 52 tick(s)
[04:18:34] [Server thread/WARN]: Can't keep up! Did the system time change, or is the server overloaded? Running 2058ms behind, skipping 41 tick(s)
[04:28:34] [Server thread/WARN]: Can't keep up! Did the system time change, or is the server overloaded? Running 2183ms behind, skipping 43 tick(s)
[05:18:34] [Server thread/WARN]: Can't keep up! Did the system time change, or is the server overloaded? Running 2580ms behind, skipping 51 tick(s)
[05:33:35] [Server thread/WARN]: Can't keep up! Did the system time change, or is the server overloaded? Running 2593ms behind, skipping 51 tick(s)
[05:48:35] [pool-3-thread-25073/INFO]: [Vault] Checking for Updates ... 
[05:48:36] [pool-3-thread-25073/WARN]: [Vault] Stable Version: 1.5.3 is out! You are still running version: 1.5.0
[05:48:36] [pool-3-thread-25073/WARN]: [Vault] Update at: http://dev.bukkit.org/server-mods/vault
[07:43:36] [Server thread/WARN]: Can't keep up! Did the system time change, or is the server overloaded? Running 2582ms behind, skipping 51 tick(s)
[08:13:42] [Server thread/WARN]: Can't keep up! Did the system time change, or is the server overloaded? Running 8266ms behind, skipping 165 tick(s)
[08:18:43] [Server thread/WARN]: Can't keep up! Did the system time change, or is the server overloaded? Running 2915ms behind, skipping 58 tick(s)
[09:48:43] [Server thread/WARN]: Can't keep up! Did the system time change, or is the server overloaded? Running 2233ms behind, skipping 44 tick(s)
[09:53:44] [Server thread/WARN]: Can't keep up! Did the system time change, or is the server overloaded? Running 2830ms behind, skipping 56 tick(s)
[10:18:44] [Server thread/WARN]: Can't keep up! Did the system time change, or is the server overloaded? Running 2562ms behind, skipping 51 tick(s)
[11:48:44] [pool-3-thread-25182/INFO]: [Vault] Checking for Updates ... 
[11:48:45] [pool-3-thread-25182/WARN]: [Vault] Stable Version: 1.5.3 is out! You are still running version: 1.5.0
[11:48:45] [pool-3-thread-25182/WARN]: [Vault] Update at: http://dev.bukkit.org/server-mods/vault
[12:33:45] [Server thread/WARN]: Can't keep up! Did the system time change, or is the server overloaded? Running 2614ms behind, skipping 52 tick(s)
[12:58:46] [Server thread/WARN]: Can't keep up! Did the system time change, or is the server overloaded? Running 2574ms behind, skipping 51 tick(s)
[13:29:46] [pool-3-thread-25212/INFO]: [Metrics] Server returned HTTP response code: 504 for URL: http://mcstats.org/report/Multiverse-Core
[13:38:46] [Server thread/WARN]: Can't keep up! Did the system time change, or is the server overloaded? Running 2692ms behind, skipping 53 tick(s)
[13:58:47] [Server thread/WARN]: Can't keep up! Did the system time change, or is the server overloaded? Running 2622ms behind, skipping 52 tick(s)
[14:13:48] [Server thread/WARN]: Can't keep up! Did the system time change, or is the server overloaded? Running 2592ms behind, skipping 51 tick(s)
[14:48:48] [Server thread/WARN]: Can't keep up! Did the system time change, or is the server overloaded? Running 2693ms behind, skipping 53 tick(s)
[15:29:48] [pool-3-thread-25248/INFO]: [Metrics] Server returned HTTP response code: 504 for URL: http://mcstats.org/report/Multiverse-Core
[16:18:49] [Server thread/WARN]: Can't keep up! Did the system time change, or is the server overloaded? Running 2591ms behind, skipping 51 tick(s)
[16:26:17] [Server thread/WARN]: Can't keep up! Did the system time change, or is the server overloaded? Running 2125ms behind, skipping 42 tick(s)
[17:48:49] [pool-3-thread-25291/INFO]: [Vault] Checking for Updates ... 
[17:48:49] [pool-3-thread-25291/WARN]: [Vault] Stable Version: 1.5.3 is out! You are still running version: 1.5.0
[17:48:49] [pool-3-thread-25291/WARN]: [Vault] Update at: http://dev.bukkit.org/server-mods/vault
[18:33:50] [Server thread/WARN]: Can't keep up! Did the system time change, or is the server overloaded? Running 2641ms behind, skipping 52 tick(s)
[19:28:50] [Server thread/WARN]: Can't keep up! Did the system time change, or is the server overloaded? Running 2305ms behind, skipping 46 tick(s)
[19:33:51] [Server thread/WARN]: Can't keep up! Did the system time change, or is the server overloaded? Running 2714ms behind, skipping 54 tick(s)
[19:43:51] [Server thread/WARN]: Can't keep up! Did the system time change, or is the server overloaded? Running 2753ms behind, skipping 55 tick(s)
[20:43:52] [Server thread/WARN]: Can't keep up! Did the system time change, or is the server overloaded? Running 2795ms behind, skipping 55 tick(s)
[21:48:52] [Server thread/WARN]: Can't keep up! Did the system time change, or is the server overloaded? Running 2005ms behind, skipping 40 tick(s)
[21:53:53] [Server thread/WARN]: Can't keep up! Did the system time change, or is the server overloaded? Running 2764ms behind, skipping 55 tick(s)
[21:58:53] [Server thread/WARN]: Can't keep up! Did the system time change, or is the server overloaded? Running 2029ms behind, skipping 40 tick(s)
[22:08:54] [Server thread/WARN]: Can't keep up! Did the system time change, or is the server overloaded? Running 2726ms behind, skipping 54 tick(s)
[23:33:54] [Server thread/WARN]: Can't keep up! Did the system time change, or is the server overloaded? Running 2573ms behind, skipping 51 tick(s)
[23:48:54] [pool-3-thread-25400/INFO]: [Vault] Checking for Updates ... 
[23:48:55] [pool-3-thread-25400/WARN]: [Vault] Stable Version: 1.5.3 is out! You are still running version: 1.5.0
[23:48:55] [pool-3-thread-25400/WARN]: [Vault] Update at: http://dev.bukkit.org/server-mods/vault
