[00:38:55] [Server thread/WARN]: Can't keep up! Did the system time change, or is the server overloaded? Running 2495ms behind, skipping 49 tick(s)
[02:03:56] [Server thread/WARN]: Can't keep up! Did the system time change, or is the server overloaded? Running 2429ms behind, skipping 48 tick(s)
[02:55:00] [Server thread/WARN]: Can't keep up! Did the system time change, or is the server overloaded? Running 2611ms behind, skipping 52 tick(s)
[03:38:57] [Server thread/WARN]: Can't keep up! Did the system time change, or is the server overloaded? Running 2550ms behind, skipping 51 tick(s)
[04:03:57] [Server thread/WARN]: Can't keep up! Did the system time change, or is the server overloaded? Running 2117ms behind, skipping 42 tick(s)
[04:18:58] [Server thread/WARN]: Can't keep up! Did the system time change, or is the server overloaded? Running 2504ms behind, skipping 50 tick(s)
[04:23:57] [pool-3-thread-15481/INFO]: [Vault] Checking for Updates ... 
[04:23:58] [pool-3-thread-15481/WARN]: [Vault] Stable Version: 1.5.3 is out! You are still running version: 1.5.0
[04:23:58] [pool-3-thread-15481/WARN]: [Vault] Update at: http://dev.bukkit.org/server-mods/vault
[04:43:58] [Server thread/WARN]: Can't keep up! Did the system time change, or is the server overloaded? Running 2661ms behind, skipping 53 tick(s)
[05:18:59] [Server thread/WARN]: Can't keep up! Did the system time change, or is the server overloaded? Running 2543ms behind, skipping 50 tick(s)
[07:48:59] [Server thread/WARN]: Can't keep up! Did the system time change, or is the server overloaded? Running 2548ms behind, skipping 50 tick(s)
[08:14:02] [Server thread/WARN]: Can't keep up! Did the system time change, or is the server overloaded? Running 5056ms behind, skipping 101 tick(s)
[08:19:03] [Server thread/WARN]: Can't keep up! Did the system time change, or is the server overloaded? Running 2632ms behind, skipping 52 tick(s)
[08:49:04] [Server thread/WARN]: Can't keep up! Did the system time change, or is the server overloaded? Running 2582ms behind, skipping 51 tick(s)
[08:59:04] [Server thread/WARN]: Can't keep up! Did the system time change, or is the server overloaded? Running 2546ms behind, skipping 50 tick(s)
[09:04:04] [Server thread/WARN]: Can't keep up! Did the system time change, or is the server overloaded? Running 2136ms behind, skipping 42 tick(s)
[09:24:05] [Server thread/WARN]: Can't keep up! Did the system time change, or is the server overloaded? Running 2610ms behind, skipping 52 tick(s)
[10:04:06] [Server thread/WARN]: Can't keep up! Did the system time change, or is the server overloaded? Running 2736ms behind, skipping 54 tick(s)
[10:19:06] [Server thread/WARN]: Can't keep up! Did the system time change, or is the server overloaded? Running 2658ms behind, skipping 53 tick(s)
[10:24:06] [pool-3-thread-15590/INFO]: [Vault] Checking for Updates ... 
[10:24:07] [pool-3-thread-15590/WARN]: [Vault] Stable Version: 1.5.3 is out! You are still running version: 1.5.0
[10:24:07] [pool-3-thread-15590/WARN]: [Vault] Update at: http://dev.bukkit.org/server-mods/vault
[10:35:06] [pool-3-thread-15593/INFO]: [Metrics] Server returned HTTP response code: 504 for URL: http://mcstats.org/report/Multiverse-Core
[10:59:07] [Server thread/WARN]: Can't keep up! Did the system time change, or is the server overloaded? Running 2547ms behind, skipping 50 tick(s)
[11:29:07] [Server thread/WARN]: Can't keep up! Did the system time change, or is the server overloaded? Running 2559ms behind, skipping 51 tick(s)
[11:44:08] [Server thread/WARN]: Can't keep up! Did the system time change, or is the server overloaded? Running 2566ms behind, skipping 51 tick(s)
[12:09:08] [Server thread/WARN]: Can't keep up! Did the system time change, or is the server overloaded? Running 2095ms behind, skipping 41 tick(s)
[12:59:09] [Server thread/WARN]: Can't keep up! Did the system time change, or is the server overloaded? Running 2528ms behind, skipping 50 tick(s)
[13:44:09] [Server thread/WARN]: Can't keep up! Did the system time change, or is the server overloaded? Running 2105ms behind, skipping 42 tick(s)
[13:49:09] [Server thread/WARN]: Can't keep up! Did the system time change, or is the server overloaded? Running 2337ms behind, skipping 46 tick(s)
[15:04:10] [Server thread/WARN]: Can't keep up! Did the system time change, or is the server overloaded? Running 2759ms behind, skipping 55 tick(s)
[15:34:10] [Server thread/WARN]: Can't keep up! Did the system time change, or is the server overloaded? Running 2690ms behind, skipping 53 tick(s)
[15:49:10] [Server thread/WARN]: Can't keep up! Did the system time change, or is the server overloaded? Running 2015ms behind, skipping 40 tick(s)
[16:19:11] [Server thread/WARN]: Can't keep up! Did the system time change, or is the server overloaded? Running 2676ms behind, skipping 53 tick(s)
[16:24:11] [Server thread/WARN]: Can't keep up! Did the system time change, or is the server overloaded? Running 2048ms behind, skipping 40 tick(s)
[16:24:11] [pool-3-thread-15699/INFO]: [Vault] Checking for Updates ... 
[16:24:12] [pool-3-thread-15699/WARN]: [Vault] Stable Version: 1.5.3 is out! You are still running version: 1.5.0
[16:24:12] [pool-3-thread-15699/WARN]: [Vault] Update at: http://dev.bukkit.org/server-mods/vault
[16:29:11] [Server thread/WARN]: Can't keep up! Did the system time change, or is the server overloaded? Running 2158ms behind, skipping 43 tick(s)
[16:34:13] [Server thread/WARN]: Can't keep up! Did the system time change, or is the server overloaded? Running 3658ms behind, skipping 73 tick(s)
[17:24:13] [Server thread/WARN]: Can't keep up! Did the system time change, or is the server overloaded? Running 2053ms behind, skipping 41 tick(s)
[17:34:13] [Server thread/WARN]: Can't keep up! Did the system time change, or is the server overloaded? Running 2120ms behind, skipping 42 tick(s)
[18:14:13] [Server thread/WARN]: Can't keep up! Did the system time change, or is the server overloaded? Running 2239ms behind, skipping 44 tick(s)
[18:24:23] [pool-3-thread-15734/INFO]: [Metrics] mcstats.org
[19:14:14] [Server thread/WARN]: Can't keep up! Did the system time change, or is the server overloaded? Running 2174ms behind, skipping 43 tick(s)
[20:05:14] [pool-3-thread-15765/INFO]: [Metrics] Server returned HTTP response code: 504 for URL: http://mcstats.org/report/Multiverse-Core
[20:49:14] [Server thread/WARN]: Can't keep up! Did the system time change, or is the server overloaded? Running 2155ms behind, skipping 43 tick(s)
[21:19:14] [Server thread/WARN]: Can't keep up! Did the system time change, or is the server overloaded? Running 2358ms behind, skipping 47 tick(s)
[21:22:01] [Server thread/WARN]: Can't keep up! Did the system time change, or is the server overloaded? Running 3264ms behind, skipping 65 tick(s)
[21:24:16] [Server thread/WARN]: Can't keep up! Did the system time change, or is the server overloaded? Running 2633ms behind, skipping 52 tick(s)
[21:29:16] [Server thread/WARN]: Can't keep up! Did the system time change, or is the server overloaded? Running 2509ms behind, skipping 50 tick(s)
[21:34:17] [Server thread/WARN]: Can't keep up! Did the system time change, or is the server overloaded? Running 2285ms behind, skipping 45 tick(s)
[21:39:17] [Server thread/WARN]: Can't keep up! Did the system time change, or is the server overloaded? Running 2424ms behind, skipping 48 tick(s)
[21:44:17] [Server thread/WARN]: Can't keep up! Did the system time change, or is the server overloaded? Running 2281ms behind, skipping 45 tick(s)
[21:49:18] [Server thread/WARN]: Can't keep up! Did the system time change, or is the server overloaded? Running 2040ms behind, skipping 40 tick(s)
[22:09:18] [Server thread/WARN]: Can't keep up! Did the system time change, or is the server overloaded? Running 2749ms behind, skipping 54 tick(s)
[22:14:18] [Server thread/WARN]: Can't keep up! Did the system time change, or is the server overloaded? Running 2091ms behind, skipping 41 tick(s)
[22:24:19] [Server thread/WARN]: Can't keep up! Did the system time change, or is the server overloaded? Running 2352ms behind, skipping 47 tick(s)
[22:24:19] [pool-3-thread-15808/INFO]: [Vault] Checking for Updates ... 
[22:24:20] [pool-3-thread-15808/WARN]: [Vault] Stable Version: 1.5.3 is out! You are still running version: 1.5.0
[22:24:20] [pool-3-thread-15808/WARN]: [Vault] Update at: http://dev.bukkit.org/server-mods/vault
[22:34:19] [Server thread/WARN]: Can't keep up! Did the system time change, or is the server overloaded? Running 2151ms behind, skipping 43 tick(s)
[22:39:20] [Server thread/WARN]: Can't keep up! Did the system time change, or is the server overloaded? Running 3053ms behind, skipping 61 tick(s)
[22:44:20] [Server thread/WARN]: Can't keep up! Did the system time change, or is the server overloaded? Running 2046ms behind, skipping 40 tick(s)
[22:49:20] [Server thread/WARN]: Can't keep up! Did the system time change, or is the server overloaded? Running 2016ms behind, skipping 40 tick(s)
[22:54:20] [Server thread/WARN]: Can't keep up! Did the system time change, or is the server overloaded? Running 2046ms behind, skipping 40 tick(s)
[23:14:20] [Server thread/WARN]: Can't keep up! Did the system time change, or is the server overloaded? Running 2008ms behind, skipping 40 tick(s)
[23:19:21] [Server thread/WARN]: Can't keep up! Did the system time change, or is the server overloaded? Running 3184ms behind, skipping 63 tick(s)
[23:29:22] [Server thread/WARN]: Can't keep up! Did the system time change, or is the server overloaded? Running 2357ms behind, skipping 47 tick(s)
[23:54:23] [Server thread/WARN]: Can't keep up! Did the system time change, or is the server overloaded? Running 3036ms behind, skipping 60 tick(s)
[23:59:23] [Server thread/WARN]: Can't keep up! Did the system time change, or is the server overloaded? Running 2035ms behind, skipping 40 tick(s)
