[00:05:16] [Server thread/WARN]: Can't keep up! Did the system time change, or is the server overloaded? Running 2001ms behind, skipping 40 tick(s)
[02:05:17] [Server thread/WARN]: Can't keep up! Did the system time change, or is the server overloaded? Running 2421ms behind, skipping 48 tick(s)
[03:45:17] [Server thread/WARN]: Can't keep up! Did the system time change, or is the server overloaded? Running 2203ms behind, skipping 44 tick(s)
[04:20:17] [pool-3-thread-9813/INFO]: [Vault] Checking for Updates ... 
[04:20:17] [pool-3-thread-9813/WARN]: [Vault] Stable Version: 1.5.2 is out! You are still running version: 1.5.0
[04:20:17] [pool-3-thread-9813/WARN]: [Vault] Update at: http://dev.bukkit.org/server-mods/vault
[07:55:17] [Server thread/WARN]: Can't keep up! Did the system time change, or is the server overloaded? Running 2004ms behind, skipping 40 tick(s)
[08:00:17] [Server thread/WARN]: Can't keep up! Did the system time change, or is the server overloaded? Running 2139ms behind, skipping 42 tick(s)
[08:05:23] [Server thread/WARN]: Can't keep up! Did the system time change, or is the server overloaded? Running 7697ms behind, skipping 153 tick(s)
[08:10:23] [Server thread/WARN]: Can't keep up! Did the system time change, or is the server overloaded? Running 2023ms behind, skipping 40 tick(s)
[10:20:23] [pool-3-thread-9922/INFO]: [Vault] Checking for Updates ... 
[10:20:23] [pool-3-thread-9922/WARN]: [Vault] Stable Version: 1.5.2 is out! You are still running version: 1.5.0
[10:20:23] [pool-3-thread-9922/WARN]: [Vault] Update at: http://dev.bukkit.org/server-mods/vault
[10:50:23] [Server thread/WARN]: Can't keep up! Did the system time change, or is the server overloaded? Running 2141ms behind, skipping 42 tick(s)
[11:20:23] [Server thread/WARN]: Can't keep up! Did the system time change, or is the server overloaded? Running 2509ms behind, skipping 50 tick(s)
[11:55:24] [Server thread/WARN]: Can't keep up! Did the system time change, or is the server overloaded? Running 2628ms behind, skipping 52 tick(s)
[13:10:37] [pool-3-thread-9974/INFO]: [Metrics] Server returned HTTP response code: 504 for URL: http://mcstats.org/report/Multiverse-Core
[14:50:24] [Server thread/WARN]: Can't keep up! Did the system time change, or is the server overloaded? Running 2041ms behind, skipping 40 tick(s)
[15:33:40] [Server thread/WARN]: Can't keep up! Did the system time change, or is the server overloaded? Running 7520ms behind, skipping 150 tick(s)
[16:20:29] [pool-3-thread-10031/INFO]: [Vault] Checking for Updates ... 
[16:20:30] [pool-3-thread-10031/WARN]: [Vault] Stable Version: 1.5.2 is out! You are still running version: 1.5.0
[16:20:30] [pool-3-thread-10031/WARN]: [Vault] Update at: http://dev.bukkit.org/server-mods/vault
[16:55:30] [Server thread/WARN]: Can't keep up! Did the system time change, or is the server overloaded? Running 2386ms behind, skipping 47 tick(s)
[17:55:30] [Server thread/WARN]: Can't keep up! Did the system time change, or is the server overloaded? Running 2035ms behind, skipping 40 tick(s)
[18:10:30] [Server thread/WARN]: Can't keep up! Did the system time change, or is the server overloaded? Running 2183ms behind, skipping 43 tick(s)
[18:15:30] [Server thread/WARN]: Can't keep up! Did the system time change, or is the server overloaded? Running 2141ms behind, skipping 42 tick(s)
[18:25:30] [Server thread/WARN]: Can't keep up! Did the system time change, or is the server overloaded? Running 2008ms behind, skipping 40 tick(s)
[18:40:30] [Server thread/WARN]: Can't keep up! Did the system time change, or is the server overloaded? Running 2023ms behind, skipping 40 tick(s)
[18:45:31] [Server thread/WARN]: Can't keep up! Did the system time change, or is the server overloaded? Running 2311ms behind, skipping 46 tick(s)
[18:55:31] [Server thread/WARN]: Can't keep up! Did the system time change, or is the server overloaded? Running 2001ms behind, skipping 40 tick(s)
[19:40:31] [Server thread/WARN]: Can't keep up! Did the system time change, or is the server overloaded? Running 2103ms behind, skipping 42 tick(s)
[20:05:31] [Server thread/WARN]: Can't keep up! Did the system time change, or is the server overloaded? Running 2034ms behind, skipping 40 tick(s)
[20:10:31] [Server thread/WARN]: Can't keep up! Did the system time change, or is the server overloaded? Running 2172ms behind, skipping 43 tick(s)
[20:20:31] [Server thread/WARN]: Can't keep up! Did the system time change, or is the server overloaded? Running 2042ms behind, skipping 40 tick(s)
[20:25:31] [Server thread/WARN]: Can't keep up! Did the system time change, or is the server overloaded? Running 2081ms behind, skipping 41 tick(s)
[20:45:31] [Server thread/WARN]: Can't keep up! Did the system time change, or is the server overloaded? Running 2254ms behind, skipping 45 tick(s)
[20:50:32] [Server thread/WARN]: Can't keep up! Did the system time change, or is the server overloaded? Running 2321ms behind, skipping 46 tick(s)
[20:55:32] [Server thread/WARN]: Can't keep up! Did the system time change, or is the server overloaded? Running 2074ms behind, skipping 41 tick(s)
[21:05:32] [Server thread/WARN]: Can't keep up! Did the system time change, or is the server overloaded? Running 2482ms behind, skipping 49 tick(s)
[21:10:33] [Server thread/WARN]: Can't keep up! Did the system time change, or is the server overloaded? Running 2206ms behind, skipping 44 tick(s)
[21:15:33] [Server thread/WARN]: Can't keep up! Did the system time change, or is the server overloaded? Running 2013ms behind, skipping 40 tick(s)
[21:20:33] [Server thread/WARN]: Can't keep up! Did the system time change, or is the server overloaded? Running 2090ms behind, skipping 41 tick(s)
[22:20:33] [pool-3-thread-10140/INFO]: [Vault] Checking for Updates ... 
[22:20:33] [pool-3-thread-10140/WARN]: [Vault] Stable Version: 1.5.2 is out! You are still running version: 1.5.0
[22:20:33] [pool-3-thread-10140/WARN]: [Vault] Update at: http://dev.bukkit.org/server-mods/vault
[22:35:33] [Server thread/WARN]: Can't keep up! Did the system time change, or is the server overloaded? Running 2649ms behind, skipping 52 tick(s)
[22:40:33] [Server thread/WARN]: Can't keep up! Did the system time change, or is the server overloaded? Running 2122ms behind, skipping 42 tick(s)
