[00:04:22] [Server thread/WARN]: Can't keep up! Did the system time change, or is the server overloaded? Running 2464ms behind, skipping 49 tick(s)
[00:09:22] [Server thread/WARN]: Can't keep up! Did the system time change, or is the server overloaded? Running 2002ms behind, skipping 40 tick(s)
[00:14:22] [Server thread/WARN]: Can't keep up! Did the system time change, or is the server overloaded? Running 2059ms behind, skipping 41 tick(s)
[00:19:22] [Server thread/WARN]: Can't keep up! Did the system time change, or is the server overloaded? Running 2188ms behind, skipping 43 tick(s)
[00:24:22] [Server thread/WARN]: Can't keep up! Did the system time change, or is the server overloaded? Running 2457ms behind, skipping 49 tick(s)
[00:29:23] [Server thread/WARN]: Can't keep up! Did the system time change, or is the server overloaded? Running 2683ms behind, skipping 53 tick(s)
[00:34:25] [Server thread/WARN]: Can't keep up! Did the system time change, or is the server overloaded? Running 3683ms behind, skipping 73 tick(s)
[00:39:26] [Server thread/WARN]: Can't keep up! Did the system time change, or is the server overloaded? Running 3649ms behind, skipping 72 tick(s)
[00:44:27] [Server thread/WARN]: Can't keep up! Did the system time change, or is the server overloaded? Running 2351ms behind, skipping 47 tick(s)
[00:49:27] [Server thread/WARN]: Can't keep up! Did the system time change, or is the server overloaded? Running 2569ms behind, skipping 51 tick(s)
[00:54:27] [Server thread/WARN]: Can't keep up! Did the system time change, or is the server overloaded? Running 2052ms behind, skipping 41 tick(s)
[00:59:29] [Server thread/WARN]: Can't keep up! Did the system time change, or is the server overloaded? Running 3784ms behind, skipping 75 tick(s)
[01:04:30] [Server thread/WARN]: Can't keep up! Did the system time change, or is the server overloaded? Running 2520ms behind, skipping 50 tick(s)
[01:09:31] [Server thread/WARN]: Can't keep up! Did the system time change, or is the server overloaded? Running 3496ms behind, skipping 69 tick(s)
[01:14:32] [Server thread/WARN]: Can't keep up! Did the system time change, or is the server overloaded? Running 2604ms behind, skipping 52 tick(s)
[01:19:32] [Server thread/WARN]: Can't keep up! Did the system time change, or is the server overloaded? Running 2224ms behind, skipping 44 tick(s)
[01:24:33] [Server thread/WARN]: Can't keep up! Did the system time change, or is the server overloaded? Running 2574ms behind, skipping 51 tick(s)
[01:29:33] [Server thread/WARN]: Can't keep up! Did the system time change, or is the server overloaded? Running 2148ms behind, skipping 42 tick(s)
[01:34:33] [Server thread/WARN]: Can't keep up! Did the system time change, or is the server overloaded? Running 2368ms behind, skipping 47 tick(s)
[01:39:34] [Server thread/WARN]: Can't keep up! Did the system time change, or is the server overloaded? Running 3060ms behind, skipping 61 tick(s)
[01:44:35] [Server thread/WARN]: Can't keep up! Did the system time change, or is the server overloaded? Running 3242ms behind, skipping 64 tick(s)
[01:49:36] [Server thread/WARN]: Can't keep up! Did the system time change, or is the server overloaded? Running 2189ms behind, skipping 43 tick(s)
[01:54:36] [Server thread/WARN]: Can't keep up! Did the system time change, or is the server overloaded? Running 2178ms behind, skipping 43 tick(s)
[01:59:36] [Server thread/WARN]: Can't keep up! Did the system time change, or is the server overloaded? Running 2157ms behind, skipping 43 tick(s)
[02:04:37] [Server thread/WARN]: Can't keep up! Did the system time change, or is the server overloaded? Running 3244ms behind, skipping 64 tick(s)
[02:09:38] [Server thread/WARN]: Can't keep up! Did the system time change, or is the server overloaded? Running 2891ms behind, skipping 57 tick(s)
[03:49:38] [Server thread/WARN]: Can't keep up! Did the system time change, or is the server overloaded? Running 2068ms behind, skipping 41 tick(s)
[04:29:38] [pool-3-thread-22893/INFO]: [Vault] Checking for Updates ... 
[04:29:39] [pool-3-thread-22893/WARN]: [Vault] Stable Version: 1.5.3 is out! You are still running version: 1.5.0
[04:29:39] [pool-3-thread-22893/WARN]: [Vault] Update at: http://dev.bukkit.org/server-mods/vault
[04:44:38] [Server thread/WARN]: Can't keep up! Did the system time change, or is the server overloaded? Running 2247ms behind, skipping 44 tick(s)
[04:54:38] [Server thread/WARN]: Can't keep up! Did the system time change, or is the server overloaded? Running 2180ms behind, skipping 43 tick(s)
[05:14:39] [Server thread/WARN]: Can't keep up! Did the system time change, or is the server overloaded? Running 2141ms behind, skipping 42 tick(s)
[06:09:39] [Server thread/WARN]: Can't keep up! Did the system time change, or is the server overloaded? Running 2109ms behind, skipping 42 tick(s)
[06:44:39] [Server thread/WARN]: Can't keep up! Did the system time change, or is the server overloaded? Running 2045ms behind, skipping 40 tick(s)
[08:09:39] [Server thread/WARN]: Can't keep up! Did the system time change, or is the server overloaded? Running 2120ms behind, skipping 42 tick(s)
[08:14:39] [Server thread/WARN]: Can't keep up! Did the system time change, or is the server overloaded? Running 2022ms behind, skipping 40 tick(s)
[08:19:45] [Server thread/WARN]: Can't keep up! Did the system time change, or is the server overloaded? Running 8260ms behind, skipping 165 tick(s)
[08:24:45] [Server thread/WARN]: Can't keep up! Did the system time change, or is the server overloaded? Running 2046ms behind, skipping 40 tick(s)
[08:34:45] [Server thread/WARN]: Can't keep up! Did the system time change, or is the server overloaded? Running 2046ms behind, skipping 40 tick(s)
[08:49:46] [Server thread/WARN]: Can't keep up! Did the system time change, or is the server overloaded? Running 2365ms behind, skipping 47 tick(s)
[08:59:46] [Server thread/WARN]: Can't keep up! Did the system time change, or is the server overloaded? Running 2056ms behind, skipping 41 tick(s)
[09:09:46] [pool-3-thread-22977/INFO]: [Metrics] Server returned HTTP response code: 408 for URL: http://mcstats.org/report/Multiverse-Core
[09:19:46] [pool-3-thread-22981/INFO]: [Metrics] Server returned HTTP response code: 408 for URL: http://mcstats.org/report/Multiverse-Core
[09:31:53] [pool-3-thread-22982/INFO]: [Metrics] Connection timed out
[09:39:46] [pool-3-thread-22986/INFO]: [Metrics] Server returned HTTP response code: 408 for URL: http://mcstats.org/report/Multiverse-Core
[09:49:46] [Server thread/WARN]: Can't keep up! Did the system time change, or is the server overloaded? Running 2006ms behind, skipping 40 tick(s)
[09:49:46] [pool-3-thread-22990/INFO]: [Metrics] Server returned HTTP response code: 408 for URL: http://mcstats.org/report/Multiverse-Core
[09:59:54] [pool-3-thread-22991/INFO]: [Metrics] Connection reset
[10:09:46] [Server thread/WARN]: Can't keep up! Did the system time change, or is the server overloaded? Running 2026ms behind, skipping 40 tick(s)
[10:09:46] [pool-3-thread-22995/INFO]: [Metrics] Server returned HTTP response code: 408 for URL: http://mcstats.org/report/Multiverse-Core
[10:19:46] [Server thread/WARN]: Can't keep up! Did the system time change, or is the server overloaded? Running 2302ms behind, skipping 46 tick(s)
[10:19:46] [pool-3-thread-22999/INFO]: [Metrics] Server returned HTTP response code: 408 for URL: http://mcstats.org/report/Multiverse-Core
[10:29:46] [Server thread/WARN]: Can't keep up! Did the system time change, or is the server overloaded? Running 2071ms behind, skipping 41 tick(s)
[10:29:46] [pool-3-thread-23002/INFO]: [Vault] Checking for Updates ... 
[10:29:46] [pool-3-thread-23000/INFO]: [Metrics] Server returned HTTP response code: 408 for URL: http://mcstats.org/report/Multiverse-Core
[10:29:47] [pool-3-thread-23002/WARN]: [Vault] Stable Version: 1.5.3 is out! You are still running version: 1.5.0
[10:29:47] [pool-3-thread-23002/WARN]: [Vault] Update at: http://dev.bukkit.org/server-mods/vault
[10:34:46] [Server thread/WARN]: Can't keep up! Did the system time change, or is the server overloaded? Running 2002ms behind, skipping 40 tick(s)
[10:39:46] [pool-3-thread-23005/INFO]: [Metrics] Server returned HTTP response code: 408 for URL: http://mcstats.org/report/Multiverse-Core
[10:49:46] [pool-3-thread-23009/INFO]: [Metrics] Server returned HTTP response code: 408 for URL: http://mcstats.org/report/Multiverse-Core
[11:04:46] [Server thread/WARN]: Can't keep up! Did the system time change, or is the server overloaded? Running 2026ms behind, skipping 40 tick(s)
[11:09:46] [pool-3-thread-23014/INFO]: [Metrics] Server returned HTTP response code: 408 for URL: http://mcstats.org/report/Multiverse-Core
[11:19:46] [pool-3-thread-23018/INFO]: [Metrics] Server returned HTTP response code: 408 for URL: http://mcstats.org/report/Multiverse-Core
[11:39:46] [pool-3-thread-23023/INFO]: [Metrics] Server returned HTTP response code: 408 for URL: http://mcstats.org/report/Multiverse-Core
[11:44:46] [Server thread/WARN]: Can't keep up! Did the system time change, or is the server overloaded? Running 2253ms behind, skipping 45 tick(s)
[11:49:46] [pool-3-thread-23027/INFO]: [Metrics] Server returned HTTP response code: 408 for URL: http://mcstats.org/report/Multiverse-Core
[11:59:46] [pool-3-thread-23028/INFO]: [Metrics] Server returned HTTP response code: 408 for URL: http://mcstats.org/report/Multiverse-Core
[12:04:46] [Server thread/WARN]: Can't keep up! Did the system time change, or is the server overloaded? Running 2059ms behind, skipping 41 tick(s)
[12:09:47] [pool-3-thread-23032/INFO]: [Metrics] Server returned HTTP response code: 408 for URL: http://mcstats.org/report/Multiverse-Core
[12:19:47] [pool-3-thread-23036/INFO]: [Metrics] Server returned HTTP response code: 408 for URL: http://mcstats.org/report/Multiverse-Core
[12:34:47] [Server thread/WARN]: Can't keep up! Did the system time change, or is the server overloaded? Running 2113ms behind, skipping 42 tick(s)
[12:39:47] [pool-3-thread-23041/INFO]: [Metrics] Server returned HTTP response code: 408 for URL: http://mcstats.org/report/Multiverse-Core
[12:44:47] [Server thread/WARN]: Can't keep up! Did the system time change, or is the server overloaded? Running 2093ms behind, skipping 41 tick(s)
[12:49:47] [pool-3-thread-23045/INFO]: [Metrics] Server returned HTTP response code: 408 for URL: http://mcstats.org/report/Multiverse-Core
[12:59:47] [pool-3-thread-23046/INFO]: [Metrics] Server returned HTTP response code: 408 for URL: http://mcstats.org/report/Multiverse-Core
[13:09:47] [pool-3-thread-23050/INFO]: [Metrics] Server returned HTTP response code: 408 for URL: http://mcstats.org/report/Multiverse-Core
[13:19:47] [pool-3-thread-23054/INFO]: [Metrics] Server returned HTTP response code: 408 for URL: http://mcstats.org/report/Multiverse-Core
[13:29:47] [pool-3-thread-23055/INFO]: [Metrics] Server returned HTTP response code: 408 for URL: http://mcstats.org/report/Multiverse-Core
[14:04:47] [Server thread/WARN]: Can't keep up! Did the system time change, or is the server overloaded? Running 2004ms behind, skipping 40 tick(s)
[14:44:47] [Server thread/WARN]: Can't keep up! Did the system time change, or is the server overloaded? Running 2040ms behind, skipping 40 tick(s)
[14:59:47] [Server thread/WARN]: Can't keep up! Did the system time change, or is the server overloaded? Running 2044ms behind, skipping 40 tick(s)
[15:14:47] [Server thread/WARN]: Can't keep up! Did the system time change, or is the server overloaded? Running 2009ms behind, skipping 40 tick(s)
[15:29:47] [Server thread/WARN]: Can't keep up! Did the system time change, or is the server overloaded? Running 2014ms behind, skipping 40 tick(s)
[15:34:47] [Server thread/WARN]: Can't keep up! Did the system time change, or is the server overloaded? Running 2083ms behind, skipping 41 tick(s)
[15:44:47] [Server thread/WARN]: Can't keep up! Did the system time change, or is the server overloaded? Running 2217ms behind, skipping 44 tick(s)
[15:59:47] [Server thread/WARN]: Can't keep up! Did the system time change, or is the server overloaded? Running 2029ms behind, skipping 40 tick(s)
[16:29:47] [Server thread/WARN]: Can't keep up! Did the system time change, or is the server overloaded? Running 2116ms behind, skipping 42 tick(s)
[16:29:47] [pool-3-thread-23111/INFO]: [Vault] Checking for Updates ... 
[16:29:48] [pool-3-thread-23111/WARN]: [Vault] Stable Version: 1.5.3 is out! You are still running version: 1.5.0
[16:29:48] [pool-3-thread-23111/WARN]: [Vault] Update at: http://dev.bukkit.org/server-mods/vault
[16:34:47] [Server thread/WARN]: Can't keep up! Did the system time change, or is the server overloaded? Running 2041ms behind, skipping 40 tick(s)
[16:54:47] [Server thread/WARN]: Can't keep up! Did the system time change, or is the server overloaded? Running 2010ms behind, skipping 40 tick(s)
[17:09:47] [Server thread/WARN]: Can't keep up! Did the system time change, or is the server overloaded? Running 2029ms behind, skipping 40 tick(s)
[17:59:47] [Server thread/WARN]: Can't keep up! Did the system time change, or is the server overloaded? Running 2008ms behind, skipping 40 tick(s)
[18:04:47] [Server thread/WARN]: Can't keep up! Did the system time change, or is the server overloaded? Running 2054ms behind, skipping 41 tick(s)
[19:34:47] [Server thread/WARN]: Can't keep up! Did the system time change, or is the server overloaded? Running 2021ms behind, skipping 40 tick(s)
[19:39:47] [Server thread/WARN]: Can't keep up! Did the system time change, or is the server overloaded? Running 2020ms behind, skipping 40 tick(s)
[20:04:47] [Server thread/WARN]: Can't keep up! Did the system time change, or is the server overloaded? Running 2088ms behind, skipping 41 tick(s)
[20:09:48] [Server thread/WARN]: Can't keep up! Did the system time change, or is the server overloaded? Running 2087ms behind, skipping 41 tick(s)
[20:19:48] [Server thread/WARN]: Can't keep up! Did the system time change, or is the server overloaded? Running 2546ms behind, skipping 50 tick(s)
[20:24:48] [Server thread/WARN]: Can't keep up! Did the system time change, or is the server overloaded? Running 2146ms behind, skipping 42 tick(s)
[20:39:49] [Server thread/WARN]: Can't keep up! Did the system time change, or is the server overloaded? Running 2334ms behind, skipping 46 tick(s)
[20:44:49] [Server thread/WARN]: Can't keep up! Did the system time change, or is the server overloaded? Running 2183ms behind, skipping 43 tick(s)
[20:49:49] [Server thread/WARN]: Can't keep up! Did the system time change, or is the server overloaded? Running 2073ms behind, skipping 41 tick(s)
[20:54:49] [Server thread/WARN]: Can't keep up! Did the system time change, or is the server overloaded? Running 2082ms behind, skipping 41 tick(s)
[20:59:49] [Server thread/WARN]: Can't keep up! Did the system time change, or is the server overloaded? Running 2085ms behind, skipping 41 tick(s)
[21:17:59] [Server thread/WARN]: Can't keep up! Did the system time change, or is the server overloaded? Running 987304ms behind, skipping 19746 tick(s)
[21:21:16] [Server thread/WARN]: Can't keep up! Did the system time change, or is the server overloaded? Running 4112ms behind, skipping 82 tick(s)
[21:26:17] [Server thread/WARN]: Can't keep up! Did the system time change, or is the server overloaded? Running 2115ms behind, skipping 42 tick(s)
[21:31:17] [Server thread/WARN]: Can't keep up! Did the system time change, or is the server overloaded? Running 2146ms behind, skipping 42 tick(s)
[21:36:17] [Server thread/WARN]: Can't keep up! Did the system time change, or is the server overloaded? Running 2273ms behind, skipping 45 tick(s)
[21:56:17] [Server thread/WARN]: Can't keep up! Did the system time change, or is the server overloaded? Running 2078ms behind, skipping 41 tick(s)
[22:06:17] [Server thread/WARN]: Can't keep up! Did the system time change, or is the server overloaded? Running 2010ms behind, skipping 40 tick(s)
[22:26:17] [Server thread/WARN]: Can't keep up! Did the system time change, or is the server overloaded? Running 2047ms behind, skipping 40 tick(s)
[22:46:17] [Server thread/WARN]: Can't keep up! Did the system time change, or is the server overloaded? Running 2063ms behind, skipping 41 tick(s)
[22:46:17] [pool-3-thread-23220/INFO]: [Vault] Checking for Updates ... 
[22:46:18] [pool-3-thread-23220/WARN]: [Vault] Stable Version: 1.5.3 is out! You are still running version: 1.5.0
[22:46:18] [pool-3-thread-23220/WARN]: [Vault] Update at: http://dev.bukkit.org/server-mods/vault
[22:58:24] [pool-3-thread-23223/INFO]: [Metrics] Connection timed out
[23:06:17] [pool-3-thread-23227/INFO]: [Metrics] Connection refused
[23:21:18] [Server thread/WARN]: Can't keep up! Did the system time change, or is the server overloaded? Running 2665ms behind, skipping 53 tick(s)
[23:36:18] [Server thread/WARN]: Can't keep up! Did the system time change, or is the server overloaded? Running 2349ms behind, skipping 46 tick(s)
[23:41:19] [Server thread/WARN]: Can't keep up! Did the system time change, or is the server overloaded? Running 2554ms behind, skipping 51 tick(s)
[23:46:19] [Server thread/WARN]: Can't keep up! Did the system time change, or is the server overloaded? Running 2576ms behind, skipping 51 tick(s)
[23:51:20] [Server thread/WARN]: Can't keep up! Did the system time change, or is the server overloaded? Running 2547ms behind, skipping 50 tick(s)
[23:56:21] [Server thread/WARN]: Can't keep up! Did the system time change, or is the server overloaded? Running 2689ms behind, skipping 53 tick(s)
