[00:29:23] [Server thread/WARN]: Can't keep up! Did the system time change, or is the server overloaded? Running 2006ms behind, skipping 40 tick(s)
[01:45:06] [Server thread/WARN]: Can't keep up! Did the system time change, or is the server overloaded? Running 2253ms behind, skipping 45 tick(s)
[02:04:24] [Server thread/WARN]: Can't keep up! Did the system time change, or is the server overloaded? Running 2904ms behind, skipping 58 tick(s)
[02:09:24] [Server thread/WARN]: Can't keep up! Did the system time change, or is the server overloaded? Running 2064ms behind, skipping 41 tick(s)
[03:54:25] [Server thread/WARN]: Can't keep up! Did the system time change, or is the server overloaded? Running 2835ms behind, skipping 56 tick(s)
[04:19:25] [pool-3-thread-8069/INFO]: [Vault] Checking for Updates ... 
[04:19:26] [pool-3-thread-8069/WARN]: [Vault] Stable Version: 1.5.2 is out! You are still running version: 1.5.0
[04:19:26] [pool-3-thread-8069/WARN]: [Vault] Update at: http://dev.bukkit.org/server-mods/vault
[04:34:25] [Server thread/WARN]: Can't keep up! Did the system time change, or is the server overloaded? Running 2510ms behind, skipping 50 tick(s)
[04:49:26] [Server thread/WARN]: Can't keep up! Did the system time change, or is the server overloaded? Running 2148ms behind, skipping 42 tick(s)
[05:04:26] [Server thread/WARN]: Can't keep up! Did the system time change, or is the server overloaded? Running 2033ms behind, skipping 40 tick(s)
[05:19:26] [Server thread/WARN]: Can't keep up! Did the system time change, or is the server overloaded? Running 2247ms behind, skipping 44 tick(s)
[05:34:26] [Server thread/WARN]: Can't keep up! Did the system time change, or is the server overloaded? Running 2188ms behind, skipping 43 tick(s)
[05:49:26] [Server thread/WARN]: Can't keep up! Did the system time change, or is the server overloaded? Running 2362ms behind, skipping 47 tick(s)
[06:04:27] [Server thread/WARN]: Can't keep up! Did the system time change, or is the server overloaded? Running 2447ms behind, skipping 48 tick(s)
[06:09:27] [Server thread/WARN]: Can't keep up! Did the system time change, or is the server overloaded? Running 2314ms behind, skipping 46 tick(s)
[06:14:27] [Server thread/WARN]: Can't keep up! Did the system time change, or is the server overloaded? Running 2086ms behind, skipping 41 tick(s)
[06:19:29] [Server thread/WARN]: Can't keep up! Did the system time change, or is the server overloaded? Running 3463ms behind, skipping 69 tick(s)
[06:24:29] [Server thread/WARN]: Can't keep up! Did the system time change, or is the server overloaded? Running 2124ms behind, skipping 42 tick(s)
[06:29:29] [Server thread/WARN]: Can't keep up! Did the system time change, or is the server overloaded? Running 2129ms behind, skipping 42 tick(s)
[07:09:30] [Server thread/WARN]: Can't keep up! Did the system time change, or is the server overloaded? Running 2748ms behind, skipping 54 tick(s)
[07:14:30] [Server thread/WARN]: Can't keep up! Did the system time change, or is the server overloaded? Running 2183ms behind, skipping 43 tick(s)
[07:24:30] [Server thread/WARN]: Can't keep up! Did the system time change, or is the server overloaded? Running 2126ms behind, skipping 42 tick(s)
[07:29:30] [Server thread/WARN]: Can't keep up! Did the system time change, or is the server overloaded? Running 2154ms behind, skipping 43 tick(s)
[07:34:30] [Server thread/WARN]: Can't keep up! Did the system time change, or is the server overloaded? Running 2247ms behind, skipping 44 tick(s)
[07:39:30] [Server thread/WARN]: Can't keep up! Did the system time change, or is the server overloaded? Running 2099ms behind, skipping 41 tick(s)
[07:49:31] [Server thread/WARN]: Can't keep up! Did the system time change, or is the server overloaded? Running 2125ms behind, skipping 42 tick(s)
[07:59:32] [Server thread/WARN]: Can't keep up! Did the system time change, or is the server overloaded? Running 3529ms behind, skipping 70 tick(s)
[08:04:32] [Server thread/WARN]: Can't keep up! Did the system time change, or is the server overloaded? Running 2076ms behind, skipping 41 tick(s)
[08:09:32] [Server thread/WARN]: Can't keep up! Did the system time change, or is the server overloaded? Running 2248ms behind, skipping 44 tick(s)
[08:14:33] [Server thread/WARN]: Can't keep up! Did the system time change, or is the server overloaded? Running 2043ms behind, skipping 40 tick(s)
[08:19:33] [Server thread/WARN]: Can't keep up! Did the system time change, or is the server overloaded? Running 2033ms behind, skipping 40 tick(s)
[08:49:33] [Server thread/WARN]: Can't keep up! Did the system time change, or is the server overloaded? Running 2135ms behind, skipping 42 tick(s)
[09:24:34] [Server thread/WARN]: Can't keep up! Did the system time change, or is the server overloaded? Running 3033ms behind, skipping 60 tick(s)
[09:29:34] [Server thread/WARN]: Can't keep up! Did the system time change, or is the server overloaded? Running 2177ms behind, skipping 43 tick(s)
[09:34:34] [Server thread/WARN]: Can't keep up! Did the system time change, or is the server overloaded? Running 2164ms behind, skipping 43 tick(s)
[09:44:34] [Server thread/WARN]: Can't keep up! Did the system time change, or is the server overloaded? Running 2087ms behind, skipping 41 tick(s)
[09:49:35] [Server thread/WARN]: Can't keep up! Did the system time change, or is the server overloaded? Running 2504ms behind, skipping 50 tick(s)
[09:54:35] [Server thread/WARN]: Can't keep up! Did the system time change, or is the server overloaded? Running 2263ms behind, skipping 45 tick(s)
[10:14:35] [Server thread/WARN]: Can't keep up! Did the system time change, or is the server overloaded? Running 2125ms behind, skipping 42 tick(s)
[10:19:35] [pool-3-thread-8178/INFO]: [Vault] Checking for Updates ... 
[10:19:36] [pool-3-thread-8178/WARN]: [Vault] Stable Version: 1.5.2 is out! You are still running version: 1.5.0
[10:19:36] [pool-3-thread-8178/WARN]: [Vault] Update at: http://dev.bukkit.org/server-mods/vault
[10:24:35] [Server thread/WARN]: Can't keep up! Did the system time change, or is the server overloaded? Running 2036ms behind, skipping 40 tick(s)
[10:34:35] [Server thread/WARN]: Can't keep up! Did the system time change, or is the server overloaded? Running 2098ms behind, skipping 41 tick(s)
[10:39:35] [Server thread/WARN]: Can't keep up! Did the system time change, or is the server overloaded? Running 2019ms behind, skipping 40 tick(s)
[10:49:35] [Server thread/WARN]: Can't keep up! Did the system time change, or is the server overloaded? Running 2297ms behind, skipping 45 tick(s)
[11:09:35] [Server thread/WARN]: Can't keep up! Did the system time change, or is the server overloaded? Running 2002ms behind, skipping 40 tick(s)
[12:54:36] [Server thread/WARN]: Can't keep up! Did the system time change, or is the server overloaded? Running 2088ms behind, skipping 41 tick(s)
[13:04:36] [Server thread/WARN]: Can't keep up! Did the system time change, or is the server overloaded? Running 2094ms behind, skipping 41 tick(s)
[13:09:36] [Server thread/WARN]: Can't keep up! Did the system time change, or is the server overloaded? Running 2292ms behind, skipping 45 tick(s)
[14:39:36] [Server thread/WARN]: Can't keep up! Did the system time change, or is the server overloaded? Running 2059ms behind, skipping 41 tick(s)
[14:49:36] [Server thread/WARN]: Can't keep up! Did the system time change, or is the server overloaded? Running 2249ms behind, skipping 44 tick(s)
[14:54:36] [Server thread/WARN]: Can't keep up! Did the system time change, or is the server overloaded? Running 2128ms behind, skipping 42 tick(s)
[14:59:37] [Server thread/WARN]: Can't keep up! Did the system time change, or is the server overloaded? Running 2592ms behind, skipping 51 tick(s)
[15:04:37] [Server thread/WARN]: Can't keep up! Did the system time change, or is the server overloaded? Running 2207ms behind, skipping 44 tick(s)
[15:14:37] [Server thread/WARN]: Can't keep up! Did the system time change, or is the server overloaded? Running 2042ms behind, skipping 40 tick(s)
[15:24:37] [Server thread/WARN]: Can't keep up! Did the system time change, or is the server overloaded? Running 2165ms behind, skipping 43 tick(s)
[15:39:38] [Server thread/WARN]: Can't keep up! Did the system time change, or is the server overloaded? Running 2138ms behind, skipping 42 tick(s)
[15:44:38] [Server thread/WARN]: Can't keep up! Did the system time change, or is the server overloaded? Running 2036ms behind, skipping 40 tick(s)
[16:19:37] [pool-3-thread-8287/INFO]: [Vault] Checking for Updates ... 
[16:19:38] [pool-3-thread-8287/WARN]: [Vault] Stable Version: 1.5.2 is out! You are still running version: 1.5.0
[16:19:38] [pool-3-thread-8287/WARN]: [Vault] Update at: http://dev.bukkit.org/server-mods/vault
[17:09:44] [Server thread/WARN]: Can't keep up! Did the system time change, or is the server overloaded? Running 8150ms behind, skipping 163 tick(s)
[17:34:44] [Server thread/WARN]: Can't keep up! Did the system time change, or is the server overloaded? Running 2036ms behind, skipping 40 tick(s)
[17:49:44] [Server thread/WARN]: Can't keep up! Did the system time change, or is the server overloaded? Running 2046ms behind, skipping 40 tick(s)
[20:41:51] [pool-3-thread-8366/INFO]: [Metrics] Connection timed out
[20:59:44] [Server thread/WARN]: Can't keep up! Did the system time change, or is the server overloaded? Running 2041ms behind, skipping 40 tick(s)
[20:59:44] [pool-3-thread-8371/INFO]: [Metrics] Server returned HTTP response code: 408 for URL: http://mcstats.org/report/Multiverse-Core
[21:09:44] [pool-3-thread-8375/INFO]: [Metrics] Server returned HTTP response code: 408 for URL: http://mcstats.org/report/Multiverse-Core
[21:29:44] [pool-3-thread-8380/INFO]: [Metrics] Server returned HTTP response code: 408 for URL: http://mcstats.org/report/Multiverse-Core
[21:39:44] [pool-3-thread-8384/INFO]: [Metrics] Server returned HTTP response code: 408 for URL: http://mcstats.org/report/Multiverse-Core
[22:19:44] [pool-3-thread-8396/INFO]: [Vault] Checking for Updates ... 
[22:19:44] [pool-3-thread-8396/WARN]: [Vault] Stable Version: 1.5.2 is out! You are still running version: 1.5.0
[22:19:44] [pool-3-thread-8396/WARN]: [Vault] Update at: http://dev.bukkit.org/server-mods/vault
[22:29:44] [Server thread/WARN]: Can't keep up! Did the system time change, or is the server overloaded? Running 2188ms behind, skipping 43 tick(s)
[23:59:44] [Server thread/WARN]: Can't keep up! Did the system time change, or is the server overloaded? Running 2002ms behind, skipping 40 tick(s)
