[00:02:57] [Server thread/WARN]: Can't keep up! Did the system time change, or is the server overloaded? Running 2556ms behind, skipping 51 tick(s)
[00:27:58] [Server thread/WARN]: Can't keep up! Did the system time change, or is the server overloaded? Running 2709ms behind, skipping 54 tick(s)
[02:02:58] [Server thread/WARN]: Can't keep up! Did the system time change, or is the server overloaded? Running 2004ms behind, skipping 40 tick(s)
[02:07:58] [Server thread/WARN]: Can't keep up! Did the system time change, or is the server overloaded? Running 2003ms behind, skipping 40 tick(s)
[02:47:58] [Server thread/WARN]: Can't keep up! Did the system time change, or is the server overloaded? Running 2527ms behind, skipping 50 tick(s)
[04:27:58] [pool-3-thread-21149/INFO]: [Vault] Checking for Updates ... 
[04:27:59] [pool-3-thread-21149/WARN]: [Vault] Stable Version: 1.5.3 is out! You are still running version: 1.5.0
[04:27:59] [pool-3-thread-21149/WARN]: [Vault] Update at: http://dev.bukkit.org/server-mods/vault
[04:57:59] [Server thread/WARN]: Can't keep up! Did the system time change, or is the server overloaded? Running 2692ms behind, skipping 53 tick(s)
[05:28:00] [Server thread/WARN]: Can't keep up! Did the system time change, or is the server overloaded? Running 2738ms behind, skipping 54 tick(s)
[05:30:07] [pool-3-thread-21166/INFO]: [Metrics] Connection timed out
[05:37:59] [pool-3-thread-21170/INFO]: [Metrics] Server returned HTTP response code: 408 for URL: http://mcstats.org/report/Multiverse-Core
[05:48:00] [Server thread/WARN]: Can't keep up! Did the system time change, or is the server overloaded? Running 2547ms behind, skipping 50 tick(s)
[05:48:00] [pool-3-thread-21174/INFO]: [Metrics] Server returned HTTP response code: 408 for URL: http://mcstats.org/report/Multiverse-Core
[05:58:00] [pool-3-thread-21175/INFO]: [Metrics] Server returned HTTP response code: 408 for URL: http://mcstats.org/report/Multiverse-Core
[06:08:00] [pool-3-thread-21179/INFO]: [Metrics] Server returned HTTP response code: 408 for URL: http://mcstats.org/report/Multiverse-Core
[06:13:01] [Server thread/WARN]: Can't keep up! Did the system time change, or is the server overloaded? Running 2691ms behind, skipping 53 tick(s)
[06:18:01] [pool-3-thread-21183/INFO]: [Metrics] Server returned HTTP response code: 408 for URL: http://mcstats.org/report/Multiverse-Core
[06:28:01] [pool-3-thread-21184/INFO]: [Metrics] Server returned HTTP response code: 408 for URL: http://mcstats.org/report/Multiverse-Core
[06:33:01] [Server thread/WARN]: Can't keep up! Did the system time change, or is the server overloaded? Running 2563ms behind, skipping 51 tick(s)
[07:03:02] [Server thread/WARN]: Can't keep up! Did the system time change, or is the server overloaded? Running 2518ms behind, skipping 50 tick(s)
[07:18:02] [Server thread/WARN]: Can't keep up! Did the system time change, or is the server overloaded? Running 2525ms behind, skipping 50 tick(s)
[07:48:04] [Server thread/WARN]: Can't keep up! Did the system time change, or is the server overloaded? Running 3837ms behind, skipping 76 tick(s)
[07:58:06] [Server thread/WARN]: Can't keep up! Did the system time change, or is the server overloaded? Running 4215ms behind, skipping 84 tick(s)
[08:38:07] [Server thread/WARN]: Can't keep up! Did the system time change, or is the server overloaded? Running 2548ms behind, skipping 50 tick(s)
[08:48:07] [Server thread/WARN]: Can't keep up! Did the system time change, or is the server overloaded? Running 2228ms behind, skipping 44 tick(s)
[10:28:07] [pool-3-thread-21258/INFO]: [Vault] Checking for Updates ... 
[10:30:14] [pool-3-thread-21258/INFO]: [Vault] There was an issue attempting to check for the latest version.
[10:30:14] [pool-3-thread-21258/INFO]: [Vault] No new version available
[10:33:08] [Server thread/WARN]: Can't keep up! Did the system time change, or is the server overloaded? Running 2576ms behind, skipping 51 tick(s)
[12:33:08] [Server thread/WARN]: Can't keep up! Did the system time change, or is the server overloaded? Running 2550ms behind, skipping 51 tick(s)
[13:03:10] [Server thread/WARN]: Can't keep up! Did the system time change, or is the server overloaded? Running 3223ms behind, skipping 64 tick(s)
[14:08:10] [Server thread/WARN]: Can't keep up! Did the system time change, or is the server overloaded? Running 2549ms behind, skipping 50 tick(s)
[14:33:11] [Server thread/WARN]: Can't keep up! Did the system time change, or is the server overloaded? Running 2939ms behind, skipping 58 tick(s)
[14:48:12] [Server thread/WARN]: Can't keep up! Did the system time change, or is the server overloaded? Running 2729ms behind, skipping 54 tick(s)
[15:08:12] [Server thread/WARN]: Can't keep up! Did the system time change, or is the server overloaded? Running 2519ms behind, skipping 50 tick(s)
[15:23:13] [Server thread/WARN]: Can't keep up! Did the system time change, or is the server overloaded? Running 2543ms behind, skipping 50 tick(s)
[16:28:13] [pool-3-thread-21367/INFO]: [Vault] Checking for Updates ... 
[16:28:14] [pool-3-thread-21367/WARN]: [Vault] Stable Version: 1.5.3 is out! You are still running version: 1.5.0
[16:28:14] [pool-3-thread-21367/WARN]: [Vault] Update at: http://dev.bukkit.org/server-mods/vault
[16:43:13] [Server thread/WARN]: Can't keep up! Did the system time change, or is the server overloaded? Running 2533ms behind, skipping 50 tick(s)
[17:03:14] [Server thread/WARN]: Can't keep up! Did the system time change, or is the server overloaded? Running 2728ms behind, skipping 54 tick(s)
[17:23:15] [Server thread/WARN]: Can't keep up! Did the system time change, or is the server overloaded? Running 2598ms behind, skipping 51 tick(s)
[17:33:15] [Server thread/WARN]: Can't keep up! Did the system time change, or is the server overloaded? Running 2029ms behind, skipping 40 tick(s)
[18:08:15] [Server thread/WARN]: Can't keep up! Did the system time change, or is the server overloaded? Running 2602ms behind, skipping 52 tick(s)
[20:58:16] [Server thread/WARN]: Can't keep up! Did the system time change, or is the server overloaded? Running 2571ms behind, skipping 51 tick(s)
[22:28:16] [pool-3-thread-21476/INFO]: [Vault] Checking for Updates ... 
[22:28:17] [pool-3-thread-21476/WARN]: [Vault] Stable Version: 1.5.3 is out! You are still running version: 1.5.0
[22:28:17] [pool-3-thread-21476/WARN]: [Vault] Update at: http://dev.bukkit.org/server-mods/vault
[22:38:17] [Server thread/WARN]: Can't keep up! Did the system time change, or is the server overloaded? Running 2700ms behind, skipping 54 tick(s)
[22:58:17] [Server thread/WARN]: Can't keep up! Did the system time change, or is the server overloaded? Running 2273ms behind, skipping 45 tick(s)
[23:43:17] [Server thread/WARN]: Can't keep up! Did the system time change, or is the server overloaded? Running 2558ms behind, skipping 51 tick(s)
