[00:04:42] [Server thread/WARN]: Can't keep up! Did the system time change, or is the server overloaded? Running 2040ms behind, skipping 40 tick(s)
[01:04:43] [Server thread/WARN]: Can't keep up! Did the system time change, or is the server overloaded? Running 2842ms behind, skipping 56 tick(s)
[01:44:44] [Server thread/WARN]: Can't keep up! Did the system time change, or is the server overloaded? Running 2636ms behind, skipping 52 tick(s)
[02:04:44] [Server thread/WARN]: Can't keep up! Did the system time change, or is the server overloaded? Running 2389ms behind, skipping 47 tick(s)
[02:09:44] [Server thread/WARN]: Can't keep up! Did the system time change, or is the server overloaded? Running 2055ms behind, skipping 41 tick(s)
[03:04:45] [Server thread/WARN]: Can't keep up! Did the system time change, or is the server overloaded? Running 2827ms behind, skipping 56 tick(s)
[03:39:45] [Server thread/WARN]: Can't keep up! Did the system time change, or is the server overloaded? Running 2661ms behind, skipping 53 tick(s)
[04:54:46] [Server thread/WARN]: Can't keep up! Did the system time change, or is the server overloaded? Running 2613ms behind, skipping 52 tick(s)
[05:49:47] [Server thread/WARN]: Can't keep up! Did the system time change, or is the server overloaded? Running 2780ms behind, skipping 55 tick(s)
[05:54:47] [pool-3-thread-28997/INFO]: [Vault] Checking for Updates ... 
[05:54:47] [pool-3-thread-28997/WARN]: [Vault] Stable Version: 1.5.3 is out! You are still running version: 1.5.0
[05:54:47] [pool-3-thread-28997/WARN]: [Vault] Update at: http://dev.bukkit.org/server-mods/vault
[07:04:47] [Server thread/WARN]: Can't keep up! Did the system time change, or is the server overloaded? Running 2422ms behind, skipping 48 tick(s)
[07:14:48] [Server thread/WARN]: Can't keep up! Did the system time change, or is the server overloaded? Running 2226ms behind, skipping 44 tick(s)
[07:34:48] [Server thread/WARN]: Can't keep up! Did the system time change, or is the server overloaded? Running 2812ms behind, skipping 56 tick(s)
[07:49:49] [Server thread/WARN]: Can't keep up! Did the system time change, or is the server overloaded? Running 2479ms behind, skipping 49 tick(s)
[07:54:49] [Server thread/WARN]: Can't keep up! Did the system time change, or is the server overloaded? Running 2054ms behind, skipping 41 tick(s)
[08:04:49] [Server thread/WARN]: Can't keep up! Did the system time change, or is the server overloaded? Running 2138ms behind, skipping 42 tick(s)
[08:09:50] [Server thread/WARN]: Can't keep up! Did the system time change, or is the server overloaded? Running 2717ms behind, skipping 54 tick(s)
[08:24:50] [Server thread/WARN]: Can't keep up! Did the system time change, or is the server overloaded? Running 2729ms behind, skipping 54 tick(s)
[09:44:50] [Server thread/WARN]: Can't keep up! Did the system time change, or is the server overloaded? Running 2038ms behind, skipping 40 tick(s)
[09:49:51] [Server thread/WARN]: Can't keep up! Did the system time change, or is the server overloaded? Running 2115ms behind, skipping 42 tick(s)
[09:54:51] [Server thread/WARN]: Can't keep up! Did the system time change, or is the server overloaded? Running 2504ms behind, skipping 50 tick(s)
[09:59:51] [Server thread/WARN]: Can't keep up! Did the system time change, or is the server overloaded? Running 2052ms behind, skipping 41 tick(s)
[10:04:52] [Server thread/WARN]: Can't keep up! Did the system time change, or is the server overloaded? Running 2119ms behind, skipping 42 tick(s)
[11:54:51] [pool-3-thread-29106/INFO]: [Vault] Checking for Updates ... 
[11:54:52] [pool-3-thread-29106/WARN]: [Vault] Stable Version: 1.5.3 is out! You are still running version: 1.5.0
[11:54:52] [pool-3-thread-29106/WARN]: [Vault] Update at: http://dev.bukkit.org/server-mods/vault
[12:09:52] [Server thread/WARN]: Can't keep up! Did the system time change, or is the server overloaded? Running 2783ms behind, skipping 55 tick(s)
[12:49:53] [Server thread/WARN]: Can't keep up! Did the system time change, or is the server overloaded? Running 2627ms behind, skipping 52 tick(s)
[13:04:53] [Server thread/WARN]: Can't keep up! Did the system time change, or is the server overloaded? Running 2023ms behind, skipping 40 tick(s)
[13:09:53] [Server thread/WARN]: Can't keep up! Did the system time change, or is the server overloaded? Running 2706ms behind, skipping 54 tick(s)
[14:39:54] [Server thread/WARN]: Can't keep up! Did the system time change, or is the server overloaded? Running 2560ms behind, skipping 51 tick(s)
[15:24:55] [Server thread/WARN]: Can't keep up! Did the system time change, or is the server overloaded? Running 2684ms behind, skipping 53 tick(s)
[15:44:55] [Server thread/WARN]: Can't keep up! Did the system time change, or is the server overloaded? Running 2820ms behind, skipping 56 tick(s)
[16:39:56] [Server thread/WARN]: Can't keep up! Did the system time change, or is the server overloaded? Running 2609ms behind, skipping 52 tick(s)
[17:39:57] [Server thread/WARN]: Can't keep up! Did the system time change, or is the server overloaded? Running 2841ms behind, skipping 56 tick(s)
[17:54:57] [pool-3-thread-29215/INFO]: [Vault] Checking for Updates ... 
[17:54:57] [pool-3-thread-29215/WARN]: [Vault] Stable Version: 1.5.3 is out! You are still running version: 1.5.0
[17:54:57] [pool-3-thread-29215/WARN]: [Vault] Update at: http://dev.bukkit.org/server-mods/vault
[18:09:58] [Server thread/WARN]: Can't keep up! Did the system time change, or is the server overloaded? Running 2743ms behind, skipping 54 tick(s)
[18:24:58] [Server thread/WARN]: Can't keep up! Did the system time change, or is the server overloaded? Running 2172ms behind, skipping 43 tick(s)
[18:29:58] [Server thread/WARN]: Can't keep up! Did the system time change, or is the server overloaded? Running 2072ms behind, skipping 41 tick(s)
[18:34:58] [Server thread/WARN]: Can't keep up! Did the system time change, or is the server overloaded? Running 2063ms behind, skipping 41 tick(s)
[19:40:00] [Server thread/WARN]: Can't keep up! Did the system time change, or is the server overloaded? Running 3542ms behind, skipping 70 tick(s)
[19:45:00] [Server thread/WARN]: Can't keep up! Did the system time change, or is the server overloaded? Running 2013ms behind, skipping 40 tick(s)
[19:46:00] [pool-3-thread-29249/INFO]: [Metrics] Server returned HTTP response code: 504 for URL: http://mcstats.org/report/Multiverse-Core
[19:55:00] [Server thread/WARN]: Can't keep up! Did the system time change, or is the server overloaded? Running 2339ms behind, skipping 46 tick(s)
[20:25:00] [Server thread/WARN]: Can't keep up! Did the system time change, or is the server overloaded? Running 2026ms behind, skipping 40 tick(s)
[20:35:00] [Server thread/WARN]: Can't keep up! Did the system time change, or is the server overloaded? Running 2091ms behind, skipping 41 tick(s)
[20:40:00] [Server thread/WARN]: Can't keep up! Did the system time change, or is the server overloaded? Running 2293ms behind, skipping 45 tick(s)
[21:10:01] [Server thread/WARN]: Can't keep up! Did the system time change, or is the server overloaded? Running 2991ms behind, skipping 59 tick(s)
[21:25:02] [Server thread/WARN]: Can't keep up! Did the system time change, or is the server overloaded? Running 3018ms behind, skipping 60 tick(s)
[21:45:03] [Server thread/WARN]: Can't keep up! Did the system time change, or is the server overloaded? Running 2424ms behind, skipping 48 tick(s)
[22:25:04] [Server thread/WARN]: Can't keep up! Did the system time change, or is the server overloaded? Running 2846ms behind, skipping 56 tick(s)
[22:45:04] [Server thread/WARN]: Can't keep up! Did the system time change, or is the server overloaded? Running 2631ms behind, skipping 52 tick(s)
[23:20:05] [Server thread/WARN]: Can't keep up! Did the system time change, or is the server overloaded? Running 2660ms behind, skipping 53 tick(s)
[23:30:05] [Server thread/WARN]: Can't keep up! Did the system time change, or is the server overloaded? Running 2502ms behind, skipping 50 tick(s)
[23:35:06] [Server thread/WARN]: Can't keep up! Did the system time change, or is the server overloaded? Running 2194ms behind, skipping 43 tick(s)
[23:40:06] [Server thread/WARN]: Can't keep up! Did the system time change, or is the server overloaded? Running 2577ms behind, skipping 51 tick(s)
[23:45:06] [Server thread/WARN]: Can't keep up! Did the system time change, or is the server overloaded? Running 2216ms behind, skipping 44 tick(s)
[23:50:07] [Server thread/WARN]: Can't keep up! Did the system time change, or is the server overloaded? Running 2939ms behind, skipping 58 tick(s)
[23:55:07] [Server thread/WARN]: Can't keep up! Did the system time change, or is the server overloaded? Running 2008ms behind, skipping 40 tick(s)
[23:55:07] [pool-3-thread-29324/INFO]: [Vault] Checking for Updates ... 
[23:55:08] [pool-3-thread-29324/WARN]: [Vault] Stable Version: 1.5.3 is out! You are still running version: 1.5.0
[23:55:08] [pool-3-thread-29324/WARN]: [Vault] Update at: http://dev.bukkit.org/server-mods/vault
