[00:09:17] [Server thread/WARN]: Can't keep up! Did the system time change, or is the server overloaded? Running 2810ms behind, skipping 56 tick(s)
[01:24:18] [Server thread/WARN]: Can't keep up! Did the system time change, or is the server overloaded? Running 2808ms behind, skipping 56 tick(s)
[02:04:18] [Server thread/WARN]: Can't keep up! Did the system time change, or is the server overloaded? Running 2205ms behind, skipping 44 tick(s)
[02:09:19] [Server thread/WARN]: Can't keep up! Did the system time change, or is the server overloaded? Running 3056ms behind, skipping 61 tick(s)
[03:09:20] [Server thread/WARN]: Can't keep up! Did the system time change, or is the server overloaded? Running 2650ms behind, skipping 53 tick(s)
[04:54:20] [Server thread/WARN]: Can't keep up! Did the system time change, or is the server overloaded? Running 2620ms behind, skipping 52 tick(s)
[05:49:21] [Server thread/WARN]: Can't keep up! Did the system time change, or is the server overloaded? Running 2605ms behind, skipping 52 tick(s)
[05:54:21] [pool-3-thread-28561/INFO]: [Vault] Checking for Updates ... 
[05:54:22] [pool-3-thread-28561/WARN]: [Vault] Stable Version: 1.5.3 is out! You are still running version: 1.5.0
[05:54:22] [pool-3-thread-28561/WARN]: [Vault] Update at: http://dev.bukkit.org/server-mods/vault
[06:39:22] [Server thread/WARN]: Can't keep up! Did the system time change, or is the server overloaded? Running 2626ms behind, skipping 52 tick(s)
[07:49:22] [Server thread/WARN]: Can't keep up! Did the system time change, or is the server overloaded? Running 2669ms behind, skipping 53 tick(s)
[07:59:22] [Server thread/WARN]: Can't keep up! Did the system time change, or is the server overloaded? Running 2130ms behind, skipping 42 tick(s)
[08:04:22] [Server thread/WARN]: Can't keep up! Did the system time change, or is the server overloaded? Running 2084ms behind, skipping 41 tick(s)
[08:09:27] [Server thread/WARN]: Can't keep up! Did the system time change, or is the server overloaded? Running 6682ms behind, skipping 133 tick(s)
[08:14:28] [Server thread/WARN]: Can't keep up! Did the system time change, or is the server overloaded? Running 2938ms behind, skipping 58 tick(s)
[08:34:29] [Server thread/WARN]: Can't keep up! Did the system time change, or is the server overloaded? Running 2613ms behind, skipping 52 tick(s)
[08:39:29] [Server thread/WARN]: Can't keep up! Did the system time change, or is the server overloaded? Running 2197ms behind, skipping 43 tick(s)
[08:54:30] [Server thread/WARN]: Can't keep up! Did the system time change, or is the server overloaded? Running 2634ms behind, skipping 52 tick(s)
[09:14:30] [Server thread/WARN]: Can't keep up! Did the system time change, or is the server overloaded? Running 2803ms behind, skipping 56 tick(s)
[09:49:30] [Server thread/WARN]: Can't keep up! Did the system time change, or is the server overloaded? Running 2075ms behind, skipping 41 tick(s)
[11:54:30] [pool-3-thread-28670/INFO]: [Vault] Checking for Updates ... 
[11:54:31] [pool-3-thread-28670/WARN]: [Vault] Stable Version: 1.5.3 is out! You are still running version: 1.5.0
[11:54:31] [pool-3-thread-28670/WARN]: [Vault] Update at: http://dev.bukkit.org/server-mods/vault
[12:04:31] [Server thread/WARN]: Can't keep up! Did the system time change, or is the server overloaded? Running 2176ms behind, skipping 43 tick(s)
[14:26:38] [pool-3-thread-28714/INFO]: [Metrics] Connection timed out
[14:34:31] [pool-3-thread-28718/INFO]: [Metrics] Server returned HTTP response code: 408 for URL: http://mcstats.org/report/Multiverse-Core
[14:44:31] [pool-3-thread-28722/INFO]: [Metrics] Server returned HTTP response code: 408 for URL: http://mcstats.org/report/Multiverse-Core
[15:49:31] [Server thread/WARN]: Can't keep up! Did the system time change, or is the server overloaded? Running 2654ms behind, skipping 53 tick(s)
[16:09:32] [Server thread/WARN]: Can't keep up! Did the system time change, or is the server overloaded? Running 2644ms behind, skipping 52 tick(s)
[16:44:33] [Server thread/WARN]: Can't keep up! Did the system time change, or is the server overloaded? Running 3402ms behind, skipping 68 tick(s)
[16:59:34] [Server thread/WARN]: Can't keep up! Did the system time change, or is the server overloaded? Running 2803ms behind, skipping 56 tick(s)
[17:14:35] [Server thread/WARN]: Can't keep up! Did the system time change, or is the server overloaded? Running 2656ms behind, skipping 53 tick(s)
[17:54:35] [pool-3-thread-28779/INFO]: [Vault] Checking for Updates ... 
[17:54:35] [pool-3-thread-28779/WARN]: [Vault] Stable Version: 1.5.3 is out! You are still running version: 1.5.0
[17:54:35] [pool-3-thread-28779/WARN]: [Vault] Update at: http://dev.bukkit.org/server-mods/vault
[18:49:35] [Server thread/WARN]: Can't keep up! Did the system time change, or is the server overloaded? Running 2142ms behind, skipping 42 tick(s)
[18:59:36] [Server thread/WARN]: Can't keep up! Did the system time change, or is the server overloaded? Running 2664ms behind, skipping 53 tick(s)
[20:09:36] [Server thread/WARN]: Can't keep up! Did the system time change, or is the server overloaded? Running 2687ms behind, skipping 53 tick(s)
[20:24:37] [Server thread/WARN]: Can't keep up! Did the system time change, or is the server overloaded? Running 2634ms behind, skipping 52 tick(s)
[21:09:37] [Server thread/WARN]: Can't keep up! Did the system time change, or is the server overloaded? Running 2246ms behind, skipping 44 tick(s)
[21:14:37] [Server thread/WARN]: Can't keep up! Did the system time change, or is the server overloaded? Running 2076ms behind, skipping 41 tick(s)
[21:19:37] [Server thread/WARN]: Can't keep up! Did the system time change, or is the server overloaded? Running 2044ms behind, skipping 40 tick(s)
[21:24:37] [Server thread/WARN]: Can't keep up! Did the system time change, or is the server overloaded? Running 2018ms behind, skipping 40 tick(s)
[21:29:37] [Server thread/WARN]: Can't keep up! Did the system time change, or is the server overloaded? Running 2095ms behind, skipping 41 tick(s)
[21:34:37] [Server thread/WARN]: Can't keep up! Did the system time change, or is the server overloaded? Running 2086ms behind, skipping 41 tick(s)
[21:49:38] [Server thread/WARN]: Can't keep up! Did the system time change, or is the server overloaded? Running 2177ms behind, skipping 43 tick(s)
[21:59:38] [Server thread/WARN]: Can't keep up! Did the system time change, or is the server overloaded? Running 2126ms behind, skipping 42 tick(s)
[22:04:38] [Server thread/WARN]: Can't keep up! Did the system time change, or is the server overloaded? Running 2023ms behind, skipping 40 tick(s)
[22:09:39] [Server thread/WARN]: Can't keep up! Did the system time change, or is the server overloaded? Running 3342ms behind, skipping 66 tick(s)
[22:19:39] [Server thread/WARN]: Can't keep up! Did the system time change, or is the server overloaded? Running 2161ms behind, skipping 43 tick(s)
[22:24:40] [Server thread/WARN]: Can't keep up! Did the system time change, or is the server overloaded? Running 2345ms behind, skipping 46 tick(s)
[22:34:40] [Server thread/WARN]: Can't keep up! Did the system time change, or is the server overloaded? Running 2152ms behind, skipping 43 tick(s)
[23:04:41] [Server thread/WARN]: Can't keep up! Did the system time change, or is the server overloaded? Running 2794ms behind, skipping 55 tick(s)
[23:29:41] [Server thread/WARN]: Can't keep up! Did the system time change, or is the server overloaded? Running 2510ms behind, skipping 50 tick(s)
[23:54:41] [pool-3-thread-28888/INFO]: [Vault] Checking for Updates ... 
[23:54:42] [pool-3-thread-28888/WARN]: [Vault] Stable Version: 1.5.3 is out! You are still running version: 1.5.0
[23:54:42] [pool-3-thread-28888/WARN]: [Vault] Update at: http://dev.bukkit.org/server-mods/vault
[23:59:42] [Server thread/WARN]: Can't keep up! Did the system time change, or is the server overloaded? Running 2927ms behind, skipping 58 tick(s)
