[00:46:55] [Server thread/WARN]: Can't keep up! Did the system time change, or is the server overloaded? Running 2626ms behind, skipping 52 tick(s)
[01:01:56] [Server thread/WARN]: Can't keep up! Did the system time change, or is the server overloaded? Running 2333ms behind, skipping 46 tick(s)
[01:06:56] [Server thread/WARN]: Can't keep up! Did the system time change, or is the server overloaded? Running 2725ms behind, skipping 54 tick(s)
[01:11:57] [Server thread/WARN]: Can't keep up! Did the system time change, or is the server overloaded? Running 2248ms behind, skipping 44 tick(s)
[01:16:57] [Server thread/WARN]: Can't keep up! Did the system time change, or is the server overloaded? Running 2366ms behind, skipping 47 tick(s)
[01:21:58] [Server thread/WARN]: Can't keep up! Did the system time change, or is the server overloaded? Running 2665ms behind, skipping 53 tick(s)
[01:26:59] [Server thread/WARN]: Can't keep up! Did the system time change, or is the server overloaded? Running 3773ms behind, skipping 75 tick(s)
[01:32:01] [Server thread/WARN]: Can't keep up! Did the system time change, or is the server overloaded? Running 3203ms behind, skipping 64 tick(s)
[01:37:01] [Server thread/WARN]: Can't keep up! Did the system time change, or is the server overloaded? Running 2468ms behind, skipping 49 tick(s)
[01:42:02] [Server thread/WARN]: Can't keep up! Did the system time change, or is the server overloaded? Running 2706ms behind, skipping 54 tick(s)
[01:47:02] [Server thread/WARN]: Can't keep up! Did the system time change, or is the server overloaded? Running 2388ms behind, skipping 47 tick(s)
[01:52:03] [Server thread/WARN]: Can't keep up! Did the system time change, or is the server overloaded? Running 2611ms behind, skipping 52 tick(s)
[01:57:03] [Server thread/WARN]: Can't keep up! Did the system time change, or is the server overloaded? Running 2338ms behind, skipping 46 tick(s)
[02:02:03] [Server thread/WARN]: Can't keep up! Did the system time change, or is the server overloaded? Running 2325ms behind, skipping 46 tick(s)
[02:07:04] [Server thread/WARN]: Can't keep up! Did the system time change, or is the server overloaded? Running 2802ms behind, skipping 56 tick(s)
[02:12:05] [Server thread/WARN]: Can't keep up! Did the system time change, or is the server overloaded? Running 3042ms behind, skipping 60 tick(s)
[02:17:06] [Server thread/WARN]: Can't keep up! Did the system time change, or is the server overloaded? Running 2536ms behind, skipping 50 tick(s)
[02:22:06] [Server thread/WARN]: Can't keep up! Did the system time change, or is the server overloaded? Running 2144ms behind, skipping 42 tick(s)
[02:27:07] [Server thread/WARN]: Can't keep up! Did the system time change, or is the server overloaded? Running 2771ms behind, skipping 55 tick(s)
[02:32:07] [Server thread/WARN]: Can't keep up! Did the system time change, or is the server overloaded? Running 2446ms behind, skipping 48 tick(s)
[02:37:08] [Server thread/WARN]: Can't keep up! Did the system time change, or is the server overloaded? Running 2466ms behind, skipping 49 tick(s)
[02:42:08] [Server thread/WARN]: Can't keep up! Did the system time change, or is the server overloaded? Running 2791ms behind, skipping 55 tick(s)
[02:47:09] [Server thread/WARN]: Can't keep up! Did the system time change, or is the server overloaded? Running 2217ms behind, skipping 44 tick(s)
[02:52:10] [Server thread/WARN]: Can't keep up! Did the system time change, or is the server overloaded? Running 3216ms behind, skipping 64 tick(s)
[02:57:11] [Server thread/WARN]: Can't keep up! Did the system time change, or is the server overloaded? Running 2834ms behind, skipping 56 tick(s)
[03:02:11] [Server thread/WARN]: Can't keep up! Did the system time change, or is the server overloaded? Running 2559ms behind, skipping 51 tick(s)
[03:07:12] [Server thread/WARN]: Can't keep up! Did the system time change, or is the server overloaded? Running 2277ms behind, skipping 45 tick(s)
[03:12:12] [Server thread/WARN]: Can't keep up! Did the system time change, or is the server overloaded? Running 2551ms behind, skipping 51 tick(s)
[03:17:13] [Server thread/WARN]: Can't keep up! Did the system time change, or is the server overloaded? Running 2589ms behind, skipping 51 tick(s)
[03:22:13] [Server thread/WARN]: Can't keep up! Did the system time change, or is the server overloaded? Running 2625ms behind, skipping 52 tick(s)
[03:27:14] [Server thread/WARN]: Can't keep up! Did the system time change, or is the server overloaded? Running 2367ms behind, skipping 47 tick(s)
[03:32:14] [Server thread/WARN]: Can't keep up! Did the system time change, or is the server overloaded? Running 2404ms behind, skipping 48 tick(s)
[03:37:15] [Server thread/WARN]: Can't keep up! Did the system time change, or is the server overloaded? Running 2450ms behind, skipping 49 tick(s)
[03:42:15] [Server thread/WARN]: Can't keep up! Did the system time change, or is the server overloaded? Running 2412ms behind, skipping 48 tick(s)
[03:47:16] [Server thread/WARN]: Can't keep up! Did the system time change, or is the server overloaded? Running 2759ms behind, skipping 55 tick(s)
[03:52:16] [Server thread/WARN]: Can't keep up! Did the system time change, or is the server overloaded? Running 2369ms behind, skipping 47 tick(s)
[03:57:17] [Server thread/WARN]: Can't keep up! Did the system time change, or is the server overloaded? Running 2510ms behind, skipping 50 tick(s)
[04:02:17] [Server thread/WARN]: Can't keep up! Did the system time change, or is the server overloaded? Running 2551ms behind, skipping 51 tick(s)
[04:07:18] [Server thread/WARN]: Can't keep up! Did the system time change, or is the server overloaded? Running 2561ms behind, skipping 51 tick(s)
[04:12:18] [Server thread/WARN]: Can't keep up! Did the system time change, or is the server overloaded? Running 2223ms behind, skipping 44 tick(s)
[04:17:19] [Server thread/WARN]: Can't keep up! Did the system time change, or is the server overloaded? Running 2630ms behind, skipping 52 tick(s)
[04:22:19] [Server thread/WARN]: Can't keep up! Did the system time change, or is the server overloaded? Running 2360ms behind, skipping 47 tick(s)
[04:22:19] [pool-3-thread-12429/INFO]: [Vault] Checking for Updates ... 
[04:22:20] [pool-3-thread-12429/WARN]: [Vault] Stable Version: 1.5.3 is out! You are still running version: 1.5.0
[04:22:20] [pool-3-thread-12429/WARN]: [Vault] Update at: http://dev.bukkit.org/server-mods/vault
[04:27:19] [Server thread/WARN]: Can't keep up! Did the system time change, or is the server overloaded? Running 2285ms behind, skipping 45 tick(s)
[04:32:20] [Server thread/WARN]: Can't keep up! Did the system time change, or is the server overloaded? Running 2759ms behind, skipping 55 tick(s)
[04:37:20] [Server thread/WARN]: Can't keep up! Did the system time change, or is the server overloaded? Running 2258ms behind, skipping 45 tick(s)
[04:42:21] [Server thread/WARN]: Can't keep up! Did the system time change, or is the server overloaded? Running 2437ms behind, skipping 48 tick(s)
[04:47:21] [Server thread/WARN]: Can't keep up! Did the system time change, or is the server overloaded? Running 2587ms behind, skipping 51 tick(s)
[04:52:22] [Server thread/WARN]: Can't keep up! Did the system time change, or is the server overloaded? Running 2347ms behind, skipping 46 tick(s)
[04:57:22] [Server thread/WARN]: Can't keep up! Did the system time change, or is the server overloaded? Running 2787ms behind, skipping 55 tick(s)
[05:02:23] [Server thread/WARN]: Can't keep up! Did the system time change, or is the server overloaded? Running 2783ms behind, skipping 55 tick(s)
[05:07:24] [Server thread/WARN]: Can't keep up! Did the system time change, or is the server overloaded? Running 2389ms behind, skipping 47 tick(s)
[05:12:24] [Server thread/WARN]: Can't keep up! Did the system time change, or is the server overloaded? Running 2275ms behind, skipping 45 tick(s)
[05:17:25] [Server thread/WARN]: Can't keep up! Did the system time change, or is the server overloaded? Running 2703ms behind, skipping 54 tick(s)
[05:22:25] [Server thread/WARN]: Can't keep up! Did the system time change, or is the server overloaded? Running 2273ms behind, skipping 45 tick(s)
[05:27:25] [Server thread/WARN]: Can't keep up! Did the system time change, or is the server overloaded? Running 2254ms behind, skipping 45 tick(s)
[05:32:26] [Server thread/WARN]: Can't keep up! Did the system time change, or is the server overloaded? Running 2438ms behind, skipping 48 tick(s)
[05:37:26] [Server thread/WARN]: Can't keep up! Did the system time change, or is the server overloaded? Running 2394ms behind, skipping 47 tick(s)
[05:42:26] [Server thread/WARN]: Can't keep up! Did the system time change, or is the server overloaded? Running 2255ms behind, skipping 45 tick(s)
[05:47:27] [Server thread/WARN]: Can't keep up! Did the system time change, or is the server overloaded? Running 2366ms behind, skipping 47 tick(s)
[05:52:27] [Server thread/WARN]: Can't keep up! Did the system time change, or is the server overloaded? Running 2370ms behind, skipping 47 tick(s)
[05:57:27] [Server thread/WARN]: Can't keep up! Did the system time change, or is the server overloaded? Running 2346ms behind, skipping 46 tick(s)
[06:02:27] [Server thread/WARN]: Can't keep up! Did the system time change, or is the server overloaded? Running 2223ms behind, skipping 44 tick(s)
[06:07:28] [Server thread/WARN]: Can't keep up! Did the system time change, or is the server overloaded? Running 2243ms behind, skipping 44 tick(s)
[06:12:28] [Server thread/WARN]: Can't keep up! Did the system time change, or is the server overloaded? Running 2317ms behind, skipping 46 tick(s)
[06:17:28] [Server thread/WARN]: Can't keep up! Did the system time change, or is the server overloaded? Running 2334ms behind, skipping 46 tick(s)
[06:22:29] [Server thread/WARN]: Can't keep up! Did the system time change, or is the server overloaded? Running 2265ms behind, skipping 45 tick(s)
[06:27:29] [Server thread/WARN]: Can't keep up! Did the system time change, or is the server overloaded? Running 2217ms behind, skipping 44 tick(s)
[06:32:29] [Server thread/WARN]: Can't keep up! Did the system time change, or is the server overloaded? Running 2387ms behind, skipping 47 tick(s)
[06:37:30] [Server thread/WARN]: Can't keep up! Did the system time change, or is the server overloaded? Running 2354ms behind, skipping 47 tick(s)
[06:42:30] [Server thread/WARN]: Can't keep up! Did the system time change, or is the server overloaded? Running 2140ms behind, skipping 42 tick(s)
[06:47:30] [Server thread/WARN]: Can't keep up! Did the system time change, or is the server overloaded? Running 2140ms behind, skipping 42 tick(s)
[06:52:30] [Server thread/WARN]: Can't keep up! Did the system time change, or is the server overloaded? Running 2466ms behind, skipping 49 tick(s)
[06:57:31] [Server thread/WARN]: Can't keep up! Did the system time change, or is the server overloaded? Running 2977ms behind, skipping 59 tick(s)
[07:07:31] [Server thread/WARN]: Can't keep up! Did the system time change, or is the server overloaded? Running 2132ms behind, skipping 42 tick(s)
[07:12:32] [Server thread/WARN]: Can't keep up! Did the system time change, or is the server overloaded? Running 2142ms behind, skipping 42 tick(s)
[07:17:32] [Server thread/WARN]: Can't keep up! Did the system time change, or is the server overloaded? Running 2040ms behind, skipping 40 tick(s)
[07:22:32] [Server thread/WARN]: Can't keep up! Did the system time change, or is the server overloaded? Running 2031ms behind, skipping 40 tick(s)
[07:27:32] [Server thread/WARN]: Can't keep up! Did the system time change, or is the server overloaded? Running 2082ms behind, skipping 41 tick(s)
[07:32:32] [Server thread/WARN]: Can't keep up! Did the system time change, or is the server overloaded? Running 2113ms behind, skipping 42 tick(s)
[07:37:32] [Server thread/WARN]: Can't keep up! Did the system time change, or is the server overloaded? Running 2078ms behind, skipping 41 tick(s)
[07:42:32] [Server thread/WARN]: Can't keep up! Did the system time change, or is the server overloaded? Running 2276ms behind, skipping 45 tick(s)
[07:47:32] [Server thread/WARN]: Can't keep up! Did the system time change, or is the server overloaded? Running 2026ms behind, skipping 40 tick(s)
[07:52:32] [Server thread/WARN]: Can't keep up! Did the system time change, or is the server overloaded? Running 2046ms behind, skipping 40 tick(s)
[07:57:32] [Server thread/WARN]: Can't keep up! Did the system time change, or is the server overloaded? Running 2019ms behind, skipping 40 tick(s)
[08:02:39] [Server thread/WARN]: Can't keep up! Did the system time change, or is the server overloaded? Running 8589ms behind, skipping 171 tick(s)
[08:07:41] [Server thread/WARN]: Can't keep up! Did the system time change, or is the server overloaded? Running 4169ms behind, skipping 83 tick(s)
[08:12:45] [Server thread/WARN]: Can't keep up! Did the system time change, or is the server overloaded? Running 6066ms behind, skipping 121 tick(s)
[08:17:47] [Server thread/WARN]: Can't keep up! Did the system time change, or is the server overloaded? Running 3906ms behind, skipping 78 tick(s)
[08:21:45] [Server thread/WARN]: Can't keep up! Did the system time change, or is the server overloaded? Running 2494ms behind, skipping 49 tick(s)
[08:22:50] [Server thread/WARN]: Can't keep up! Did the system time change, or is the server overloaded? Running 4400ms behind, skipping 88 tick(s)
[08:27:50] [Server thread/WARN]: Can't keep up! Did the system time change, or is the server overloaded? Running 2087ms behind, skipping 41 tick(s)
[08:32:50] [Server thread/WARN]: Can't keep up! Did the system time change, or is the server overloaded? Running 2056ms behind, skipping 41 tick(s)
[08:42:52] [Server thread/WARN]: Can't keep up! Did the system time change, or is the server overloaded? Running 4428ms behind, skipping 88 tick(s)
[08:47:53] [Server thread/WARN]: Can't keep up! Did the system time change, or is the server overloaded? Running 2431ms behind, skipping 48 tick(s)
[08:52:54] [Server thread/WARN]: Can't keep up! Did the system time change, or is the server overloaded? Running 2800ms behind, skipping 56 tick(s)
[08:57:54] [Server thread/WARN]: Can't keep up! Did the system time change, or is the server overloaded? Running 2266ms behind, skipping 45 tick(s)
[09:12:54] [Server thread/WARN]: Can't keep up! Did the system time change, or is the server overloaded? Running 2149ms behind, skipping 42 tick(s)
[09:17:55] [Server thread/WARN]: Can't keep up! Did the system time change, or is the server overloaded? Running 3355ms behind, skipping 67 tick(s)
[09:27:56] [Server thread/WARN]: Can't keep up! Did the system time change, or is the server overloaded? Running 2115ms behind, skipping 42 tick(s)
[09:32:57] [Server thread/WARN]: Can't keep up! Did the system time change, or is the server overloaded? Running 3363ms behind, skipping 67 tick(s)
[10:22:57] [pool-3-thread-12538/INFO]: [Vault] Checking for Updates ... 
[10:22:57] [pool-3-thread-12536/INFO]: [Metrics] Server returned HTTP response code: 408 for URL: http://mcstats.org/report/Multiverse-Core
[10:22:57] [pool-3-thread-12538/WARN]: [Vault] Stable Version: 1.5.3 is out! You are still running version: 1.5.0
[10:22:57] [pool-3-thread-12538/WARN]: [Vault] Update at: http://dev.bukkit.org/server-mods/vault
[10:32:57] [pool-3-thread-12541/INFO]: [Metrics] Server returned HTTP response code: 408 for URL: http://mcstats.org/report/Multiverse-Core
[10:45:04] [pool-3-thread-12545/INFO]: [Metrics] Connection timed out
[10:47:57] [Server thread/WARN]: Can't keep up! Did the system time change, or is the server overloaded? Running 2068ms behind, skipping 41 tick(s)
[10:52:57] [pool-3-thread-12546/INFO]: [Metrics] Server returned HTTP response code: 408 for URL: http://mcstats.org/report/Multiverse-Core
[11:02:57] [pool-3-thread-12550/INFO]: [Metrics] Server returned HTTP response code: 408 for URL: http://mcstats.org/report/Multiverse-Core
[11:12:57] [pool-3-thread-12554/INFO]: [Metrics] Server returned HTTP response code: 408 for URL: http://mcstats.org/report/Multiverse-Core
[11:25:04] [pool-3-thread-12555/INFO]: [Metrics] Connection timed out
[11:32:57] [Server thread/WARN]: Can't keep up! Did the system time change, or is the server overloaded? Running 2301ms behind, skipping 46 tick(s)
[11:35:05] [pool-3-thread-12559/INFO]: [Metrics] Connection timed out
[11:42:57] [pool-3-thread-12563/INFO]: [Metrics] Server returned HTTP response code: 408 for URL: http://mcstats.org/report/Multiverse-Core
[11:52:57] [pool-3-thread-12564/INFO]: [Metrics] Server returned HTTP response code: 408 for URL: http://mcstats.org/report/Multiverse-Core
[12:02:57] [pool-3-thread-12568/INFO]: [Metrics] Server returned HTTP response code: 408 for URL: http://mcstats.org/report/Multiverse-Core
[12:12:57] [pool-3-thread-12572/INFO]: [Metrics] Server returned HTTP response code: 408 for URL: http://mcstats.org/report/Multiverse-Core
[12:22:57] [pool-3-thread-12573/INFO]: [Metrics] Server returned HTTP response code: 408 for URL: http://mcstats.org/report/Multiverse-Core
[12:32:57] [pool-3-thread-12577/INFO]: [Metrics] Server returned HTTP response code: 408 for URL: http://mcstats.org/report/Multiverse-Core
[12:42:57] [pool-3-thread-12581/INFO]: [Metrics] Server returned HTTP response code: 408 for URL: http://mcstats.org/report/Multiverse-Core
[12:52:57] [pool-3-thread-12582/INFO]: [Metrics] Server returned HTTP response code: 408 for URL: http://mcstats.org/report/Multiverse-Core
[13:02:57] [pool-3-thread-12586/INFO]: [Metrics] Server returned HTTP response code: 408 for URL: http://mcstats.org/report/Multiverse-Core
[13:07:57] [Server thread/WARN]: Can't keep up! Did the system time change, or is the server overloaded? Running 2024ms behind, skipping 40 tick(s)
[13:12:57] [pool-3-thread-12590/INFO]: [Metrics] Server returned HTTP response code: 408 for URL: http://mcstats.org/report/Multiverse-Core
[13:22:57] [pool-3-thread-12591/INFO]: [Metrics] Server returned HTTP response code: 408 for URL: http://mcstats.org/report/Multiverse-Core
[13:32:57] [pool-3-thread-12595/INFO]: [Metrics] Server returned HTTP response code: 408 for URL: http://mcstats.org/report/Multiverse-Core
[13:42:57] [Server thread/WARN]: Can't keep up! Did the system time change, or is the server overloaded? Running 2085ms behind, skipping 41 tick(s)
[13:42:58] [pool-3-thread-12599/INFO]: [Metrics] Server returned HTTP response code: 408 for URL: http://mcstats.org/report/Multiverse-Core
[13:47:58] [Server thread/WARN]: Can't keep up! Did the system time change, or is the server overloaded? Running 2110ms behind, skipping 42 tick(s)
[13:52:58] [pool-3-thread-12600/INFO]: [Metrics] Server returned HTTP response code: 408 for URL: http://mcstats.org/report/Multiverse-Core
[13:57:58] [Server thread/WARN]: Can't keep up! Did the system time change, or is the server overloaded? Running 2067ms behind, skipping 41 tick(s)
[14:02:58] [pool-3-thread-12604/INFO]: [Metrics] Server returned HTTP response code: 408 for URL: http://mcstats.org/report/Multiverse-Core
[14:12:58] [Server thread/WARN]: Can't keep up! Did the system time change, or is the server overloaded? Running 2079ms behind, skipping 41 tick(s)
[14:12:58] [pool-3-thread-12608/INFO]: [Metrics] Server returned HTTP response code: 408 for URL: http://mcstats.org/report/Multiverse-Core
[14:22:58] [pool-3-thread-12609/INFO]: [Metrics] Server returned HTTP response code: 408 for URL: http://mcstats.org/report/Multiverse-Core
[14:27:58] [Server thread/WARN]: Can't keep up! Did the system time change, or is the server overloaded? Running 2187ms behind, skipping 43 tick(s)
[14:32:58] [Server thread/WARN]: Can't keep up! Did the system time change, or is the server overloaded? Running 2030ms behind, skipping 40 tick(s)
[14:35:05] [pool-3-thread-12613/INFO]: [Metrics] Connection timed out
[14:42:58] [Server thread/WARN]: Can't keep up! Did the system time change, or is the server overloaded? Running 2337ms behind, skipping 46 tick(s)
[14:42:58] [pool-3-thread-12617/INFO]: [Metrics] Server returned HTTP response code: 408 for URL: http://mcstats.org/report/Multiverse-Core
[14:47:59] [Server thread/WARN]: Can't keep up! Did the system time change, or is the server overloaded? Running 3094ms behind, skipping 61 tick(s)
[14:53:00] [Server thread/WARN]: Can't keep up! Did the system time change, or is the server overloaded? Running 2174ms behind, skipping 43 tick(s)
[14:53:00] [pool-3-thread-12618/INFO]: [Metrics] Server returned HTTP response code: 408 for URL: http://mcstats.org/report/Multiverse-Core
[15:05:07] [pool-3-thread-12622/INFO]: [Metrics] Connection timed out
[15:12:59] [pool-3-thread-12626/INFO]: [Metrics] Server returned HTTP response code: 408 for URL: http://mcstats.org/report/Multiverse-Core
[15:22:59] [pool-3-thread-12627/INFO]: [Metrics] Server returned HTTP response code: 408 for URL: http://mcstats.org/report/Multiverse-Core
[15:32:59] [pool-3-thread-12631/INFO]: [Metrics] Server returned HTTP response code: 408 for URL: http://mcstats.org/report/Multiverse-Core
[15:42:59] [pool-3-thread-12635/INFO]: [Metrics] Server returned HTTP response code: 408 for URL: http://mcstats.org/report/Multiverse-Core
[15:55:07] [pool-3-thread-12636/INFO]: [Metrics] Connection timed out
[16:02:59] [pool-3-thread-12640/INFO]: [Metrics] Server returned HTTP response code: 408 for URL: http://mcstats.org/report/Multiverse-Core
[16:12:59] [pool-3-thread-12644/INFO]: [Metrics] Server returned HTTP response code: 408 for URL: http://mcstats.org/report/Multiverse-Core
[16:22:59] [pool-3-thread-12647/INFO]: [Vault] Checking for Updates ... 
[16:23:00] [pool-3-thread-12647/WARN]: [Vault] Stable Version: 1.5.3 is out! You are still running version: 1.5.0
[16:23:00] [pool-3-thread-12647/WARN]: [Vault] Update at: http://dev.bukkit.org/server-mods/vault
[16:25:07] [pool-3-thread-12645/INFO]: [Metrics] Connection timed out
[16:32:59] [pool-3-thread-12650/INFO]: [Metrics] Server returned HTTP response code: 408 for URL: http://mcstats.org/report/Multiverse-Core
[16:43:00] [pool-3-thread-12654/INFO]: [Metrics] Server returned HTTP response code: 408 for URL: http://mcstats.org/report/Multiverse-Core
[16:53:00] [pool-3-thread-12655/INFO]: [Metrics] Server returned HTTP response code: 408 for URL: http://mcstats.org/report/Multiverse-Core
[17:02:59] [pool-3-thread-12659/INFO]: [Metrics] Server returned HTTP response code: 408 for URL: http://mcstats.org/report/Multiverse-Core
[17:12:59] [pool-3-thread-12663/INFO]: [Metrics] Server returned HTTP response code: 408 for URL: http://mcstats.org/report/Multiverse-Core
[17:22:59] [pool-3-thread-12664/INFO]: [Metrics] Server returned HTTP response code: 408 for URL: http://mcstats.org/report/Multiverse-Core
[17:33:00] [Server thread/WARN]: Can't keep up! Did the system time change, or is the server overloaded? Running 2008ms behind, skipping 40 tick(s)
[17:33:00] [pool-3-thread-12668/INFO]: [Metrics] Server returned HTTP response code: 408 for URL: http://mcstats.org/report/Multiverse-Core
[17:43:00] [pool-3-thread-12672/INFO]: [Metrics] Server returned HTTP response code: 408 for URL: http://mcstats.org/report/Multiverse-Core
[17:52:59] [pool-3-thread-12673/INFO]: [Metrics] Server returned HTTP response code: 408 for URL: http://mcstats.org/report/Multiverse-Core
[18:02:59] [pool-3-thread-12677/INFO]: [Metrics] Server returned HTTP response code: 408 for URL: http://mcstats.org/report/Multiverse-Core
[18:13:00] [pool-3-thread-12681/INFO]: [Metrics] Server returned HTTP response code: 408 for URL: http://mcstats.org/report/Multiverse-Core
[18:22:59] [pool-3-thread-12682/INFO]: [Metrics] Server returned HTTP response code: 408 for URL: http://mcstats.org/report/Multiverse-Core
[18:32:59] [pool-3-thread-12686/INFO]: [Metrics] Server returned HTTP response code: 408 for URL: http://mcstats.org/report/Multiverse-Core
[18:42:59] [pool-3-thread-12690/INFO]: [Metrics] Server returned HTTP response code: 408 for URL: http://mcstats.org/report/Multiverse-Core
[19:43:00] [Server thread/WARN]: Can't keep up! Did the system time change, or is the server overloaded? Running 2011ms behind, skipping 40 tick(s)
[21:33:00] [Server thread/WARN]: Can't keep up! Did the system time change, or is the server overloaded? Running 2206ms behind, skipping 44 tick(s)
[21:43:00] [Server thread/WARN]: Can't keep up! Did the system time change, or is the server overloaded? Running 2518ms behind, skipping 50 tick(s)
[22:23:00] [pool-3-thread-12756/INFO]: [Vault] Checking for Updates ... 
[22:23:01] [pool-3-thread-12756/WARN]: [Vault] Stable Version: 1.5.3 is out! You are still running version: 1.5.0
[22:23:01] [pool-3-thread-12756/WARN]: [Vault] Update at: http://dev.bukkit.org/server-mods/vault
[22:33:01] [Server thread/WARN]: Can't keep up! Did the system time change, or is the server overloaded? Running 2623ms behind, skipping 52 tick(s)
