[00:05:00] [Server thread/WARN]: Can't keep up! Did the system time change, or is the server overloaded? Running 2280ms behind, skipping 45 tick(s)
[02:05:00] [Server thread/WARN]: Can't keep up! Did the system time change, or is the server overloaded? Running 2390ms behind, skipping 47 tick(s)
[02:10:00] [Server thread/WARN]: Can't keep up! Did the system time change, or is the server overloaded? Running 2066ms behind, skipping 41 tick(s)
[03:05:00] [Server thread/WARN]: Can't keep up! Did the system time change, or is the server overloaded? Running 2010ms behind, skipping 40 tick(s)
[03:52:07] [pool-3-thread-9366/INFO]: [Metrics] Connection timed out
[04:00:00] [pool-3-thread-9370/INFO]: [Metrics] Server returned HTTP response code: 408 for URL: http://mcstats.org/report/Multiverse-Core
[04:11:03] [pool-3-thread-9374/INFO]: [Metrics] Server returned HTTP response code: 408 for URL: http://mcstats.org/report/Multiverse-Core
[04:20:00] [pool-3-thread-9377/INFO]: [Vault] Checking for Updates ... 
[04:20:01] [pool-3-thread-9377/WARN]: [Vault] Stable Version: 1.5.2 is out! You are still running version: 1.5.0
[04:20:01] [pool-3-thread-9377/WARN]: [Vault] Update at: http://dev.bukkit.org/server-mods/vault
[04:20:31] [pool-3-thread-9375/INFO]: [Metrics] Server returned HTTP response code: 408 for URL: http://mcstats.org/report/Multiverse-Core
[04:30:00] [pool-3-thread-9380/INFO]: [Metrics] Server returned HTTP response code: 408 for URL: http://mcstats.org/report/Multiverse-Core
[04:41:03] [pool-3-thread-9384/INFO]: [Metrics] Server returned HTTP response code: 408 for URL: http://mcstats.org/report/Multiverse-Core
[04:52:07] [pool-3-thread-9385/INFO]: [Metrics] Connection timed out
[05:00:00] [pool-3-thread-9389/INFO]: [Metrics] Server returned HTTP response code: 408 for URL: http://mcstats.org/report/Multiverse-Core
[05:10:00] [pool-3-thread-9393/INFO]: [Metrics] Server returned HTTP response code: 408 for URL: http://mcstats.org/report/Multiverse-Core
[05:20:00] [pool-3-thread-9394/INFO]: [Metrics] Server returned HTTP response code: 408 for URL: http://mcstats.org/report/Multiverse-Core
[05:30:00] [pool-3-thread-9398/INFO]: [Metrics] Server returned HTTP response code: 408 for URL: http://mcstats.org/report/Multiverse-Core
[05:40:00] [pool-3-thread-9402/INFO]: [Metrics] Server returned HTTP response code: 408 for URL: http://mcstats.org/report/Multiverse-Core
[05:50:00] [pool-3-thread-9403/INFO]: [Metrics] Server returned HTTP response code: 408 for URL: http://mcstats.org/report/Multiverse-Core
[06:00:00] [pool-3-thread-9407/INFO]: [Metrics] Server returned HTTP response code: 408 for URL: http://mcstats.org/report/Multiverse-Core
[06:10:00] [pool-3-thread-9411/INFO]: [Metrics] Server returned HTTP response code: 408 for URL: http://mcstats.org/report/Multiverse-Core
[06:22:07] [pool-3-thread-9412/INFO]: [Metrics] Connection timed out
[06:25:01] [Server thread/WARN]: Can't keep up! Did the system time change, or is the server overloaded? Running 2230ms behind, skipping 44 tick(s)
[06:30:01] [pool-3-thread-9416/INFO]: [Metrics] Server returned HTTP response code: 408 for URL: http://mcstats.org/report/Multiverse-Core
[06:40:01] [pool-3-thread-9420/INFO]: [Metrics] Server returned HTTP response code: 408 for URL: http://mcstats.org/report/Multiverse-Core
[06:50:01] [pool-3-thread-9421/INFO]: [Metrics] Server returned HTTP response code: 408 for URL: http://mcstats.org/report/Multiverse-Core
[07:00:00] [pool-3-thread-9425/INFO]: [Metrics] Server returned HTTP response code: 408 for URL: http://mcstats.org/report/Multiverse-Core
[07:10:01] [Server thread/WARN]: Can't keep up! Did the system time change, or is the server overloaded? Running 2873ms behind, skipping 57 tick(s)
[07:10:02] [pool-3-thread-9429/INFO]: [Metrics] Server returned HTTP response code: 408 for URL: http://mcstats.org/report/Multiverse-Core
[07:20:01] [pool-3-thread-9430/INFO]: [Metrics] Server returned HTTP response code: 408 for URL: http://mcstats.org/report/Multiverse-Core
[07:25:02] [Server thread/WARN]: Can't keep up! Did the system time change, or is the server overloaded? Running 2203ms behind, skipping 44 tick(s)
[07:30:02] [pool-3-thread-9434/INFO]: [Metrics] Server returned HTTP response code: 408 for URL: http://mcstats.org/report/Multiverse-Core
[07:40:02] [Server thread/WARN]: Can't keep up! Did the system time change, or is the server overloaded? Running 2195ms behind, skipping 43 tick(s)
[07:40:02] [pool-3-thread-9438/INFO]: [Metrics] Server returned HTTP response code: 408 for URL: http://mcstats.org/report/Multiverse-Core
[07:45:02] [Server thread/WARN]: Can't keep up! Did the system time change, or is the server overloaded? Running 2190ms behind, skipping 43 tick(s)
[07:50:02] [Server thread/WARN]: Can't keep up! Did the system time change, or is the server overloaded? Running 2149ms behind, skipping 42 tick(s)
[07:51:05] [pool-3-thread-9439/INFO]: [Metrics] Server returned HTTP response code: 408 for URL: http://mcstats.org/report/Multiverse-Core
[07:55:14] [Server thread/WARN]: Can't keep up! Did the system time change, or is the server overloaded? Running 14320ms behind, skipping 286 tick(s)
[08:00:14] [Server thread/WARN]: Can't keep up! Did the system time change, or is the server overloaded? Running 2051ms behind, skipping 41 tick(s)
[08:00:15] [pool-3-thread-9443/INFO]: [Metrics] Server returned HTTP response code: 408 for URL: http://mcstats.org/report/Multiverse-Core
[08:10:15] [Server thread/WARN]: Can't keep up! Did the system time change, or is the server overloaded? Running 2028ms behind, skipping 40 tick(s)
[08:10:15] [pool-3-thread-9447/INFO]: [Metrics] Server returned HTTP response code: 408 for URL: http://mcstats.org/report/Multiverse-Core
[08:15:15] [Server thread/WARN]: Can't keep up! Did the system time change, or is the server overloaded? Running 2017ms behind, skipping 40 tick(s)
[08:22:22] [pool-3-thread-9448/INFO]: [Metrics] Connection timed out
[08:30:15] [Server thread/WARN]: Can't keep up! Did the system time change, or is the server overloaded? Running 2067ms behind, skipping 41 tick(s)
[08:30:15] [pool-3-thread-9452/INFO]: [Metrics] Server returned HTTP response code: 408 for URL: http://mcstats.org/report/Multiverse-Core
[08:40:15] [pool-3-thread-9456/INFO]: [Metrics] Server returned HTTP response code: 408 for URL: http://mcstats.org/report/Multiverse-Core
[08:50:15] [Server thread/WARN]: Can't keep up! Did the system time change, or is the server overloaded? Running 2134ms behind, skipping 42 tick(s)
[09:15:15] [Server thread/WARN]: Can't keep up! Did the system time change, or is the server overloaded? Running 2018ms behind, skipping 40 tick(s)
[09:25:15] [Server thread/WARN]: Can't keep up! Did the system time change, or is the server overloaded? Running 2253ms behind, skipping 45 tick(s)
[09:50:15] [Server thread/WARN]: Can't keep up! Did the system time change, or is the server overloaded? Running 2043ms behind, skipping 40 tick(s)
[10:20:15] [pool-3-thread-9486/INFO]: [Vault] Checking for Updates ... 
[10:20:16] [pool-3-thread-9486/WARN]: [Vault] Stable Version: 1.5.2 is out! You are still running version: 1.5.0
[10:20:16] [pool-3-thread-9486/WARN]: [Vault] Update at: http://dev.bukkit.org/server-mods/vault
[10:50:15] [Server thread/WARN]: Can't keep up! Did the system time change, or is the server overloaded? Running 2047ms behind, skipping 40 tick(s)
[11:05:15] [Server thread/WARN]: Can't keep up! Did the system time change, or is the server overloaded? Running 2174ms behind, skipping 43 tick(s)
[12:51:15] [pool-3-thread-9530/INFO]: [Metrics] Server returned HTTP response code: 504 for URL: http://mcstats.org/report/Multiverse-Core
[14:05:16] [Server thread/WARN]: Can't keep up! Did the system time change, or is the server overloaded? Running 2537ms behind, skipping 50 tick(s)
[14:50:16] [Server thread/WARN]: Can't keep up! Did the system time change, or is the server overloaded? Running 2001ms behind, skipping 40 tick(s)
[15:22:23] [pool-3-thread-9575/INFO]: [Metrics] Connection timed out
[15:30:16] [pool-3-thread-9579/INFO]: [Metrics] Server returned HTTP response code: 408 for URL: http://mcstats.org/report/Multiverse-Core
[15:42:23] [pool-3-thread-9583/INFO]: [Metrics] Connection timed out
[15:50:16] [pool-3-thread-9584/INFO]: [Metrics] Server returned HTTP response code: 408 for URL: http://mcstats.org/report/Multiverse-Core
[16:00:16] [pool-3-thread-9588/INFO]: [Metrics] Server returned HTTP response code: 408 for URL: http://mcstats.org/report/Multiverse-Core
[16:10:16] [pool-3-thread-9592/INFO]: [Metrics] Server returned HTTP response code: 408 for URL: http://mcstats.org/report/Multiverse-Core
[16:20:16] [pool-3-thread-9595/INFO]: [Vault] Checking for Updates ... 
[16:20:16] [pool-3-thread-9593/INFO]: [Metrics] Server returned HTTP response code: 408 for URL: http://mcstats.org/report/Multiverse-Core
[16:20:16] [pool-3-thread-9595/WARN]: [Vault] Stable Version: 1.5.2 is out! You are still running version: 1.5.0
[16:20:16] [pool-3-thread-9595/WARN]: [Vault] Update at: http://dev.bukkit.org/server-mods/vault
[16:30:16] [pool-3-thread-9598/INFO]: [Metrics] Server returned HTTP response code: 408 for URL: http://mcstats.org/report/Multiverse-Core
[16:40:16] [pool-3-thread-9602/INFO]: [Metrics] Server returned HTTP response code: 408 for URL: http://mcstats.org/report/Multiverse-Core
[17:00:16] [pool-3-thread-9607/INFO]: [Metrics] Server returned HTTP response code: 408 for URL: http://mcstats.org/report/Multiverse-Core
[17:10:16] [pool-3-thread-9611/INFO]: [Metrics] Server returned HTTP response code: 408 for URL: http://mcstats.org/report/Multiverse-Core
[17:20:16] [pool-3-thread-9612/INFO]: [Metrics] Server returned HTTP response code: 408 for URL: http://mcstats.org/report/Multiverse-Core
[17:30:16] [pool-3-thread-9616/INFO]: [Metrics] Server returned HTTP response code: 408 for URL: http://mcstats.org/report/Multiverse-Core
[17:40:16] [pool-3-thread-9620/INFO]: [Metrics] Server returned HTTP response code: 408 for URL: http://mcstats.org/report/Multiverse-Core
[17:50:16] [pool-3-thread-9621/INFO]: [Metrics] Server returned HTTP response code: 408 for URL: http://mcstats.org/report/Multiverse-Core
[18:00:16] [pool-3-thread-9625/INFO]: [Metrics] Server returned HTTP response code: 408 for URL: http://mcstats.org/report/Multiverse-Core
[18:10:16] [pool-3-thread-9629/INFO]: [Metrics] Server returned HTTP response code: 408 for URL: http://mcstats.org/report/Multiverse-Core
[18:20:16] [pool-3-thread-9630/INFO]: [Metrics] Server returned HTTP response code: 408 for URL: http://mcstats.org/report/Multiverse-Core
[18:30:16] [pool-3-thread-9634/INFO]: [Metrics] Server returned HTTP response code: 408 for URL: http://mcstats.org/report/Multiverse-Core
[18:40:16] [pool-3-thread-9638/INFO]: [Metrics] Server returned HTTP response code: 408 for URL: http://mcstats.org/report/Multiverse-Core
[18:50:16] [pool-3-thread-9639/INFO]: [Metrics] Server returned HTTP response code: 408 for URL: http://mcstats.org/report/Multiverse-Core
[19:00:16] [pool-3-thread-9643/INFO]: [Metrics] Server returned HTTP response code: 408 for URL: http://mcstats.org/report/Multiverse-Core
[19:10:16] [pool-3-thread-9647/INFO]: [Metrics] Server returned HTTP response code: 408 for URL: http://mcstats.org/report/Multiverse-Core
[19:30:16] [pool-3-thread-9652/INFO]: [Metrics] Server returned HTTP response code: 408 for URL: http://mcstats.org/report/Multiverse-Core
[19:35:16] [Server thread/WARN]: Can't keep up! Did the system time change, or is the server overloaded? Running 2091ms behind, skipping 41 tick(s)
[20:00:16] [Server thread/WARN]: Can't keep up! Did the system time change, or is the server overloaded? Running 2082ms behind, skipping 41 tick(s)
[20:05:16] [Server thread/WARN]: Can't keep up! Did the system time change, or is the server overloaded? Running 2115ms behind, skipping 42 tick(s)
[22:20:16] [pool-3-thread-9704/INFO]: [Vault] Checking for Updates ... 
[22:20:17] [pool-3-thread-9704/WARN]: [Vault] Stable Version: 1.5.2 is out! You are still running version: 1.5.0
[22:20:17] [pool-3-thread-9704/WARN]: [Vault] Update at: http://dev.bukkit.org/server-mods/vault
[22:30:16] [Server thread/WARN]: Can't keep up! Did the system time change, or is the server overloaded? Running 2112ms behind, skipping 42 tick(s)
[22:50:16] [Server thread/WARN]: Can't keep up! Did the system time change, or is the server overloaded? Running 2110ms behind, skipping 42 tick(s)
