[00:03:33] [Server thread/WARN]: Can't keep up! Did the system time change, or is the server overloaded? Running 2413ms behind, skipping 48 tick(s)
[00:08:33] [Server thread/WARN]: Can't keep up! Did the system time change, or is the server overloaded? Running 2094ms behind, skipping 41 tick(s)
[00:13:33] [Server thread/WARN]: Can't keep up! Did the system time change, or is the server overloaded? Running 2180ms behind, skipping 43 tick(s)
[00:18:33] [Server thread/WARN]: Can't keep up! Did the system time change, or is the server overloaded? Running 2043ms behind, skipping 40 tick(s)
[00:23:33] [Server thread/WARN]: Can't keep up! Did the system time change, or is the server overloaded? Running 2043ms behind, skipping 40 tick(s)
[00:28:33] [Server thread/WARN]: Can't keep up! Did the system time change, or is the server overloaded? Running 2117ms behind, skipping 42 tick(s)
[00:33:35] [Server thread/WARN]: Can't keep up! Did the system time change, or is the server overloaded? Running 3507ms behind, skipping 70 tick(s)
[00:38:35] [Server thread/WARN]: Can't keep up! Did the system time change, or is the server overloaded? Running 2084ms behind, skipping 41 tick(s)
[00:43:37] [Server thread/WARN]: Can't keep up! Did the system time change, or is the server overloaded? Running 3539ms behind, skipping 70 tick(s)
[00:48:37] [Server thread/WARN]: Can't keep up! Did the system time change, or is the server overloaded? Running 2352ms behind, skipping 47 tick(s)
[00:58:37] [Server thread/WARN]: Can't keep up! Did the system time change, or is the server overloaded? Running 2160ms behind, skipping 43 tick(s)
[01:03:38] [Server thread/WARN]: Can't keep up! Did the system time change, or is the server overloaded? Running 2518ms behind, skipping 50 tick(s)
[01:08:38] [Server thread/WARN]: Can't keep up! Did the system time change, or is the server overloaded? Running 2087ms behind, skipping 41 tick(s)
[01:13:38] [Server thread/WARN]: Can't keep up! Did the system time change, or is the server overloaded? Running 2127ms behind, skipping 42 tick(s)
[01:18:38] [Server thread/WARN]: Can't keep up! Did the system time change, or is the server overloaded? Running 2634ms behind, skipping 52 tick(s)
[01:23:38] [pool-3-thread-28042/INFO]: [Metrics] Server returned HTTP response code: 408 for URL: http://mcstats.org/report/Multiverse-Core
[01:38:39] [Server thread/WARN]: Can't keep up! Did the system time change, or is the server overloaded? Running 2183ms behind, skipping 43 tick(s)
[01:48:39] [Server thread/WARN]: Can't keep up! Did the system time change, or is the server overloaded? Running 2457ms behind, skipping 49 tick(s)
[02:03:39] [Server thread/WARN]: Can't keep up! Did the system time change, or is the server overloaded? Running 2272ms behind, skipping 45 tick(s)
[02:08:40] [Server thread/WARN]: Can't keep up! Did the system time change, or is the server overloaded? Running 2625ms behind, skipping 52 tick(s)
[02:58:41] [Server thread/WARN]: Can't keep up! Did the system time change, or is the server overloaded? Running 2641ms behind, skipping 52 tick(s)
[03:18:42] [Server thread/WARN]: Can't keep up! Did the system time change, or is the server overloaded? Running 3006ms behind, skipping 60 tick(s)
[04:28:42] [Server thread/WARN]: Can't keep up! Did the system time change, or is the server overloaded? Running 2607ms behind, skipping 52 tick(s)
[05:18:43] [Server thread/WARN]: Can't keep up! Did the system time change, or is the server overloaded? Running 2751ms behind, skipping 55 tick(s)
[05:53:43] [pool-3-thread-28125/INFO]: [Vault] Checking for Updates ... 
[05:53:43] [pool-3-thread-28125/WARN]: [Vault] Stable Version: 1.5.3 is out! You are still running version: 1.5.0
[05:53:43] [pool-3-thread-28125/WARN]: [Vault] Update at: http://dev.bukkit.org/server-mods/vault
[06:33:43] [Server thread/WARN]: Can't keep up! Did the system time change, or is the server overloaded? Running 2080ms behind, skipping 41 tick(s)
[06:48:43] [Server thread/WARN]: Can't keep up! Did the system time change, or is the server overloaded? Running 2085ms behind, skipping 41 tick(s)
[07:33:44] [Server thread/WARN]: Can't keep up! Did the system time change, or is the server overloaded? Running 2775ms behind, skipping 55 tick(s)
[08:03:44] [Server thread/WARN]: Can't keep up! Did the system time change, or is the server overloaded? Running 2105ms behind, skipping 42 tick(s)
[08:08:44] [Server thread/WARN]: Can't keep up! Did the system time change, or is the server overloaded? Running 2090ms behind, skipping 41 tick(s)
[08:13:44] [Server thread/WARN]: Can't keep up! Did the system time change, or is the server overloaded? Running 2031ms behind, skipping 40 tick(s)
[08:18:10] [Server thread/WARN]: Can't keep up! Did the system time change, or is the server overloaded? Running 2693ms behind, skipping 53 tick(s)
[08:18:48] [Server thread/WARN]: Can't keep up! Did the system time change, or is the server overloaded? Running 5474ms behind, skipping 109 tick(s)
[09:43:49] [Server thread/WARN]: Can't keep up! Did the system time change, or is the server overloaded? Running 2248ms behind, skipping 44 tick(s)
[09:48:49] [Server thread/WARN]: Can't keep up! Did the system time change, or is the server overloaded? Running 2198ms behind, skipping 43 tick(s)
[10:28:49] [Server thread/WARN]: Can't keep up! Did the system time change, or is the server overloaded? Running 2477ms behind, skipping 49 tick(s)
[10:32:56] [Server thread/WARN]: Can't keep up! Did the system time change, or is the server overloaded? Running 2663ms behind, skipping 53 tick(s)
[10:43:50] [Server thread/WARN]: Can't keep up! Did the system time change, or is the server overloaded? Running 2091ms behind, skipping 41 tick(s)
[11:08:50] [Server thread/WARN]: Can't keep up! Did the system time change, or is the server overloaded? Running 2199ms behind, skipping 43 tick(s)
[11:13:50] [Server thread/WARN]: Can't keep up! Did the system time change, or is the server overloaded? Running 2008ms behind, skipping 40 tick(s)
[11:18:50] [Server thread/WARN]: Can't keep up! Did the system time change, or is the server overloaded? Running 2251ms behind, skipping 45 tick(s)
[11:23:52] [Server thread/WARN]: Can't keep up! Did the system time change, or is the server overloaded? Running 3668ms behind, skipping 73 tick(s)
[11:33:52] [Server thread/WARN]: Can't keep up! Did the system time change, or is the server overloaded? Running 2198ms behind, skipping 43 tick(s)
[11:38:53] [Server thread/WARN]: Can't keep up! Did the system time change, or is the server overloaded? Running 2257ms behind, skipping 45 tick(s)
[11:43:53] [Server thread/WARN]: Can't keep up! Did the system time change, or is the server overloaded? Running 2026ms behind, skipping 40 tick(s)
[11:48:53] [Server thread/WARN]: Can't keep up! Did the system time change, or is the server overloaded? Running 2044ms behind, skipping 40 tick(s)
[11:53:53] [Server thread/WARN]: Can't keep up! Did the system time change, or is the server overloaded? Running 2390ms behind, skipping 47 tick(s)
[11:53:53] [pool-3-thread-28234/INFO]: [Vault] Checking for Updates ... 
[11:53:54] [pool-3-thread-28234/WARN]: [Vault] Stable Version: 1.5.3 is out! You are still running version: 1.5.0
[11:53:54] [pool-3-thread-28234/WARN]: [Vault] Update at: http://dev.bukkit.org/server-mods/vault
[11:58:53] [Server thread/WARN]: Can't keep up! Did the system time change, or is the server overloaded? Running 2022ms behind, skipping 40 tick(s)
[12:02:42] [Server thread/WARN]: Can't keep up! Did the system time change, or is the server overloaded? Running 2052ms behind, skipping 41 tick(s)
[12:03:54] [Server thread/WARN]: Can't keep up! Did the system time change, or is the server overloaded? Running 3130ms behind, skipping 62 tick(s)
[12:08:54] [Server thread/WARN]: Can't keep up! Did the system time change, or is the server overloaded? Running 2163ms behind, skipping 43 tick(s)
[12:13:54] [Server thread/WARN]: Can't keep up! Did the system time change, or is the server overloaded? Running 2008ms behind, skipping 40 tick(s)
[12:44:55] [pool-3-thread-28250/INFO]: [Metrics] Server returned HTTP response code: 504 for URL: http://mcstats.org/report/Multiverse-Core
[13:48:55] [Server thread/WARN]: Can't keep up! Did the system time change, or is the server overloaded? Running 2703ms behind, skipping 54 tick(s)
[15:43:56] [Server thread/WARN]: Can't keep up! Did the system time change, or is the server overloaded? Running 2656ms behind, skipping 53 tick(s)
[15:48:56] [Server thread/WARN]: Can't keep up! Did the system time change, or is the server overloaded? Running 2246ms behind, skipping 44 tick(s)
[15:53:56] [Server thread/WARN]: Can't keep up! Did the system time change, or is the server overloaded? Running 2074ms behind, skipping 41 tick(s)
[15:58:56] [Server thread/WARN]: Can't keep up! Did the system time change, or is the server overloaded? Running 2058ms behind, skipping 41 tick(s)
[16:03:56] [Server thread/WARN]: Can't keep up! Did the system time change, or is the server overloaded? Running 2266ms behind, skipping 45 tick(s)
[16:08:56] [Server thread/WARN]: Can't keep up! Did the system time change, or is the server overloaded? Running 2116ms behind, skipping 42 tick(s)
[16:13:57] [Server thread/WARN]: Can't keep up! Did the system time change, or is the server overloaded? Running 2040ms behind, skipping 40 tick(s)
[16:18:57] [Server thread/WARN]: Can't keep up! Did the system time change, or is the server overloaded? Running 2268ms behind, skipping 45 tick(s)
[16:23:57] [Server thread/WARN]: Can't keep up! Did the system time change, or is the server overloaded? Running 2068ms behind, skipping 41 tick(s)
[16:28:57] [Server thread/WARN]: Can't keep up! Did the system time change, or is the server overloaded? Running 2091ms behind, skipping 41 tick(s)
[16:33:57] [Server thread/WARN]: Can't keep up! Did the system time change, or is the server overloaded? Running 2367ms behind, skipping 47 tick(s)
[16:43:57] [Server thread/WARN]: Can't keep up! Did the system time change, or is the server overloaded? Running 2085ms behind, skipping 41 tick(s)
[16:48:58] [Server thread/WARN]: Can't keep up! Did the system time change, or is the server overloaded? Running 2220ms behind, skipping 44 tick(s)
[16:53:58] [Server thread/WARN]: Can't keep up! Did the system time change, or is the server overloaded? Running 2441ms behind, skipping 48 tick(s)
[16:58:58] [Server thread/WARN]: Can't keep up! Did the system time change, or is the server overloaded? Running 2020ms behind, skipping 40 tick(s)
[17:03:58] [Server thread/WARN]: Can't keep up! Did the system time change, or is the server overloaded? Running 2302ms behind, skipping 46 tick(s)
[17:09:00] [Server thread/WARN]: Can't keep up! Did the system time change, or is the server overloaded? Running 4072ms behind, skipping 81 tick(s)
[17:14:01] [Server thread/WARN]: Can't keep up! Did the system time change, or is the server overloaded? Running 2251ms behind, skipping 45 tick(s)
[17:19:01] [Server thread/WARN]: Can't keep up! Did the system time change, or is the server overloaded? Running 2777ms behind, skipping 55 tick(s)
[17:24:02] [Server thread/WARN]: Can't keep up! Did the system time change, or is the server overloaded? Running 2281ms behind, skipping 45 tick(s)
[17:26:09] [pool-3-thread-28332/INFO]: [Metrics] Connection timed out
[17:29:03] [Server thread/WARN]: Can't keep up! Did the system time change, or is the server overloaded? Running 3441ms behind, skipping 68 tick(s)
[17:34:03] [Server thread/WARN]: Can't keep up! Did the system time change, or is the server overloaded? Running 2184ms behind, skipping 43 tick(s)
[17:34:19] [pool-3-thread-28336/INFO]: [Metrics] Connection refused
[17:39:03] [Server thread/WARN]: Can't keep up! Did the system time change, or is the server overloaded? Running 2005ms behind, skipping 40 tick(s)
[17:49:03] [Server thread/WARN]: Can't keep up! Did the system time change, or is the server overloaded? Running 2001ms behind, skipping 40 tick(s)
[17:54:03] [pool-3-thread-28343/INFO]: [Vault] Checking for Updates ... 
[17:54:04] [pool-3-thread-28343/WARN]: [Vault] Stable Version: 1.5.3 is out! You are still running version: 1.5.0
[17:54:04] [pool-3-thread-28343/WARN]: [Vault] Update at: http://dev.bukkit.org/server-mods/vault
[18:04:04] [Server thread/WARN]: Can't keep up! Did the system time change, or is the server overloaded? Running 2603ms behind, skipping 52 tick(s)
[18:19:05] [Server thread/WARN]: Can't keep up! Did the system time change, or is the server overloaded? Running 2570ms behind, skipping 51 tick(s)
[18:24:05] [Server thread/WARN]: Can't keep up! Did the system time change, or is the server overloaded? Running 2214ms behind, skipping 44 tick(s)
[18:29:05] [Server thread/WARN]: Can't keep up! Did the system time change, or is the server overloaded? Running 2176ms behind, skipping 43 tick(s)
[18:34:05] [Server thread/WARN]: Can't keep up! Did the system time change, or is the server overloaded? Running 2255ms behind, skipping 45 tick(s)
[18:39:05] [Server thread/WARN]: Can't keep up! Did the system time change, or is the server overloaded? Running 2216ms behind, skipping 44 tick(s)
[18:44:05] [Server thread/WARN]: Can't keep up! Did the system time change, or is the server overloaded? Running 2071ms behind, skipping 41 tick(s)
[18:49:06] [Server thread/WARN]: Can't keep up! Did the system time change, or is the server overloaded? Running 2516ms behind, skipping 50 tick(s)
[18:54:06] [Server thread/WARN]: Can't keep up! Did the system time change, or is the server overloaded? Running 2226ms behind, skipping 44 tick(s)
[19:04:08] [Server thread/WARN]: Can't keep up! Did the system time change, or is the server overloaded? Running 3351ms behind, skipping 67 tick(s)
[19:09:08] [Server thread/WARN]: Can't keep up! Did the system time change, or is the server overloaded? Running 2050ms behind, skipping 41 tick(s)
[19:14:08] [Server thread/WARN]: Can't keep up! Did the system time change, or is the server overloaded? Running 2152ms behind, skipping 43 tick(s)
[19:19:08] [Server thread/WARN]: Can't keep up! Did the system time change, or is the server overloaded? Running 2024ms behind, skipping 40 tick(s)
[19:29:08] [Server thread/WARN]: Can't keep up! Did the system time change, or is the server overloaded? Running 2142ms behind, skipping 42 tick(s)
[19:34:08] [Server thread/WARN]: Can't keep up! Did the system time change, or is the server overloaded? Running 2042ms behind, skipping 40 tick(s)
[19:44:08] [Server thread/WARN]: Can't keep up! Did the system time change, or is the server overloaded? Running 2108ms behind, skipping 42 tick(s)
[19:49:08] [Server thread/WARN]: Can't keep up! Did the system time change, or is the server overloaded? Running 2033ms behind, skipping 40 tick(s)
[19:54:08] [Server thread/WARN]: Can't keep up! Did the system time change, or is the server overloaded? Running 2036ms behind, skipping 40 tick(s)
[19:59:08] [Server thread/WARN]: Can't keep up! Did the system time change, or is the server overloaded? Running 2083ms behind, skipping 41 tick(s)
[20:14:09] [Server thread/WARN]: Can't keep up! Did the system time change, or is the server overloaded? Running 2345ms behind, skipping 46 tick(s)
[20:19:09] [Server thread/WARN]: Can't keep up! Did the system time change, or is the server overloaded? Running 2060ms behind, skipping 41 tick(s)
[20:24:10] [Server thread/WARN]: Can't keep up! Did the system time change, or is the server overloaded? Running 3532ms behind, skipping 70 tick(s)
[20:29:10] [Server thread/WARN]: Can't keep up! Did the system time change, or is the server overloaded? Running 2290ms behind, skipping 45 tick(s)
[20:34:10] [Server thread/WARN]: Can't keep up! Did the system time change, or is the server overloaded? Running 2014ms behind, skipping 40 tick(s)
[20:39:12] [Server thread/WARN]: Can't keep up! Did the system time change, or is the server overloaded? Running 3122ms behind, skipping 62 tick(s)
[20:44:12] [Server thread/WARN]: Can't keep up! Did the system time change, or is the server overloaded? Running 2013ms behind, skipping 40 tick(s)
[20:49:13] [Server thread/WARN]: Can't keep up! Did the system time change, or is the server overloaded? Running 3297ms behind, skipping 65 tick(s)
[20:54:13] [Server thread/WARN]: Can't keep up! Did the system time change, or is the server overloaded? Running 2221ms behind, skipping 44 tick(s)
[20:59:15] [Server thread/WARN]: Can't keep up! Did the system time change, or is the server overloaded? Running 3359ms behind, skipping 67 tick(s)
[21:09:15] [Server thread/WARN]: Can't keep up! Did the system time change, or is the server overloaded? Running 2175ms behind, skipping 43 tick(s)
[21:34:15] [Server thread/WARN]: Can't keep up! Did the system time change, or is the server overloaded? Running 2657ms behind, skipping 53 tick(s)
[21:49:16] [Server thread/WARN]: Can't keep up! Did the system time change, or is the server overloaded? Running 2477ms behind, skipping 49 tick(s)
[23:29:16] [Server thread/WARN]: Can't keep up! Did the system time change, or is the server overloaded? Running 2416ms behind, skipping 48 tick(s)
[23:54:16] [pool-3-thread-28452/INFO]: [Vault] Checking for Updates ... 
[23:54:17] [pool-3-thread-28452/WARN]: [Vault] Stable Version: 1.5.3 is out! You are still running version: 1.5.0
[23:54:17] [pool-3-thread-28452/WARN]: [Vault] Update at: http://dev.bukkit.org/server-mods/vault
