[00:07:11] [Server thread/WARN]: Can't keep up! Did the system time change, or is the server overloaded? Running 2541ms behind, skipping 50 tick(s)
[02:02:12] [Server thread/WARN]: Can't keep up! Did the system time change, or is the server overloaded? Running 2547ms behind, skipping 50 tick(s)
[02:09:19] [pool-3-thread-19798/INFO]: [Metrics] Connection timed out
[02:17:11] [pool-3-thread-19802/INFO]: [Metrics] Server returned HTTP response code: 408 for URL: http://mcstats.org/report/Multiverse-Core
[02:27:12] [Server thread/WARN]: Can't keep up! Did the system time change, or is the server overloaded? Running 2711ms behind, skipping 54 tick(s)
[04:27:12] [pool-3-thread-19841/INFO]: [Vault] Checking for Updates ... 
[04:27:13] [pool-3-thread-19841/WARN]: [Vault] Stable Version: 1.5.3 is out! You are still running version: 1.5.0
[04:27:13] [pool-3-thread-19841/WARN]: [Vault] Update at: http://dev.bukkit.org/server-mods/vault
[07:12:13] [Server thread/WARN]: Can't keep up! Did the system time change, or is the server overloaded? Running 2913ms behind, skipping 58 tick(s)
[08:12:15] [Server thread/WARN]: Can't keep up! Did the system time change, or is the server overloaded? Running 3968ms behind, skipping 79 tick(s)
[08:47:15] [Server thread/WARN]: Can't keep up! Did the system time change, or is the server overloaded? Running 2106ms behind, skipping 42 tick(s)
[08:52:16] [Server thread/WARN]: Can't keep up! Did the system time change, or is the server overloaded? Running 2664ms behind, skipping 53 tick(s)
[09:22:17] [Server thread/WARN]: Can't keep up! Did the system time change, or is the server overloaded? Running 2636ms behind, skipping 52 tick(s)
[10:27:16] [pool-3-thread-19950/INFO]: [Vault] Checking for Updates ... 
[10:27:17] [pool-3-thread-19950/WARN]: [Vault] Stable Version: 1.5.3 is out! You are still running version: 1.5.0
[10:27:17] [pool-3-thread-19950/WARN]: [Vault] Update at: http://dev.bukkit.org/server-mods/vault
[10:57:17] [Server thread/WARN]: Can't keep up! Did the system time change, or is the server overloaded? Running 2569ms behind, skipping 51 tick(s)
[12:32:18] [Server thread/WARN]: Can't keep up! Did the system time change, or is the server overloaded? Running 2506ms behind, skipping 50 tick(s)
[13:17:18] [Server thread/WARN]: Can't keep up! Did the system time change, or is the server overloaded? Running 2150ms behind, skipping 43 tick(s)
[13:22:18] [Server thread/WARN]: Can't keep up! Did the system time change, or is the server overloaded? Running 2542ms behind, skipping 50 tick(s)
[13:27:19] [Server thread/WARN]: Can't keep up! Did the system time change, or is the server overloaded? Running 2853ms behind, skipping 57 tick(s)
[13:47:20] [Server thread/WARN]: Can't keep up! Did the system time change, or is the server overloaded? Running 2600ms behind, skipping 52 tick(s)
[14:42:20] [Server thread/WARN]: Can't keep up! Did the system time change, or is the server overloaded? Running 2536ms behind, skipping 50 tick(s)
[15:37:21] [Server thread/WARN]: Can't keep up! Did the system time change, or is the server overloaded? Running 2401ms behind, skipping 48 tick(s)
[16:27:21] [Server thread/WARN]: Can't keep up! Did the system time change, or is the server overloaded? Running 2552ms behind, skipping 51 tick(s)
[16:27:21] [pool-3-thread-20059/INFO]: [Vault] Checking for Updates ... 
[16:27:22] [pool-3-thread-20059/WARN]: [Vault] Stable Version: 1.5.3 is out! You are still running version: 1.5.0
[16:27:22] [pool-3-thread-20059/WARN]: [Vault] Update at: http://dev.bukkit.org/server-mods/vault
[16:32:22] [Server thread/WARN]: Can't keep up! Did the system time change, or is the server overloaded? Running 2698ms behind, skipping 53 tick(s)
[17:02:22] [Server thread/WARN]: Can't keep up! Did the system time change, or is the server overloaded? Running 2551ms behind, skipping 51 tick(s)
[17:27:23] [Server thread/WARN]: Can't keep up! Did the system time change, or is the server overloaded? Running 2615ms behind, skipping 52 tick(s)
[19:12:23] [Server thread/WARN]: Can't keep up! Did the system time change, or is the server overloaded? Running 2037ms behind, skipping 40 tick(s)
[20:17:24] [Server thread/WARN]: Can't keep up! Did the system time change, or is the server overloaded? Running 2744ms behind, skipping 54 tick(s)
[20:47:24] [Server thread/WARN]: Can't keep up! Did the system time change, or is the server overloaded? Running 2070ms behind, skipping 41 tick(s)
[21:22:24] [Server thread/WARN]: Can't keep up! Did the system time change, or is the server overloaded? Running 2560ms behind, skipping 51 tick(s)
[22:27:24] [pool-3-thread-20168/INFO]: [Vault] Checking for Updates ... 
[22:27:25] [pool-3-thread-20168/WARN]: [Vault] Stable Version: 1.5.3 is out! You are still running version: 1.5.0
[22:27:25] [pool-3-thread-20168/WARN]: [Vault] Update at: http://dev.bukkit.org/server-mods/vault
[22:47:25] [Server thread/WARN]: Can't keep up! Did the system time change, or is the server overloaded? Running 2050ms behind, skipping 41 tick(s)
[22:52:25] [Server thread/WARN]: Can't keep up! Did the system time change, or is the server overloaded? Running 2524ms behind, skipping 50 tick(s)
[22:57:25] [Server thread/WARN]: Can't keep up! Did the system time change, or is the server overloaded? Running 2021ms behind, skipping 40 tick(s)
[23:02:26] [Server thread/WARN]: Can't keep up! Did the system time change, or is the server overloaded? Running 2867ms behind, skipping 57 tick(s)
[23:17:26] [Server thread/WARN]: Can't keep up! Did the system time change, or is the server overloaded? Running 2342ms behind, skipping 46 tick(s)
[23:37:26] [Server thread/WARN]: Can't keep up! Did the system time change, or is the server overloaded? Running 2177ms behind, skipping 43 tick(s)
[23:52:27] [Server thread/WARN]: Can't keep up! Did the system time change, or is the server overloaded? Running 2104ms behind, skipping 42 tick(s)
