[01:09:02] [Server thread/WARN]: Can't keep up! Did the system time change, or is the server overloaded? Running 2005ms behind, skipping 40 tick(s)
[01:29:02] [Server thread/WARN]: Can't keep up! Did the system time change, or is the server overloaded? Running 2599ms behind, skipping 51 tick(s)
[02:09:03] [Server thread/WARN]: Can't keep up! Did the system time change, or is the server overloaded? Running 2582ms behind, skipping 51 tick(s)
[03:24:03] [Server thread/WARN]: Can't keep up! Did the system time change, or is the server overloaded? Running 2769ms behind, skipping 55 tick(s)
[04:04:04] [Server thread/WARN]: Can't keep up! Did the system time change, or is the server overloaded? Running 2596ms behind, skipping 51 tick(s)
[04:29:05] [Server thread/WARN]: Can't keep up! Did the system time change, or is the server overloaded? Running 2620ms behind, skipping 52 tick(s)
[05:59:05] [pool-3-thread-33357/INFO]: [Vault] Checking for Updates ... 
[05:59:05] [pool-3-thread-33357/WARN]: [Vault] Stable Version: 1.5.3 is out! You are still running version: 1.5.0
[05:59:05] [pool-3-thread-33357/WARN]: [Vault] Update at: http://dev.bukkit.org/server-mods/vault
[06:14:05] [Server thread/WARN]: Can't keep up! Did the system time change, or is the server overloaded? Running 2315ms behind, skipping 46 tick(s)
[06:24:05] [Server thread/WARN]: Can't keep up! Did the system time change, or is the server overloaded? Running 2324ms behind, skipping 46 tick(s)
[06:53:36] [User Authenticator #13/INFO]: UUID of player FabboCJ is 71099085-8677-4003-b144-d3ef69961fd4
[06:53:36] [Server thread/INFO]: FabboCJ[/37.46.178.157:54903] logged in with entity id 313812 at ([tutworld] 1428.5534856462282, 66.0, 3161.001944893387)
[06:54:05] [Server thread/WARN]: Can't keep up! Did the system time change, or is the server overloaded? Running 2067ms behind, skipping 41 tick(s)
[06:59:05] [Server thread/WARN]: Can't keep up! Did the system time change, or is the server overloaded? Running 2086ms behind, skipping 41 tick(s)
[07:04:06] [Server thread/WARN]: Can't keep up! Did the system time change, or is the server overloaded? Running 2056ms behind, skipping 41 tick(s)
[07:09:06] [Server thread/WARN]: Can't keep up! Did the system time change, or is the server overloaded? Running 2151ms behind, skipping 43 tick(s)
[07:14:06] [Server thread/WARN]: Can't keep up! Did the system time change, or is the server overloaded? Running 2046ms behind, skipping 40 tick(s)
[07:19:06] [Server thread/WARN]: Can't keep up! Did the system time change, or is the server overloaded? Running 2040ms behind, skipping 40 tick(s)
[07:21:31] [Server thread/INFO]: FabboCJ lost connection: Disconnected
[07:21:31] [Server thread/INFO]: FabboCJ left the game.
[07:54:06] [Server thread/WARN]: Can't keep up! Did the system time change, or is the server overloaded? Running 2252ms behind, skipping 45 tick(s)
[07:59:06] [Server thread/WARN]: Can't keep up! Did the system time change, or is the server overloaded? Running 2021ms behind, skipping 40 tick(s)
[08:04:09] [Server thread/WARN]: Can't keep up! Did the system time change, or is the server overloaded? Running 5156ms behind, skipping 103 tick(s)
[08:09:09] [Server thread/WARN]: Can't keep up! Did the system time change, or is the server overloaded? Running 2109ms behind, skipping 42 tick(s)
[08:29:09] [Server thread/WARN]: Can't keep up! Did the system time change, or is the server overloaded? Running 2021ms behind, skipping 40 tick(s)
[09:04:10] [Server thread/WARN]: Can't keep up! Did the system time change, or is the server overloaded? Running 2763ms behind, skipping 55 tick(s)
[09:44:10] [Server thread/WARN]: Can't keep up! Did the system time change, or is the server overloaded? Running 2165ms behind, skipping 43 tick(s)
[10:04:10] [Server thread/WARN]: Can't keep up! Did the system time change, or is the server overloaded? Running 2174ms behind, skipping 43 tick(s)
[11:54:11] [Server thread/WARN]: Can't keep up! Did the system time change, or is the server overloaded? Running 2617ms behind, skipping 52 tick(s)
[11:59:11] [pool-3-thread-33466/INFO]: [Vault] Checking for Updates ... 
[11:59:12] [pool-3-thread-33466/WARN]: [Vault] Stable Version: 1.5.3 is out! You are still running version: 1.5.0
[11:59:12] [pool-3-thread-33466/WARN]: [Vault] Update at: http://dev.bukkit.org/server-mods/vault
[12:09:12] [Server thread/WARN]: Can't keep up! Did the system time change, or is the server overloaded? Running 2926ms behind, skipping 58 tick(s)
[12:24:13] [Server thread/WARN]: Can't keep up! Did the system time change, or is the server overloaded? Running 2567ms behind, skipping 51 tick(s)
[12:29:13] [Server thread/WARN]: Can't keep up! Did the system time change, or is the server overloaded? Running 2380ms behind, skipping 47 tick(s)
[12:44:13] [Server thread/WARN]: Can't keep up! Did the system time change, or is the server overloaded? Running 2048ms behind, skipping 40 tick(s)
[12:49:13] [Server thread/WARN]: Can't keep up! Did the system time change, or is the server overloaded? Running 2102ms behind, skipping 42 tick(s)
[13:49:14] [Server thread/WARN]: Can't keep up! Did the system time change, or is the server overloaded? Running 2621ms behind, skipping 52 tick(s)
[14:14:14] [Server thread/WARN]: Can't keep up! Did the system time change, or is the server overloaded? Running 2810ms behind, skipping 56 tick(s)
[14:44:15] [Server thread/WARN]: Can't keep up! Did the system time change, or is the server overloaded? Running 2017ms behind, skipping 40 tick(s)
[15:09:15] [Server thread/WARN]: Can't keep up! Did the system time change, or is the server overloaded? Running 2557ms behind, skipping 51 tick(s)
[16:14:15] [Server thread/WARN]: Can't keep up! Did the system time change, or is the server overloaded? Running 2013ms behind, skipping 40 tick(s)
[16:29:17] [Server thread/WARN]: Can't keep up! Did the system time change, or is the server overloaded? Running 3534ms behind, skipping 70 tick(s)
[17:59:16] [pool-3-thread-33575/INFO]: [Vault] Checking for Updates ... 
[17:59:17] [pool-3-thread-33575/WARN]: [Vault] Stable Version: 1.5.3 is out! You are still running version: 1.5.0
[17:59:17] [pool-3-thread-33575/WARN]: [Vault] Update at: http://dev.bukkit.org/server-mods/vault
[18:44:17] [Server thread/WARN]: Can't keep up! Did the system time change, or is the server overloaded? Running 2850ms behind, skipping 57 tick(s)
[18:59:18] [Server thread/WARN]: Can't keep up! Did the system time change, or is the server overloaded? Running 2848ms behind, skipping 56 tick(s)
[19:10:05] [User Authenticator #14/INFO]: UUID of player FabboCJ is 71099085-8677-4003-b144-d3ef69961fd4
[19:10:05] [Server thread/INFO]: FabboCJ[/37.123.157.132:49605] logged in with entity id 318345 at ([tutworld] 1432.2931951993564, 95.0, 3195.7523890251173)
[19:14:18] [Server thread/WARN]: Can't keep up! Did the system time change, or is the server overloaded? Running 2115ms behind, skipping 42 tick(s)
[19:15:46] [Server thread/INFO]: FabboCJ lost connection: Disconnected
[19:15:47] [Server thread/INFO]: FabboCJ left the game.
[19:34:19] [Server thread/WARN]: Can't keep up! Did the system time change, or is the server overloaded? Running 2621ms behind, skipping 52 tick(s)
[21:04:19] [Server thread/WARN]: Can't keep up! Did the system time change, or is the server overloaded? Running 2251ms behind, skipping 45 tick(s)
[23:29:19] [Server thread/WARN]: Can't keep up! Did the system time change, or is the server overloaded? Running 2012ms behind, skipping 40 tick(s)
[23:59:19] [pool-3-thread-33684/INFO]: [Vault] Checking for Updates ... 
[23:59:20] [pool-3-thread-33684/WARN]: [Vault] Stable Version: 1.5.3 is out! You are still running version: 1.5.0
[23:59:20] [pool-3-thread-33684/WARN]: [Vault] Update at: http://dev.bukkit.org/server-mods/vault
