[02:03:04] [Server thread/WARN]: Can't keep up! Did the system time change, or is the server overloaded? Running 2058ms behind, skipping 41 tick(s)
[02:08:04] [Server thread/WARN]: Can't keep up! Did the system time change, or is the server overloaded? Running 2003ms behind, skipping 40 tick(s)
[02:48:04] [Server thread/WARN]: Can't keep up! Did the system time change, or is the server overloaded? Running 2109ms behind, skipping 42 tick(s)
[04:13:04] [Server thread/WARN]: Can't keep up! Did the system time change, or is the server overloaded? Running 2271ms behind, skipping 45 tick(s)
[04:23:04] [pool-3-thread-13301/INFO]: [Vault] Checking for Updates ... 
[04:23:05] [pool-3-thread-13301/WARN]: [Vault] Stable Version: 1.5.3 is out! You are still running version: 1.5.0
[04:23:05] [pool-3-thread-13301/WARN]: [Vault] Update at: http://dev.bukkit.org/server-mods/vault
[07:48:04] [Server thread/WARN]: Can't keep up! Did the system time change, or is the server overloaded? Running 2038ms behind, skipping 40 tick(s)
[07:58:04] [Server thread/WARN]: Can't keep up! Did the system time change, or is the server overloaded? Running 2185ms behind, skipping 43 tick(s)
[08:03:05] [Server thread/WARN]: Can't keep up! Did the system time change, or is the server overloaded? Running 2437ms behind, skipping 48 tick(s)
[08:13:05] [Server thread/WARN]: Can't keep up! Did the system time change, or is the server overloaded? Running 2041ms behind, skipping 40 tick(s)
[10:23:05] [pool-3-thread-13410/INFO]: [Vault] Checking for Updates ... 
[10:23:05] [pool-3-thread-13410/WARN]: [Vault] Stable Version: 1.5.3 is out! You are still running version: 1.5.0
[10:23:05] [pool-3-thread-13410/WARN]: [Vault] Update at: http://dev.bukkit.org/server-mods/vault
[11:48:06] [Server thread/WARN]: Can't keep up! Did the system time change, or is the server overloaded? Running 3210ms behind, skipping 64 tick(s)
[14:48:06] [Server thread/WARN]: Can't keep up! Did the system time change, or is the server overloaded? Running 2064ms behind, skipping 41 tick(s)
[16:23:06] [Server thread/WARN]: Can't keep up! Did the system time change, or is the server overloaded? Running 2226ms behind, skipping 44 tick(s)
[16:23:06] [pool-3-thread-13519/INFO]: [Vault] Checking for Updates ... 
[16:23:07] [pool-3-thread-13519/WARN]: [Vault] Stable Version: 1.5.3 is out! You are still running version: 1.5.0
[16:23:07] [pool-3-thread-13519/WARN]: [Vault] Update at: http://dev.bukkit.org/server-mods/vault
[19:33:07] [Server thread/WARN]: Can't keep up! Did the system time change, or is the server overloaded? Running 2386ms behind, skipping 47 tick(s)
[19:53:07] [Server thread/WARN]: Can't keep up! Did the system time change, or is the server overloaded? Running 2213ms behind, skipping 44 tick(s)
[19:55:14] [pool-3-thread-13581/INFO]: [Metrics] Connection timed out
[20:03:07] [pool-3-thread-13585/INFO]: [Metrics] Server returned HTTP response code: 408 for URL: http://mcstats.org/report/Multiverse-Core
[20:13:07] [pool-3-thread-13589/INFO]: [Metrics] Server returned HTTP response code: 408 for URL: http://mcstats.org/report/Multiverse-Core
[21:18:08] [Server thread/WARN]: Can't keep up! Did the system time change, or is the server overloaded? Running 2884ms behind, skipping 57 tick(s)
[21:33:08] [Server thread/WARN]: Can't keep up! Did the system time change, or is the server overloaded? Running 2099ms behind, skipping 41 tick(s)
[21:48:08] [Server thread/WARN]: Can't keep up! Did the system time change, or is the server overloaded? Running 2143ms behind, skipping 42 tick(s)
[22:03:08] [Server thread/WARN]: Can't keep up! Did the system time change, or is the server overloaded? Running 2086ms behind, skipping 41 tick(s)
[22:18:08] [Server thread/WARN]: Can't keep up! Did the system time change, or is the server overloaded? Running 2271ms behind, skipping 45 tick(s)
[22:23:08] [pool-3-thread-13628/INFO]: [Vault] Checking for Updates ... 
[22:23:09] [pool-3-thread-13628/WARN]: [Vault] Stable Version: 1.5.3 is out! You are still running version: 1.5.0
[22:23:09] [pool-3-thread-13628/WARN]: [Vault] Update at: http://dev.bukkit.org/server-mods/vault
[22:33:08] [Server thread/WARN]: Can't keep up! Did the system time change, or is the server overloaded? Running 2067ms behind, skipping 41 tick(s)
[22:43:09] [Server thread/WARN]: Can't keep up! Did the system time change, or is the server overloaded? Running 2351ms behind, skipping 47 tick(s)
[22:48:10] [Server thread/WARN]: Can't keep up! Did the system time change, or is the server overloaded? Running 3351ms behind, skipping 67 tick(s)
[22:58:10] [Server thread/WARN]: Can't keep up! Did the system time change, or is the server overloaded? Running 2107ms behind, skipping 42 tick(s)
[23:03:10] [Server thread/WARN]: Can't keep up! Did the system time change, or is the server overloaded? Running 2009ms behind, skipping 40 tick(s)
