[00:02:52] [pool-3-thread-36736/INFO]: [Vault] Checking for Updates ... 
[00:02:53] [pool-3-thread-36736/WARN]: [Vault] Stable Version: 1.5.3 is out! You are still running version: 1.5.0
[00:02:53] [pool-3-thread-36736/WARN]: [Vault] Update at: http://dev.bukkit.org/server-mods/vault
[02:02:52] [Server thread/WARN]: Can't keep up! Did the system time change, or is the server overloaded? Running 2069ms behind, skipping 41 tick(s)
[02:07:53] [Server thread/WARN]: Can't keep up! Did the system time change, or is the server overloaded? Running 2638ms behind, skipping 52 tick(s)
[02:22:53] [Server thread/WARN]: Can't keep up! Did the system time change, or is the server overloaded? Running 2620ms behind, skipping 52 tick(s)
[02:32:53] [Server thread/WARN]: Can't keep up! Did the system time change, or is the server overloaded? Running 2058ms behind, skipping 41 tick(s)
[03:22:54] [Server thread/WARN]: Can't keep up! Did the system time change, or is the server overloaded? Running 2519ms behind, skipping 50 tick(s)
[03:47:54] [Server thread/WARN]: Can't keep up! Did the system time change, or is the server overloaded? Running 2080ms behind, skipping 41 tick(s)
[04:37:55] [Server thread/WARN]: Can't keep up! Did the system time change, or is the server overloaded? Running 2548ms behind, skipping 50 tick(s)
[06:02:54] [pool-3-thread-36845/INFO]: [Vault] Checking for Updates ... 
[06:02:55] [pool-3-thread-36845/WARN]: [Vault] Stable Version: 1.5.3 is out! You are still running version: 1.5.0
[06:02:55] [pool-3-thread-36845/WARN]: [Vault] Update at: http://dev.bukkit.org/server-mods/vault
[07:52:59] [Server thread/WARN]: Can't keep up! Did the system time change, or is the server overloaded? Running 6702ms behind, skipping 134 tick(s)
[09:38:00] [Server thread/WARN]: Can't keep up! Did the system time change, or is the server overloaded? Running 2783ms behind, skipping 55 tick(s)
[09:48:00] [Server thread/WARN]: Can't keep up! Did the system time change, or is the server overloaded? Running 2040ms behind, skipping 40 tick(s)
[09:53:00] [Server thread/WARN]: Can't keep up! Did the system time change, or is the server overloaded? Running 2120ms behind, skipping 42 tick(s)
[10:28:01] [Server thread/WARN]: Can't keep up! Did the system time change, or is the server overloaded? Running 2558ms behind, skipping 51 tick(s)
[11:03:02] [Server thread/WARN]: Can't keep up! Did the system time change, or is the server overloaded? Running 2698ms behind, skipping 53 tick(s)
[11:54:02] [pool-3-thread-36951/INFO]: [Metrics] Server returned HTTP response code: 504 for URL: http://mcstats.org/report/Multiverse-Core
[12:03:02] [Server thread/WARN]: Can't keep up! Did the system time change, or is the server overloaded? Running 2023ms behind, skipping 40 tick(s)
[12:03:02] [pool-3-thread-36954/INFO]: [Vault] Checking for Updates ... 
[12:03:03] [pool-3-thread-36954/WARN]: [Vault] Stable Version: 1.5.3 is out! You are still running version: 1.5.0
[12:03:03] [pool-3-thread-36954/WARN]: [Vault] Update at: http://dev.bukkit.org/server-mods/vault
[14:13:02] [Server thread/WARN]: Can't keep up! Did the system time change, or is the server overloaded? Running 2654ms behind, skipping 53 tick(s)
[14:43:03] [Server thread/WARN]: Can't keep up! Did the system time change, or is the server overloaded? Running 2763ms behind, skipping 55 tick(s)
[15:08:04] [Server thread/WARN]: Can't keep up! Did the system time change, or is the server overloaded? Running 2797ms behind, skipping 55 tick(s)
[15:48:04] [Server thread/WARN]: Can't keep up! Did the system time change, or is the server overloaded? Running 2096ms behind, skipping 41 tick(s)
[16:08:05] [Server thread/WARN]: Can't keep up! Did the system time change, or is the server overloaded? Running 2803ms behind, skipping 56 tick(s)
[16:54:05] [pool-3-thread-37042/INFO]: [Metrics] Server returned HTTP response code: 504 for URL: http://mcstats.org/report/Multiverse-Core
[17:33:05] [Server thread/WARN]: Can't keep up! Did the system time change, or is the server overloaded? Running 2577ms behind, skipping 51 tick(s)
[17:53:36] [pool-3-thread-37060/INFO]: [Metrics] Server returned HTTP response code: 408 for URL: http://mcstats.org/report/Multiverse-Core
[18:03:05] [pool-3-thread-37063/INFO]: [Vault] Checking for Updates ... 
[18:03:05] [pool-3-thread-37061/INFO]: [Metrics] Server returned HTTP response code: 408 for URL: http://mcstats.org/report/Multiverse-Core
[18:03:06] [pool-3-thread-37063/WARN]: [Vault] Stable Version: 1.5.3 is out! You are still running version: 1.5.0
[18:03:06] [pool-3-thread-37063/WARN]: [Vault] Update at: http://dev.bukkit.org/server-mods/vault
[18:08:07] [Server thread/WARN]: Can't keep up! Did the system time change, or is the server overloaded? Running 3333ms behind, skipping 66 tick(s)
[18:13:07] [Server thread/WARN]: Can't keep up! Did the system time change, or is the server overloaded? Running 2112ms behind, skipping 42 tick(s)
[18:18:07] [Server thread/WARN]: Can't keep up! Did the system time change, or is the server overloaded? Running 2302ms behind, skipping 46 tick(s)
[18:23:07] [Server thread/WARN]: Can't keep up! Did the system time change, or is the server overloaded? Running 2043ms behind, skipping 40 tick(s)
[18:33:07] [Server thread/WARN]: Can't keep up! Did the system time change, or is the server overloaded? Running 2310ms behind, skipping 46 tick(s)
[18:38:08] [Server thread/WARN]: Can't keep up! Did the system time change, or is the server overloaded? Running 2214ms behind, skipping 44 tick(s)
[18:43:08] [Server thread/WARN]: Can't keep up! Did the system time change, or is the server overloaded? Running 2069ms behind, skipping 41 tick(s)
[18:48:09] [Server thread/WARN]: Can't keep up! Did the system time change, or is the server overloaded? Running 3723ms behind, skipping 74 tick(s)
[18:53:09] [Server thread/WARN]: Can't keep up! Did the system time change, or is the server overloaded? Running 2078ms behind, skipping 41 tick(s)
[19:03:10] [Server thread/WARN]: Can't keep up! Did the system time change, or is the server overloaded? Running 2559ms behind, skipping 51 tick(s)
[19:23:11] [Server thread/WARN]: Can't keep up! Did the system time change, or is the server overloaded? Running 2649ms behind, skipping 52 tick(s)
[19:43:11] [Server thread/WARN]: Can't keep up! Did the system time change, or is the server overloaded? Running 2537ms behind, skipping 50 tick(s)
[19:58:12] [Server thread/WARN]: Can't keep up! Did the system time change, or is the server overloaded? Running 2565ms behind, skipping 51 tick(s)
[20:38:12] [Server thread/WARN]: Can't keep up! Did the system time change, or is the server overloaded? Running 2061ms behind, skipping 41 tick(s)
[20:43:12] [Server thread/WARN]: Can't keep up! Did the system time change, or is the server overloaded? Running 2092ms behind, skipping 41 tick(s)
[20:53:12] [Server thread/WARN]: Can't keep up! Did the system time change, or is the server overloaded? Running 2550ms behind, skipping 51 tick(s)
[21:23:13] [Server thread/WARN]: Can't keep up! Did the system time change, or is the server overloaded? Running 2544ms behind, skipping 50 tick(s)
[22:13:14] [Server thread/WARN]: Can't keep up! Did the system time change, or is the server overloaded? Running 2545ms behind, skipping 50 tick(s)
[23:23:14] [Server thread/WARN]: Can't keep up! Did the system time change, or is the server overloaded? Running 2512ms behind, skipping 50 tick(s)
