[00:21:13] [Server thread/WARN]: Can't keep up! Did the system time change, or is the server overloaded? Running 2256ms behind, skipping 45 tick(s)
[00:26:13] [Server thread/WARN]: Can't keep up! Did the system time change, or is the server overloaded? Running 2052ms behind, skipping 41 tick(s)
[00:31:14] [Server thread/WARN]: Can't keep up! Did the system time change, or is the server overloaded? Running 2741ms behind, skipping 54 tick(s)
[00:36:14] [Server thread/WARN]: Can't keep up! Did the system time change, or is the server overloaded? Running 2037ms behind, skipping 40 tick(s)
[00:41:14] [Server thread/WARN]: Can't keep up! Did the system time change, or is the server overloaded? Running 2274ms behind, skipping 45 tick(s)
[00:46:14] [Server thread/WARN]: Can't keep up! Did the system time change, or is the server overloaded? Running 2294ms behind, skipping 45 tick(s)
[00:51:15] [Server thread/WARN]: Can't keep up! Did the system time change, or is the server overloaded? Running 2472ms behind, skipping 49 tick(s)
[00:56:15] [Server thread/WARN]: Can't keep up! Did the system time change, or is the server overloaded? Running 2303ms behind, skipping 46 tick(s)
[01:01:16] [Server thread/WARN]: Can't keep up! Did the system time change, or is the server overloaded? Running 2559ms behind, skipping 51 tick(s)
[01:06:16] [Server thread/WARN]: Can't keep up! Did the system time change, or is the server overloaded? Running 2508ms behind, skipping 50 tick(s)
[01:11:16] [Server thread/WARN]: Can't keep up! Did the system time change, or is the server overloaded? Running 2307ms behind, skipping 46 tick(s)
[01:16:17] [Server thread/WARN]: Can't keep up! Did the system time change, or is the server overloaded? Running 2179ms behind, skipping 43 tick(s)
[01:21:18] [Server thread/WARN]: Can't keep up! Did the system time change, or is the server overloaded? Running 3153ms behind, skipping 63 tick(s)
[01:26:18] [Server thread/WARN]: Can't keep up! Did the system time change, or is the server overloaded? Running 2049ms behind, skipping 40 tick(s)
[01:31:18] [Server thread/WARN]: Can't keep up! Did the system time change, or is the server overloaded? Running 2038ms behind, skipping 40 tick(s)
[01:36:18] [Server thread/WARN]: Can't keep up! Did the system time change, or is the server overloaded? Running 2212ms behind, skipping 44 tick(s)
[01:51:18] [Server thread/WARN]: Can't keep up! Did the system time change, or is the server overloaded? Running 2196ms behind, skipping 43 tick(s)
[01:56:18] [Server thread/WARN]: Can't keep up! Did the system time change, or is the server overloaded? Running 2194ms behind, skipping 43 tick(s)
[02:01:19] [Server thread/WARN]: Can't keep up! Did the system time change, or is the server overloaded? Running 2059ms behind, skipping 41 tick(s)
[02:06:20] [Server thread/WARN]: Can't keep up! Did the system time change, or is the server overloaded? Running 3550ms behind, skipping 71 tick(s)
[02:11:20] [Server thread/WARN]: Can't keep up! Did the system time change, or is the server overloaded? Running 2406ms behind, skipping 48 tick(s)
[02:16:21] [Server thread/WARN]: Can't keep up! Did the system time change, or is the server overloaded? Running 2716ms behind, skipping 54 tick(s)
[02:21:22] [Server thread/WARN]: Can't keep up! Did the system time change, or is the server overloaded? Running 2519ms behind, skipping 50 tick(s)
[02:51:22] [Server thread/WARN]: Can't keep up! Did the system time change, or is the server overloaded? Running 2045ms behind, skipping 40 tick(s)
[04:16:21] [pool-3-thread-3709/INFO]: [Vault] Checking for Updates ... 
[04:16:22] [pool-3-thread-3709/WARN]: [Vault] Stable Version: 1.5.2 is out! You are still running version: 1.5.0
[04:16:22] [pool-3-thread-3709/WARN]: [Vault] Update at: http://dev.bukkit.org/server-mods/vault
[05:36:22] [Server thread/WARN]: Can't keep up! Did the system time change, or is the server overloaded? Running 2011ms behind, skipping 40 tick(s)
[07:26:22] [Server thread/WARN]: Can't keep up! Did the system time change, or is the server overloaded? Running 2036ms behind, skipping 40 tick(s)
[07:46:22] [Server thread/WARN]: Can't keep up! Did the system time change, or is the server overloaded? Running 2150ms behind, skipping 43 tick(s)
[07:51:22] [Server thread/WARN]: Can't keep up! Did the system time change, or is the server overloaded? Running 2060ms behind, skipping 41 tick(s)
[08:06:22] [Server thread/WARN]: Can't keep up! Did the system time change, or is the server overloaded? Running 2006ms behind, skipping 40 tick(s)
[08:21:22] [Server thread/WARN]: Can't keep up! Did the system time change, or is the server overloaded? Running 2012ms behind, skipping 40 tick(s)
[08:41:22] [Server thread/WARN]: Can't keep up! Did the system time change, or is the server overloaded? Running 2029ms behind, skipping 40 tick(s)
[08:51:22] [Server thread/WARN]: Can't keep up! Did the system time change, or is the server overloaded? Running 2081ms behind, skipping 41 tick(s)
[09:36:22] [Server thread/WARN]: Can't keep up! Did the system time change, or is the server overloaded? Running 2146ms behind, skipping 42 tick(s)
[09:41:22] [Server thread/WARN]: Can't keep up! Did the system time change, or is the server overloaded? Running 2126ms behind, skipping 42 tick(s)
[09:46:23] [Server thread/WARN]: Can't keep up! Did the system time change, or is the server overloaded? Running 2302ms behind, skipping 46 tick(s)
[09:51:23] [Server thread/WARN]: Can't keep up! Did the system time change, or is the server overloaded? Running 2356ms behind, skipping 47 tick(s)
[09:56:23] [Server thread/WARN]: Can't keep up! Did the system time change, or is the server overloaded? Running 2237ms behind, skipping 44 tick(s)
[10:01:24] [Server thread/WARN]: Can't keep up! Did the system time change, or is the server overloaded? Running 2370ms behind, skipping 47 tick(s)
[10:06:24] [Server thread/WARN]: Can't keep up! Did the system time change, or is the server overloaded? Running 2426ms behind, skipping 48 tick(s)
[10:11:24] [Server thread/WARN]: Can't keep up! Did the system time change, or is the server overloaded? Running 2318ms behind, skipping 46 tick(s)
[10:16:25] [Server thread/WARN]: Can't keep up! Did the system time change, or is the server overloaded? Running 2332ms behind, skipping 46 tick(s)
[10:16:25] [pool-3-thread-3818/INFO]: [Vault] Checking for Updates ... 
[10:16:25] [pool-3-thread-3818/WARN]: [Vault] Stable Version: 1.5.2 is out! You are still running version: 1.5.0
[10:16:25] [pool-3-thread-3818/WARN]: [Vault] Update at: http://dev.bukkit.org/server-mods/vault
[10:21:25] [Server thread/WARN]: Can't keep up! Did the system time change, or is the server overloaded? Running 2420ms behind, skipping 48 tick(s)
[10:26:25] [Server thread/WARN]: Can't keep up! Did the system time change, or is the server overloaded? Running 2103ms behind, skipping 42 tick(s)
[10:31:26] [Server thread/WARN]: Can't keep up! Did the system time change, or is the server overloaded? Running 2598ms behind, skipping 51 tick(s)
[10:36:26] [Server thread/WARN]: Can't keep up! Did the system time change, or is the server overloaded? Running 2424ms behind, skipping 48 tick(s)
[10:41:26] [Server thread/WARN]: Can't keep up! Did the system time change, or is the server overloaded? Running 2158ms behind, skipping 43 tick(s)
[10:46:27] [Server thread/WARN]: Can't keep up! Did the system time change, or is the server overloaded? Running 2487ms behind, skipping 49 tick(s)
[10:51:27] [Server thread/WARN]: Can't keep up! Did the system time change, or is the server overloaded? Running 2406ms behind, skipping 48 tick(s)
[10:56:28] [Server thread/WARN]: Can't keep up! Did the system time change, or is the server overloaded? Running 2248ms behind, skipping 44 tick(s)
[11:01:28] [Server thread/WARN]: Can't keep up! Did the system time change, or is the server overloaded? Running 2227ms behind, skipping 44 tick(s)
[11:06:28] [Server thread/WARN]: Can't keep up! Did the system time change, or is the server overloaded? Running 2534ms behind, skipping 50 tick(s)
[11:11:29] [Server thread/WARN]: Can't keep up! Did the system time change, or is the server overloaded? Running 2277ms behind, skipping 45 tick(s)
[11:16:29] [Server thread/WARN]: Can't keep up! Did the system time change, or is the server overloaded? Running 2112ms behind, skipping 42 tick(s)
[11:21:30] [Server thread/WARN]: Can't keep up! Did the system time change, or is the server overloaded? Running 3093ms behind, skipping 61 tick(s)
[11:26:30] [Server thread/WARN]: Can't keep up! Did the system time change, or is the server overloaded? Running 2430ms behind, skipping 48 tick(s)
[11:31:30] [Server thread/WARN]: Can't keep up! Did the system time change, or is the server overloaded? Running 2244ms behind, skipping 44 tick(s)
[11:36:31] [Server thread/WARN]: Can't keep up! Did the system time change, or is the server overloaded? Running 2380ms behind, skipping 47 tick(s)
[11:46:31] [Server thread/WARN]: Can't keep up! Did the system time change, or is the server overloaded? Running 2109ms behind, skipping 42 tick(s)
[11:51:31] [Server thread/WARN]: Can't keep up! Did the system time change, or is the server overloaded? Running 2316ms behind, skipping 46 tick(s)
[12:41:32] [Server thread/WARN]: Can't keep up! Did the system time change, or is the server overloaded? Running 2626ms behind, skipping 52 tick(s)
[12:51:32] [Server thread/WARN]: Can't keep up! Did the system time change, or is the server overloaded? Running 2078ms behind, skipping 41 tick(s)
[12:56:32] [Server thread/WARN]: Can't keep up! Did the system time change, or is the server overloaded? Running 2009ms behind, skipping 40 tick(s)
[13:31:32] [Server thread/WARN]: Can't keep up! Did the system time change, or is the server overloaded? Running 2001ms behind, skipping 40 tick(s)
[13:36:32] [Server thread/WARN]: Can't keep up! Did the system time change, or is the server overloaded? Running 2168ms behind, skipping 43 tick(s)
[13:51:32] [Server thread/WARN]: Can't keep up! Did the system time change, or is the server overloaded? Running 2071ms behind, skipping 41 tick(s)
[14:26:32] [Server thread/WARN]: Can't keep up! Did the system time change, or is the server overloaded? Running 2015ms behind, skipping 40 tick(s)
[14:51:32] [Server thread/WARN]: Can't keep up! Did the system time change, or is the server overloaded? Running 2089ms behind, skipping 41 tick(s)
[14:56:32] [Server thread/WARN]: Can't keep up! Did the system time change, or is the server overloaded? Running 2029ms behind, skipping 40 tick(s)
[16:01:32] [Server thread/WARN]: Can't keep up! Did the system time change, or is the server overloaded? Running 2001ms behind, skipping 40 tick(s)
[16:16:32] [pool-3-thread-3927/INFO]: [Vault] Checking for Updates ... 
[16:16:33] [pool-3-thread-3927/WARN]: [Vault] Stable Version: 1.5.2 is out! You are still running version: 1.5.0
[16:16:33] [pool-3-thread-3927/WARN]: [Vault] Update at: http://dev.bukkit.org/server-mods/vault
[16:31:33] [Server thread/WARN]: Can't keep up! Did the system time change, or is the server overloaded? Running 2168ms behind, skipping 43 tick(s)
[17:36:33] [Server thread/WARN]: Can't keep up! Did the system time change, or is the server overloaded? Running 2271ms behind, skipping 45 tick(s)
[19:26:34] [Server thread/WARN]: Can't keep up! Did the system time change, or is the server overloaded? Running 3232ms behind, skipping 64 tick(s)
[20:41:34] [Server thread/WARN]: Can't keep up! Did the system time change, or is the server overloaded? Running 2054ms behind, skipping 41 tick(s)
[20:46:34] [Server thread/WARN]: Can't keep up! Did the system time change, or is the server overloaded? Running 2037ms behind, skipping 40 tick(s)
[20:51:34] [Server thread/WARN]: Can't keep up! Did the system time change, or is the server overloaded? Running 2055ms behind, skipping 41 tick(s)
[20:56:34] [Server thread/WARN]: Can't keep up! Did the system time change, or is the server overloaded? Running 2102ms behind, skipping 42 tick(s)
[21:01:35] [Server thread/WARN]: Can't keep up! Did the system time change, or is the server overloaded? Running 2275ms behind, skipping 45 tick(s)
[21:06:35] [Server thread/WARN]: Can't keep up! Did the system time change, or is the server overloaded? Running 2014ms behind, skipping 40 tick(s)
[21:51:35] [Server thread/WARN]: Can't keep up! Did the system time change, or is the server overloaded? Running 2021ms behind, skipping 40 tick(s)
[22:06:35] [Server thread/WARN]: Can't keep up! Did the system time change, or is the server overloaded? Running 2156ms behind, skipping 43 tick(s)
[22:11:38] [Server thread/WARN]: Can't keep up! Did the system time change, or is the server overloaded? Running 4897ms behind, skipping 97 tick(s)
[22:16:39] [Server thread/WARN]: Can't keep up! Did the system time change, or is the server overloaded? Running 3667ms behind, skipping 73 tick(s)
[22:16:39] [pool-3-thread-4036/INFO]: [Vault] Checking for Updates ... 
[22:16:40] [pool-3-thread-4036/WARN]: [Vault] Stable Version: 1.5.2 is out! You are still running version: 1.5.0
[22:16:40] [pool-3-thread-4036/WARN]: [Vault] Update at: http://dev.bukkit.org/server-mods/vault
[22:21:41] [Server thread/WARN]: Can't keep up! Did the system time change, or is the server overloaded? Running 3906ms behind, skipping 78 tick(s)
[22:26:43] [Server thread/WARN]: Can't keep up! Did the system time change, or is the server overloaded? Running 3889ms behind, skipping 77 tick(s)
[22:31:46] [Server thread/WARN]: Can't keep up! Did the system time change, or is the server overloaded? Running 4397ms behind, skipping 87 tick(s)
[22:36:47] [Server thread/WARN]: Can't keep up! Did the system time change, or is the server overloaded? Running 3160ms behind, skipping 63 tick(s)
[22:41:48] [Server thread/WARN]: Can't keep up! Did the system time change, or is the server overloaded? Running 3603ms behind, skipping 72 tick(s)
[22:46:50] [Server thread/WARN]: Can't keep up! Did the system time change, or is the server overloaded? Running 3323ms behind, skipping 66 tick(s)
[22:51:50] [Server thread/WARN]: Can't keep up! Did the system time change, or is the server overloaded? Running 2621ms behind, skipping 52 tick(s)
[22:56:51] [Server thread/WARN]: Can't keep up! Did the system time change, or is the server overloaded? Running 2425ms behind, skipping 48 tick(s)
[23:01:52] [Server thread/WARN]: Can't keep up! Did the system time change, or is the server overloaded? Running 3816ms behind, skipping 76 tick(s)
[23:06:55] [Server thread/WARN]: Can't keep up! Did the system time change, or is the server overloaded? Running 4436ms behind, skipping 88 tick(s)
[23:07:20] [pool-3-thread-4052/INFO]: [Metrics] mcstats.org
[23:11:57] [Server thread/WARN]: Can't keep up! Did the system time change, or is the server overloaded? Running 3888ms behind, skipping 77 tick(s)
[23:17:00] [Server thread/WARN]: Can't keep up! Did the system time change, or is the server overloaded? Running 5031ms behind, skipping 100 tick(s)
[23:17:25] [pool-3-thread-4053/INFO]: [Metrics] mcstats.org
[23:22:03] [Server thread/WARN]: Can't keep up! Did the system time change, or is the server overloaded? Running 5272ms behind, skipping 105 tick(s)
[23:27:06] [Server thread/WARN]: Can't keep up! Did the system time change, or is the server overloaded? Running 4742ms behind, skipping 94 tick(s)
[23:32:09] [Server thread/WARN]: Can't keep up! Did the system time change, or is the server overloaded? Running 5068ms behind, skipping 101 tick(s)
[23:37:11] [Server thread/WARN]: Can't keep up! Did the system time change, or is the server overloaded? Running 4043ms behind, skipping 80 tick(s)
[23:42:14] [Server thread/WARN]: Can't keep up! Did the system time change, or is the server overloaded? Running 4607ms behind, skipping 92 tick(s)
[23:47:16] [Server thread/WARN]: Can't keep up! Did the system time change, or is the server overloaded? Running 4096ms behind, skipping 81 tick(s)
[23:52:19] [Server thread/WARN]: Can't keep up! Did the system time change, or is the server overloaded? Running 5036ms behind, skipping 100 tick(s)
[23:57:19] [Server thread/WARN]: Can't keep up! Did the system time change, or is the server overloaded? Running 2224ms behind, skipping 44 tick(s)
