[00:58:16] [Server thread/WARN]: Can't keep up! Did the system time change, or is the server overloaded? Running 2011ms behind, skipping 40 tick(s)
[01:13:16] [Server thread/WARN]: Can't keep up! Did the system time change, or is the server overloaded? Running 2031ms behind, skipping 40 tick(s)
[01:23:16] [Server thread/WARN]: Can't keep up! Did the system time change, or is the server overloaded? Running 2005ms behind, skipping 40 tick(s)
[02:03:17] [Server thread/WARN]: Can't keep up! Did the system time change, or is the server overloaded? Running 2336ms behind, skipping 46 tick(s)
[04:18:16] [pool-3-thread-6325/INFO]: [Vault] Checking for Updates ... 
[04:18:17] [pool-3-thread-6325/WARN]: [Vault] Stable Version: 1.5.2 is out! You are still running version: 1.5.0
[04:18:17] [pool-3-thread-6325/WARN]: [Vault] Update at: http://dev.bukkit.org/server-mods/vault
[04:53:17] [Server thread/WARN]: Can't keep up! Did the system time change, or is the server overloaded? Running 2494ms behind, skipping 49 tick(s)
[05:48:17] [Server thread/WARN]: Can't keep up! Did the system time change, or is the server overloaded? Running 2023ms behind, skipping 40 tick(s)
[05:58:17] [pool-3-thread-6355/INFO]: [Metrics] Server returned HTTP response code: 408 for URL: http://mcstats.org/report/Multiverse-Core
[06:08:17] [pool-3-thread-6359/INFO]: [Metrics] Server returned HTTP response code: 408 for URL: http://mcstats.org/report/Multiverse-Core
[06:20:24] [pool-3-thread-6360/INFO]: [Metrics] Connection timed out
[06:30:24] [pool-3-thread-6364/INFO]: [Metrics] Connection timed out
[06:40:24] [pool-3-thread-6368/INFO]: [Metrics] Connection timed out
[06:50:24] [pool-3-thread-6369/INFO]: [Metrics] Connection timed out
[07:00:24] [pool-3-thread-6373/INFO]: [Metrics] Connection timed out
[07:10:24] [pool-3-thread-6377/INFO]: [Metrics] Connection timed out
[07:20:24] [pool-3-thread-6378/INFO]: [Metrics] Connection timed out
[07:30:24] [pool-3-thread-6382/INFO]: [Metrics] Connection timed out
[07:40:24] [pool-3-thread-6386/INFO]: [Metrics] Connection timed out
[07:50:24] [pool-3-thread-6387/INFO]: [Metrics] Connection timed out
[07:58:22] [Server thread/WARN]: Can't keep up! Did the system time change, or is the server overloaded? Running 7244ms behind, skipping 144 tick(s)
[08:00:30] [pool-3-thread-6391/INFO]: [Metrics] Connection timed out
[08:10:30] [pool-3-thread-6395/INFO]: [Metrics] Connection timed out
[08:20:29] [pool-3-thread-6396/INFO]: [Metrics] Connection timed out
[08:30:30] [pool-3-thread-6400/INFO]: [Metrics] Connection timed out
[08:38:22] [pool-3-thread-6404/INFO]: [Metrics] Server returned HTTP response code: 408 for URL: http://mcstats.org/report/Multiverse-Core
[08:48:23] [Server thread/WARN]: Can't keep up! Did the system time change, or is the server overloaded? Running 2846ms behind, skipping 56 tick(s)
[08:50:31] [pool-3-thread-6405/INFO]: [Metrics] Connection timed out
[08:53:23] [Server thread/WARN]: Can't keep up! Did the system time change, or is the server overloaded? Running 2173ms behind, skipping 43 tick(s)
[09:08:23] [pool-3-thread-6413/INFO]: [Metrics] Server returned HTTP response code: 408 for URL: http://mcstats.org/report/Multiverse-Core
[09:15:36] [pool-3-thread-6409/INFO]: [Metrics] Server returned HTTP response code: 408 for URL: http://mcstats.org/report/Multiverse-Core
[09:20:31] [pool-3-thread-6414/INFO]: [Metrics] Connection timed out
[09:28:23] [pool-3-thread-6418/INFO]: [Metrics] Server returned HTTP response code: 408 for URL: http://mcstats.org/report/Multiverse-Core
[09:30:40] [Server thread/WARN]: Can't keep up! Did the system time change, or is the server overloaded? Running 6400ms behind, skipping 128 tick(s)
[09:33:28] [Server thread/WARN]: Can't keep up! Did the system time change, or is the server overloaded? Running 2015ms behind, skipping 40 tick(s)
[09:38:28] [Server thread/WARN]: Can't keep up! Did the system time change, or is the server overloaded? Running 2077ms behind, skipping 41 tick(s)
[09:38:28] [pool-3-thread-6422/INFO]: [Metrics] Server returned HTTP response code: 408 for URL: http://mcstats.org/report/Multiverse-Core
[09:43:28] [Server thread/WARN]: Can't keep up! Did the system time change, or is the server overloaded? Running 2244ms behind, skipping 44 tick(s)
[09:48:28] [Server thread/WARN]: Can't keep up! Did the system time change, or is the server overloaded? Running 2019ms behind, skipping 40 tick(s)
[09:50:35] [pool-3-thread-6423/INFO]: [Metrics] Connection timed out
[10:00:35] [pool-3-thread-6427/INFO]: [Metrics] Connection timed out
[10:10:35] [pool-3-thread-6431/INFO]: [Metrics] Connection timed out
[10:13:28] [Server thread/WARN]: Can't keep up! Did the system time change, or is the server overloaded? Running 2153ms behind, skipping 43 tick(s)
[10:18:28] [pool-3-thread-6434/INFO]: [Vault] Checking for Updates ... 
[10:18:29] [pool-3-thread-6434/WARN]: [Vault] Stable Version: 1.5.2 is out! You are still running version: 1.5.0
[10:18:29] [pool-3-thread-6434/WARN]: [Vault] Update at: http://dev.bukkit.org/server-mods/vault
[10:20:35] [pool-3-thread-6432/INFO]: [Metrics] Connection timed out
[10:30:35] [pool-3-thread-6437/INFO]: [Metrics] Connection timed out
[10:38:29] [Server thread/WARN]: Can't keep up! Did the system time change, or is the server overloaded? Running 2297ms behind, skipping 45 tick(s)
[10:40:36] [pool-3-thread-6441/INFO]: [Metrics] Connection timed out
[10:48:29] [Server thread/WARN]: Can't keep up! Did the system time change, or is the server overloaded? Running 2012ms behind, skipping 40 tick(s)
[10:50:36] [pool-3-thread-6442/INFO]: [Metrics] Connection timed out
[10:59:54] [Server thread/WARN]: Can't keep up! Did the system time change, or is the server overloaded? Running 2032ms behind, skipping 40 tick(s)
[11:00:36] [pool-3-thread-6446/INFO]: [Metrics] Connection timed out
[11:10:36] [pool-3-thread-6450/INFO]: [Metrics] Connection timed out
[11:13:29] [Server thread/WARN]: Can't keep up! Did the system time change, or is the server overloaded? Running 2117ms behind, skipping 42 tick(s)
[11:20:36] [pool-3-thread-6451/INFO]: [Metrics] Connection timed out
[11:30:36] [pool-3-thread-6455/INFO]: [Metrics] Connection timed out
[11:40:36] [pool-3-thread-6459/INFO]: [Metrics] Connection timed out
[11:50:36] [pool-3-thread-6460/INFO]: [Metrics] Connection timed out
[11:58:29] [Server thread/WARN]: Can't keep up! Did the system time change, or is the server overloaded? Running 2071ms behind, skipping 41 tick(s)
[12:00:36] [pool-3-thread-6464/INFO]: [Metrics] Connection timed out
[12:10:36] [pool-3-thread-6468/INFO]: [Metrics] Connection timed out
[12:20:36] [pool-3-thread-6469/INFO]: [Metrics] Connection timed out
[12:30:36] [pool-3-thread-6473/INFO]: [Metrics] Connection timed out
[12:40:36] [pool-3-thread-6477/INFO]: [Metrics] Connection timed out
[12:43:29] [Server thread/WARN]: Can't keep up! Did the system time change, or is the server overloaded? Running 2071ms behind, skipping 41 tick(s)
[12:48:29] [Server thread/WARN]: Can't keep up! Did the system time change, or is the server overloaded? Running 2039ms behind, skipping 40 tick(s)
[12:48:29] [pool-3-thread-6478/INFO]: [Metrics] Server returned HTTP response code: 408 for URL: http://mcstats.org/report/Multiverse-Core
[12:53:29] [Server thread/WARN]: Can't keep up! Did the system time change, or is the server overloaded? Running 2137ms behind, skipping 42 tick(s)
[12:58:29] [Server thread/WARN]: Can't keep up! Did the system time change, or is the server overloaded? Running 2011ms behind, skipping 40 tick(s)
[13:00:36] [pool-3-thread-6482/INFO]: [Metrics] Connection timed out
[13:10:36] [pool-3-thread-6486/INFO]: [Metrics] Connection timed out
[13:13:29] [Server thread/WARN]: Can't keep up! Did the system time change, or is the server overloaded? Running 2053ms behind, skipping 41 tick(s)
[13:20:36] [pool-3-thread-6487/INFO]: [Metrics] Connection timed out
[13:30:36] [pool-3-thread-6491/INFO]: [Metrics] Connection timed out
[13:40:36] [pool-3-thread-6495/INFO]: [Metrics] Connection timed out
[13:48:29] [Server thread/WARN]: Can't keep up! Did the system time change, or is the server overloaded? Running 2219ms behind, skipping 44 tick(s)
[13:50:37] [pool-3-thread-6496/INFO]: [Metrics] Connection timed out
[13:53:29] [Server thread/WARN]: Can't keep up! Did the system time change, or is the server overloaded? Running 2002ms behind, skipping 40 tick(s)
[13:58:29] [Server thread/WARN]: Can't keep up! Did the system time change, or is the server overloaded? Running 2055ms behind, skipping 41 tick(s)
[14:00:37] [pool-3-thread-6500/INFO]: [Metrics] Connection timed out
[14:10:37] [pool-3-thread-6504/INFO]: [Metrics] Connection timed out
[14:18:30] [Server thread/WARN]: Can't keep up! Did the system time change, or is the server overloaded? Running 2225ms behind, skipping 44 tick(s)
[14:18:45] [pool-3-thread-6505/INFO]: [Metrics] Server returned HTTP response code: 408 for URL: http://mcstats.org/report/Multiverse-Core
[14:30:37] [pool-3-thread-6509/INFO]: [Metrics] Connection timed out
[14:40:37] [pool-3-thread-6513/INFO]: [Metrics] Connection timed out
[14:50:37] [pool-3-thread-6514/INFO]: [Metrics] Connection timed out
[15:00:37] [pool-3-thread-6518/INFO]: [Metrics] Connection timed out
[15:10:37] [pool-3-thread-6522/INFO]: [Metrics] Connection timed out
[15:13:30] [Server thread/WARN]: Can't keep up! Did the system time change, or is the server overloaded? Running 2050ms behind, skipping 41 tick(s)
[15:20:37] [pool-3-thread-6523/INFO]: [Metrics] Connection timed out
[15:30:37] [pool-3-thread-6527/INFO]: [Metrics] Connection timed out
[15:33:30] [Server thread/WARN]: Can't keep up! Did the system time change, or is the server overloaded? Running 2057ms behind, skipping 41 tick(s)
[15:38:30] [Server thread/WARN]: Can't keep up! Did the system time change, or is the server overloaded? Running 2171ms behind, skipping 43 tick(s)
[15:38:30] [pool-3-thread-6531/INFO]: [Metrics] Connection refused
[15:43:30] [Server thread/WARN]: Can't keep up! Did the system time change, or is the server overloaded? Running 2345ms behind, skipping 46 tick(s)
[15:48:31] [Server thread/WARN]: Can't keep up! Did the system time change, or is the server overloaded? Running 2346ms behind, skipping 46 tick(s)
[15:48:31] [pool-3-thread-6532/INFO]: [Metrics] Server returned HTTP response code: 408 for URL: http://mcstats.org/report/Multiverse-Core
[15:53:31] [Server thread/WARN]: Can't keep up! Did the system time change, or is the server overloaded? Running 2167ms behind, skipping 43 tick(s)
[15:58:31] [Server thread/WARN]: Can't keep up! Did the system time change, or is the server overloaded? Running 2547ms behind, skipping 50 tick(s)
[16:00:39] [pool-3-thread-6536/INFO]: [Metrics] Connection timed out
[16:13:31] [Server thread/WARN]: Can't keep up! Did the system time change, or is the server overloaded? Running 2090ms behind, skipping 41 tick(s)
[16:18:31] [pool-3-thread-6543/INFO]: [Vault] Checking for Updates ... 
[16:18:32] [pool-3-thread-6543/WARN]: [Vault] Stable Version: 1.5.2 is out! You are still running version: 1.5.0
[16:18:32] [pool-3-thread-6543/WARN]: [Vault] Update at: http://dev.bukkit.org/server-mods/vault
[16:43:31] [Server thread/WARN]: Can't keep up! Did the system time change, or is the server overloaded? Running 2101ms behind, skipping 42 tick(s)
[16:58:31] [Server thread/WARN]: Can't keep up! Did the system time change, or is the server overloaded? Running 2018ms behind, skipping 40 tick(s)
[17:13:32] [Server thread/WARN]: Can't keep up! Did the system time change, or is the server overloaded? Running 2076ms behind, skipping 41 tick(s)
[17:28:32] [Server thread/WARN]: Can't keep up! Did the system time change, or is the server overloaded? Running 2035ms behind, skipping 40 tick(s)
[17:33:32] [Server thread/WARN]: Can't keep up! Did the system time change, or is the server overloaded? Running 2119ms behind, skipping 42 tick(s)
[17:43:32] [Server thread/WARN]: Can't keep up! Did the system time change, or is the server overloaded? Running 2133ms behind, skipping 42 tick(s)
[17:48:32] [Server thread/WARN]: Can't keep up! Did the system time change, or is the server overloaded? Running 2049ms behind, skipping 40 tick(s)
[17:53:32] [Server thread/WARN]: Can't keep up! Did the system time change, or is the server overloaded? Running 2005ms behind, skipping 40 tick(s)
[17:58:32] [Server thread/WARN]: Can't keep up! Did the system time change, or is the server overloaded? Running 2102ms behind, skipping 42 tick(s)
[18:08:32] [Server thread/WARN]: Can't keep up! Did the system time change, or is the server overloaded? Running 2068ms behind, skipping 41 tick(s)
[18:18:32] [Server thread/WARN]: Can't keep up! Did the system time change, or is the server overloaded? Running 2063ms behind, skipping 41 tick(s)
[18:23:32] [Server thread/WARN]: Can't keep up! Did the system time change, or is the server overloaded? Running 2157ms behind, skipping 43 tick(s)
[18:28:32] [Server thread/WARN]: Can't keep up! Did the system time change, or is the server overloaded? Running 2022ms behind, skipping 40 tick(s)
[18:38:33] [Server thread/WARN]: Can't keep up! Did the system time change, or is the server overloaded? Running 2193ms behind, skipping 43 tick(s)
[18:43:33] [Server thread/WARN]: Can't keep up! Did the system time change, or is the server overloaded? Running 2004ms behind, skipping 40 tick(s)
[19:13:33] [Server thread/WARN]: Can't keep up! Did the system time change, or is the server overloaded? Running 2155ms behind, skipping 43 tick(s)
[20:08:33] [Server thread/WARN]: Can't keep up! Did the system time change, or is the server overloaded? Running 2727ms behind, skipping 54 tick(s)
[20:13:34] [Server thread/WARN]: Can't keep up! Did the system time change, or is the server overloaded? Running 2216ms behind, skipping 44 tick(s)
[22:18:34] [Server thread/WARN]: Can't keep up! Did the system time change, or is the server overloaded? Running 2028ms behind, skipping 40 tick(s)
[22:18:34] [pool-3-thread-6652/INFO]: [Vault] Checking for Updates ... 
[22:18:34] [pool-3-thread-6652/WARN]: [Vault] Stable Version: 1.5.2 is out! You are still running version: 1.5.0
[22:18:34] [pool-3-thread-6652/WARN]: [Vault] Update at: http://dev.bukkit.org/server-mods/vault
[23:33:34] [Server thread/WARN]: Can't keep up! Did the system time change, or is the server overloaded? Running 2046ms behind, skipping 40 tick(s)
[23:50:41] [pool-3-thread-6678/INFO]: [Metrics] Connection timed out
[23:58:34] [pool-3-thread-6682/INFO]: [Metrics] Server returned HTTP response code: 408 for URL: http://mcstats.org/report/Multiverse-Core
