[00:11:50] [pool-3-thread-11918/INFO]: [Metrics] Server returned HTTP response code: 504 for URL: http://mcstats.org/report/Multiverse-Core
[02:06:42] [Server thread/WARN]: Can't keep up! Did the system time change, or is the server overloaded? Running 2182ms behind, skipping 43 tick(s)
[03:16:42] [Server thread/WARN]: Can't keep up! Did the system time change, or is the server overloaded? Running 2053ms behind, skipping 41 tick(s)
[04:21:41] [pool-3-thread-11993/INFO]: [Vault] Checking for Updates ... 
[04:21:42] [pool-3-thread-11993/WARN]: [Vault] Stable Version: 1.5.3 is out! You are still running version: 1.5.0
[04:21:42] [pool-3-thread-11993/WARN]: [Vault] Update at: http://dev.bukkit.org/server-mods/vault
[04:41:42] [Server thread/WARN]: Can't keep up! Did the system time change, or is the server overloaded? Running 2339ms behind, skipping 46 tick(s)
[05:31:43] [Server thread/WARN]: Can't keep up! Did the system time change, or is the server overloaded? Running 2549ms behind, skipping 50 tick(s)
[06:23:50] [pool-3-thread-12028/INFO]: [Metrics] Connection timed out
[06:31:43] [Server thread/WARN]: Can't keep up! Did the system time change, or is the server overloaded? Running 2046ms behind, skipping 40 tick(s)
[06:31:43] [pool-3-thread-12032/INFO]: [Metrics] Server returned HTTP response code: 408 for URL: http://mcstats.org/report/Multiverse-Core
[06:43:50] [pool-3-thread-12036/INFO]: [Metrics] Connection timed out
[06:53:50] [pool-3-thread-12037/INFO]: [Metrics] Connection timed out
[07:01:43] [pool-3-thread-12041/INFO]: [Metrics] Server returned HTTP response code: 408 for URL: http://mcstats.org/report/Multiverse-Core
[07:11:43] [pool-3-thread-12045/INFO]: [Metrics] Server returned HTTP response code: 408 for URL: http://mcstats.org/report/Multiverse-Core
[07:21:43] [pool-3-thread-12046/INFO]: [Metrics] Server returned HTTP response code: 408 for URL: http://mcstats.org/report/Multiverse-Core
[07:31:43] [pool-3-thread-12050/INFO]: [Metrics] Server returned HTTP response code: 408 for URL: http://mcstats.org/report/Multiverse-Core
[07:41:43] [pool-3-thread-12054/INFO]: [Metrics] Server returned HTTP response code: 408 for URL: http://mcstats.org/report/Multiverse-Core
[07:51:43] [Server thread/WARN]: Can't keep up! Did the system time change, or is the server overloaded? Running 2051ms behind, skipping 41 tick(s)
[07:53:50] [pool-3-thread-12055/INFO]: [Metrics] Connection timed out
[08:01:48] [Server thread/WARN]: Can't keep up! Did the system time change, or is the server overloaded? Running 7444ms behind, skipping 148 tick(s)
[08:01:49] [pool-3-thread-12059/INFO]: [Metrics] Server returned HTTP response code: 408 for URL: http://mcstats.org/report/Multiverse-Core
[08:11:48] [pool-3-thread-12063/INFO]: [Metrics] Server returned HTTP response code: 408 for URL: http://mcstats.org/report/Multiverse-Core
[08:21:48] [pool-3-thread-12064/INFO]: [Metrics] Server returned HTTP response code: 408 for URL: http://mcstats.org/report/Multiverse-Core
[08:31:48] [pool-3-thread-12068/INFO]: [Metrics] Server returned HTTP response code: 408 for URL: http://mcstats.org/report/Multiverse-Core
[08:41:48] [pool-3-thread-12072/INFO]: [Metrics] Server returned HTTP response code: 408 for URL: http://mcstats.org/report/Multiverse-Core
[08:53:55] [pool-3-thread-12073/INFO]: [Metrics] Connection timed out
[09:01:48] [pool-3-thread-12077/INFO]: [Metrics] Server returned HTTP response code: 408 for URL: http://mcstats.org/report/Multiverse-Core
[09:11:48] [pool-3-thread-12081/INFO]: [Metrics] Server returned HTTP response code: 408 for URL: http://mcstats.org/report/Multiverse-Core
[09:23:55] [pool-3-thread-12082/INFO]: [Metrics] Connection timed out
[09:31:48] [pool-3-thread-12086/INFO]: [Metrics] Server returned HTTP response code: 408 for URL: http://mcstats.org/report/Multiverse-Core
[09:41:48] [pool-3-thread-12090/INFO]: [Metrics] Server returned HTTP response code: 408 for URL: http://mcstats.org/report/Multiverse-Core
[09:51:48] [pool-3-thread-12091/INFO]: [Metrics] Server returned HTTP response code: 408 for URL: http://mcstats.org/report/Multiverse-Core
[10:01:48] [pool-3-thread-12095/INFO]: [Metrics] Server returned HTTP response code: 408 for URL: http://mcstats.org/report/Multiverse-Core
[10:11:48] [pool-3-thread-12099/INFO]: [Metrics] Server returned HTTP response code: 408 for URL: http://mcstats.org/report/Multiverse-Core
[10:21:48] [pool-3-thread-12102/INFO]: [Vault] Checking for Updates ... 
[10:21:48] [pool-3-thread-12100/INFO]: [Metrics] Server returned HTTP response code: 408 for URL: http://mcstats.org/report/Multiverse-Core
[10:21:49] [pool-3-thread-12102/WARN]: [Vault] Stable Version: 1.5.3 is out! You are still running version: 1.5.0
[10:21:49] [pool-3-thread-12102/WARN]: [Vault] Update at: http://dev.bukkit.org/server-mods/vault
[10:31:48] [pool-3-thread-12105/INFO]: [Metrics] Server returned HTTP response code: 408 for URL: http://mcstats.org/report/Multiverse-Core
[10:41:48] [pool-3-thread-12109/INFO]: [Metrics] Server returned HTTP response code: 408 for URL: http://mcstats.org/report/Multiverse-Core
[10:46:48] [Server thread/WARN]: Can't keep up! Did the system time change, or is the server overloaded? Running 2053ms behind, skipping 41 tick(s)
[10:53:55] [pool-3-thread-12110/INFO]: [Metrics] Connection timed out
[11:01:48] [pool-3-thread-12114/INFO]: [Metrics] Server returned HTTP response code: 408 for URL: http://mcstats.org/report/Multiverse-Core
[11:13:55] [pool-3-thread-12118/INFO]: [Metrics] Connection timed out
[11:21:48] [pool-3-thread-12119/INFO]: [Metrics] Server returned HTTP response code: 408 for URL: http://mcstats.org/report/Multiverse-Core
[11:31:48] [pool-3-thread-12123/INFO]: [Metrics] Server returned HTTP response code: 408 for URL: http://mcstats.org/report/Multiverse-Core
[11:36:49] [Server thread/WARN]: Can't keep up! Did the system time change, or is the server overloaded? Running 2333ms behind, skipping 46 tick(s)
[11:41:49] [pool-3-thread-12127/INFO]: [Metrics] Server returned HTTP response code: 408 for URL: http://mcstats.org/report/Multiverse-Core
[11:46:49] [Server thread/WARN]: Can't keep up! Did the system time change, or is the server overloaded? Running 2332ms behind, skipping 46 tick(s)
[11:53:56] [pool-3-thread-12128/INFO]: [Metrics] Connection timed out
[12:01:49] [pool-3-thread-12132/INFO]: [Metrics] Server returned HTTP response code: 408 for URL: http://mcstats.org/report/Multiverse-Core
[12:13:56] [pool-3-thread-12136/INFO]: [Metrics] Connection timed out
[12:19:58] [Server thread/WARN]: Can't keep up! Did the system time change, or is the server overloaded? Running 3838ms behind, skipping 76 tick(s)
[12:21:51] [pool-3-thread-12137/INFO]: [Metrics] Server returned HTTP response code: 408 for URL: http://mcstats.org/report/Multiverse-Core
[12:31:51] [pool-3-thread-12141/INFO]: [Metrics] Server returned HTTP response code: 408 for URL: http://mcstats.org/report/Multiverse-Core
[12:41:51] [pool-3-thread-12145/INFO]: [Metrics] Server returned HTTP response code: 408 for URL: http://mcstats.org/report/Multiverse-Core
[12:53:58] [pool-3-thread-12146/INFO]: [Metrics] Connection timed out
[12:56:51] [Server thread/WARN]: Can't keep up! Did the system time change, or is the server overloaded? Running 2021ms behind, skipping 40 tick(s)
[13:01:51] [pool-3-thread-12150/INFO]: [Metrics] Server returned HTTP response code: 408 for URL: http://mcstats.org/report/Multiverse-Core
[13:11:51] [pool-3-thread-12154/INFO]: [Metrics] Server returned HTTP response code: 408 for URL: http://mcstats.org/report/Multiverse-Core
[13:21:51] [pool-3-thread-12155/INFO]: [Metrics] Server returned HTTP response code: 408 for URL: http://mcstats.org/report/Multiverse-Core
[13:31:51] [pool-3-thread-12159/INFO]: [Metrics] Server returned HTTP response code: 408 for URL: http://mcstats.org/report/Multiverse-Core
[13:41:51] [pool-3-thread-12163/INFO]: [Metrics] Server returned HTTP response code: 408 for URL: http://mcstats.org/report/Multiverse-Core
[14:01:51] [pool-3-thread-12168/INFO]: [Metrics] Server returned HTTP response code: 408 for URL: http://mcstats.org/report/Multiverse-Core
[14:11:51] [pool-3-thread-12172/INFO]: [Metrics] Server returned HTTP response code: 408 for URL: http://mcstats.org/report/Multiverse-Core
[14:21:51] [pool-3-thread-12173/INFO]: [Metrics] Server returned HTTP response code: 408 for URL: http://mcstats.org/report/Multiverse-Core
[14:31:51] [pool-3-thread-12177/INFO]: [Metrics] Server returned HTTP response code: 408 for URL: http://mcstats.org/report/Multiverse-Core
[14:36:51] [Server thread/WARN]: Can't keep up! Did the system time change, or is the server overloaded? Running 2223ms behind, skipping 44 tick(s)
[14:41:51] [pool-3-thread-12181/INFO]: [Metrics] Server returned HTTP response code: 408 for URL: http://mcstats.org/report/Multiverse-Core
[14:51:51] [Server thread/WARN]: Can't keep up! Did the system time change, or is the server overloaded? Running 2356ms behind, skipping 47 tick(s)
[14:51:51] [pool-3-thread-12182/INFO]: [Metrics] Server returned HTTP response code: 408 for URL: http://mcstats.org/report/Multiverse-Core
[15:01:51] [pool-3-thread-12186/INFO]: [Metrics] Server returned HTTP response code: 408 for URL: http://mcstats.org/report/Multiverse-Core
[15:06:51] [Server thread/WARN]: Can't keep up! Did the system time change, or is the server overloaded? Running 2158ms behind, skipping 43 tick(s)
[15:11:53] [Server thread/WARN]: Can't keep up! Did the system time change, or is the server overloaded? Running 3287ms behind, skipping 65 tick(s)
[15:11:53] [pool-3-thread-12190/INFO]: [Metrics] Server returned HTTP response code: 408 for URL: http://mcstats.org/report/Multiverse-Core
[15:16:53] [Server thread/WARN]: Can't keep up! Did the system time change, or is the server overloaded? Running 2090ms behind, skipping 41 tick(s)
[15:21:53] [Server thread/WARN]: Can't keep up! Did the system time change, or is the server overloaded? Running 2268ms behind, skipping 45 tick(s)
[15:31:53] [Server thread/WARN]: Can't keep up! Did the system time change, or is the server overloaded? Running 2131ms behind, skipping 42 tick(s)
[15:31:53] [pool-3-thread-12195/INFO]: [Metrics] Server returned HTTP response code: 408 for URL: http://mcstats.org/report/Multiverse-Core
[15:36:53] [Server thread/WARN]: Can't keep up! Did the system time change, or is the server overloaded? Running 2170ms behind, skipping 43 tick(s)
[16:21:53] [pool-3-thread-12211/INFO]: [Vault] Checking for Updates ... 
[16:21:54] [pool-3-thread-12211/WARN]: [Vault] Stable Version: 1.5.3 is out! You are still running version: 1.5.0
[16:21:54] [pool-3-thread-12211/WARN]: [Vault] Update at: http://dev.bukkit.org/server-mods/vault
[18:06:54] [Server thread/WARN]: Can't keep up! Did the system time change, or is the server overloaded? Running 2158ms behind, skipping 43 tick(s)
[18:21:55] [Server thread/WARN]: Can't keep up! Did the system time change, or is the server overloaded? Running 2969ms behind, skipping 59 tick(s)
[18:51:55] [Server thread/WARN]: Can't keep up! Did the system time change, or is the server overloaded? Running 2033ms behind, skipping 40 tick(s)
[21:36:55] [Server thread/WARN]: Can't keep up! Did the system time change, or is the server overloaded? Running 2038ms behind, skipping 40 tick(s)
[22:21:54] [pool-3-thread-12320/INFO]: [Vault] Checking for Updates ... 
[22:21:55] [pool-3-thread-12320/WARN]: [Vault] Stable Version: 1.5.3 is out! You are still running version: 1.5.0
[22:21:55] [pool-3-thread-12320/WARN]: [Vault] Update at: http://dev.bukkit.org/server-mods/vault
[22:24:02] [pool-3-thread-12318/INFO]: [Metrics] Connection timed out
[22:31:55] [pool-3-thread-12323/INFO]: [Metrics] Server returned HTTP response code: 408 for URL: http://mcstats.org/report/Multiverse-Core
[22:41:55] [pool-3-thread-12327/INFO]: [Metrics] Server returned HTTP response code: 408 for URL: http://mcstats.org/report/Multiverse-Core
[22:46:55] [Server thread/WARN]: Can't keep up! Did the system time change, or is the server overloaded? Running 2087ms behind, skipping 41 tick(s)
[22:51:55] [pool-3-thread-12328/INFO]: [Metrics] Server returned HTTP response code: 408 for URL: http://mcstats.org/report/Multiverse-Core
