[02:07:23] [Server thread/WARN]: Can't keep up! Did the system time change, or is the server overloaded? Running 2280ms behind, skipping 45 tick(s)
[02:47:24] [Server thread/WARN]: Can't keep up! Did the system time change, or is the server overloaded? Running 2701ms behind, skipping 54 tick(s)
[03:22:24] [Server thread/WARN]: Can't keep up! Did the system time change, or is the server overloaded? Running 2635ms behind, skipping 52 tick(s)
[05:17:25] [Server thread/WARN]: Can't keep up! Did the system time change, or is the server overloaded? Running 2636ms behind, skipping 52 tick(s)
[05:57:25] [pool-3-thread-31177/INFO]: [Vault] Checking for Updates ... 
[05:57:25] [pool-3-thread-31177/WARN]: [Vault] Stable Version: 1.5.3 is out! You are still running version: 1.5.0
[05:57:25] [pool-3-thread-31177/WARN]: [Vault] Update at: http://dev.bukkit.org/server-mods/vault
[07:02:25] [Server thread/WARN]: Can't keep up! Did the system time change, or is the server overloaded? Running 2611ms behind, skipping 52 tick(s)
[07:42:25] [Server thread/WARN]: Can't keep up! Did the system time change, or is the server overloaded? Running 2023ms behind, skipping 40 tick(s)
[07:47:29] [Server thread/WARN]: Can't keep up! Did the system time change, or is the server overloaded? Running 5490ms behind, skipping 109 tick(s)
[07:52:29] [Server thread/WARN]: Can't keep up! Did the system time change, or is the server overloaded? Running 2357ms behind, skipping 47 tick(s)
[07:57:29] [Server thread/WARN]: Can't keep up! Did the system time change, or is the server overloaded? Running 2092ms behind, skipping 41 tick(s)
[09:37:29] [Server thread/WARN]: Can't keep up! Did the system time change, or is the server overloaded? Running 2036ms behind, skipping 40 tick(s)
[09:47:30] [Server thread/WARN]: Can't keep up! Did the system time change, or is the server overloaded? Running 2139ms behind, skipping 42 tick(s)
[09:52:30] [Server thread/WARN]: Can't keep up! Did the system time change, or is the server overloaded? Running 2919ms behind, skipping 58 tick(s)
[10:37:31] [Server thread/WARN]: Can't keep up! Did the system time change, or is the server overloaded? Running 2984ms behind, skipping 59 tick(s)
[11:27:32] [Server thread/WARN]: Can't keep up! Did the system time change, or is the server overloaded? Running 2626ms behind, skipping 52 tick(s)
[11:57:32] [pool-3-thread-31286/INFO]: [Vault] Checking for Updates ... 
[11:57:33] [pool-3-thread-31286/WARN]: [Vault] Stable Version: 1.5.3 is out! You are still running version: 1.5.0
[11:57:33] [pool-3-thread-31286/WARN]: [Vault] Update at: http://dev.bukkit.org/server-mods/vault
[12:57:33] [Server thread/WARN]: Can't keep up! Did the system time change, or is the server overloaded? Running 2591ms behind, skipping 51 tick(s)
[13:12:33] [Server thread/WARN]: Can't keep up! Did the system time change, or is the server overloaded? Running 2195ms behind, skipping 43 tick(s)
[13:18:33] [pool-3-thread-31311/INFO]: [Metrics] Server returned HTTP response code: 504 for URL: http://mcstats.org/report/Multiverse-Core
[13:22:33] [Server thread/WARN]: Can't keep up! Did the system time change, or is the server overloaded? Running 2216ms behind, skipping 44 tick(s)
[13:27:34] [Server thread/WARN]: Can't keep up! Did the system time change, or is the server overloaded? Running 2580ms behind, skipping 51 tick(s)
[13:42:34] [Server thread/WARN]: Can't keep up! Did the system time change, or is the server overloaded? Running 2603ms behind, skipping 52 tick(s)
[15:22:35] [Server thread/WARN]: Can't keep up! Did the system time change, or is the server overloaded? Running 2749ms behind, skipping 54 tick(s)
[16:07:36] [Server thread/WARN]: Can't keep up! Did the system time change, or is the server overloaded? Running 2645ms behind, skipping 52 tick(s)
[16:12:36] [Server thread/WARN]: Can't keep up! Did the system time change, or is the server overloaded? Running 2644ms behind, skipping 52 tick(s)
[17:57:36] [pool-3-thread-31395/INFO]: [Vault] Checking for Updates ... 
[17:57:37] [pool-3-thread-31395/WARN]: [Vault] Stable Version: 1.5.3 is out! You are still running version: 1.5.0
[17:57:37] [pool-3-thread-31395/WARN]: [Vault] Update at: http://dev.bukkit.org/server-mods/vault
[18:07:37] [Server thread/WARN]: Can't keep up! Did the system time change, or is the server overloaded? Running 2802ms behind, skipping 56 tick(s)
[18:57:38] [Server thread/WARN]: Can't keep up! Did the system time change, or is the server overloaded? Running 2631ms behind, skipping 52 tick(s)
[21:17:38] [Server thread/WARN]: Can't keep up! Did the system time change, or is the server overloaded? Running 2591ms behind, skipping 51 tick(s)
[21:47:40] [Server thread/WARN]: Can't keep up! Did the system time change, or is the server overloaded? Running 3213ms behind, skipping 64 tick(s)
[23:57:39] [pool-3-thread-31504/INFO]: [Vault] Checking for Updates ... 
[23:57:40] [pool-3-thread-31504/WARN]: [Vault] Stable Version: 1.5.3 is out! You are still running version: 1.5.0
[23:57:40] [pool-3-thread-31504/WARN]: [Vault] Update at: http://dev.bukkit.org/server-mods/vault
