[08:25:43] [Server thread/INFO]: Starting minecraft server version 1.8
[08:25:43] [Server thread/INFO]: Loading properties
[08:25:43] [Server thread/INFO]: Default game type: SURVIVAL
[08:25:43] [Server thread/INFO]: Generating keypair
[08:25:44] [Server thread/INFO]: Starting Minecraft server on *:25566
[08:25:44] [Server thread/INFO]: This server is running CraftBukkit version git-Bukkit-0899683 (MC: 1.8) (Implementing API version 1.8-R0.1-SNAPSHOT)
[08:25:44] [Server thread/INFO]: [PlayerInfo] Loading PlayerInfo v1.0
[08:25:44] [Server thread/INFO]: [GroupManager] Loading GroupManager v2.1.31 (Phoenix)
[08:25:44] [Server thread/INFO]: [Vault] Loading Vault v1.5.0-b28
[08:25:44] [Server thread/INFO]: [Multiverse-Core] Loading Multiverse-Core v2.5-b678
[08:25:44] [Server thread/INFO]: [WorldEdit] Loading WorldEdit v5.6.2
[08:25:44] [Server thread/INFO]: [GodSet] Loading GodSet v1.1
[08:25:44] [Server thread/INFO]: [Multiverse-Portals] Loading Multiverse-Portals v2.5-b710
[08:25:44] [Server thread/INFO]: [Multiverse-Adventure] Loading Multiverse-Adventure v2.5-b683
[08:25:44] [Server thread/INFO]: [WorldGuard] Loading WorldGuard v5.9
[08:25:44] [Server thread/INFO]: [Multiverse-NetherPortals] Loading Multiverse-NetherPortals v2.5-b682
[08:25:44] [Server thread/INFO]: [WarpPortals] Loading WarpPortals v5.6.3
[08:25:44] [Server thread/INFO]: [Multiverse-Downloader] Loading Multiverse-Downloader v1.0-SNAPSHOT-b1
[08:25:44] [Server thread/INFO]: [Vault] Enabling Vault v1.5.0-b28
[08:25:44] [Server thread/INFO]: [Vault] [Permission] GroupManager found: Waiting
[08:25:44] [Server thread/INFO]: [Vault] [Permission] SuperPermissions loaded as backup permission system.
[08:25:44] [Server thread/INFO]: [Vault] [Chat] GroupManager found: Waiting
[08:25:44] [Server thread/INFO]: [Vault] Enabled Version 1.5.0-b28
[08:25:44] [Server thread/INFO]: Preparing level "tutworld"
[08:25:45] [Server thread/INFO]: Preparing start region for level 0 (Seed: -3414234582187284145)
[08:25:47] [Server thread/INFO]: Preparing spawn area: 0%
[08:25:48] [Server thread/INFO]: Preparing spawn area: 55%
[08:25:49] [Server thread/INFO]: Preparing spawn area: 60%
[08:25:49] [Server thread/INFO]: Preparing start region for level 1 (Seed: -3414234582187284145)
[08:25:50] [Server thread/INFO]: Preparing spawn area: 56%
[08:25:51] [Server thread/INFO]: Preparing start region for level 2 (Seed: -3414234582187284145)
[08:25:51] [Server thread/INFO]: [PlayerInfo] Enabling PlayerInfo v1.0
[08:25:51] [Server thread/INFO]: [PlayerInfo] has been enabled
[08:25:51] [Server thread/INFO]: [GroupManager] Enabling GroupManager v2.1.31 (Phoenix)
[08:25:51] [Server thread/INFO]: GroupManager - INFO - World Found: tutworld
[08:25:51] [Server thread/INFO]: GroupManager - INFO - World Found: tutworld_nether
[08:25:51] [Server thread/INFO]: GroupManager - INFO - World Found: world
[08:25:51] [Server thread/INFO]: GroupManager - INFO - Superperms support enabled.
[08:25:51] [Server thread/INFO]: GroupManager - INFO - Scheduled Data Saving is set for every 10 minutes!
[08:25:51] [Server thread/INFO]: GroupManager - INFO - Backups will be retained for 24 hours!
[08:25:51] [Server thread/INFO]: GroupManager version 2.1.31 (Phoenix) is enabled!
[08:25:51] [Server thread/INFO]: [Vault][Permission] GroupManager hooked.
[08:25:51] [Server thread/INFO]: [Vault][Chat] GroupManager - Chat hooked.
[08:25:51] [Server thread/INFO]: [Multiverse-Core] Enabling Multiverse-Core v2.5-b678
[08:25:51] [Server thread/INFO]: [Multiverse-Core] [AllPay] - Version 13.0 - using only an item based economy for Multiverse-Core v2.5-b678
[08:25:52] [Server thread/INFO]: Preparing start region for level 3 (Seed: -2903505127734604271)
[08:25:53] [Server thread/INFO]: Preparing spawn area for fromflames, 8%
[08:25:55] [Server thread/INFO]: Preparing start region for level 4 (Seed: 8440151354802767546)
[08:25:56] [Server thread/INFO]: Preparing start region for level 5 (Seed: -2369971020579525390)
[08:25:56] [Server thread/INFO]: Preparing start region for level 6 (Seed: -6426663970308026368)
[08:25:57] [Server thread/INFO]: Preparing spawn area for cubeception2smp, 69%
[08:25:59] [Server thread/INFO]: Preparing spawn area for cubeception2smp, 97%
[08:25:59] [Server thread/INFO]: Preparing start region for level 7 (Seed: 1780430939243764315)
[08:26:02] [Server thread/INFO]: Preparing start region for level 8 (Seed: 4919839233390569991)
[08:26:03] [Server thread/INFO]: Preparing spawn area for Bomber, 56%
[08:26:07] [Server thread/INFO]: Preparing start region for level 9 (Seed: 64951768)
[08:26:12] [Server thread/INFO]: Preparing start region for level 10 (Seed: 2282912023382338973)
[08:26:16] [Server thread/INFO]: Preparing start region for level 11 (Seed: 3981014598438330368)
[08:26:17] [Server thread/INFO]: Preparing spawn area for cubeceptionreloaded, 89%
[08:26:20] [Server thread/INFO]: Preparing start region for level 12 (Seed: 6851938583268216745)
[08:26:24] [Server thread/INFO]: [Multiverse-Core] 13 - World(s) loaded.
[08:26:24] [Server thread/INFO]: [Multiverse-Core] Version 2.5-b678 (API v18) Enabled - By Rigby, fernferret, lithium3141 and main--
[08:26:24] [Server thread/INFO]: [WorldEdit] Enabling WorldEdit v5.6.2
[08:26:24] [Server thread/INFO]: WEPIF: GroupManager detected! Using GroupManager for permissions.
[08:26:24] [Server thread/INFO]: [GodSet] Enabling GodSet v1.1
[08:26:24] [Server thread/INFO]: [Multiverse-Portals] Enabling Multiverse-Portals v2.5-b710
[08:26:24] [Server thread/INFO]: [Multiverse-Portals] - Version 2.5-b710 Enabled - By Rigby and fernferret
[08:26:58] [Server thread/INFO]: [MVPLogging] 9 - Portals(s) loaded
[08:26:58] [Server thread/INFO]: [Multiverse-Adventure] Enabling Multiverse-Adventure v2.5-b683
[08:26:58] [Server thread/INFO]: [Multiverse-Adventure] Multiverse-Portals was found.
[08:26:58] [Server thread/INFO]: [Multiverse-Adventure 2.5-b683]  Enabled - By main()
[08:27:05] [Server thread/INFO]: [WorldGuard] Enabling WorldGuard v5.9
[08:27:05] [Server thread/INFO]: [WorldGuard] (tutworld) TNT ignition is PERMITTED.
[08:27:05] [Server thread/INFO]: [WorldGuard] (tutworld) Lighters are PERMITTED.
[08:27:05] [Server thread/INFO]: [WorldGuard] (tutworld) Lava fire is blocked.
[08:27:05] [Server thread/INFO]: [WorldGuard] (tutworld) Fire spread is UNRESTRICTED.
[08:27:05] [Server thread/INFO]: [WorldGuard] Loaded configuration for world 'tutworld'
[08:27:05] [Server thread/INFO]: [WorldGuard] (tutworld_nether) TNT ignition is PERMITTED.
[08:27:05] [Server thread/INFO]: [WorldGuard] (tutworld_nether) Lighters are PERMITTED.
[08:27:05] [Server thread/INFO]: [WorldGuard] (tutworld_nether) Lava fire is blocked.
[08:27:05] [Server thread/INFO]: [WorldGuard] (tutworld_nether) Fire spread is UNRESTRICTED.
[08:27:05] [Server thread/INFO]: [WorldGuard] Loaded configuration for world 'tutworld_nether'
[08:27:05] [Server thread/INFO]: [WorldGuard] (tutworld_the_end) TNT ignition is PERMITTED.
[08:27:05] [Server thread/INFO]: [WorldGuard] (tutworld_the_end) Lighters are PERMITTED.
[08:27:05] [Server thread/INFO]: [WorldGuard] (tutworld_the_end) Lava fire is blocked.
[08:27:05] [Server thread/INFO]: [WorldGuard] (tutworld_the_end) Fire spread is UNRESTRICTED.
[08:27:05] [Server thread/INFO]: [WorldGuard] Loaded configuration for world 'tutworld_the_end'
[08:27:05] [Server thread/INFO]: [WorldGuard] (fromflames) TNT ignition is PERMITTED.
[08:27:05] [Server thread/INFO]: [WorldGuard] (fromflames) Lighters are PERMITTED.
[08:27:05] [Server thread/INFO]: [WorldGuard] (fromflames) Lava fire is blocked.
[08:27:05] [Server thread/INFO]: [WorldGuard] (fromflames) Fire spread is UNRESTRICTED.
[08:27:05] [Server thread/INFO]: [WorldGuard] Loaded configuration for world 'fromflames'
[08:27:05] [Server thread/INFO]: [WorldGuard] (fromashes) TNT ignition is PERMITTED.
[08:27:05] [Server thread/INFO]: [WorldGuard] (fromashes) Lighters are PERMITTED.
[08:27:05] [Server thread/INFO]: [WorldGuard] (fromashes) Lava fire is blocked.
[08:27:05] [Server thread/INFO]: [WorldGuard] (fromashes) Fire spread is UNRESTRICTED.
[08:27:05] [Server thread/INFO]: [WorldGuard] Loaded configuration for world 'fromashes'
[08:27:05] [Server thread/INFO]: [WorldGuard] (creative) TNT ignition is PERMITTED.
[08:27:05] [Server thread/INFO]: [WorldGuard] (creative) Lighters are PERMITTED.
[08:27:05] [Server thread/INFO]: [WorldGuard] (creative) Lava fire is blocked.
[08:27:05] [Server thread/INFO]: [WorldGuard] (creative) Fire spread is UNRESTRICTED.
[08:27:05] [Server thread/INFO]: [WorldGuard] Loaded configuration for world 'creative'
[08:27:05] [Server thread/INFO]: [WorldGuard] (cubeception2smp) TNT ignition is PERMITTED.
[08:27:05] [Server thread/INFO]: [WorldGuard] (cubeception2smp) Lighters are PERMITTED.
[08:27:05] [Server thread/INFO]: [WorldGuard] (cubeception2smp) Lava fire is blocked.
[08:27:05] [Server thread/INFO]: [WorldGuard] (cubeception2smp) Fire spread is UNRESTRICTED.
[08:27:05] [Server thread/INFO]: [WorldGuard] Loaded configuration for world 'cubeception2smp'
[08:27:05] [Server thread/INFO]: [WorldGuard] (minigames) TNT ignition is PERMITTED.
[08:27:05] [Server thread/INFO]: [WorldGuard] (minigames) Lighters are PERMITTED.
[08:27:05] [Server thread/INFO]: [WorldGuard] (minigames) Lava fire is blocked.
[08:27:05] [Server thread/INFO]: [WorldGuard] (minigames) Fire spread is UNRESTRICTED.
[08:27:05] [Server thread/INFO]: [WorldGuard] Loaded configuration for world 'minigames'
[08:27:05] [Server thread/INFO]: [WorldGuard] (Bomber) TNT ignition is PERMITTED.
[08:27:05] [Server thread/INFO]: [WorldGuard] (Bomber) Lighters are PERMITTED.
[08:27:05] [Server thread/INFO]: [WorldGuard] (Bomber) Lava fire is blocked.
[08:27:05] [Server thread/INFO]: [WorldGuard] (Bomber) Fire spread is UNRESTRICTED.
[08:27:05] [Server thread/INFO]: [WorldGuard] Loaded configuration for world 'Bomber'
[08:27:05] [Server thread/INFO]: [WorldGuard] (cityworld) TNT ignition is PERMITTED.
[08:27:05] [Server thread/INFO]: [WorldGuard] (cityworld) Lighters are PERMITTED.
[08:27:05] [Server thread/INFO]: [WorldGuard] (cityworld) Lava fire is blocked.
[08:27:05] [Server thread/INFO]: [WorldGuard] (cityworld) Fire spread is UNRESTRICTED.
[08:27:05] [Server thread/INFO]: [WorldGuard] Loaded configuration for world 'cityworld'
[08:27:05] [Server thread/INFO]: [WorldGuard] (The Elements) TNT ignition is PERMITTED.
[08:27:05] [Server thread/INFO]: [WorldGuard] (The Elements) Lighters are PERMITTED.
[08:27:05] [Server thread/INFO]: [WorldGuard] (The Elements) Lava fire is blocked.
[08:27:05] [Server thread/INFO]: [WorldGuard] (The Elements) Fire spread is UNRESTRICTED.
[08:27:05] [Server thread/INFO]: [WorldGuard] Loaded configuration for world 'The Elements'
[08:27:05] [Server thread/INFO]: [WorldGuard] (cubeceptionreloaded) TNT ignition is PERMITTED.
[08:27:05] [Server thread/INFO]: [WorldGuard] (cubeceptionreloaded) Lighters are PERMITTED.
[08:27:05] [Server thread/INFO]: [WorldGuard] (cubeceptionreloaded) Lava fire is blocked.
[08:27:05] [Server thread/INFO]: [WorldGuard] (cubeceptionreloaded) Fire spread is UNRESTRICTED.
[08:27:05] [Server thread/INFO]: [WorldGuard] Loaded configuration for world 'cubeceptionreloaded'
[08:27:05] [Server thread/INFO]: [WorldGuard] (creepersoccer) TNT ignition is PERMITTED.
[08:27:05] [Server thread/INFO]: [WorldGuard] (creepersoccer) Lighters are PERMITTED.
[08:27:05] [Server thread/INFO]: [WorldGuard] (creepersoccer) Lava fire is blocked.
[08:27:05] [Server thread/INFO]: [WorldGuard] (creepersoccer) Fire spread is UNRESTRICTED.
[08:27:05] [Server thread/INFO]: [WorldGuard] Loaded configuration for world 'creepersoccer'
[08:27:05] [Server thread/INFO]: [WorldGuard] 2 regions loaded for 'tutworld'
[08:27:05] [Server thread/INFO]: [WorldGuard] 0 regions loaded for 'tutworld_nether'
[08:27:05] [Server thread/INFO]: [WorldGuard] 0 regions loaded for 'tutworld_the_end'
[08:27:05] [Server thread/INFO]: [WorldGuard] 0 regions loaded for 'fromflames'
[08:27:05] [Server thread/INFO]: [WorldGuard] 0 regions loaded for 'fromashes'
[08:27:05] [Server thread/INFO]: [WorldGuard] 0 regions loaded for 'creative'
[08:27:05] [Server thread/INFO]: [WorldGuard] 0 regions loaded for 'cubeception2smp'
[08:27:05] [Server thread/INFO]: [WorldGuard] 0 regions loaded for 'minigames'
[08:27:05] [Server thread/INFO]: [WorldGuard] 0 regions loaded for 'Bomber'
[08:27:05] [Server thread/INFO]: [WorldGuard] 0 regions loaded for 'cityworld'
[08:27:05] [Server thread/INFO]: [WorldGuard] 0 regions loaded for 'The Elements'
[08:27:05] [Server thread/INFO]: [WorldGuard] 0 regions loaded for 'cubeceptionreloaded'
[08:27:05] [Server thread/INFO]: [WorldGuard] 0 regions loaded for 'creepersoccer'
[08:27:06] [Server thread/INFO]: [Multiverse-NetherPortals] Enabling Multiverse-NetherPortals v2.5-b682
[08:27:06] [Server thread/INFO]: [Multiverse-NetherPortals] - Version 2.5-b682 Enabled - By Rigby and fernferret
[08:27:09] [Server thread/INFO]: [WarpPortals] Enabling WarpPortals v5.6.3
[08:27:09] [Server thread/INFO]: [WarpPortals] 2 Portals loaded!
[08:27:09] [Server thread/INFO]: [WarpPortals] 2 Destinations loaded!
[08:27:11] [Server thread/INFO]: [Multiverse-Downloader] Enabling Multiverse-Downloader v1.0-SNAPSHOT-b1
[08:27:29] [Server thread/INFO]: Done (104.862s)! For help, type "help" or "?"
[08:27:30] [Server thread/INFO]: GroupManager - INFO - Bukkit Permissions Updated!
[08:27:30] [pool-3-thread-5/INFO]: [Vault] Checking for Updates ... 
[08:27:32] [Server thread/WARN]: Can't keep up! Did the system time change, or is the server overloaded? Running 2320ms behind, skipping 46 tick(s)
[08:27:32] [pool-3-thread-5/WARN]: [Vault] Stable Version: 1.5.2 is out! You are still running version: 1.5.0
[08:27:32] [pool-3-thread-5/WARN]: [Vault] Update at: http://dev.bukkit.org/server-mods/vault
[09:37:32] [Server thread/WARN]: Can't keep up! Did the system time change, or is the server overloaded? Running 2509ms behind, skipping 50 tick(s)
[14:27:32] [pool-3-thread-65/INFO]: [Vault] Checking for Updates ... 
[14:27:32] [pool-3-thread-65/WARN]: [Vault] Stable Version: 1.5.2 is out! You are still running version: 1.5.0
[14:27:32] [pool-3-thread-65/WARN]: [Vault] Update at: http://dev.bukkit.org/server-mods/vault
[14:27:40] [pool-3-thread-62/INFO]: [Metrics] Server returned HTTP response code: 502 for URL: http://mcstats.org/report/Multiverse-Core
[14:37:39] [pool-3-thread-62/INFO]: [Metrics] Server returned HTTP response code: 502 for URL: http://mcstats.org/report/Multiverse-Core
[14:47:37] [pool-3-thread-68/INFO]: [Metrics] Server returned HTTP response code: 504 for URL: http://mcstats.org/report/Multiverse-Core
[14:57:37] [pool-3-thread-68/INFO]: [Metrics] Server returned HTTP response code: 504 for URL: http://mcstats.org/report/Multiverse-Core
[15:18:36] [User Authenticator #1/INFO]: UUID of player Skywarslover is 794ef548-7750-427f-a5b8-a57606d34d71
[15:18:36] [Server thread/INFO]: Skywarslover[/83.253.146.146:47885] logged in with entity id 3293 at ([tutworld] -20.075491438389562, 71.0, -74.51622376224032)
[15:23:14] [Server thread/WARN]: [WorldEdit] No compatible nms block class found.
[15:23:25] [Server thread/INFO]: Skywarslover issued server command: /gamemode 1
[15:23:25] [Server thread/INFO]: [Skywarslover: Set own game mode to Creative Mode]
[15:25:55] [Server thread/INFO]: Skywarslover issued server command: /pl
[15:26:06] [Server thread/INFO]: Skywarslover issued server command: /rg list
[15:26:12] [Server thread/INFO]: Skywarslover issued server command: /rg flag 2
[15:26:22] [Server thread/INFO]: Skywarslover issued server command: /rg flag spawn PvP Deny
[15:26:53] [Server thread/INFO]: Skywarslover issued server command: /rg define PVPArena
[15:27:02] [Server thread/INFO]: Skywarslover issued server command: /rg flag PVPArena pvp allow
[15:27:07] [Server thread/INFO]: Skywarslover issued server command: /rg flag PVPArena construct deny
[15:27:16] [Server thread/INFO]: Skywarslover issued server command: /rg flag PVPArena tnt-explosion deny
[15:27:25] [Server thread/INFO]: Skywarslover issued server command: /rg flag PVPArena creeper-explosion deny
[15:27:32] [Server thread/INFO]: Skywarslover issued server command: /rg flag PVPArena other-explosion deny
[15:27:48] [Server thread/INFO]: Skywarslover issued server command: /rg flag PVPArena invicible deny
[15:27:56] [Server thread/INFO]: Skywarslover issued server command: /rg flag PVPArena invincible deny
[15:28:16] [Server thread/INFO]: Skywarslover issued server command: /rg flag PVPArena mob-spawning deny
[15:28:41] [Server thread/INFO]: Skywarslover issued server command: /rg flag PVPArena potion-splash allow
[15:29:01] [Server thread/INFO]: Skywarslover issued server command: /rg flag PVPArena blockedcmd sethome
[15:29:24] [Server thread/INFO]: Skywarslover issued server command: /rg flag PVPArena blocked-cmds sethome
[15:29:26] [Server thread/INFO]: Skywarslover issued server command: /rg flag PVPArena blocked-cmds home
[15:29:31] [Server thread/INFO]: Skywarslover issued server command: /rg flag PVPArena blocked-cmds spawnpoint
[15:29:38] [Server thread/INFO]: Skywarslover issued server command: /rg flag PVPArena blocked-cmds gamemode 1
[15:29:42] [Server thread/INFO]: Skywarslover issued server command: /rg flag PVPArena blocked-cmds gamemode 2
[15:29:50] [Server thread/INFO]: Skywarslover issued server command: /rg flag PVPArena game-mode 0
[15:29:54] [Server thread/INFO]: Skywarslover issued server command: /rg flag PVPArena game-mode
[15:30:01] [Server thread/INFO]: Skywarslover issued server command: /rg flag PVPArena game-mode 1
[15:30:03] [Server thread/INFO]: Skywarslover issued server command: /rg flag PVPArena game-mode pvp
[15:55:12] [Server thread/INFO]: Skywarslover issued server command: /rg flag PVPArena game-mode creative
[15:55:18] [Server thread/INFO]: Skywarslover issued server command: /rg flag PVPArena game-mode survival
[15:55:45] [Server thread/INFO]: Skywarslover lost connection: Internal Exception: java.io.IOException: Connection reset by peer
[15:55:45] [Server thread/INFO]: Skywarslover left the game.
[16:57:40] [pool-3-thread-91/INFO]: [Metrics] Server returned HTTP response code: 504 for URL: http://mcstats.org/report/Multiverse-Core
[17:57:37] [pool-3-thread-103/INFO]: [Metrics] Server returned HTTP response code: 504 for URL: http://mcstats.org/report/Multiverse-Core
[18:27:39] [pool-3-thread-108/INFO]: [Metrics] Server returned HTTP response code: 502 for URL: http://mcstats.org/report/Multiverse-Core
[19:57:39] [pool-3-thread-125/INFO]: [Metrics] Server returned HTTP response code: 502 for URL: http://mcstats.org/report/Multiverse-Core
[20:27:32] [pool-3-thread-134/INFO]: [Vault] Checking for Updates ... 
[20:27:33] [pool-3-thread-134/WARN]: [Vault] Stable Version: 1.5.2 is out! You are still running version: 1.5.0
[20:27:33] [pool-3-thread-134/WARN]: [Vault] Update at: http://dev.bukkit.org/server-mods/vault
