[00:13:04] [Server thread/WARN]: Can't keep up! Did the system time change, or is the server overloaded? Running 2593ms behind, skipping 51 tick(s)
[00:33:05] [Server thread/WARN]: Can't keep up! Did the system time change, or is the server overloaded? Running 2766ms behind, skipping 55 tick(s)
[01:38:05] [Server thread/WARN]: Can't keep up! Did the system time change, or is the server overloaded? Running 2762ms behind, skipping 55 tick(s)
[02:08:07] [Server thread/WARN]: Can't keep up! Did the system time change, or is the server overloaded? Running 3329ms behind, skipping 66 tick(s)
[02:38:07] [Server thread/WARN]: Can't keep up! Did the system time change, or is the server overloaded? Running 2343ms behind, skipping 46 tick(s)
[02:48:08] [Server thread/WARN]: Can't keep up! Did the system time change, or is the server overloaded? Running 2379ms behind, skipping 47 tick(s)
[03:23:08] [Server thread/WARN]: Can't keep up! Did the system time change, or is the server overloaded? Running 2619ms behind, skipping 52 tick(s)
[03:43:09] [Server thread/WARN]: Can't keep up! Did the system time change, or is the server overloaded? Running 2561ms behind, skipping 51 tick(s)
[04:38:09] [Server thread/WARN]: Can't keep up! Did the system time change, or is the server overloaded? Running 2567ms behind, skipping 51 tick(s)
[04:53:10] [Server thread/WARN]: Can't keep up! Did the system time change, or is the server overloaded? Running 2248ms behind, skipping 44 tick(s)
[05:08:10] [Server thread/WARN]: Can't keep up! Did the system time change, or is the server overloaded? Running 2562ms behind, skipping 51 tick(s)
[05:58:10] [pool-3-thread-32049/INFO]: [Vault] Checking for Updates ... 
[05:58:11] [pool-3-thread-32049/WARN]: [Vault] Stable Version: 1.5.3 is out! You are still running version: 1.5.0
[05:58:11] [pool-3-thread-32049/WARN]: [Vault] Update at: http://dev.bukkit.org/server-mods/vault
[07:58:10] [Server thread/WARN]: Can't keep up! Did the system time change, or is the server overloaded? Running 2242ms behind, skipping 44 tick(s)
[08:28:11] [Server thread/WARN]: Can't keep up! Did the system time change, or is the server overloaded? Running 2582ms behind, skipping 51 tick(s)
[08:48:12] [Server thread/WARN]: Can't keep up! Did the system time change, or is the server overloaded? Running 2604ms behind, skipping 52 tick(s)
[09:23:12] [Server thread/WARN]: Can't keep up! Did the system time change, or is the server overloaded? Running 2622ms behind, skipping 52 tick(s)
[09:48:12] [Server thread/WARN]: Can't keep up! Did the system time change, or is the server overloaded? Running 2153ms behind, skipping 43 tick(s)
[11:13:13] [Server thread/WARN]: Can't keep up! Did the system time change, or is the server overloaded? Running 2585ms behind, skipping 51 tick(s)
[11:23:13] [Server thread/WARN]: Can't keep up! Did the system time change, or is the server overloaded? Running 2031ms behind, skipping 40 tick(s)
[11:58:13] [pool-3-thread-32158/INFO]: [Vault] Checking for Updates ... 
[11:58:13] [pool-3-thread-32158/WARN]: [Vault] Stable Version: 1.5.3 is out! You are still running version: 1.5.0
[11:58:13] [pool-3-thread-32158/WARN]: [Vault] Update at: http://dev.bukkit.org/server-mods/vault
[13:08:14] [Server thread/WARN]: Can't keep up! Did the system time change, or is the server overloaded? Running 3013ms behind, skipping 60 tick(s)
[13:28:15] [Server thread/WARN]: Can't keep up! Did the system time change, or is the server overloaded? Running 2575ms behind, skipping 51 tick(s)
[14:33:15] [Server thread/WARN]: Can't keep up! Did the system time change, or is the server overloaded? Running 2603ms behind, skipping 52 tick(s)
[15:23:16] [Server thread/WARN]: Can't keep up! Did the system time change, or is the server overloaded? Running 2473ms behind, skipping 49 tick(s)
[16:43:16] [Server thread/WARN]: Can't keep up! Did the system time change, or is the server overloaded? Running 2588ms behind, skipping 51 tick(s)
[17:38:18] [Server thread/WARN]: Can't keep up! Did the system time change, or is the server overloaded? Running 3664ms behind, skipping 73 tick(s)
[17:43:18] [Server thread/WARN]: Can't keep up! Did the system time change, or is the server overloaded? Running 2621ms behind, skipping 52 tick(s)
[17:58:18] [pool-3-thread-32267/INFO]: [Vault] Checking for Updates ... 
[17:58:19] [pool-3-thread-32267/WARN]: [Vault] Stable Version: 1.5.3 is out! You are still running version: 1.5.0
[17:58:19] [pool-3-thread-32267/WARN]: [Vault] Update at: http://dev.bukkit.org/server-mods/vault
[18:13:19] [Server thread/WARN]: Can't keep up! Did the system time change, or is the server overloaded? Running 2641ms behind, skipping 52 tick(s)
[19:28:20] [Server thread/WARN]: Can't keep up! Did the system time change, or is the server overloaded? Running 2563ms behind, skipping 51 tick(s)
[19:50:27] [pool-3-thread-32301/INFO]: [Metrics] Connection timed out
[19:53:21] [Server thread/WARN]: Can't keep up! Did the system time change, or is the server overloaded? Running 2855ms behind, skipping 57 tick(s)
[19:58:20] [pool-3-thread-32302/INFO]: [Metrics] Connection refused
[20:08:21] [pool-3-thread-32306/INFO]: [Metrics] Server returned HTTP response code: 408 for URL: http://mcstats.org/report/Multiverse-Core
[20:18:21] [Server thread/WARN]: Can't keep up! Did the system time change, or is the server overloaded? Running 2588ms behind, skipping 51 tick(s)
[20:43:22] [Server thread/WARN]: Can't keep up! Did the system time change, or is the server overloaded? Running 2597ms behind, skipping 51 tick(s)
[21:08:23] [Server thread/WARN]: Can't keep up! Did the system time change, or is the server overloaded? Running 2808ms behind, skipping 56 tick(s)
[21:48:23] [Server thread/WARN]: Can't keep up! Did the system time change, or is the server overloaded? Running 2138ms behind, skipping 42 tick(s)
[22:23:23] [Server thread/WARN]: Can't keep up! Did the system time change, or is the server overloaded? Running 2818ms behind, skipping 56 tick(s)
[23:58:23] [pool-3-thread-32376/INFO]: [Vault] Checking for Updates ... 
[23:58:24] [pool-3-thread-32376/WARN]: [Vault] Stable Version: 1.5.3 is out! You are still running version: 1.5.0
[23:58:24] [pool-3-thread-32376/WARN]: [Vault] Update at: http://dev.bukkit.org/server-mods/vault
