[00:01:09] [pool-3-thread-35428/INFO]: [Vault] Checking for Updates ... 
[00:01:10] [pool-3-thread-35428/WARN]: [Vault] Stable Version: 1.5.3 is out! You are still running version: 1.5.0
[00:01:10] [pool-3-thread-35428/WARN]: [Vault] Update at: http://dev.bukkit.org/server-mods/vault
[00:41:10] [Server thread/WARN]: Can't keep up! Did the system time change, or is the server overloaded? Running 2737ms behind, skipping 54 tick(s)
[01:26:11] [Server thread/WARN]: Can't keep up! Did the system time change, or is the server overloaded? Running 2549ms behind, skipping 50 tick(s)
[02:06:11] [Server thread/WARN]: Can't keep up! Did the system time change, or is the server overloaded? Running 2439ms behind, skipping 48 tick(s)
[02:11:11] [Server thread/WARN]: Can't keep up! Did the system time change, or is the server overloaded? Running 2098ms behind, skipping 41 tick(s)
[03:31:12] [Server thread/WARN]: Can't keep up! Did the system time change, or is the server overloaded? Running 2523ms behind, skipping 50 tick(s)
[04:26:12] [Server thread/WARN]: Can't keep up! Did the system time change, or is the server overloaded? Running 2575ms behind, skipping 51 tick(s)
[04:56:13] [Server thread/WARN]: Can't keep up! Did the system time change, or is the server overloaded? Running 2651ms behind, skipping 53 tick(s)
[05:01:13] [pool-3-thread-35517/INFO]: [Metrics] Server returned HTTP response code: 408 for URL: http://mcstats.org/report/Multiverse-Core
[05:11:13] [pool-3-thread-35521/INFO]: [Metrics] Server returned HTTP response code: 408 for URL: http://mcstats.org/report/Multiverse-Core
[05:21:14] [pool-3-thread-35525/INFO]: [Metrics] Server returned HTTP response code: 408 for URL: http://mcstats.org/report/Multiverse-Core
[05:33:20] [pool-3-thread-35526/INFO]: [Metrics] Connection timed out
[05:41:13] [pool-3-thread-35530/INFO]: [Metrics] Server returned HTTP response code: 408 for URL: http://mcstats.org/report/Multiverse-Core
[05:46:13] [Server thread/WARN]: Can't keep up! Did the system time change, or is the server overloaded? Running 2551ms behind, skipping 51 tick(s)
[05:51:13] [pool-3-thread-35534/INFO]: [Metrics] Server returned HTTP response code: 408 for URL: http://mcstats.org/report/Multiverse-Core
[06:01:13] [pool-3-thread-35537/INFO]: [Vault] Checking for Updates ... 
[06:01:14] [pool-3-thread-35537/WARN]: [Vault] Stable Version: 1.5.3 is out! You are still running version: 1.5.0
[06:01:14] [pool-3-thread-35537/WARN]: [Vault] Update at: http://dev.bukkit.org/server-mods/vault
[06:03:21] [pool-3-thread-35535/INFO]: [Metrics] Connection timed out
[06:11:13] [pool-3-thread-35540/INFO]: [Metrics] Server returned HTTP response code: 408 for URL: http://mcstats.org/report/Multiverse-Core
[06:21:13] [pool-3-thread-35544/INFO]: [Metrics] Server returned HTTP response code: 408 for URL: http://mcstats.org/report/Multiverse-Core
[06:31:13] [pool-3-thread-35545/INFO]: [Metrics] Server returned HTTP response code: 408 for URL: http://mcstats.org/report/Multiverse-Core
[06:41:13] [pool-3-thread-35549/INFO]: [Metrics] Server returned HTTP response code: 408 for URL: http://mcstats.org/report/Multiverse-Core
[06:51:13] [pool-3-thread-35553/INFO]: [Metrics] Server returned HTTP response code: 408 for URL: http://mcstats.org/report/Multiverse-Core
[07:02:16] [pool-3-thread-35554/INFO]: [Metrics] Server returned HTTP response code: 408 for URL: http://mcstats.org/report/Multiverse-Core
[07:11:13] [pool-3-thread-35558/INFO]: [Metrics] Server returned HTTP response code: 408 for URL: http://mcstats.org/report/Multiverse-Core
[07:21:13] [pool-3-thread-35562/INFO]: [Metrics] Server returned HTTP response code: 408 for URL: http://mcstats.org/report/Multiverse-Core
[07:31:15] [Server thread/WARN]: Can't keep up! Did the system time change, or is the server overloaded? Running 3223ms behind, skipping 64 tick(s)
[07:31:15] [pool-3-thread-35563/INFO]: [Metrics] Server returned HTTP response code: 408 for URL: http://mcstats.org/report/Multiverse-Core
[07:41:15] [Server thread/WARN]: Can't keep up! Did the system time change, or is the server overloaded? Running 2173ms behind, skipping 43 tick(s)
[07:41:15] [pool-3-thread-35567/INFO]: [Metrics] Server returned HTTP response code: 408 for URL: http://mcstats.org/report/Multiverse-Core
[07:46:15] [Server thread/WARN]: Can't keep up! Did the system time change, or is the server overloaded? Running 2702ms behind, skipping 54 tick(s)
[07:51:16] [pool-3-thread-35571/INFO]: [Metrics] Server returned HTTP response code: 408 for URL: http://mcstats.org/report/Multiverse-Core
[08:03:23] [pool-3-thread-35572/INFO]: [Metrics] Connection timed out
[08:11:16] [pool-3-thread-35576/INFO]: [Metrics] Server returned HTTP response code: 408 for URL: http://mcstats.org/report/Multiverse-Core
[08:21:15] [pool-3-thread-35580/INFO]: [Metrics] Server returned HTTP response code: 408 for URL: http://mcstats.org/report/Multiverse-Core
[08:33:23] [pool-3-thread-35581/INFO]: [Metrics] Connection timed out
[08:41:16] [pool-3-thread-35585/INFO]: [Metrics] Server returned HTTP response code: 408 for URL: http://mcstats.org/report/Multiverse-Core
[08:51:15] [pool-3-thread-35589/INFO]: [Metrics] Server returned HTTP response code: 408 for URL: http://mcstats.org/report/Multiverse-Core
[09:01:16] [Server thread/WARN]: Can't keep up! Did the system time change, or is the server overloaded? Running 2579ms behind, skipping 51 tick(s)
[09:03:23] [pool-3-thread-35590/INFO]: [Metrics] Connection timed out
[09:11:16] [pool-3-thread-35594/INFO]: [Metrics] Server returned HTTP response code: 408 for URL: http://mcstats.org/report/Multiverse-Core
[09:21:16] [pool-3-thread-35598/INFO]: [Metrics] Server returned HTTP response code: 408 for URL: http://mcstats.org/report/Multiverse-Core
[09:33:23] [pool-3-thread-35599/INFO]: [Metrics] Connection timed out
[09:41:16] [pool-3-thread-35603/INFO]: [Metrics] Server returned HTTP response code: 408 for URL: http://mcstats.org/report/Multiverse-Core
[09:51:16] [Server thread/WARN]: Can't keep up! Did the system time change, or is the server overloaded? Running 2093ms behind, skipping 41 tick(s)
[09:51:16] [pool-3-thread-35607/INFO]: [Metrics] Server returned HTTP response code: 408 for URL: http://mcstats.org/report/Multiverse-Core
[10:03:23] [pool-3-thread-35608/INFO]: [Metrics] Connection timed out
[10:06:17] [Server thread/WARN]: Can't keep up! Did the system time change, or is the server overloaded? Running 2561ms behind, skipping 51 tick(s)
[10:11:17] [pool-3-thread-35612/INFO]: [Metrics] Server returned HTTP response code: 408 for URL: http://mcstats.org/report/Multiverse-Core
[10:21:17] [pool-3-thread-35616/INFO]: [Metrics] Server returned HTTP response code: 408 for URL: http://mcstats.org/report/Multiverse-Core
[10:31:17] [pool-3-thread-35617/INFO]: [Metrics] Server returned HTTP response code: 408 for URL: http://mcstats.org/report/Multiverse-Core
[10:41:17] [pool-3-thread-35621/INFO]: [Metrics] Server returned HTTP response code: 408 for URL: http://mcstats.org/report/Multiverse-Core
[10:51:17] [pool-3-thread-35625/INFO]: [Metrics] Server returned HTTP response code: 408 for URL: http://mcstats.org/report/Multiverse-Core
[11:01:17] [pool-3-thread-35626/INFO]: [Metrics] Server returned HTTP response code: 408 for URL: http://mcstats.org/report/Multiverse-Core
[11:11:17] [pool-3-thread-35630/INFO]: [Metrics] Server returned HTTP response code: 408 for URL: http://mcstats.org/report/Multiverse-Core
[11:21:17] [pool-3-thread-35634/INFO]: [Metrics] Server returned HTTP response code: 408 for URL: http://mcstats.org/report/Multiverse-Core
[11:31:17] [pool-3-thread-35635/INFO]: [Metrics] Server returned HTTP response code: 408 for URL: http://mcstats.org/report/Multiverse-Core
[11:41:17] [pool-3-thread-35639/INFO]: [Metrics] Server returned HTTP response code: 408 for URL: http://mcstats.org/report/Multiverse-Core
[11:51:17] [pool-3-thread-35643/INFO]: [Metrics] Server returned HTTP response code: 408 for URL: http://mcstats.org/report/Multiverse-Core
[12:01:17] [pool-3-thread-35646/INFO]: [Vault] Checking for Updates ... 
[12:01:17] [pool-3-thread-35646/WARN]: [Vault] Stable Version: 1.5.3 is out! You are still running version: 1.5.0
[12:01:17] [pool-3-thread-35646/WARN]: [Vault] Update at: http://dev.bukkit.org/server-mods/vault
[12:03:24] [pool-3-thread-35644/INFO]: [Metrics] Connection timed out
[12:06:17] [Server thread/WARN]: Can't keep up! Did the system time change, or is the server overloaded? Running 2752ms behind, skipping 55 tick(s)
[12:11:17] [pool-3-thread-35649/INFO]: [Metrics] Server returned HTTP response code: 408 for URL: http://mcstats.org/report/Multiverse-Core
[12:21:17] [pool-3-thread-35653/INFO]: [Metrics] Server returned HTTP response code: 408 for URL: http://mcstats.org/report/Multiverse-Core
[12:31:17] [pool-3-thread-35654/INFO]: [Metrics] Server returned HTTP response code: 408 for URL: http://mcstats.org/report/Multiverse-Core
[12:41:17] [pool-3-thread-35658/INFO]: [Metrics] Server returned HTTP response code: 408 for URL: http://mcstats.org/report/Multiverse-Core
[12:51:17] [pool-3-thread-35662/INFO]: [Metrics] Server returned HTTP response code: 408 for URL: http://mcstats.org/report/Multiverse-Core
[13:11:17] [pool-3-thread-35667/INFO]: [Metrics] Server returned HTTP response code: 408 for URL: http://mcstats.org/report/Multiverse-Core
[14:56:18] [Server thread/WARN]: Can't keep up! Did the system time change, or is the server overloaded? Running 2520ms behind, skipping 50 tick(s)
[15:01:19] [Server thread/WARN]: Can't keep up! Did the system time change, or is the server overloaded? Running 2596ms behind, skipping 51 tick(s)
[16:41:20] [Server thread/WARN]: Can't keep up! Did the system time change, or is the server overloaded? Running 3136ms behind, skipping 62 tick(s)
[17:06:21] [Server thread/WARN]: Can't keep up! Did the system time change, or is the server overloaded? Running 2784ms behind, skipping 55 tick(s)
[17:26:21] [Server thread/WARN]: Can't keep up! Did the system time change, or is the server overloaded? Running 2728ms behind, skipping 54 tick(s)
[18:01:21] [pool-3-thread-35755/INFO]: [Vault] Checking for Updates ... 
[18:01:22] [pool-3-thread-35755/WARN]: [Vault] Stable Version: 1.5.3 is out! You are still running version: 1.5.0
[18:01:22] [pool-3-thread-35755/WARN]: [Vault] Update at: http://dev.bukkit.org/server-mods/vault
[18:41:22] [Server thread/WARN]: Can't keep up! Did the system time change, or is the server overloaded? Running 2980ms behind, skipping 59 tick(s)
[19:01:23] [Server thread/WARN]: Can't keep up! Did the system time change, or is the server overloaded? Running 2548ms behind, skipping 50 tick(s)
[19:56:24] [Server thread/WARN]: Can't keep up! Did the system time change, or is the server overloaded? Running 2748ms behind, skipping 54 tick(s)
[20:26:24] [Server thread/WARN]: Can't keep up! Did the system time change, or is the server overloaded? Running 2826ms behind, skipping 56 tick(s)
[20:51:25] [Server thread/WARN]: Can't keep up! Did the system time change, or is the server overloaded? Running 2210ms behind, skipping 44 tick(s)
[21:31:25] [Server thread/WARN]: Can't keep up! Did the system time change, or is the server overloaded? Running 2560ms behind, skipping 51 tick(s)
[23:11:26] [Server thread/WARN]: Can't keep up! Did the system time change, or is the server overloaded? Running 2567ms behind, skipping 51 tick(s)
[23:36:26] [Server thread/WARN]: Can't keep up! Did the system time change, or is the server overloaded? Running 2063ms behind, skipping 41 tick(s)
