[00:26:26] [Server thread/WARN]: Can't keep up! Did the system time change, or is the server overloaded? Running 2871ms behind, skipping 57 tick(s)
[01:31:27] [Server thread/WARN]: Can't keep up! Did the system time change, or is the server overloaded? Running 2514ms behind, skipping 50 tick(s)
[02:06:27] [Server thread/WARN]: Can't keep up! Did the system time change, or is the server overloaded? Running 2065ms behind, skipping 41 tick(s)
[02:21:28] [Server thread/WARN]: Can't keep up! Did the system time change, or is the server overloaded? Running 2524ms behind, skipping 50 tick(s)
[02:36:28] [Server thread/WARN]: Can't keep up! Did the system time change, or is the server overloaded? Running 2818ms behind, skipping 56 tick(s)
[04:11:29] [Server thread/WARN]: Can't keep up! Did the system time change, or is the server overloaded? Running 2548ms behind, skipping 50 tick(s)
[04:26:29] [pool-3-thread-18533/INFO]: [Vault] Checking for Updates ... 
[04:26:29] [pool-3-thread-18533/WARN]: [Vault] Stable Version: 1.5.3 is out! You are still running version: 1.5.0
[04:26:29] [pool-3-thread-18533/WARN]: [Vault] Update at: http://dev.bukkit.org/server-mods/vault
[04:51:29] [Server thread/WARN]: Can't keep up! Did the system time change, or is the server overloaded? Running 2508ms behind, skipping 50 tick(s)
[05:31:30] [Server thread/WARN]: Can't keep up! Did the system time change, or is the server overloaded? Running 2527ms behind, skipping 50 tick(s)
[06:01:30] [Server thread/WARN]: Can't keep up! Did the system time change, or is the server overloaded? Running 2531ms behind, skipping 50 tick(s)
[08:11:34] [Server thread/WARN]: Can't keep up! Did the system time change, or is the server overloaded? Running 5151ms behind, skipping 103 tick(s)
[08:12:44] [Server thread/WARN]: Can't keep up! Did the system time change, or is the server overloaded? Running 6333ms behind, skipping 126 tick(s)
[08:16:38] [Server thread/WARN]: Can't keep up! Did the system time change, or is the server overloaded? Running 2033ms behind, skipping 40 tick(s)
[08:51:38] [Server thread/WARN]: Can't keep up! Did the system time change, or is the server overloaded? Running 2023ms behind, skipping 40 tick(s)
[09:01:39] [Server thread/WARN]: Can't keep up! Did the system time change, or is the server overloaded? Running 2727ms behind, skipping 54 tick(s)
[09:31:39] [Server thread/WARN]: Can't keep up! Did the system time change, or is the server overloaded? Running 2694ms behind, skipping 53 tick(s)
[09:46:39] [Server thread/WARN]: Can't keep up! Did the system time change, or is the server overloaded? Running 2034ms behind, skipping 40 tick(s)
[10:26:39] [pool-3-thread-18642/INFO]: [Vault] Checking for Updates ... 
[10:26:39] [pool-3-thread-18640/INFO]: [Metrics] Server returned HTTP response code: 408 for URL: http://mcstats.org/report/Multiverse-Core
[10:26:40] [pool-3-thread-18642/WARN]: [Vault] Stable Version: 1.5.3 is out! You are still running version: 1.5.0
[10:26:40] [pool-3-thread-18642/WARN]: [Vault] Update at: http://dev.bukkit.org/server-mods/vault
[10:36:39] [pool-3-thread-18645/INFO]: [Metrics] Server returned HTTP response code: 408 for URL: http://mcstats.org/report/Multiverse-Core
[10:48:47] [pool-3-thread-18649/INFO]: [Metrics] Connection timed out
[10:58:47] [pool-3-thread-18650/INFO]: [Metrics] Connection timed out
[11:08:46] [pool-3-thread-18654/INFO]: [Metrics] Connection timed out
[11:16:39] [pool-3-thread-18658/INFO]: [Metrics] Server returned HTTP response code: 408 for URL: http://mcstats.org/report/Multiverse-Core
[11:28:46] [pool-3-thread-18659/INFO]: [Metrics] Connection timed out
[11:36:39] [pool-3-thread-18663/INFO]: [Metrics] Server returned HTTP response code: 408 for URL: http://mcstats.org/report/Multiverse-Core
[11:46:39] [pool-3-thread-18667/INFO]: [Metrics] Server returned HTTP response code: 408 for URL: http://mcstats.org/report/Multiverse-Core
[11:56:39] [pool-3-thread-18668/INFO]: [Metrics] Server returned HTTP response code: 408 for URL: http://mcstats.org/report/Multiverse-Core
[12:08:46] [pool-3-thread-18672/INFO]: [Metrics] Connection timed out
[12:16:39] [pool-3-thread-18676/INFO]: [Metrics] Server returned HTTP response code: 408 for URL: http://mcstats.org/report/Multiverse-Core
[12:26:39] [pool-3-thread-18677/INFO]: [Metrics] Server returned HTTP response code: 408 for URL: http://mcstats.org/report/Multiverse-Core
[12:36:39] [pool-3-thread-18681/INFO]: [Metrics] Server returned HTTP response code: 408 for URL: http://mcstats.org/report/Multiverse-Core
[12:41:40] [Server thread/WARN]: Can't keep up! Did the system time change, or is the server overloaded? Running 2566ms behind, skipping 51 tick(s)
[12:46:40] [pool-3-thread-18685/INFO]: [Metrics] Server returned HTTP response code: 408 for URL: http://mcstats.org/report/Multiverse-Core
[12:56:40] [pool-3-thread-18686/INFO]: [Metrics] Server returned HTTP response code: 408 for URL: http://mcstats.org/report/Multiverse-Core
[13:06:40] [pool-3-thread-18690/INFO]: [Metrics] Server returned HTTP response code: 408 for URL: http://mcstats.org/report/Multiverse-Core
[13:11:41] [Server thread/WARN]: Can't keep up! Did the system time change, or is the server overloaded? Running 2533ms behind, skipping 50 tick(s)
[13:16:40] [pool-3-thread-18694/INFO]: [Metrics] Server returned HTTP response code: 408 for URL: http://mcstats.org/report/Multiverse-Core
[13:26:40] [pool-3-thread-18695/INFO]: [Metrics] Server returned HTTP response code: 408 for URL: http://mcstats.org/report/Multiverse-Core
[13:36:40] [pool-3-thread-18699/INFO]: [Metrics] Server returned HTTP response code: 408 for URL: http://mcstats.org/report/Multiverse-Core
[13:46:40] [pool-3-thread-18703/INFO]: [Metrics] Server returned HTTP response code: 408 for URL: http://mcstats.org/report/Multiverse-Core
[13:56:40] [pool-3-thread-18704/INFO]: [Metrics] Server returned HTTP response code: 408 for URL: http://mcstats.org/report/Multiverse-Core
[14:06:40] [pool-3-thread-18708/INFO]: [Metrics] Server returned HTTP response code: 408 for URL: http://mcstats.org/report/Multiverse-Core
[14:16:40] [pool-3-thread-18712/INFO]: [Metrics] Server returned HTTP response code: 408 for URL: http://mcstats.org/report/Multiverse-Core
[14:26:40] [pool-3-thread-18713/INFO]: [Metrics] Server returned HTTP response code: 408 for URL: http://mcstats.org/report/Multiverse-Core
[14:31:41] [Server thread/WARN]: Can't keep up! Did the system time change, or is the server overloaded? Running 2563ms behind, skipping 51 tick(s)
[14:36:41] [pool-3-thread-18717/INFO]: [Metrics] Server returned HTTP response code: 408 for URL: http://mcstats.org/report/Multiverse-Core
[14:41:42] [Server thread/WARN]: Can't keep up! Did the system time change, or is the server overloaded? Running 2554ms behind, skipping 51 tick(s)
[14:46:42] [pool-3-thread-18721/INFO]: [Metrics] Server returned HTTP response code: 408 for URL: http://mcstats.org/report/Multiverse-Core
[15:16:42] [Server thread/WARN]: Can't keep up! Did the system time change, or is the server overloaded? Running 2717ms behind, skipping 54 tick(s)
[16:26:42] [pool-3-thread-18751/INFO]: [Vault] Checking for Updates ... 
[16:26:43] [pool-3-thread-18751/WARN]: [Vault] Stable Version: 1.5.3 is out! You are still running version: 1.5.0
[16:26:43] [pool-3-thread-18751/WARN]: [Vault] Update at: http://dev.bukkit.org/server-mods/vault
[17:01:43] [Server thread/WARN]: Can't keep up! Did the system time change, or is the server overloaded? Running 2528ms behind, skipping 50 tick(s)
[17:26:43] [Server thread/WARN]: Can't keep up! Did the system time change, or is the server overloaded? Running 2567ms behind, skipping 51 tick(s)
[19:06:44] [Server thread/WARN]: Can't keep up! Did the system time change, or is the server overloaded? Running 2539ms behind, skipping 50 tick(s)
[19:38:51] [pool-3-thread-18808/INFO]: [Metrics] Connection timed out
[19:46:44] [pool-3-thread-18812/INFO]: [Metrics] Connection refused
[19:51:45] [Server thread/WARN]: Can't keep up! Did the system time change, or is the server overloaded? Running 2521ms behind, skipping 50 tick(s)
[19:56:44] [pool-3-thread-18813/INFO]: [Metrics] Server returned HTTP response code: 408 for URL: http://mcstats.org/report/Multiverse-Core
[22:26:44] [pool-3-thread-18860/INFO]: [Vault] Checking for Updates ... 
[22:26:45] [pool-3-thread-18860/WARN]: [Vault] Stable Version: 1.5.3 is out! You are still running version: 1.5.0
[22:26:45] [pool-3-thread-18860/WARN]: [Vault] Update at: http://dev.bukkit.org/server-mods/vault
[23:26:45] [Server thread/WARN]: Can't keep up! Did the system time change, or is the server overloaded? Running 2532ms behind, skipping 50 tick(s)
