[00:00:11] [Server thread/WARN]: Can't keep up! Did the system time change, or is the server overloaded? Running 2096ms behind, skipping 41 tick(s)
[00:05:11] [Server thread/WARN]: Can't keep up! Did the system time change, or is the server overloaded? Running 2070ms behind, skipping 41 tick(s)
[01:00:12] [Server thread/WARN]: Can't keep up! Did the system time change, or is the server overloaded? Running 2200ms behind, skipping 44 tick(s)
[01:10:13] [Server thread/WARN]: Can't keep up! Did the system time change, or is the server overloaded? Running 3423ms behind, skipping 68 tick(s)
[02:05:14] [Server thread/WARN]: Can't keep up! Did the system time change, or is the server overloaded? Running 2522ms behind, skipping 50 tick(s)
[02:10:14] [Server thread/WARN]: Can't keep up! Did the system time change, or is the server overloaded? Running 2075ms behind, skipping 41 tick(s)
[03:15:14] [Server thread/WARN]: Can't keep up! Did the system time change, or is the server overloaded? Running 2623ms behind, skipping 52 tick(s)
[05:30:15] [Server thread/WARN]: Can't keep up! Did the system time change, or is the server overloaded? Running 2662ms behind, skipping 53 tick(s)
[05:50:16] [Server thread/WARN]: Can't keep up! Did the system time change, or is the server overloaded? Running 2825ms behind, skipping 56 tick(s)
[05:50:16] [pool-3-thread-26817/INFO]: [Vault] Checking for Updates ... 
[05:50:16] [pool-3-thread-26817/WARN]: [Vault] Stable Version: 1.5.3 is out! You are still running version: 1.5.0
[05:50:16] [pool-3-thread-26817/WARN]: [Vault] Update at: http://dev.bukkit.org/server-mods/vault
[06:45:16] [Server thread/WARN]: Can't keep up! Did the system time change, or is the server overloaded? Running 2666ms behind, skipping 53 tick(s)
[07:55:19] [Server thread/WARN]: Can't keep up! Did the system time change, or is the server overloaded? Running 4922ms behind, skipping 98 tick(s)
[08:00:19] [Server thread/WARN]: Can't keep up! Did the system time change, or is the server overloaded? Running 2058ms behind, skipping 41 tick(s)
[09:05:20] [Server thread/WARN]: Can't keep up! Did the system time change, or is the server overloaded? Running 2340ms behind, skipping 46 tick(s)
[09:25:30] [Server thread/WARN]: Can't keep up! Did the system time change, or is the server overloaded? Running 2076ms behind, skipping 41 tick(s)
[09:50:20] [Server thread/WARN]: Can't keep up! Did the system time change, or is the server overloaded? Running 2050ms behind, skipping 41 tick(s)
[09:55:20] [Server thread/WARN]: Can't keep up! Did the system time change, or is the server overloaded? Running 2016ms behind, skipping 40 tick(s)
[09:55:54] [Server thread/WARN]: Can't keep up! Did the system time change, or is the server overloaded? Running 2211ms behind, skipping 44 tick(s)
[10:00:20] [Server thread/WARN]: Can't keep up! Did the system time change, or is the server overloaded? Running 2084ms behind, skipping 41 tick(s)
[10:15:20] [Server thread/WARN]: Can't keep up! Did the system time change, or is the server overloaded? Running 2100ms behind, skipping 42 tick(s)
[10:19:32] [Server thread/WARN]: Can't keep up! Did the system time change, or is the server overloaded? Running 2827ms behind, skipping 56 tick(s)
[10:20:22] [Server thread/WARN]: Can't keep up! Did the system time change, or is the server overloaded? Running 2725ms behind, skipping 54 tick(s)
[10:25:22] [Server thread/WARN]: Can't keep up! Did the system time change, or is the server overloaded? Running 2234ms behind, skipping 44 tick(s)
[10:27:38] [Server thread/WARN]: Can't keep up! Did the system time change, or is the server overloaded? Running 2102ms behind, skipping 42 tick(s)
[10:30:23] [Server thread/WARN]: Can't keep up! Did the system time change, or is the server overloaded? Running 2364ms behind, skipping 47 tick(s)
[10:35:24] [Server thread/WARN]: Can't keep up! Did the system time change, or is the server overloaded? Running 3834ms behind, skipping 76 tick(s)
[10:40:25] [Server thread/WARN]: Can't keep up! Did the system time change, or is the server overloaded? Running 2666ms behind, skipping 53 tick(s)
[10:45:25] [Server thread/WARN]: Can't keep up! Did the system time change, or is the server overloaded? Running 2313ms behind, skipping 46 tick(s)
[10:50:26] [Server thread/WARN]: Can't keep up! Did the system time change, or is the server overloaded? Running 2295ms behind, skipping 45 tick(s)
[10:55:26] [Server thread/WARN]: Can't keep up! Did the system time change, or is the server overloaded? Running 2069ms behind, skipping 41 tick(s)
[11:00:26] [Server thread/WARN]: Can't keep up! Did the system time change, or is the server overloaded? Running 2109ms behind, skipping 42 tick(s)
[11:05:26] [Server thread/WARN]: Can't keep up! Did the system time change, or is the server overloaded? Running 2251ms behind, skipping 45 tick(s)
[11:10:26] [Server thread/WARN]: Can't keep up! Did the system time change, or is the server overloaded? Running 2062ms behind, skipping 41 tick(s)
[11:15:27] [Server thread/WARN]: Can't keep up! Did the system time change, or is the server overloaded? Running 3216ms behind, skipping 64 tick(s)
[11:20:28] [Server thread/WARN]: Can't keep up! Did the system time change, or is the server overloaded? Running 2458ms behind, skipping 49 tick(s)
[11:25:28] [Server thread/WARN]: Can't keep up! Did the system time change, or is the server overloaded? Running 2118ms behind, skipping 42 tick(s)
[11:30:28] [Server thread/WARN]: Can't keep up! Did the system time change, or is the server overloaded? Running 2035ms behind, skipping 40 tick(s)
[11:35:28] [Server thread/WARN]: Can't keep up! Did the system time change, or is the server overloaded? Running 2245ms behind, skipping 44 tick(s)
[11:45:28] [Server thread/WARN]: Can't keep up! Did the system time change, or is the server overloaded? Running 2056ms behind, skipping 41 tick(s)
[11:50:28] [Server thread/WARN]: Can't keep up! Did the system time change, or is the server overloaded? Running 2141ms behind, skipping 42 tick(s)
[11:50:28] [pool-3-thread-26926/INFO]: [Vault] Checking for Updates ... 
[11:50:29] [pool-3-thread-26926/WARN]: [Vault] Stable Version: 1.5.3 is out! You are still running version: 1.5.0
[11:50:29] [pool-3-thread-26926/WARN]: [Vault] Update at: http://dev.bukkit.org/server-mods/vault
[11:55:29] [Server thread/WARN]: Can't keep up! Did the system time change, or is the server overloaded? Running 2053ms behind, skipping 41 tick(s)
[12:00:29] [Server thread/WARN]: Can't keep up! Did the system time change, or is the server overloaded? Running 2014ms behind, skipping 40 tick(s)
[12:05:29] [Server thread/WARN]: Can't keep up! Did the system time change, or is the server overloaded? Running 2648ms behind, skipping 52 tick(s)
[12:10:29] [Server thread/WARN]: Can't keep up! Did the system time change, or is the server overloaded? Running 2090ms behind, skipping 41 tick(s)
[12:15:31] [Server thread/WARN]: Can't keep up! Did the system time change, or is the server overloaded? Running 3303ms behind, skipping 66 tick(s)
[12:20:31] [Server thread/WARN]: Can't keep up! Did the system time change, or is the server overloaded? Running 2110ms behind, skipping 42 tick(s)
[12:25:31] [Server thread/WARN]: Can't keep up! Did the system time change, or is the server overloaded? Running 2195ms behind, skipping 43 tick(s)
[12:30:31] [Server thread/WARN]: Can't keep up! Did the system time change, or is the server overloaded? Running 2041ms behind, skipping 40 tick(s)
[12:35:31] [Server thread/WARN]: Can't keep up! Did the system time change, or is the server overloaded? Running 2197ms behind, skipping 43 tick(s)
[12:40:31] [Server thread/WARN]: Can't keep up! Did the system time change, or is the server overloaded? Running 2353ms behind, skipping 47 tick(s)
[12:45:32] [Server thread/WARN]: Can't keep up! Did the system time change, or is the server overloaded? Running 2115ms behind, skipping 42 tick(s)
[12:50:32] [Server thread/WARN]: Can't keep up! Did the system time change, or is the server overloaded? Running 2183ms behind, skipping 43 tick(s)
[12:55:32] [Server thread/WARN]: Can't keep up! Did the system time change, or is the server overloaded? Running 2155ms behind, skipping 43 tick(s)
[13:00:32] [Server thread/WARN]: Can't keep up! Did the system time change, or is the server overloaded? Running 2067ms behind, skipping 41 tick(s)
[13:05:32] [Server thread/WARN]: Can't keep up! Did the system time change, or is the server overloaded? Running 2507ms behind, skipping 50 tick(s)
[13:10:33] [Server thread/WARN]: Can't keep up! Did the system time change, or is the server overloaded? Running 2505ms behind, skipping 50 tick(s)
[13:15:33] [Server thread/WARN]: Can't keep up! Did the system time change, or is the server overloaded? Running 2114ms behind, skipping 42 tick(s)
[13:25:33] [Server thread/WARN]: Can't keep up! Did the system time change, or is the server overloaded? Running 2086ms behind, skipping 41 tick(s)
[13:30:33] [Server thread/WARN]: Can't keep up! Did the system time change, or is the server overloaded? Running 2046ms behind, skipping 40 tick(s)
[13:35:33] [Server thread/WARN]: Can't keep up! Did the system time change, or is the server overloaded? Running 2253ms behind, skipping 45 tick(s)
[13:40:34] [Server thread/WARN]: Can't keep up! Did the system time change, or is the server overloaded? Running 2659ms behind, skipping 53 tick(s)
[13:50:34] [Server thread/WARN]: Can't keep up! Did the system time change, or is the server overloaded? Running 2068ms behind, skipping 41 tick(s)
[13:55:35] [Server thread/WARN]: Can't keep up! Did the system time change, or is the server overloaded? Running 2487ms behind, skipping 49 tick(s)
[14:00:35] [Server thread/WARN]: Can't keep up! Did the system time change, or is the server overloaded? Running 2341ms behind, skipping 46 tick(s)
[14:05:35] [Server thread/WARN]: Can't keep up! Did the system time change, or is the server overloaded? Running 2100ms behind, skipping 42 tick(s)
[14:10:36] [Server thread/WARN]: Can't keep up! Did the system time change, or is the server overloaded? Running 3146ms behind, skipping 62 tick(s)
[14:15:36] [Server thread/WARN]: Can't keep up! Did the system time change, or is the server overloaded? Running 2125ms behind, skipping 42 tick(s)
[14:20:37] [Server thread/WARN]: Can't keep up! Did the system time change, or is the server overloaded? Running 2494ms behind, skipping 49 tick(s)
[14:25:37] [Server thread/WARN]: Can't keep up! Did the system time change, or is the server overloaded? Running 2365ms behind, skipping 47 tick(s)
[14:30:37] [Server thread/WARN]: Can't keep up! Did the system time change, or is the server overloaded? Running 2010ms behind, skipping 40 tick(s)
[14:35:37] [Server thread/WARN]: Can't keep up! Did the system time change, or is the server overloaded? Running 2149ms behind, skipping 42 tick(s)
[14:40:38] [Server thread/WARN]: Can't keep up! Did the system time change, or is the server overloaded? Running 2544ms behind, skipping 50 tick(s)
[14:43:24] [Server thread/WARN]: Can't keep up! Did the system time change, or is the server overloaded? Running 2635ms behind, skipping 52 tick(s)
[14:45:40] [Server thread/WARN]: Can't keep up! Did the system time change, or is the server overloaded? Running 3594ms behind, skipping 71 tick(s)
[14:50:41] [Server thread/WARN]: Can't keep up! Did the system time change, or is the server overloaded? Running 2509ms behind, skipping 50 tick(s)
[14:55:41] [Server thread/WARN]: Can't keep up! Did the system time change, or is the server overloaded? Running 2261ms behind, skipping 45 tick(s)
[15:00:42] [Server thread/WARN]: Can't keep up! Did the system time change, or is the server overloaded? Running 3320ms behind, skipping 66 tick(s)
[15:05:43] [Server thread/WARN]: Can't keep up! Did the system time change, or is the server overloaded? Running 2549ms behind, skipping 50 tick(s)
[15:10:43] [Server thread/WARN]: Can't keep up! Did the system time change, or is the server overloaded? Running 2555ms behind, skipping 51 tick(s)
[15:15:44] [Server thread/WARN]: Can't keep up! Did the system time change, or is the server overloaded? Running 2267ms behind, skipping 45 tick(s)
[15:20:44] [Server thread/WARN]: Can't keep up! Did the system time change, or is the server overloaded? Running 2670ms behind, skipping 53 tick(s)
[15:21:45] [pool-3-thread-26988/INFO]: [Metrics] Server returned HTTP response code: 504 for URL: http://mcstats.org/report/Multiverse-Core
[15:25:45] [Server thread/WARN]: Can't keep up! Did the system time change, or is the server overloaded? Running 2521ms behind, skipping 50 tick(s)
[15:30:45] [Server thread/WARN]: Can't keep up! Did the system time change, or is the server overloaded? Running 2489ms behind, skipping 49 tick(s)
[15:35:46] [Server thread/WARN]: Can't keep up! Did the system time change, or is the server overloaded? Running 2336ms behind, skipping 46 tick(s)
[15:40:46] [Server thread/WARN]: Can't keep up! Did the system time change, or is the server overloaded? Running 2758ms behind, skipping 55 tick(s)
[15:45:47] [Server thread/WARN]: Can't keep up! Did the system time change, or is the server overloaded? Running 2267ms behind, skipping 45 tick(s)
[15:50:47] [Server thread/WARN]: Can't keep up! Did the system time change, or is the server overloaded? Running 2571ms behind, skipping 51 tick(s)
[15:55:48] [Server thread/WARN]: Can't keep up! Did the system time change, or is the server overloaded? Running 2680ms behind, skipping 53 tick(s)
[16:05:48] [Server thread/WARN]: Can't keep up! Did the system time change, or is the server overloaded? Running 2177ms behind, skipping 43 tick(s)
[16:10:48] [Server thread/WARN]: Can't keep up! Did the system time change, or is the server overloaded? Running 2022ms behind, skipping 40 tick(s)
[16:50:49] [Server thread/WARN]: Can't keep up! Did the system time change, or is the server overloaded? Running 2546ms behind, skipping 50 tick(s)
[17:20:49] [Server thread/WARN]: Can't keep up! Did the system time change, or is the server overloaded? Running 2238ms behind, skipping 44 tick(s)
[17:50:49] [Server thread/WARN]: Can't keep up! Did the system time change, or is the server overloaded? Running 2231ms behind, skipping 44 tick(s)
[17:50:49] [pool-3-thread-27035/INFO]: [Vault] Checking for Updates ... 
[17:50:50] [pool-3-thread-27035/WARN]: [Vault] Stable Version: 1.5.3 is out! You are still running version: 1.5.0
[17:50:50] [pool-3-thread-27035/WARN]: [Vault] Update at: http://dev.bukkit.org/server-mods/vault
[18:05:50] [Server thread/WARN]: Can't keep up! Did the system time change, or is the server overloaded? Running 2810ms behind, skipping 56 tick(s)
[18:10:50] [Server thread/WARN]: Can't keep up! Did the system time change, or is the server overloaded? Running 2038ms behind, skipping 40 tick(s)
[18:20:50] [Server thread/WARN]: Can't keep up! Did the system time change, or is the server overloaded? Running 2254ms behind, skipping 45 tick(s)
[18:25:50] [Server thread/WARN]: Can't keep up! Did the system time change, or is the server overloaded? Running 2201ms behind, skipping 44 tick(s)
[18:30:51] [Server thread/WARN]: Can't keep up! Did the system time change, or is the server overloaded? Running 2043ms behind, skipping 40 tick(s)
[18:35:51] [Server thread/WARN]: Can't keep up! Did the system time change, or is the server overloaded? Running 2197ms behind, skipping 43 tick(s)
[18:40:51] [Server thread/WARN]: Can't keep up! Did the system time change, or is the server overloaded? Running 2047ms behind, skipping 40 tick(s)
[18:45:51] [Server thread/WARN]: Can't keep up! Did the system time change, or is the server overloaded? Running 2096ms behind, skipping 41 tick(s)
[18:50:51] [Server thread/WARN]: Can't keep up! Did the system time change, or is the server overloaded? Running 2536ms behind, skipping 50 tick(s)
[18:55:51] [Server thread/WARN]: Can't keep up! Did the system time change, or is the server overloaded? Running 2031ms behind, skipping 40 tick(s)
[19:00:52] [Server thread/WARN]: Can't keep up! Did the system time change, or is the server overloaded? Running 2455ms behind, skipping 49 tick(s)
[19:05:52] [Server thread/WARN]: Can't keep up! Did the system time change, or is the server overloaded? Running 2479ms behind, skipping 49 tick(s)
[19:10:53] [Server thread/WARN]: Can't keep up! Did the system time change, or is the server overloaded? Running 2214ms behind, skipping 44 tick(s)
[19:15:53] [Server thread/WARN]: Can't keep up! Did the system time change, or is the server overloaded? Running 2118ms behind, skipping 42 tick(s)
[19:20:53] [Server thread/WARN]: Can't keep up! Did the system time change, or is the server overloaded? Running 2794ms behind, skipping 55 tick(s)
[19:25:54] [Server thread/WARN]: Can't keep up! Did the system time change, or is the server overloaded? Running 2164ms behind, skipping 43 tick(s)
[19:30:54] [Server thread/WARN]: Can't keep up! Did the system time change, or is the server overloaded? Running 2254ms behind, skipping 45 tick(s)
[19:35:55] [Server thread/WARN]: Can't keep up! Did the system time change, or is the server overloaded? Running 3192ms behind, skipping 63 tick(s)
[19:40:55] [Server thread/WARN]: Can't keep up! Did the system time change, or is the server overloaded? Running 2154ms behind, skipping 43 tick(s)
[19:50:56] [Server thread/WARN]: Can't keep up! Did the system time change, or is the server overloaded? Running 2548ms behind, skipping 50 tick(s)
[19:55:56] [Server thread/WARN]: Can't keep up! Did the system time change, or is the server overloaded? Running 2013ms behind, skipping 40 tick(s)
[20:00:56] [Server thread/WARN]: Can't keep up! Did the system time change, or is the server overloaded? Running 2071ms behind, skipping 41 tick(s)
[20:05:57] [Server thread/WARN]: Can't keep up! Did the system time change, or is the server overloaded? Running 2707ms behind, skipping 54 tick(s)
[20:10:57] [Server thread/WARN]: Can't keep up! Did the system time change, or is the server overloaded? Running 2459ms behind, skipping 49 tick(s)
[20:15:57] [Server thread/WARN]: Can't keep up! Did the system time change, or is the server overloaded? Running 2368ms behind, skipping 47 tick(s)
[20:20:58] [Server thread/WARN]: Can't keep up! Did the system time change, or is the server overloaded? Running 2543ms behind, skipping 50 tick(s)
[20:31:00] [Server thread/WARN]: Can't keep up! Did the system time change, or is the server overloaded? Running 3599ms behind, skipping 71 tick(s)
[20:36:01] [Server thread/WARN]: Can't keep up! Did the system time change, or is the server overloaded? Running 3811ms behind, skipping 76 tick(s)
[20:41:02] [Server thread/WARN]: Can't keep up! Did the system time change, or is the server overloaded? Running 2318ms behind, skipping 46 tick(s)
[20:46:02] [Server thread/WARN]: Can't keep up! Did the system time change, or is the server overloaded? Running 2228ms behind, skipping 44 tick(s)
[20:51:03] [Server thread/WARN]: Can't keep up! Did the system time change, or is the server overloaded? Running 2673ms behind, skipping 53 tick(s)
[20:56:03] [Server thread/WARN]: Can't keep up! Did the system time change, or is the server overloaded? Running 2158ms behind, skipping 43 tick(s)
[21:06:05] [Server thread/WARN]: Can't keep up! Did the system time change, or is the server overloaded? Running 3947ms behind, skipping 78 tick(s)
[21:11:05] [Server thread/WARN]: Can't keep up! Did the system time change, or is the server overloaded? Running 2080ms behind, skipping 41 tick(s)
[21:16:05] [Server thread/WARN]: Can't keep up! Did the system time change, or is the server overloaded? Running 2051ms behind, skipping 41 tick(s)
[21:21:05] [Server thread/WARN]: Can't keep up! Did the system time change, or is the server overloaded? Running 2349ms behind, skipping 46 tick(s)
[21:26:05] [Server thread/WARN]: Can't keep up! Did the system time change, or is the server overloaded? Running 2040ms behind, skipping 40 tick(s)
[21:31:05] [Server thread/WARN]: Can't keep up! Did the system time change, or is the server overloaded? Running 2030ms behind, skipping 40 tick(s)
[21:36:06] [Server thread/WARN]: Can't keep up! Did the system time change, or is the server overloaded? Running 2293ms behind, skipping 45 tick(s)
[21:46:06] [Server thread/WARN]: Can't keep up! Did the system time change, or is the server overloaded? Running 2016ms behind, skipping 40 tick(s)
[21:51:06] [Server thread/WARN]: Can't keep up! Did the system time change, or is the server overloaded? Running 2659ms behind, skipping 53 tick(s)
[21:56:06] [Server thread/WARN]: Can't keep up! Did the system time change, or is the server overloaded? Running 2118ms behind, skipping 42 tick(s)
[22:01:06] [Server thread/WARN]: Can't keep up! Did the system time change, or is the server overloaded? Running 2038ms behind, skipping 40 tick(s)
[22:06:07] [Server thread/WARN]: Can't keep up! Did the system time change, or is the server overloaded? Running 2412ms behind, skipping 48 tick(s)
[22:11:07] [Server thread/WARN]: Can't keep up! Did the system time change, or is the server overloaded? Running 2024ms behind, skipping 40 tick(s)
[22:16:07] [Server thread/WARN]: Can't keep up! Did the system time change, or is the server overloaded? Running 2208ms behind, skipping 44 tick(s)
[22:21:08] [Server thread/WARN]: Can't keep up! Did the system time change, or is the server overloaded? Running 2646ms behind, skipping 52 tick(s)
[22:31:08] [Server thread/WARN]: Can't keep up! Did the system time change, or is the server overloaded? Running 2696ms behind, skipping 53 tick(s)
[22:36:09] [Server thread/WARN]: Can't keep up! Did the system time change, or is the server overloaded? Running 2422ms behind, skipping 48 tick(s)
[22:41:09] [Server thread/WARN]: Can't keep up! Did the system time change, or is the server overloaded? Running 2448ms behind, skipping 48 tick(s)
[22:46:09] [Server thread/WARN]: Can't keep up! Did the system time change, or is the server overloaded? Running 2024ms behind, skipping 40 tick(s)
[22:56:09] [Server thread/WARN]: Can't keep up! Did the system time change, or is the server overloaded? Running 2123ms behind, skipping 42 tick(s)
[23:01:09] [Server thread/WARN]: Can't keep up! Did the system time change, or is the server overloaded? Running 2062ms behind, skipping 41 tick(s)
[23:11:10] [Server thread/WARN]: Can't keep up! Did the system time change, or is the server overloaded? Running 2261ms behind, skipping 45 tick(s)
[23:16:10] [Server thread/WARN]: Can't keep up! Did the system time change, or is the server overloaded? Running 2060ms behind, skipping 41 tick(s)
[23:21:10] [Server thread/WARN]: Can't keep up! Did the system time change, or is the server overloaded? Running 2037ms behind, skipping 40 tick(s)
[23:26:10] [Server thread/WARN]: Can't keep up! Did the system time change, or is the server overloaded? Running 2161ms behind, skipping 43 tick(s)
[23:36:10] [Server thread/WARN]: Can't keep up! Did the system time change, or is the server overloaded? Running 2088ms behind, skipping 41 tick(s)
[23:41:11] [Server thread/WARN]: Can't keep up! Did the system time change, or is the server overloaded? Running 3282ms behind, skipping 65 tick(s)
[23:46:11] [Server thread/WARN]: Can't keep up! Did the system time change, or is the server overloaded? Running 2018ms behind, skipping 40 tick(s)
[23:51:11] [Server thread/WARN]: Can't keep up! Did the system time change, or is the server overloaded? Running 2159ms behind, skipping 43 tick(s)
[23:51:11] [pool-3-thread-27144/INFO]: [Vault] Checking for Updates ... 
[23:51:12] [pool-3-thread-27144/WARN]: [Vault] Stable Version: 1.5.3 is out! You are still running version: 1.5.0
[23:51:12] [pool-3-thread-27144/WARN]: [Vault] Update at: http://dev.bukkit.org/server-mods/vault
[23:56:12] [Server thread/WARN]: Can't keep up! Did the system time change, or is the server overloaded? Running 2129ms behind, skipping 42 tick(s)
